#
# A fatal error has been detected by the Java Runtime Environment:
#
#  EXCEPTION_ACCESS_VIOLATION (0xc0000005) at pc=0x000000005aa8d218, pid=2844, tid=11580
#
# JRE version: Java(TM) SE Runtime Environment (8.0_40-b25) (build 1.8.0_40-b25)
# Java VM: Java HotSpot(TM) 64-Bit Server VM (25.40-b25 mixed mode windows-amd64 compressed oops)
# Problematic frame:
# C  [ig7icd64.dll+0x2d218]
#
# Failed to write core dump. Minidumps are not enabled by default on client versions of Windows
#
# If you would like to submit a bug report, please visit:
#   http://bugreport.java.com/bugreport/crash.jsp
# The crash happened outside the Java Virtual Machine in native code.
# See problematic frame for where to report the bug.
#

---------------  T H R E A D  ---------------

Current thread (0x00000000004de800):  JavaThread "main" [_thread_in_native, id=11580, stack(0x0000000002090000,0x0000000002190000)]

siginfo: ExceptionCode=0xc0000005, reading address 0x0000000000000020

Registers:
RAX=0x0000000000000000, RBX=0x0000000000000001, RCX=0x0000000000000001, RDX=0x000000005bc9df90
RSP=0x000000000218e970, RBP=0x000000005d122e50, RSI=0x000000005bc9df90, RDI=0x0000000000000001
R8 =0x0000000000000001, R9 =0x000000005bc9df90, R10=0x0000000000000000, R11=0x0000000000000000
R12=0x000000005bc9c1a8, R13=0x0000000000000000, R14=0x0000000000000000, R15=0x000000005bc3efa8
RIP=0x000000005aa8d218, EFLAGS=0x0000000000010202

Top of Stack: (sp=0x000000000218e970)
0x000000000218e970:   0000000000000000 000000005bc9df90
0x000000000218e980:   0000000000000000 00000000028ad0be
0x000000000218e990:   0000000000000000 000000006fe4eff9
0x000000000218e9a0:   0000000000000000 00000000000b0000
0x000000000218e9b0:   00000000570158c8 00000000004de800
0x000000000218e9c0:   00000000004de550 00000000004df600
0x000000000218e9d0:   00000000004df610 00000000004df6e8
0x000000000218e9e0:   00000000000000d8 000000000218f698
0x000000000218e9f0:   0000000058969130 00000000004de800
0x000000000218ea00:   000000000218ec98 000000000218ec68
0x000000000218ea10:   00000000004df210 00000000570158c8
0x000000000218ea20:   00000000004d9b60 000000006fe20b00
0x000000000218ea30:   000000005bc9c1a8 000000006ff3b2e2
0x000000000218ea40:   000000000218ec68 0000000000000000
0x000000000218ea50:   000000000218eb50 000000000000000b
0x000000000218ea60:   000000000218ead0 000000006fe212f3 

Instructions: (pc=0x000000005aa8d218)
0x000000005aa8d1f8:   00 48 63 c9 48 8b 84 c8 c0 00 00 00 48 85 c0 74
0x000000005aa8d208:   19 48 8b 40 70 66 0f ef ff 0f b6 58 11 48 8b 00
0x000000005aa8d218:   8b 40 20 ff c8 f3 48 0f 2a f8 41 8b 84 24 20 01
0x000000005aa8d228:   00 00 0f b6 cb c1 e8 04 89 4c 24 30 83 e0 01 3b 


Register to memory mapping:

RAX=0x0000000000000000 is an unknown value
RBX=0x0000000000000001 is an unknown value
RCX=0x0000000000000001 is an unknown value
RDX=0x000000005bc9df90 is an unknown value
RSP=0x000000000218e970 is pointing into the stack for thread: 0x00000000004de800
RBP=0x000000005d122e50 is an unknown value
RSI=0x000000005bc9df90 is an unknown value
RDI=0x0000000000000001 is an unknown value
R8 =0x0000000000000001 is an unknown value
R9 =0x000000005bc9df90 is an unknown value
R10=0x0000000000000000 is an unknown value
R11=0x0000000000000000 is an unknown value
R12=0x000000005bc9c1a8 is an unknown value
R13=0x0000000000000000 is an unknown value
R14=0x0000000000000000 is an unknown value
R15=0x000000005bc3efa8 is an unknown value


Stack: [0x0000000002090000,0x0000000002190000],  sp=0x000000000218e970,  free space=1018k
Native frames: (J=compiled Java code, j=interpreted, Vv=VM code, C=native code)
C  [ig7icd64.dll+0x2d218]
C  [ig7icd64.dll+0x22a00]
C  [ig7icd64.dll+0x77ad8]
C  [ig7icd64.dll+0x79f02]
C  [ig7icd64.dll+0x1f6a1d]
C  [ig7icd64.dll+0x1f8e35]
C  0x00000000027b2554

Java frames: (J=compiled Java code, j=interpreted, Vv=VM code)
J 853  org.lwjgl.opengl.GL11.nglDrawArrays(IIIJ)V (0 bytes) @ 0x00000000027b24ce [0x00000000027b2480+0x4e]
J 1064 C2 mdesl.graphics.SpriteBatch.flush()V (37 bytes) @ 0x00000000028b9f60 [0x00000000028b9da0+0x1c0]
J 1206 C1 com.marklynch.graphics.ShadowLight.render()V (935 bytes) @ 0x000000000294c134 [0x0000000002948500+0x3c34]
J 1205 C1 com.marklynch.Game.render()V (4 bytes) @ 0x0000000002935f3c [0x0000000002935ec0+0x7c]
j  com.marklynch.Game.start()V+94
j  com.marklynch.Game.main([Ljava/lang/String;)V+9
v  ~StubRoutines::call_stub

---------------  P R O C E S S  ---------------

Java Threads: ( => current thread )
  0x000000006451b000 JavaThread "LWJGL Timer" daemon [_thread_blocked, id=12164, stack(0x0000000066cf0000,0x0000000066df0000)]
  0x0000000058845800 JavaThread "Service Thread" daemon [_thread_blocked, id=11436, stack(0x000000005a5f0000,0x000000005a6f0000)]
  0x00000000587b5800 JavaThread "C1 CompilerThread3" daemon [_thread_blocked, id=12064, stack(0x000000005a430000,0x000000005a530000)]
  0x00000000587b4800 JavaThread "C2 CompilerThread2" daemon [_thread_blocked, id=11304, stack(0x0000000059e80000,0x0000000059f80000)]
  0x00000000587ac800 JavaThread "C2 CompilerThread1" daemon [_thread_blocked, id=9920, stack(0x0000000059880000,0x0000000059980000)]
  0x00000000587a7000 JavaThread "C2 CompilerThread0" daemon [_thread_blocked, id=11016, stack(0x000000005a190000,0x000000005a290000)]
  0x000000005879e000 JavaThread "Attach Listener" daemon [_thread_blocked, id=8424, stack(0x0000000059fb0000,0x000000005a0b0000)]
  0x00000000575ef000 JavaThread "Signal Dispatcher" daemon [_thread_blocked, id=9988, stack(0x0000000059d60000,0x0000000059e60000)]
  0x00000000575db000 JavaThread "Finalizer" daemon [_thread_blocked, id=10992, stack(0x0000000059b80000,0x0000000059c80000)]
  0x00000000575d4800 JavaThread "Reference Handler" daemon [_thread_blocked, id=10588, stack(0x00000000599f0000,0x0000000059af0000)]
=>0x00000000004de800 JavaThread "main" [_thread_in_native, id=11580, stack(0x0000000002090000,0x0000000002190000)]

Other Threads:
  0x0000000058753000 VMThread [stack: 0x0000000059770000,0x0000000059870000] [id=10936]
  0x0000000058856000 WatcherThread [stack: 0x000000005a310000,0x000000005a410000] [id=11928]

VM state:not at safepoint (normal execution)

VM Mutex/Monitor currently owned by a thread: None

Heap:
 PSYoungGen      total 38400K, used 28046K [0x00000000d5f00000, 0x00000000d8980000, 0x0000000100000000)
  eden space 33280K, 68% used [0x00000000d5f00000,0x00000000d75675d0,0x00000000d7f80000)
  from space 5120K, 99% used [0x00000000d7f80000,0x00000000d847c348,0x00000000d8480000)
  to   space 5120K, 0% used [0x00000000d8480000,0x00000000d8480000,0x00000000d8980000)
 ParOldGen       total 87552K, used 1518K [0x0000000081c00000, 0x0000000087180000, 0x00000000d5f00000)
  object space 87552K, 1% used [0x0000000081c00000,0x0000000081d7b900,0x0000000087180000)
 Metaspace       used 7307K, capacity 7411K, committed 7680K, reserved 1056768K
  class space    used 729K, capacity 752K, committed 768K, reserved 1048576K

Card table byte_map: [0x0000000011820000,0x0000000011c20000] byte_map_base: 0x0000000011412000

Marking Bits: (ParMarkBitMap*) 0x0000000070414040
 Begin Bits: [0x00000000128d0000, 0x0000000014860000)
 End Bits:   [0x0000000014860000, 0x00000000167f0000)

Polling page: 0x00000000001c0000

CodeCache: size=245760Kb used=5699Kb max_used=5707Kb free=240060Kb
 bounds [0x0000000002460000, 0x0000000002a00000, 0x0000000011460000]
 total_blobs=1729 nmethods=1277 adapters=365
 compilation: enabled

Compilation events (10 events):
Event: 26.862 Thread 0x00000000587a7000 1273       4       com.marklynch.editor.Editor::getButtonFromMousePosition (193 bytes)
Event: 26.902 Thread 0x00000000587a7000 nmethod 1273 0x00000000029c98d0 code [0x00000000029c9a80, 0x00000000029cae68]
Event: 27.512 Thread 0x00000000587b5800 1274       3       com.marklynch.tactics.objects.level.Square::drawCursor (49 bytes)
Event: 27.513 Thread 0x00000000587b5800 nmethod 1274 0x00000000029e5c50 code [0x00000000029e5e00, 0x00000000029e60e8]
Event: 29.096 Thread 0x00000000587ac800 1275       4       com.marklynch.editor.Editor::drawUI (192 bytes)
Event: 29.158 Thread 0x00000000587ac800 nmethod 1275 0x00000000029f8150 code [0x00000000029f8480, 0x00000000029fa108]
Event: 32.812 Thread 0x00000000587b5800 1276       3       sun.nio.cs.UnicodeEncoder::put (53 bytes)
Event: 32.812 Thread 0x00000000587b5800 nmethod 1276 0x00000000029e5490 code [0x00000000029e5640, 0x00000000029e5b18]
Event: 36.680 Thread 0x00000000587b5800 1277       3       org.lwjgl.opengl.WindowsKeyboard::isKeyPressed (13 bytes)
Event: 36.680 Thread 0x00000000587b5800 nmethod 1277 0x00000000029c9490 code [0x00000000029c95e0, 0x00000000029c9770]

GC Heap History (6 events):
Event: 5.383 GC heap before
{Heap before GC invocations=1 (full 0):
 PSYoungGen      total 38400K, used 33280K [0x00000000d5f00000, 0x00000000d8980000, 0x0000000100000000)
  eden space 33280K, 100% used [0x00000000d5f00000,0x00000000d7f80000,0x00000000d7f80000)
  from space 5120K, 0% used [0x00000000d8480000,0x00000000d8480000,0x00000000d8980000)
  to   space 5120K, 0% used [0x00000000d7f80000,0x00000000d7f80000,0x00000000d8480000)
 ParOldGen       total 87552K, used 0K [0x0000000081c00000, 0x0000000087180000, 0x00000000d5f00000)
  object space 87552K, 0% used [0x0000000081c00000,0x0000000081c00000,0x0000000087180000)
 Metaspace       used 7133K, capacity 7283K, committed 7424K, reserved 1056768K
  class space    used 718K, capacity 752K, committed 768K, reserved 1048576K
Event: 5.391 GC heap after
Heap after GC invocations=1 (full 0):
 PSYoungGen      total 38400K, used 5104K [0x00000000d5f00000, 0x00000000d8980000, 0x0000000100000000)
  eden space 33280K, 0% used [0x00000000d5f00000,0x00000000d5f00000,0x00000000d7f80000)
  from space 5120K, 99% used [0x00000000d7f80000,0x00000000d847c348,0x00000000d8480000)
  to   space 5120K, 0% used [0x00000000d8480000,0x00000000d8480000,0x00000000d8980000)
 ParOldGen       total 87552K, used 1510K [0x0000000081c00000, 0x0000000087180000, 0x00000000d5f00000)
  object space 87552K, 1% used [0x0000000081c00000,0x0000000081d79900,0x0000000087180000)
 Metaspace       used 7133K, capacity 7283K, committed 7424K, reserved 1056768K
  class space    used 718K, capacity 752K, committed 768K, reserved 1048576K
}
Event: 15.762 GC heap before
{Heap before GC invocations=2 (full 0):
 PSYoungGen      total 38400K, used 38384K [0x00000000d5f00000, 0x00000000d8980000, 0x0000000100000000)
  eden space 33280K, 100% used [0x00000000d5f00000,0x00000000d7f80000,0x00000000d7f80000)
  from space 5120K, 99% used [0x00000000d7f80000,0x00000000d847c348,0x00000000d8480000)
  to   space 5120K, 0% used [0x00000000d8480000,0x00000000d8480000,0x00000000d8980000)
 ParOldGen       total 87552K, used 1510K [0x0000000081c00000, 0x0000000087180000, 0x00000000d5f00000)
  object space 87552K, 1% used [0x0000000081c00000,0x0000000081d79900,0x0000000087180000)
 Metaspace       used 7303K, capacity 7411K, committed 7680K, reserved 1056768K
  class space    used 729K, capacity 752K, committed 768K, reserved 1048576K
Event: 15.767 GC heap after
Heap after GC invocations=2 (full 0):
 PSYoungGen      total 38400K, used 5104K [0x00000000d5f00000, 0x00000000d8980000, 0x0000000100000000)
  eden space 33280K, 0% used [0x00000000d5f00000,0x00000000d5f00000,0x00000000d7f80000)
  from space 5120K, 99% used [0x00000000d8480000,0x00000000d897c348,0x00000000d8980000)
  to   space 5120K, 0% used [0x00000000d7f80000,0x00000000d7f80000,0x00000000d8480000)
 ParOldGen       total 87552K, used 1518K [0x0000000081c00000, 0x0000000087180000, 0x00000000d5f00000)
  object space 87552K, 1% used [0x0000000081c00000,0x0000000081d7b900,0x0000000087180000)
 Metaspace       used 7303K, capacity 7411K, committed 7680K, reserved 1056768K
  class space    used 729K, capacity 752K, committed 768K, reserved 1048576K
}
Event: 26.812 GC heap before
{Heap before GC invocations=3 (full 0):
 PSYoungGen      total 38400K, used 38384K [0x00000000d5f00000, 0x00000000d8980000, 0x0000000100000000)
  eden space 33280K, 100% used [0x00000000d5f00000,0x00000000d7f80000,0x00000000d7f80000)
  from space 5120K, 99% used [0x00000000d8480000,0x00000000d897c348,0x00000000d8980000)
  to   space 5120K, 0% used [0x00000000d7f80000,0x00000000d7f80000,0x00000000d8480000)
 ParOldGen       total 87552K, used 1518K [0x0000000081c00000, 0x0000000087180000, 0x00000000d5f00000)
  object space 87552K, 1% used [0x0000000081c00000,0x0000000081d7b900,0x0000000087180000)
 Metaspace       used 7306K, capacity 7411K, committed 7680K, reserved 1056768K
  class space    used 729K, capacity 752K, committed 768K, reserved 1048576K
Event: 26.816 GC heap after
Heap after GC invocations=3 (full 0):
 PSYoungGen      total 38400K, used 5104K [0x00000000d5f00000, 0x00000000d8980000, 0x0000000100000000)
  eden space 33280K, 0% used [0x00000000d5f00000,0x00000000d5f00000,0x00000000d7f80000)
  from space 5120K, 99% used [0x00000000d7f80000,0x00000000d847c348,0x00000000d8480000)
  to   space 5120K, 0% used [0x00000000d8480000,0x00000000d8480000,0x00000000d8980000)
 ParOldGen       total 87552K, used 1518K [0x0000000081c00000, 0x0000000087180000, 0x00000000d5f00000)
  object space 87552K, 1% used [0x0000000081c00000,0x0000000081d7b900,0x0000000087180000)
 Metaspace       used 7306K, capacity 7411K, committed 7680K, reserved 1056768K
  class space    used 729K, capacity 752K, committed 768K, reserved 1048576K
}

Deoptimization events (10 events):
Event: 3.424 Thread 0x00000000004de800 Uncommon trap: reason=class_check action=maybe_recompile pc=0x000000000286570c method=com.marklynch.utils.TextUtils.printTextWithImages([Ljava/lang/Object;FFF)V @ 1107
Event: 5.619 Thread 0x00000000004de800 Uncommon trap: reason=class_check action=maybe_recompile pc=0x0000000002872ffc method=com.marklynch.utils.TextUtils.printTextWithImages([Ljava/lang/Object;FFF)V @ 1115
Event: 5.633 Thread 0x00000000004de800 Uncommon trap: reason=class_check action=maybe_recompile pc=0x0000000002872ffc method=com.marklynch.utils.TextUtils.printTextWithImages([Ljava/lang/Object;FFF)V @ 1115
Event: 6.824 Thread 0x00000000004de800 Uncommon trap: reason=unstable_if action=reinterpret pc=0x00000000028eef18 method=com.marklynch.utils.TextUtils.printTextWithImages([Ljava/lang/Object;FFF)V @ 48
Event: 6.825 Thread 0x00000000004de800 Uncommon trap: reason=unstable_if action=reinterpret pc=0x00000000028dc320 method=java.util.regex.Matcher.find()Z @ 34
Event: 6.825 Thread 0x00000000004de800 Uncommon trap: reason=unstable_if action=reinterpret pc=0x000000000286b35c method=java.util.regex.Matcher.find()Z @ 34
Event: 10.270 Thread 0x00000000004de800 Uncommon trap: reason=unstable_if action=reinterpret pc=0x0000000002943798 method=com.marklynch.utils.TextUtils.printTextWithImages([Ljava/lang/Object;FFF)V @ 1171
Event: 13.197 Thread 0x00000000004de800 Uncommon trap: reason=unstable_if action=reinterpret pc=0x00000000029a9dcc method=java.lang.Class.reflectionData()Ljava/lang/Class$ReflectionData; @ 17
Event: 13.198 Thread 0x00000000004de800 Uncommon trap: reason=unstable_if action=reinterpret pc=0x00000000029b22e0 method=com.marklynch.utils.TextUtils.printTextWithImages([Ljava/lang/Object;FFF)V @ 56
Event: 18.248 Thread 0x00000000004de800 Uncommon trap: reason=unstable_if action=reinterpret pc=0x00000000029d2b30 method=com.marklynch.utils.TextUtils.printTextWithImages([Ljava/lang/Object;FFF)V @ 366

Internal exceptions (10 events):
Event: 0.280 Thread 0x00000000004de800 Exception <a 'java/security/PrivilegedActionException'> (0x00000000d644b5e8) thrown at [D:\re\workspace\8-2-build-windows-amd64-cygwin\jdk8u40\2855\hotspot\src\share\vm\prims\jvm.cpp, line 1382]
Event: 0.280 Thread 0x00000000004de800 Exception <a 'java/security/PrivilegedActionException'> (0x00000000d644f0e0) thrown at [D:\re\workspace\8-2-build-windows-amd64-cygwin\jdk8u40\2855\hotspot\src\share\vm\prims\jvm.cpp, line 1382]
Event: 0.280 Thread 0x00000000004de800 Exception <a 'java/security/PrivilegedActionException'> (0x00000000d644f298) thrown at [D:\re\workspace\8-2-build-windows-amd64-cygwin\jdk8u40\2855\hotspot\src\share\vm\prims\jvm.cpp, line 1382]
Event: 0.736 Thread 0x00000000004de800 Exception <a 'java/security/PrivilegedActionException'> (0x00000000d6fff770) thrown at [D:\re\workspace\8-2-build-windows-amd64-cygwin\jdk8u40\2855\hotspot\src\share\vm\prims\jvm.cpp, line 1382]
Event: 0.736 Thread 0x00000000004de800 Exception <a 'java/security/PrivilegedActionException'> (0x00000000d70012d8) thrown at [D:\re\workspace\8-2-build-windows-amd64-cygwin\jdk8u40\2855\hotspot\src\share\vm\prims\jvm.cpp, line 1382]
Event: 0.736 Thread 0x00000000004de800 Exception <a 'java/security/PrivilegedActionException'> (0x00000000d7002398) thrown at [D:\re\workspace\8-2-build-windows-amd64-cygwin\jdk8u40\2855\hotspot\src\share\vm\prims\jvm.cpp, line 1382]
Event: 0.736 Thread 0x00000000004de800 Exception <a 'java/security/PrivilegedActionException'> (0x00000000d7007390) thrown at [D:\re\workspace\8-2-build-windows-amd64-cygwin\jdk8u40\2855\hotspot\src\share\vm\prims\jvm.cpp, line 1382]
Event: 0.736 Thread 0x00000000004de800 Exception <a 'java/security/PrivilegedActionException'> (0x00000000d7007f38) thrown at [D:\re\workspace\8-2-build-windows-amd64-cygwin\jdk8u40\2855\hotspot\src\share\vm\prims\jvm.cpp, line 1382]
Event: 0.736 Thread 0x00000000004de800 Exception <a 'java/security/PrivilegedActionException'> (0x00000000d7008ab0) thrown at [D:\re\workspace\8-2-build-windows-amd64-cygwin\jdk8u40\2855\hotspot\src\share\vm\prims\jvm.cpp, line 1382]
Event: 13.197 Thread 0x00000000004de800 Implicit null exception at 0x00000000029a9d1d to 0x00000000029a9db5

Events (10 events):
Event: 15.769 Executing VM operation: RevokeBias done
Event: 15.769 Executing VM operation: RevokeBias
Event: 15.769 Executing VM operation: RevokeBias done
Event: 18.248 Thread 0x00000000004de800 Uncommon trap: trap_request=0xffffff65 fr.pc=0x00000000029d2b30
Event: 18.248 Thread 0x00000000004de800 DEOPT PACKING pc=0x00000000029d2b30 sp=0x000000000218ec10
Event: 18.248 Thread 0x00000000004de800 DEOPT UNPACKING pc=0x00000000024a582a sp=0x000000000218ebd8 mode 2
Event: 23.962 loading class java/util/ArrayList$1
Event: 23.962 loading class java/util/ArrayList$1 done
Event: 26.812 Executing VM operation: ParallelGCFailedAllocation
Event: 26.816 Executing VM operation: ParallelGCFailedAllocation done


Dynamic libraries:
0x000000013fa80000 - 0x000000013fab7000 	C:\Program Files\Java\jre1.8.0_40\bin\javaw.exe
0x00000000779f0000 - 0x0000000077b99000 	C:\Windows\SYSTEM32\ntdll.dll
0x00000000777d0000 - 0x00000000778ef000 	C:\Windows\system32\kernel32.dll
0x000007fefd830000 - 0x000007fefd89c000 	C:\Windows\system32\KERNELBASE.dll
0x000007feff3b0000 - 0x000007feff48b000 	C:\Windows\system32\ADVAPI32.dll
0x000007feff620000 - 0x000007feff6bf000 	C:\Windows\system32\msvcrt.dll
0x000007feffbd0000 - 0x000007feffbef000 	C:\Windows\SYSTEM32\sechost.dll
0x000007fefee90000 - 0x000007fefefbd000 	C:\Windows\system32\RPCRT4.dll
0x00000000778f0000 - 0x00000000779ea000 	C:\Windows\system32\USER32.dll
0x000007feff290000 - 0x000007feff2f7000 	C:\Windows\system32\GDI32.dll
0x000007feff300000 - 0x000007feff30e000 	C:\Windows\system32\LPK.dll
0x000007fefdb60000 - 0x000007fefdc29000 	C:\Windows\system32\USP10.dll
0x000007fefbfb0000 - 0x000007fefc1a4000 	C:\Windows\WinSxS\amd64_microsoft.windows.common-controls_6595b64144ccf1df_6.0.7601.18837_none_fa3b1e3d17594757\COMCTL32.dll
0x000007fefed30000 - 0x000007fefeda1000 	C:\Windows\system32\SHLWAPI.dll
0x000007fefdc30000 - 0x000007fefdc5e000 	C:\Windows\system32\IMM32.DLL
0x000007feffbf0000 - 0x000007feffcf9000 	C:\Windows\system32\MSCTF.dll
0x0000000079640000 - 0x0000000079712000 	C:\Program Files\Java\jre1.8.0_40\bin\msvcr100.dll
0x000000006fc10000 - 0x0000000070493000 	C:\Program Files\Java\jre1.8.0_40\bin\server\jvm.dll
0x000007fef8c00000 - 0x000007fef8c09000 	C:\Windows\system32\WSOCK32.dll
0x000007feff220000 - 0x000007feff26d000 	C:\Windows\system32\WS2_32.dll
0x000007fefdf30000 - 0x000007fefdf38000 	C:\Windows\system32\NSI.dll
0x000007fefb530000 - 0x000007fefb56b000 	C:\Windows\system32\WINMM.dll
0x000007fefc880000 - 0x000007fefc88c000 	C:\Windows\system32\VERSION.dll
0x0000000077bc0000 - 0x0000000077bc7000 	C:\Windows\system32\PSAPI.DLL
0x000000006d7a0000 - 0x000000006d7af000 	C:\Program Files\Java\jre1.8.0_40\bin\verify.dll
0x0000000066390000 - 0x00000000663b9000 	C:\Program Files\Java\jre1.8.0_40\bin\java.dll
0x0000000066370000 - 0x0000000066386000 	C:\Program Files\Java\jre1.8.0_40\bin\zip.dll
0x000007fefdf40000 - 0x000007fefecc9000 	C:\Windows\system32\SHELL32.dll
0x000007feff7e0000 - 0x000007feff9e3000 	C:\Windows\system32\ole32.dll
0x000007fefd7b0000 - 0x000007fefd7bf000 	C:\Windows\system32\profapi.dll
0x0000000180000000 - 0x0000000180053000 	C:\dev\workspace\tactics\tactics_project\libs\lwjgl_native\lwjgl64.dll
0x000007fee8ba0000 - 0x000007fee8cbd000 	C:\Windows\system32\OPENGL32.dll
0x000007fef04c0000 - 0x000007fef04ed000 	C:\Windows\system32\GLU32.dll
0x000007fee7b10000 - 0x000007fee7c01000 	C:\Windows\system32\DDRAW.dll
0x000007fefa4e0000 - 0x000007fefa4e8000 	C:\Windows\system32\DCIMAN32.dll
0x000007feff9f0000 - 0x000007feffbc7000 	C:\Windows\system32\SETUPAPI.dll
0x000007fefdb10000 - 0x000007fefdb46000 	C:\Windows\system32\CFGMGR32.dll
0x000007fefedb0000 - 0x000007fefee87000 	C:\Windows\system32\OLEAUT32.dll
0x000007fefda30000 - 0x000007fefda4a000 	C:\Windows\system32\DEVOBJ.dll
0x000007fefb1e0000 - 0x000007fefb1f8000 	C:\Windows\system32\dwmapi.dll
0x000007fefbdd0000 - 0x000007fefbe26000 	C:\Windows\system32\uxtheme.dll
0x000007fefd600000 - 0x000007fefd60f000 	C:\Windows\system32\CRYPTBASE.dll
0x000000005aa60000 - 0x000000005bad8000 	C:\Windows\system32\ig7icd64.dll
0x000007feeb050000 - 0x000007feeb0ec000 	C:\Windows\system32\mscms.dll
0x000007fefd7c0000 - 0x000007fefd7de000 	C:\Windows\system32\USERENV.dll
0x000007feeece0000 - 0x000007feeed22000 	C:\Windows\system32\icm32.dll
0x000007fefd190000 - 0x000007fefd1a8000 	C:\Windows\system32\CRYPTSP.dll
0x000007fefccc0000 - 0x000007fefcd07000 	C:\Windows\system32\rsaenh.dll
0x0000000066350000 - 0x000000006636a000 	C:\Program Files\Java\jre1.8.0_40\bin\net.dll
0x000007fefcf30000 - 0x000007fefcf85000 	C:\Windows\system32\mswsock.dll
0x000007fefcf90000 - 0x000007fefcf97000 	C:\Windows\System32\wship6.dll
0x000007fefa420000 - 0x000007fefa447000 	C:\Windows\system32\IPHLPAPI.DLL
0x000007fefa3a0000 - 0x000007fefa3ab000 	C:\Windows\system32\WINNSI.DLL
0x000007fefa250000 - 0x000007fefa261000 	C:\Windows\system32\dhcpcsvc6.DLL
0x000007fefa210000 - 0x000007fefa228000 	C:\Windows\system32\dhcpcsvc.DLL
0x0000000066330000 - 0x0000000066341000 	C:\Program Files\Java\jre1.8.0_40\bin\nio.dll
0x0000000012100000 - 0x0000000012164000 	C:\dev\workspace\tactics\tactics_project\libs\lwjgl_native\OpenAL64.dll
0x000007feff6c0000 - 0x000007feff759000 	C:\Windows\system32\CLBCatQ.DLL
0x000007fefbf60000 - 0x000007fefbfab000 	C:\Windows\System32\MMDevApi.dll
0x000007fefbe30000 - 0x000007fefbf5c000 	C:\Windows\System32\PROPSYS.dll
0x000007fef8d50000 - 0x000007fef8dd8000 	C:\Windows\system32\dsound.dll
0x000007fefc1c0000 - 0x000007fefc1ec000 	C:\Windows\system32\POWRPROF.dll
0x000007fefb310000 - 0x000007fefb35f000 	C:\Windows\system32\AUDIOSES.DLL
0x000007fefb360000 - 0x000007fefb485000 	C:\Windows\system32\dbghelp.dll

VM Arguments:
jvm_args: -Djava.library.path=C:\dev\workspace\tactics\tactics_project\libs\lwjgl_native -Dfile.encoding=Cp1252 
java_command: com.marklynch.Game
java_class_path (initial): C:\dev\workspace\tactics\tactics_project\bin;C:\dev\workspace\tactics\tactics_project\libs\ibxm.jar;C:\dev\workspace\tactics\tactics_project\libs\jogg-0.0.7.jar;C:\dev\workspace\tactics\tactics_project\libs\jorbis-0.0.15.jar;C:\dev\workspace\tactics\tactics_project\libs\lwjgl_util_applet.jar;C:\dev\workspace\tactics\tactics_project\libs\lwjgl_util.jar;C:\dev\workspace\tactics\tactics_project\libs\natives-linux.jar;C:\dev\workspace\tactics\tactics_project\libs\natives-mac.jar;C:\dev\workspace\tactics\tactics_project\libs\natives-windows.jar;C:\dev\workspace\tactics\tactics_project\libs\slick-util.jar;C:\dev\workspace\tactics\tactics_project\libs\AppleJavaExtensions.jar;C:\dev\workspace\tactics\tactics_project\libs\asm-debug-all.jar;C:\dev\workspace\tactics\tactics_project\libs\jinput.jar;C:\dev\workspace\tactics\tactics_project\libs\laf-plugin-7.2.1.jar;C:\dev\workspace\tactics\tactics_project\libs\laf-widget-7.2.1.jar;C:\dev\workspace\tactics\tactics_project\libs\log4j-api-2.0-beta9.jar;C:\dev\workspace\tactics\tactics_project\libs\lwjgl_test.jar;C:\dev\workspace\tactics\tactics_project\libs\lwjgl-debug.jar;C:\dev\workspace\tactics\tactics_project\libs\lwjgl.jar;C:\dev\workspace\tactics\tactics_project\libs\lzma.jar;C:\dev\workspace\tactics\tactics_project\libs\substance-7.2.1.jar;C:\dev\workspace\tactics\tactics_project\libs\trident-7.2.1.jar;C:\dev\workspace\tactics\tactics_project\libs\gson-2.3.1.jar;C:\dev\workspace\tactics\tactics_project\libs\commons-io-2.4.jar;C:\dev\workspace\tactics\tactics_project\libs\PNGDecoder.jar;C:\dev\workspace\tactics\tactics_project\libs\xpp3-1.1.4c.jar
Launcher Type: SUN_STANDARD

Environment Variables:
PATH=C:/Program Files/Java/jre1.8.0_40/bin/server;C:/Program Files/Java/jre1.8.0_40/bin;C:/Program Files/Java/jre1.8.0_40/lib/amd64;C:\Program Files (x86)\NVIDIA Corporation\PhysX\Common;C:\ProgramData\Oracle\Java\javapath;C:\Program Files (x86)\Intel\iCLS Client\;C:\Program Files\Intel\iCLS Client\;C:\Windows\system32;C:\Windows;C:\Windows\System32\Wbem;C:\Windows\System32\WindowsPowerShell\v1.0\;C:\Program Files\Intel\Intel(R) Management Engine Components\DAL;C:\Program Files\Intel\Intel(R) Management Engine Components\IPT;C:\Program Files (x86)\Intel\Intel(R) Management Engine Components\DAL;C:\Program Files (x86)\Intel\Intel(R) Management Engine Components\IPT;C:\Program Files (x86)\Security Innovation\SI TSS\bin\;c:\Program Files (x86)\Microsoft SQL Server\100\Tools\Binn\;c:\Program Files\Microsoft SQL Server\100\Tools\Binn\;c:\Program Files\Microsoft SQL Server\100\DTS\Binn\;c:\Program Files (x86)\Microsoft SQL Server\100\Tools\Binn\VSShell\Common7\IDE\;c:\Program Files (x86)\Microsoft Visual Studio 9.0\Common7\IDE\PrivateAssemblies\;c:\Program Files (x86)\Microsoft SQL Server\100\DTS\Binn\;C:\Program Files\TortoiseSVN\bin;C:\Program Files (x86)\Skype\Phone\;C:\dev\adt-bundle-windows-x86_64-20140624\adt-bundle-windows-x86_64-20140624\eclipse;
USERNAME=Mark.Lynch
OS=Windows_NT
PROCESSOR_IDENTIFIER=Intel64 Family 6 Model 58 Stepping 9, GenuineIntel



---------------  S Y S T E M  ---------------

OS: Windows 7 , 64 bit Build 7601 (6.1.7601.18933)

CPU:total 8 (4 cores per cpu, 2 threads per core) family 6 model 58 stepping 9, cmov, cx8, fxsr, mmx, sse, sse2, sse3, ssse3, sse4.1, sse4.2, popcnt, avx, aes, clmul, erms, ht, tsc, tscinvbit, tscinv

Memory: 4k page, physical 8272432k(1288476k free), swap 16543024k(5941016k free)

vm_info: Java HotSpot(TM) 64-Bit Server VM (25.40-b25) for windows-amd64 JRE (1.8.0_40-b25), built on Feb 10 2015 21:53:57 by "java_re" with MS VC++ 10.0 (VS2010)

time: Thu Aug 20 15:42:11 2015
elapsed time: 36 seconds (0d 0h 0m 36s)

