#
# A fatal error has been detected by the Java Runtime Environment:
#
#  EXCEPTION_ACCESS_VIOLATION (0xc0000005) at pc=0x000000005a7fd218, pid=4728, tid=7552
#
# JRE version: Java(TM) SE Runtime Environment (8.0_40-b25) (build 1.8.0_40-b25)
# Java VM: Java HotSpot(TM) 64-Bit Server VM (25.40-b25 mixed mode windows-amd64 compressed oops)
# Problematic frame:
# C  [ig7icd64.dll+0x2d218]
#
# Failed to write core dump. Minidumps are not enabled by default on client versions of Windows
#
# If you would like to submit a bug report, please visit:
#   http://bugreport.java.com/bugreport/crash.jsp
# The crash happened outside the Java Virtual Machine in native code.
# See problematic frame for where to report the bug.
#

---------------  T H R E A D  ---------------

Current thread (0x0000000001f1e800):  JavaThread "main" [_thread_in_native, id=7552, stack(0x00000000020b0000,0x00000000021b0000)]

siginfo: ExceptionCode=0xc0000005, reading address 0x0000000000000020

Registers:
RAX=0x0000000000000000, RBX=0x0000000000000001, RCX=0x0000000000000001, RDX=0x000000005ba0cfb0
RSP=0x00000000021ae870, RBP=0x000000005ce92e50, RSI=0x000000005ba0cfb0, RDI=0x0000000000000001
R8 =0x0000000000000001, R9 =0x000000005ba0cfb0, R10=0x0000000000000000, R11=0x0000000000000000
R12=0x000000005ba0c1a8, R13=0x0000000000000000, R14=0x0000000000000000, R15=0x000000005b9aefa8
RIP=0x000000005a7fd218, EFLAGS=0x0000000000010202

Top of Stack: (sp=0x00000000021ae870)
0x00000000021ae870:   0000000000000000 000000005ba0cfb0
0x00000000021ae880:   0000000000000000 000000005a7d0000
0x00000000021ae890:   0000000001f1e800 0000000000000000
0x00000000021ae8a0:   0000000001f1e800 00000000573158c8
0x00000000021ae8b0:   0000000001f1e800 000000000000000b
0x00000000021ae8c0:   0000000000000000 0000000001f1e800
0x00000000021ae8d0:   0000000000000000 00000000003ba200
0x00000000021ae8e0:   0000000100000001 00000000702096e8
0x00000000021ae8f0:   0000000058b4d0d0 000000005a7fc1de
0x00000000021ae900:   000000000000000b 00000000021ae7a0
0x00000000021ae910:   00000000021ae990 0000000001f1f228
0x00000000021ae920:   0000000001f1f271 0000000900000009
0x00000000021ae930:   000000005ba0c1a8 000000000008125e
0x00000000021ae940:   0000daa80c16ff96 000000018000ac3a
0x00000000021ae950:   000000018000abc0 000000000008125e
0x00000000021ae960:   0000000000000000 000000000008125e 

Instructions: (pc=0x000000005a7fd218)
0x000000005a7fd1f8:   00 48 63 c9 48 8b 84 c8 c0 00 00 00 48 85 c0 74
0x000000005a7fd208:   19 48 8b 40 70 66 0f ef ff 0f b6 58 11 48 8b 00
0x000000005a7fd218:   8b 40 20 ff c8 f3 48 0f 2a f8 41 8b 84 24 20 01
0x000000005a7fd228:   00 00 0f b6 cb c1 e8 04 89 4c 24 30 83 e0 01 3b 


Register to memory mapping:

RAX=0x0000000000000000 is an unknown value
RBX=0x0000000000000001 is an unknown value
RCX=0x0000000000000001 is an unknown value
RDX=0x000000005ba0cfb0 is an unknown value
RSP=0x00000000021ae870 is pointing into the stack for thread: 0x0000000001f1e800
RBP=0x000000005ce92e50 is an unknown value
RSI=0x000000005ba0cfb0 is an unknown value
RDI=0x0000000000000001 is an unknown value
R8 =0x0000000000000001 is an unknown value
R9 =0x000000005ba0cfb0 is an unknown value
R10=0x0000000000000000 is an unknown value
R11=0x0000000000000000 is an unknown value
R12=0x000000005ba0c1a8 is an unknown value
R13=0x0000000000000000 is an unknown value
R14=0x0000000000000000 is an unknown value
R15=0x000000005b9aefa8 is an unknown value


Stack: [0x00000000020b0000,0x00000000021b0000],  sp=0x00000000021ae870,  free space=1018k
Native frames: (J=compiled Java code, j=interpreted, Vv=VM code, C=native code)
C  [ig7icd64.dll+0x2d218]
C  [ig7icd64.dll+0x22a00]
C  [ig7icd64.dll+0x77ad8]
C  [ig7icd64.dll+0x79f02]
C  [ig7icd64.dll+0x1f6a1d]
C  [ig7icd64.dll+0x1f8e35]
C  0x00000000027ce694

Java frames: (J=compiled Java code, j=interpreted, Vv=VM code)
J 887  org.lwjgl.opengl.GL11.nglDrawArrays(IIIJ)V (0 bytes) @ 0x00000000027ce60e [0x00000000027ce5c0+0x4e]
J 2481 C2 mdesl.graphics.SpriteBatch.flush()V (37 bytes) @ 0x0000000002b82420 [0x0000000002b82260+0x1c0]
j  com.marklynch.graphics.ShadowLight.render()V+333
j  com.marklynch.Game.render()V+0
j  com.marklynch.Game.start()V+94
j  com.marklynch.Game.main([Ljava/lang/String;)V+9
v  ~StubRoutines::call_stub

---------------  P R O C E S S  ---------------

Java Threads: ( => current thread )
  0x000000005e6b1000 JavaThread "TimerQueue" daemon [_thread_blocked, id=1408, stack(0x0000000060360000,0x0000000060460000)]
  0x0000000063b0b800 JavaThread "Swing-Shell" daemon [_thread_blocked, id=604, stack(0x0000000064740000,0x0000000064840000)]
  0x0000000063623800 JavaThread "AWT-Windows" daemon [_thread_in_native, id=10448, stack(0x000000005fb60000,0x000000005fc60000)]
  0x000000005e67a800 JavaThread "Java2D Disposer" daemon [_thread_blocked, id=9328, stack(0x000000005f1c0000,0x000000005f2c0000)]
  0x00000000635d0800 JavaThread "LWJGL Timer" daemon [_thread_blocked, id=10740, stack(0x0000000066a50000,0x0000000066b50000)]
  0x0000000058a2c000 JavaThread "Service Thread" daemon [_thread_blocked, id=5836, stack(0x000000005a490000,0x000000005a590000)]
  0x00000000589b3000 JavaThread "C1 CompilerThread3" daemon [_thread_blocked, id=332, stack(0x00000000129d0000,0x0000000012ad0000)]
  0x00000000589a6000 JavaThread "C2 CompilerThread2" daemon [_thread_blocked, id=10156, stack(0x000000005a390000,0x000000005a490000)]
  0x000000005899a000 JavaThread "C2 CompilerThread1" daemon [_thread_blocked, id=7620, stack(0x000000005a180000,0x000000005a280000)]
  0x0000000058995000 JavaThread "C2 CompilerThread0" daemon [_thread_blocked, id=10984, stack(0x0000000059f80000,0x000000005a080000)]
  0x0000000058991800 JavaThread "Attach Listener" daemon [_thread_blocked, id=1136, stack(0x0000000059ab0000,0x0000000059bb0000)]
  0x0000000058990800 JavaThread "Signal Dispatcher" daemon [_thread_blocked, id=9888, stack(0x0000000059e20000,0x0000000059f20000)]
  0x00000000578df800 JavaThread "Finalizer" daemon [_thread_blocked, id=4872, stack(0x0000000059cd0000,0x0000000059dd0000)]
  0x00000000578d8800 JavaThread "Reference Handler" daemon [_thread_blocked, id=10720, stack(0x0000000059bc0000,0x0000000059cc0000)]
=>0x0000000001f1e800 JavaThread "main" [_thread_in_native, id=7552, stack(0x00000000020b0000,0x00000000021b0000)]

Other Threads:
  0x0000000058943000 VMThread [stack: 0x0000000059920000,0x0000000059a20000] [id=8696]
  0x0000000058a38800 WatcherThread [stack: 0x000000005a6d0000,0x000000005a7d0000] [id=6544]

VM state:not at safepoint (normal execution)

VM Mutex/Monitor currently owned by a thread: None

Heap:
 PSYoungGen      total 38400K, used 22924K [0x00000000d5f00000, 0x00000000d8980000, 0x0000000100000000)
  eden space 33280K, 53% used [0x00000000d5f00000,0x00000000d7068f80,0x00000000d7f80000)
  from space 5120K, 99% used [0x00000000d7f80000,0x00000000d847a2a0,0x00000000d8480000)
  to   space 5120K, 0% used [0x00000000d8480000,0x00000000d8480000,0x00000000d8980000)
 ParOldGen       total 87552K, used 1824K [0x0000000081c00000, 0x0000000087180000, 0x00000000d5f00000)
  object space 87552K, 2% used [0x0000000081c00000,0x0000000081dc8090,0x0000000087180000)
 Metaspace       used 17449K, capacity 17639K, committed 17920K, reserved 1064960K
  class space    used 2098K, capacity 2193K, committed 2304K, reserved 1048576K

Card table byte_map: [0x0000000011840000,0x0000000011c40000] byte_map_base: 0x0000000011432000

Marking Bits: (ParMarkBitMap*) 0x0000000070414040
 Begin Bits: [0x0000000012bd0000, 0x0000000014b60000)
 End Bits:   [0x0000000014b60000, 0x0000000016af0000)

Polling page: 0x0000000000130000

CodeCache: size=245760Kb used=7297Kb max_used=7310Kb free=238462Kb
 bounds [0x0000000002480000, 0x0000000002bb0000, 0x0000000011480000]
 total_blobs=2923 nmethods=2267 adapters=567
 compilation: enabled

Compilation events (10 events):
Event: 14.157 Thread 0x00000000589b3000 2518       3       com.marklynch.editor.settingswindow.SettingsWindow::draw (51 bytes)
Event: 14.157 Thread 0x000000005899a000 2519       4       java.util.regex.Pattern::sequence (553 bytes)
Event: 14.158 Thread 0x00000000589b3000 nmethod 2518 0x0000000002ba92d0 code [0x0000000002ba9500, 0x0000000002baa148]
Event: 14.169 Thread 0x000000005899a000 nmethod 2519 0x0000000002b98110 code [0x0000000002b98360, 0x0000000002b98a58]
Event: 14.173 Thread 0x00000000589a6000 2520       4       java.util.regex.Pattern::closure (477 bytes)
Event: 14.194 Thread 0x00000000589a6000 nmethod 2520 0x0000000002baa810 code [0x0000000002baab40, 0x0000000002bab8e8]
Event: 14.207 Thread 0x0000000058995000 2521       4       org.lwjgl.util.vector.Vector2f::<init> (11 bytes)
Event: 14.207 Thread 0x0000000058995000 nmethod 2521 0x0000000002705a90 code [0x0000000002705bc0, 0x0000000002705c18]
Event: 14.280 Thread 0x00000000589b3000 2522       3       org.lwjgl.opengl.WindowsKeyboard::isKeyPressed (13 bytes)
Event: 14.280 Thread 0x00000000589b3000 nmethod 2522 0x0000000002ba8ed0 code [0x0000000002ba9020, 0x0000000002ba91b0]

GC Heap History (2 events):
Event: 4.417 GC heap before
{Heap before GC invocations=1 (full 0):
 PSYoungGen      total 38400K, used 33280K [0x00000000d5f00000, 0x00000000d8980000, 0x0000000100000000)
  eden space 33280K, 100% used [0x00000000d5f00000,0x00000000d7f80000,0x00000000d7f80000)
  from space 5120K, 0% used [0x00000000d8480000,0x00000000d8480000,0x00000000d8980000)
  to   space 5120K, 0% used [0x00000000d7f80000,0x00000000d7f80000,0x00000000d8480000)
 ParOldGen       total 87552K, used 0K [0x0000000081c00000, 0x0000000087180000, 0x00000000d5f00000)
  object space 87552K, 0% used [0x0000000081c00000,0x0000000081c00000,0x0000000087180000)
 Metaspace       used 7618K, capacity 7699K, committed 8064K, reserved 1056768K
  class space    used 769K, capacity 784K, committed 896K, reserved 1048576K
Event: 4.424 GC heap after
Heap after GC invocations=1 (full 0):
 PSYoungGen      total 38400K, used 5096K [0x00000000d5f00000, 0x00000000d8980000, 0x0000000100000000)
  eden space 33280K, 0% used [0x00000000d5f00000,0x00000000d5f00000,0x00000000d7f80000)
  from space 5120K, 99% used [0x00000000d7f80000,0x00000000d847a2a0,0x00000000d8480000)
  to   space 5120K, 0% used [0x00000000d8480000,0x00000000d8480000,0x00000000d8980000)
 ParOldGen       total 87552K, used 1824K [0x0000000081c00000, 0x0000000087180000, 0x00000000d5f00000)
  object space 87552K, 2% used [0x0000000081c00000,0x0000000081dc8090,0x0000000087180000)
 Metaspace       used 7618K, capacity 7699K, committed 8064K, reserved 1056768K
  class space    used 769K, capacity 784K, committed 896K, reserved 1048576K
}

Deoptimization events (10 events):
Event: 4.540 Thread 0x0000000001f1e800 Uncommon trap: reason=unstable_if action=reinterpret pc=0x00000000025e7cc4 method=java.lang.String.startsWith(Ljava/lang/String;I)Z @ 25
Event: 4.555 Thread 0x0000000001f1e800 Uncommon trap: reason=unstable_if action=reinterpret pc=0x000000000282c8dc method=java.util.regex.Pattern.has(I)Z @ 6
Event: 4.555 Thread 0x0000000001f1e800 Uncommon trap: reason=unstable_if action=reinterpret pc=0x0000000002786180 method=java.util.regex.Pattern.has(I)Z @ 6
Event: 4.570 Thread 0x0000000001f1e800 Uncommon trap: reason=unstable_if action=reinterpret pc=0x0000000002915224 method=java.util.HashMap.hash(Ljava/lang/Object;)I @ 1
Event: 4.743 Thread 0x0000000001f1e800 Uncommon trap: reason=class_check action=maybe_recompile pc=0x000000000268e0c4 method=java.lang.String.equals(Ljava/lang/Object;)Z @ 8
Event: 4.747 Thread 0x0000000001f1e800 Uncommon trap: reason=class_check action=maybe_recompile pc=0x000000000268e0c4 method=java.lang.String.equals(Ljava/lang/Object;)Z @ 8
Event: 4.747 Thread 0x0000000001f1e800 Uncommon trap: reason=class_check action=maybe_recompile pc=0x000000000268e0c4 method=java.lang.String.equals(Ljava/lang/Object;)Z @ 8
Event: 4.747 Thread 0x0000000001f1e800 Uncommon trap: reason=class_check action=maybe_recompile pc=0x000000000268e0c4 method=java.lang.String.equals(Ljava/lang/Object;)Z @ 8
Event: 9.813 Thread 0x000000006359c000 Uncommon trap: reason=unstable_if action=reinterpret pc=0x0000000002aa2be8 method=javax.swing.DefaultListCellRenderer.firePropertyChange(Ljava/lang/String;Ljava/lang/Object;Ljava/lang/Object;)V @ 20
Event: 9.910 Thread 0x000000006359c000 Uncommon trap: reason=unstable_if action=reinterpret pc=0x0000000002aa9a58 method=sun.font.FileFontStrike.getCachedGlyphPtr(I)J @ 99

Internal exceptions (10 events):
Event: 4.449 Thread 0x0000000001f1e800 Exception <a 'java/lang/ArrayIndexOutOfBoundsException': 67> (0x00000000d60539c0) thrown at [D:\re\workspace\8-2-build-windows-amd64-cygwin\jdk8u40\2855\hotspot\src\share\vm\interpreter\interpreterRuntime.cpp, line 366]
Event: 4.449 Thread 0x0000000001f1e800 Exception <a 'java/lang/ArrayIndexOutOfBoundsException': 65> (0x00000000d6054e78) thrown at [D:\re\workspace\8-2-build-windows-amd64-cygwin\jdk8u40\2855\hotspot\src\share\vm\interpreter\interpreterRuntime.cpp, line 366]
Event: 4.450 Thread 0x0000000001f1e800 Exception <a 'java/lang/ArrayIndexOutOfBoundsException'> (0x00000000d605ab98) thrown at [D:\re\workspace\8-2-build-windows-amd64-cygwin\jdk8u40\2855\hotspot\src\share\vm\runtime\sharedRuntime.cpp, line 605]
Event: 4.454 Thread 0x0000000001f1e800 Exception <a 'java/lang/ArrayIndexOutOfBoundsException'> (0x00000000d6071d78) thrown at [D:\re\workspace\8-2-build-windows-amd64-cygwin\jdk8u40\2855\hotspot\src\share\vm\runtime\sharedRuntime.cpp, line 605]
Event: 4.471 Thread 0x0000000001f1e800 Exception <a 'java/io/FileNotFoundException'> (0x00000000d60e9b38) thrown at [D:\re\workspace\8-2-build-windows-amd64-cygwin\jdk8u40\2855\hotspot\src\share\vm\prims\jni.cpp, line 709]
Event: 4.508 Thread 0x0000000001f1e800 Exception <a 'java/lang/NoSuchFieldError': method resolution failed> (0x00000000d61d0470) thrown at [D:\re\workspace\8-2-build-windows-amd64-cygwin\jdk8u40\2855\hotspot\src\share\vm\prims\methodHandles.cpp, line 1125]
Event: 4.509 Thread 0x0000000001f1e800 Exception <a 'java/lang/NoSuchFieldError': method resolution failed> (0x00000000d61deda0) thrown at [D:\re\workspace\8-2-build-windows-amd64-cygwin\jdk8u40\2855\hotspot\src\share\vm\prims\methodHandles.cpp, line 1125]
Event: 4.536 Thread 0x0000000001f1e800 Exception <a 'java/io/FileNotFoundException'> (0x00000000d62fcf98) thrown at [D:\re\workspace\8-2-build-windows-amd64-cygwin\jdk8u40\2855\hotspot\src\share\vm\prims\jni.cpp, line 709]
Event: 4.570 Thread 0x0000000001f1e800 Implicit null exception at 0x00000000029151af to 0x0000000002915215
Event: 9.910 Thread 0x000000006359c000 Implicit null exception at 0x0000000002aa9905 to 0x0000000002aa9a41

Events (10 events):
Event: 13.472 Executing VM operation: RevokeBias
Event: 13.472 Executing VM operation: RevokeBias done
Event: 13.472 loading class sun/awt/AppContext$PostShutdownEventRunnable
Event: 13.472 loading class sun/awt/AppContext$PostShutdownEventRunnable done
Event: 13.472 loading class sun/awt/AWTAutoShutdown$1
Event: 13.472 loading class sun/awt/AWTAutoShutdown$1 done
Event: 13.472 Executing VM operation: RevokeBias
Event: 13.473 Executing VM operation: RevokeBias done
Event: 13.473 Thread 0x000000005e67f800 Thread exited: 0x000000005e67f800
Event: 13.473 Thread 0x000000006359c000 Thread exited: 0x000000006359c000


Dynamic libraries:
0x000000013fb50000 - 0x000000013fb87000 	C:\Program Files\Java\jre1.8.0_40\bin\javaw.exe
0x00000000779f0000 - 0x0000000077b99000 	C:\Windows\SYSTEM32\ntdll.dll
0x00000000777d0000 - 0x00000000778ef000 	C:\Windows\system32\kernel32.dll
0x000007fefd830000 - 0x000007fefd89c000 	C:\Windows\system32\KERNELBASE.dll
0x000007feff3b0000 - 0x000007feff48b000 	C:\Windows\system32\ADVAPI32.dll
0x000007feff620000 - 0x000007feff6bf000 	C:\Windows\system32\msvcrt.dll
0x000007feffbd0000 - 0x000007feffbef000 	C:\Windows\SYSTEM32\sechost.dll
0x000007fefee90000 - 0x000007fefefbd000 	C:\Windows\system32\RPCRT4.dll
0x00000000778f0000 - 0x00000000779ea000 	C:\Windows\system32\USER32.dll
0x000007feff290000 - 0x000007feff2f7000 	C:\Windows\system32\GDI32.dll
0x000007feff300000 - 0x000007feff30e000 	C:\Windows\system32\LPK.dll
0x000007fefdb60000 - 0x000007fefdc29000 	C:\Windows\system32\USP10.dll
0x000007fefbfb0000 - 0x000007fefc1a4000 	C:\Windows\WinSxS\amd64_microsoft.windows.common-controls_6595b64144ccf1df_6.0.7601.18837_none_fa3b1e3d17594757\COMCTL32.dll
0x000007fefed30000 - 0x000007fefeda1000 	C:\Windows\system32\SHLWAPI.dll
0x000007fefdc30000 - 0x000007fefdc5e000 	C:\Windows\system32\IMM32.DLL
0x000007feffbf0000 - 0x000007feffcf9000 	C:\Windows\system32\MSCTF.dll
0x0000000079290000 - 0x0000000079362000 	C:\Program Files\Java\jre1.8.0_40\bin\msvcr100.dll
0x000000006fc10000 - 0x0000000070493000 	C:\Program Files\Java\jre1.8.0_40\bin\server\jvm.dll
0x000007fef8c00000 - 0x000007fef8c09000 	C:\Windows\system32\WSOCK32.dll
0x000007feff220000 - 0x000007feff26d000 	C:\Windows\system32\WS2_32.dll
0x000007fefdf30000 - 0x000007fefdf38000 	C:\Windows\system32\NSI.dll
0x000007fefb530000 - 0x000007fefb56b000 	C:\Windows\system32\WINMM.dll
0x000007fefc880000 - 0x000007fefc88c000 	C:\Windows\system32\VERSION.dll
0x0000000077bc0000 - 0x0000000077bc7000 	C:\Windows\system32\PSAPI.DLL
0x000000006d7a0000 - 0x000000006d7af000 	C:\Program Files\Java\jre1.8.0_40\bin\verify.dll
0x0000000066390000 - 0x00000000663b9000 	C:\Program Files\Java\jre1.8.0_40\bin\java.dll
0x0000000066370000 - 0x0000000066386000 	C:\Program Files\Java\jre1.8.0_40\bin\zip.dll
0x000007fefdf40000 - 0x000007fefecc9000 	C:\Windows\system32\SHELL32.dll
0x000007feff7e0000 - 0x000007feff9e3000 	C:\Windows\system32\ole32.dll
0x000007fefd7b0000 - 0x000007fefd7bf000 	C:\Windows\system32\profapi.dll
0x0000000180000000 - 0x0000000180053000 	C:\dev\workspace\tactics\tactics_project\libs\lwjgl_native\lwjgl64.dll
0x000007fee8ba0000 - 0x000007fee8cbd000 	C:\Windows\system32\OPENGL32.dll
0x000007feeed00000 - 0x000007feeed2d000 	C:\Windows\system32\GLU32.dll
0x000007fee7f90000 - 0x000007fee8081000 	C:\Windows\system32\DDRAW.dll
0x000007fef8bb0000 - 0x000007fef8bb8000 	C:\Windows\system32\DCIMAN32.dll
0x000007feff9f0000 - 0x000007feffbc7000 	C:\Windows\system32\SETUPAPI.dll
0x000007fefdb10000 - 0x000007fefdb46000 	C:\Windows\system32\CFGMGR32.dll
0x000007fefedb0000 - 0x000007fefee87000 	C:\Windows\system32\OLEAUT32.dll
0x000007fefda30000 - 0x000007fefda4a000 	C:\Windows\system32\DEVOBJ.dll
0x000007fefb1e0000 - 0x000007fefb1f8000 	C:\Windows\system32\dwmapi.dll
0x000007fefbdd0000 - 0x000007fefbe26000 	C:\Windows\system32\uxtheme.dll
0x000007fefd600000 - 0x000007fefd60f000 	C:\Windows\system32\CRYPTBASE.dll
0x000000005a7d0000 - 0x000000005b848000 	C:\Windows\system32\ig7icd64.dll
0x000007fee7ce0000 - 0x000007fee7d7c000 	C:\Windows\system32\mscms.dll
0x000007fefd7c0000 - 0x000007fefd7de000 	C:\Windows\system32\USERENV.dll
0x000007fee8b50000 - 0x000007fee8b92000 	C:\Windows\system32\icm32.dll
0x000007fefd190000 - 0x000007fefd1a8000 	C:\Windows\system32\CRYPTSP.dll
0x000007fefccc0000 - 0x000007fefcd07000 	C:\Windows\system32\rsaenh.dll
0x0000000066350000 - 0x000000006636a000 	C:\Program Files\Java\jre1.8.0_40\bin\net.dll
0x000007fefcf30000 - 0x000007fefcf85000 	C:\Windows\system32\mswsock.dll
0x000007fefcf90000 - 0x000007fefcf97000 	C:\Windows\System32\wship6.dll
0x000007fefa420000 - 0x000007fefa447000 	C:\Windows\system32\IPHLPAPI.DLL
0x000007fefa3a0000 - 0x000007fefa3ab000 	C:\Windows\system32\WINNSI.DLL
0x000007fefa250000 - 0x000007fefa261000 	C:\Windows\system32\dhcpcsvc6.DLL
0x000007fefa210000 - 0x000007fefa228000 	C:\Windows\system32\dhcpcsvc.DLL
0x0000000066330000 - 0x0000000066341000 	C:\Program Files\Java\jre1.8.0_40\bin\nio.dll
0x0000000002020000 - 0x0000000002084000 	C:\dev\workspace\tactics\tactics_project\libs\lwjgl_native\OpenAL64.dll
0x000007feff6c0000 - 0x000007feff759000 	C:\Windows\system32\CLBCatQ.DLL
0x000007fefbf60000 - 0x000007fefbfab000 	C:\Windows\System32\MMDevApi.dll
0x000007fefbe30000 - 0x000007fefbf5c000 	C:\Windows\System32\PROPSYS.dll
0x000007fef8d50000 - 0x000007fef8dd8000 	C:\Windows\system32\dsound.dll
0x000007fefc1c0000 - 0x000007fefc1ec000 	C:\Windows\system32\POWRPROF.dll
0x000007fefb310000 - 0x000007fefb35f000 	C:\Windows\system32\AUDIOSES.DLL
0x000000006cff0000 - 0x000000006d188000 	C:\Program Files\Java\jre1.8.0_40\bin\awt.dll
0x000007fef6d70000 - 0x000007fef6e10000 	C:\Windows\WinSxS\amd64_microsoft.windows.common-controls_6595b64144ccf1df_5.82.7601.18837_none_a4d981ff711297b6\comctl32.dll
0x0000000066220000 - 0x0000000066267000 	C:\Program Files\Java\jre1.8.0_40\bin\fontmanager.dll
0x00000000661d0000 - 0x0000000066211000 	C:\Program Files\Java\jre1.8.0_40\bin\t2k.dll
0x000007fefbb80000 - 0x000007fefbbad000 	C:\Windows\system32\ntmarta.dll
0x000007fefecd0000 - 0x000007fefed22000 	C:\Windows\system32\WLDAP32.dll
0x000007fefd5a0000 - 0x000007fefd5f7000 	C:\Windows\system32\apphelp.dll
0x000007fee98e0000 - 0x000007fee9a7c000 	C:\Windows\system32\NetworkExplorer.dll
0x000007fef6100000 - 0x000007fef6134000 	C:\Windows\System32\shdocvw.dll
0x000007fefb950000 - 0x000007fefb95b000 	C:\Windows\system32\slc.dll
0x000007fefa9d0000 - 0x000007fefa9e8000 	C:\Windows\system32\MPR.dll
0x000007fefc1f0000 - 0x000007fefc1fa000 	C:\Windows\System32\drprov.dll
0x000007fefd6b0000 - 0x000007fefd6ed000 	C:\Windows\System32\WINSTA.dll
0x000007fefab60000 - 0x000007fefab82000 	C:\Windows\System32\ntlanman.dll
0x000007fefab40000 - 0x000007fefab5d000 	C:\Windows\System32\davclnt.dll
0x000007fefadf0000 - 0x000007fefadfa000 	C:\Windows\System32\DAVHLPR.dll
0x000007fef5520000 - 0x000007fef5542000 	C:\Windows\system32\LMIRfsClientNP.dll
0x000007fefa470000 - 0x000007fefa485000 	C:\Windows\system32\wkscli.dll
0x000007fef89e0000 - 0x000007fef89ef000 	C:\Windows\system32\cscapi.dll
0x000007fefcc60000 - 0x000007fefcc6c000 	C:\Windows\system32\netutils.dll
0x000007fee9660000 - 0x000007fee98d1000 	C:\Windows\system32\wpdshext.dll
0x000007fefbbb0000 - 0x000007fefbdc6000 	C:\Windows\WinSxS\amd64_microsoft.windows.gdiplus_6595b64144ccf1df_1.1.7601.18946_none_2b27281071eac12c\gdiplus.dll
0x000007fef0230000 - 0x000007fef02ed000 	C:\Windows\system32\PortableDeviceApi.dll
0x000007fefd7f0000 - 0x000007fefd82b000 	C:\Windows\system32\WINTRUST.dll
0x000007fefd8b0000 - 0x000007fefda1d000 	C:\Windows\system32\CRYPT32.dll
0x000007fefd7a0000 - 0x000007fefd7af000 	C:\Windows\system32\MSASN1.dll
0x000007feed6a0000 - 0x000007feed6d9000 	C:\Windows\system32\PortableDeviceTypes.dll
0x000007fee8cc0000 - 0x000007fee8cf5000 	C:\Windows\system32\EhStorShell.dll
0x000007fef04c0000 - 0x000007fef04e7000 	C:\Windows\system32\EhStorAPI.dll
0x000007fef2ca0000 - 0x000007fef2cac000 	C:\Windows\system32\LINKINFO.dll
0x000007fefabd0000 - 0x000007fefad31000 	C:\Windows\system32\WindowsCodecs.dll
0x000007feee5e0000 - 0x000007feee6da000 	C:\Program Files (x86)\Adobe\Adobe Creative Cloud\CoreSyncExtension\CoreSync_x64.dll
0x000007feeddb0000 - 0x000007feedfed000 	C:\Program Files\Microsoft Office 15\root\VFS\ProgramFilesX64\Microsoft Office\Office15\GROOVEEX.DLL
0x000000006e8e0000 - 0x000000006e978000 	C:\Program Files\Microsoft Office 15\root\VFS\ProgramFilesX64\Microsoft Office\Office15\MSVCP100.dll
0x0000000074fe0000 - 0x000000007500b000 	C:\Program Files\Microsoft Office 15\root\VFS\ProgramFilesX64\Microsoft Office\Office15\ATL100.DLL
0x000007fef4f50000 - 0x000007fef526e000 	C:\Windows\system32\msi.dll
0x000007feec470000 - 0x000007feecced000 	C:\Program Files\Microsoft Office 15\root\VFS\ProgramFilesX64\Microsoft Office\Office15\1033\GrooveIntlResource.dll
0x000000006e8c0000 - 0x000000006e8d6000 	C:\Program Files\Common Files\TortoiseOverlays\TortoiseOverlays.dll
0x000000006e8b0000 - 0x000000006e8c0000 	C:\Program Files\TortoiseSVN\bin\TortoiseStub.dll
0x000000006e830000 - 0x000000006e8ab000 	C:\Program Files\TortoiseSVN\bin\TortoiseSVN.dll
0x000007fefefc0000 - 0x000007feff21a000 	C:\Windows\system32\WININET.dll
0x000007fefdb50000 - 0x000007fefdb54000 	C:\Windows\system32\api-ms-win-downlevel-user32-l1-1-0.dll
0x000007fefdaf0000 - 0x000007fefdaf4000 	C:\Windows\system32\api-ms-win-downlevel-shlwapi-l1-1-0.dll
0x000007fefd7e0000 - 0x000007fefd7e4000 	C:\Windows\system32\api-ms-win-downlevel-version-l1-1-0.dll
0x000007fefda20000 - 0x000007fefda23000 	C:\Windows\system32\api-ms-win-downlevel-normaliz-l1-1-0.dll
0x0000000077bb0000 - 0x0000000077bb3000 	C:\Windows\system32\normaliz.DLL
0x000007fefdc60000 - 0x000007fefdf27000 	C:\Windows\system32\iertutil.dll
0x000007fefd8a0000 - 0x000007fefd8a5000 	C:\Windows\system32\api-ms-win-downlevel-advapi32-l1-1-0.dll
0x000007feec080000 - 0x000007feec46d000 	C:\Program Files\TortoiseSVN\bin\libsvn_tsvn.dll
0x000000006e800000 - 0x000000006e82b000 	C:\Program Files\TortoiseSVN\bin\libapr_tsvn.dll
0x000000006e7b0000 - 0x000000006e7f1000 	C:\Program Files\TortoiseSVN\bin\libaprutil_tsvn.dll
0x000007fefaa40000 - 0x000007fefaa50000 	C:\Program Files\TortoiseSVN\bin\intl3_tsvn.dll
0x000007fefa1b0000 - 0x000007fefa1ca000 	C:\Program Files\TortoiseSVN\bin\libsasl.dll
0x000007fefd3a0000 - 0x000007fefd3ab000 	C:\Windows\system32\Secur32.dll
0x000007fefd560000 - 0x000007fefd585000 	C:\Windows\system32\SSPICLI.DLL
0x000007feea2f0000 - 0x000007feea36e000 	C:\Windows\System32\cscui.dll
0x000007fefabb0000 - 0x000007fefabbc000 	C:\Windows\System32\CSCDLL.dll
0x000007fef2c20000 - 0x000007fef2ca0000 	C:\Windows\system32\ntshrui.dll
0x000007fefd220000 - 0x000007fefd243000 	C:\Windows\system32\srvcli.dll
0x000007fefb360000 - 0x000007fefb485000 	C:\Windows\system32\dbghelp.dll

VM Arguments:
jvm_args: -Djava.library.path=C:\dev\workspace\tactics\tactics_project\libs\lwjgl_native -Dfile.encoding=Cp1252 
java_command: com.marklynch.Game
java_class_path (initial): C:\dev\workspace\tactics\tactics_project\bin;C:\dev\workspace\tactics\tactics_project\libs\ibxm.jar;C:\dev\workspace\tactics\tactics_project\libs\jogg-0.0.7.jar;C:\dev\workspace\tactics\tactics_project\libs\jorbis-0.0.15.jar;C:\dev\workspace\tactics\tactics_project\libs\lwjgl_util_applet.jar;C:\dev\workspace\tactics\tactics_project\libs\lwjgl_util.jar;C:\dev\workspace\tactics\tactics_project\libs\natives-linux.jar;C:\dev\workspace\tactics\tactics_project\libs\natives-mac.jar;C:\dev\workspace\tactics\tactics_project\libs\natives-windows.jar;C:\dev\workspace\tactics\tactics_project\libs\slick-util.jar;C:\dev\workspace\tactics\tactics_project\libs\AppleJavaExtensions.jar;C:\dev\workspace\tactics\tactics_project\libs\asm-debug-all.jar;C:\dev\workspace\tactics\tactics_project\libs\jinput.jar;C:\dev\workspace\tactics\tactics_project\libs\laf-plugin-7.2.1.jar;C:\dev\workspace\tactics\tactics_project\libs\laf-widget-7.2.1.jar;C:\dev\workspace\tactics\tactics_project\libs\log4j-api-2.0-beta9.jar;C:\dev\workspace\tactics\tactics_project\libs\lwjgl_test.jar;C:\dev\workspace\tactics\tactics_project\libs\lwjgl-debug.jar;C:\dev\workspace\tactics\tactics_project\libs\lwjgl.jar;C:\dev\workspace\tactics\tactics_project\libs\lzma.jar;C:\dev\workspace\tactics\tactics_project\libs\substance-7.2.1.jar;C:\dev\workspace\tactics\tactics_project\libs\trident-7.2.1.jar;C:\dev\workspace\tactics\tactics_project\libs\gson-2.3.1.jar;C:\dev\workspace\tactics\tactics_project\libs\commons-io-2.4.jar;C:\dev\workspace\tactics\tactics_project\libs\PNGDecoder.jar;C:\dev\workspace\tactics\tactics_project\libs\xpp3-1.1.4c.jar
Launcher Type: SUN_STANDARD

Environment Variables:
PATH=C:/Program Files/Java/jre1.8.0_40/bin/server;C:/Program Files/Java/jre1.8.0_40/bin;C:/Program Files/Java/jre1.8.0_40/lib/amd64;C:\Program Files (x86)\NVIDIA Corporation\PhysX\Common;C:\ProgramData\Oracle\Java\javapath;C:\Program Files (x86)\Intel\iCLS Client\;C:\Program Files\Intel\iCLS Client\;C:\Windows\system32;C:\Windows;C:\Windows\System32\Wbem;C:\Windows\System32\WindowsPowerShell\v1.0\;C:\Program Files\Intel\Intel(R) Management Engine Components\DAL;C:\Program Files\Intel\Intel(R) Management Engine Components\IPT;C:\Program Files (x86)\Intel\Intel(R) Management Engine Components\DAL;C:\Program Files (x86)\Intel\Intel(R) Management Engine Components\IPT;C:\Program Files (x86)\Security Innovation\SI TSS\bin\;c:\Program Files (x86)\Microsoft SQL Server\100\Tools\Binn\;c:\Program Files\Microsoft SQL Server\100\Tools\Binn\;c:\Program Files\Microsoft SQL Server\100\DTS\Binn\;c:\Program Files (x86)\Microsoft SQL Server\100\Tools\Binn\VSShell\Common7\IDE\;c:\Program Files (x86)\Microsoft Visual Studio 9.0\Common7\IDE\PrivateAssemblies\;c:\Program Files (x86)\Microsoft SQL Server\100\DTS\Binn\;C:\Program Files\TortoiseSVN\bin;C:\Program Files (x86)\Skype\Phone\;C:\dev\adt-bundle-windows-x86_64-20140624\adt-bundle-windows-x86_64-20140624\eclipse;
USERNAME=Mark.Lynch
OS=Windows_NT
PROCESSOR_IDENTIFIER=Intel64 Family 6 Model 58 Stepping 9, GenuineIntel



---------------  S Y S T E M  ---------------

OS: Windows 7 , 64 bit Build 7601 (6.1.7601.18933)

CPU:total 8 (4 cores per cpu, 2 threads per core) family 6 model 58 stepping 9, cmov, cx8, fxsr, mmx, sse, sse2, sse3, ssse3, sse4.1, sse4.2, popcnt, avx, aes, clmul, erms, ht, tsc, tscinvbit, tscinv

Memory: 4k page, physical 8272432k(876168k free), swap 16543024k(6097748k free)

vm_info: Java HotSpot(TM) 64-Bit Server VM (25.40-b25) for windows-amd64 JRE (1.8.0_40-b25), built on Feb 10 2015 21:53:57 by "java_re" with MS VC++ 10.0 (VS2010)

time: Wed Aug 19 15:12:34 2015
elapsed time: 14 seconds (0d 0h 0m 14s)

