#
# A fatal error has been detected by the Java Runtime Environment:
#
#  EXCEPTION_ACCESS_VIOLATION (0xc0000005) at pc=0x000000005b26d218, pid=9960, tid=15096
#
# JRE version: Java(TM) SE Runtime Environment (8.0_40-b25) (build 1.8.0_40-b25)
# Java VM: Java HotSpot(TM) 64-Bit Server VM (25.40-b25 mixed mode windows-amd64 compressed oops)
# Problematic frame:
# C  [ig7icd64.dll+0x2d218]
#
# Failed to write core dump. Minidumps are not enabled by default on client versions of Windows
#
# If you would like to submit a bug report, please visit:
#   http://bugreport.java.com/bugreport/crash.jsp
# The crash happened outside the Java Virtual Machine in native code.
# See problematic frame for where to report the bug.
#

---------------  T H R E A D  ---------------

Current thread (0x000000000039e800):  JavaThread "main" [_thread_in_native, id=15096, stack(0x0000000001f50000,0x0000000002050000)]

siginfo: ExceptionCode=0xc0000005, reading address 0x0000000000000020

Registers:
RAX=0x0000000000000000, RBX=0x0000000000000001, RCX=0x0000000000000001, RDX=0x000000005ac5cfe0
RSP=0x000000000204ecd0, RBP=0x0000000000000000, RSI=0x000000005ac5cfe0, RDI=0x0000000000000001
R8 =0x0000000000000001, R9 =0x000000005ac5cfe0, R10=0x0000000000000000, R11=0x0000000000000000
R12=0x000000005ac5c168, R13=0x0000000000000000, R14=0x0000000000000000, R15=0x000000005abfef68
RIP=0x000000005b26d218, EFLAGS=0x0000000000010202

Top of Stack: (sp=0x000000000204ecd0)
0x000000000204ecd0:   0000000000000000 000000005ac5cfe0
0x000000000204ece0:   0000000000000000 0000000002480dbe
0x000000000204ecf0:   0000000000000000 000000006f70eff9
0x000000000204ed00:   0000000000000000 0000000001cb0000
0x000000000204ed10:   00000000571b6af0 000000000039e800
0x000000000204ed20:   000000000039e550 000000000039f600
0x000000000204ed30:   000000000039f610 000000000039f6e8
0x000000000204ed40:   00000000000000d8 000000000204f9c8
0x000000000204ed50:   00000000589f9e40 000000000039e800
0x000000000204ed60:   000000000204eff8 000000000204efc8
0x000000000204ed70:   000000000039f210 00000000571b6af0
0x000000000204ed80:   0000000000399b60 000000006f6e0b00
0x000000000204ed90:   000000005ac5c168 000000006f7fb2e2
0x000000000204eda0:   000000000204efc8 0000000000000000
0x000000000204edb0:   000000000204eeb0 000000000000000b
0x000000000204edc0:   000000000204ee30 000000006f6e12f3 

Instructions: (pc=0x000000005b26d218)
0x000000005b26d1f8:   00 48 63 c9 48 8b 84 c8 c0 00 00 00 48 85 c0 74
0x000000005b26d208:   19 48 8b 40 70 66 0f ef ff 0f b6 58 11 48 8b 00
0x000000005b26d218:   8b 40 20 ff c8 f3 48 0f 2a f8 41 8b 84 24 20 01
0x000000005b26d228:   00 00 0f b6 cb c1 e8 04 89 4c 24 30 83 e0 01 3b 


Register to memory mapping:

RAX=0x0000000000000000 is an unknown value
RBX=0x0000000000000001 is an unknown value
RCX=0x0000000000000001 is an unknown value
RDX=0x000000005ac5cfe0 is an unknown value
RSP=0x000000000204ecd0 is pointing into the stack for thread: 0x000000000039e800
RBP=0x0000000000000000 is an unknown value
RSI=0x000000005ac5cfe0 is an unknown value
RDI=0x0000000000000001 is an unknown value
R8 =0x0000000000000001 is an unknown value
R9 =0x000000005ac5cfe0 is an unknown value
R10=0x0000000000000000 is an unknown value
R11=0x0000000000000000 is an unknown value
R12=0x000000005ac5c168 is an unknown value
R13=0x0000000000000000 is an unknown value
R14=0x0000000000000000 is an unknown value
R15=0x000000005abfef68 is an unknown value


Stack: [0x0000000001f50000,0x0000000002050000],  sp=0x000000000204ecd0,  free space=1019k
Native frames: (J=compiled Java code, j=interpreted, Vv=VM code, C=native code)

Java frames: (J=compiled Java code, j=interpreted, Vv=VM code)
j  org.lwjgl.opengl.GL11.nglDrawArrays(IIIJ)V+0
j  org.lwjgl.opengl.GL11.glDrawArrays(III)V+20
j  mdesl.graphics.glutils.VertexArray.draw(III)V+3
j  mdesl.graphics.SpriteBatch.render()V+33
J 403 C1 mdesl.graphics.SpriteBatch.flush()V (37 bytes) @ 0x00000000025156fc [0x0000000002515480+0x27c]
j  mdesl.graphics.SpriteBatch.end()V+23
j  mdesl.test.shadertut.ShaderLesson3.render()V+28
j  mdesl.test.Game.start()V+219
j  mdesl.test.shadertut.ShaderLesson3.main([Ljava/lang/String;)V+20
v  ~StubRoutines::call_stub

---------------  P R O C E S S  ---------------

Java Threads: ( => current thread )
  0x000000005dafa000 JavaThread "LWJGL Timer" daemon [_thread_blocked, id=13776, stack(0x000000005e4d0000,0x000000005e5d0000)]
  0x00000000588db800 JavaThread "Service Thread" daemon [_thread_blocked, id=8116, stack(0x000000005a5f0000,0x000000005a6f0000)]
  0x0000000058872800 JavaThread "C1 CompilerThread3" daemon [_thread_blocked, id=10904, stack(0x000000005a450000,0x000000005a550000)]
  0x0000000058859800 JavaThread "C2 CompilerThread2" daemon [_thread_blocked, id=9472, stack(0x000000005a240000,0x000000005a340000)]
  0x000000005884c000 JavaThread "C2 CompilerThread1" daemon [_thread_blocked, id=15160, stack(0x0000000059fb0000,0x000000005a0b0000)]
  0x0000000058838800 JavaThread "C2 CompilerThread0" daemon [_thread_blocked, id=14384, stack(0x0000000059e30000,0x0000000059f30000)]
  0x0000000058833000 JavaThread "Attach Listener" daemon [_thread_blocked, id=15104, stack(0x00000000598f0000,0x00000000599f0000)]
  0x0000000058831800 JavaThread "Signal Dispatcher" daemon [_thread_blocked, id=10360, stack(0x0000000059c80000,0x0000000059d80000)]
  0x000000005777c800 JavaThread "Finalizer" daemon [_thread_blocked, id=3984, stack(0x0000000059b80000,0x0000000059c80000)]
  0x0000000057775800 JavaThread "Reference Handler" daemon [_thread_blocked, id=15120, stack(0x0000000059a80000,0x0000000059b80000)]
=>0x000000000039e800 JavaThread "main" [_thread_in_native, id=15096, stack(0x0000000001f50000,0x0000000002050000)]

Other Threads:
  0x00000000587e3000 VMThread [stack: 0x00000000597c0000,0x00000000598c0000] [id=14996]
  0x00000000588e8000 WatcherThread [stack: 0x000000005a0e0000,0x000000005a1e0000] [id=12228]

VM state:not at safepoint (normal execution)

VM Mutex/Monitor currently owned by a thread: None

Heap:
 PSYoungGen      total 38400K, used 6219K [0x00000000d5f00000, 0x00000000d8980000, 0x0000000100000000)
  eden space 33280K, 18% used [0x00000000d5f00000,0x00000000d6512cc0,0x00000000d7f80000)
  from space 5120K, 0% used [0x00000000d8480000,0x00000000d8480000,0x00000000d8980000)
  to   space 5120K, 0% used [0x00000000d7f80000,0x00000000d7f80000,0x00000000d8480000)
 ParOldGen       total 87552K, used 0K [0x0000000081c00000, 0x0000000087180000, 0x00000000d5f00000)
  object space 87552K, 0% used [0x0000000081c00000,0x0000000081c00000,0x0000000087180000)
 Metaspace       used 4590K, capacity 5755K, committed 5888K, reserved 1056768K
  class space    used 426K, capacity 456K, committed 512K, reserved 1048576K

Card table byte_map: [0x00000000116e0000,0x0000000011ae0000] byte_map_base: 0x00000000112d2000

Marking Bits: (ParMarkBitMap*) 0x000000006fcd4040
 Begin Bits: [0x0000000012a70000, 0x0000000014a00000)
 End Bits:   [0x0000000014a00000, 0x0000000016990000)

Polling page: 0x0000000000330000

CodeCache: size=245760Kb used=2013Kb max_used=2023Kb free=243746Kb
 bounds [0x0000000002320000, 0x0000000002590000, 0x0000000011320000]
 total_blobs=786 nmethods=406 adapters=293
 compilation: enabled

Compilation events (10 events):
Event: 4.885 Thread 0x0000000058872800  397       3       org.lwjgl.opengl.Display::pollDevices (31 bytes)
Event: 4.887 Thread 0x0000000058872800 nmethod 397 0x0000000002515d50 code [0x0000000002515fa0, 0x0000000002516b98]
Event: 4.887 Thread 0x0000000058872800  399   !   3       org.lwjgl.opengl.Display::isCloseRequested (38 bytes)
Event: 4.887 Thread 0x0000000058872800 nmethod 399 0x00000000025171d0 code [0x0000000002517380, 0x0000000002517988]
Event: 4.898 Thread 0x0000000058872800  404       3       org.lwjgl.opengl.Display::sync (5 bytes)
Event: 4.898 Thread 0x0000000058872800 nmethod 404 0x0000000002510b90 code [0x0000000002510d00, 0x0000000002510e68]
Event: 5.415 Thread 0x0000000058859800  405       4       org.lwjgl.opengl.GLContext::getCapabilitiesImpl (23 bytes)
Event: 5.416 Thread 0x0000000058859800 nmethod 405 0x00000000024f2350 code [0x00000000024f2480, 0x00000000024f2518]
Event: 5.844 Thread 0x0000000058872800  406       3       org.lwjgl.opengl.WindowsKeyboard::isKeyPressed (13 bytes)
Event: 5.844 Thread 0x0000000058872800 nmethod 406 0x000000000251a590 code [0x000000000251a6e0, 0x000000000251a870]

GC Heap History (0 events):
No events

Deoptimization events (0 events):
No events

Internal exceptions (6 events):
Event: 0.030 Thread 0x000000000039e800 Exception <a 'java/lang/NoSuchMethodError': Method sun.misc.Unsafe.defineClass(Ljava/lang/String;[BII)Ljava/lang/Class; name or signature does not match> (0x00000000d5f0d9d0) thrown at [D:\re\workspace\8-2-build-windows-amd64-cygwin\jdk8u40\2855\hotspot\srµÕ⁄’0ü?
Event: 0.030 Thread 0x000000000039e800 Exception <a 'java/lang/NoSuchMethodError': Method sun.misc.Unsafe.prefetchRead(Ljava/lang/Object;J)V name or signature does not match> (0x00000000d5f0dc60) thrown at [D:\re\workspace\8-2-build-windows-amd64-cygwin\jdk8u40\2855\hotspot\src\share\vm\prims\jù≠≠[%°‹?
Event: 0.447 Thread 0x000000000039e800 Exception <a 'java/security/PrivilegedActionException'> (0x00000000d644f1a8) thrown at [D:\re\workspace\8-2-build-windows-amd64-cygwin\jdk8u40\2855\hotspot\src\share\vm\prims\jvm.cpp, line 1382]
Event: 0.447 Thread 0x000000000039e800 Exception <a 'java/security/PrivilegedActionException'> (0x00000000d644f360) thrown at [D:\re\workspace\8-2-build-windows-amd64-cygwin\jdk8u40\2855\hotspot\src\share\vm\prims\jvm.cpp, line 1382]
Event: 0.448 Thread 0x000000000039e800 Exception <a 'java/security/PrivilegedActionException'> (0x00000000d6452e58) thrown at [D:\re\workspace\8-2-build-windows-amd64-cygwin\jdk8u40\2855\hotspot\src\share\vm\prims\jvm.cpp, line 1382]
Event: 0.448 Thread 0x000000000039e800 Exception <a 'java/security/PrivilegedActionException'> (0x00000000d6453010) thrown at [D:\re\workspace\8-2-build-windows-amd64-cygwin\jdk8u40\2855\hotspot\src\share\vm\prims\jvm.cpp, line 1382]

Events (10 events):
Event: 0.648 loading class org/lwjgl/opengl/Sync done
Event: 0.648 loading class org/lwjgl/opengl/Sync$RunningAvg
Event: 0.648 loading class org/lwjgl/opengl/Sync$RunningAvg done
Event: 0.649 loading class org/lwjgl/opengl/Sync$1
Event: 0.649 loading class org/lwjgl/opengl/Sync$1 done
Event: 0.650 Thread 0x000000005dafa000 Thread added: 0x000000005dafa000
Event: 2.515 Thread 0x000000000039e800 DEOPT PACKING pc=0x00000000024e511f sp=0x000000000204f540
Event: 2.515 Thread 0x000000000039e800 DEOPT UNPACKING pc=0x000000000236787f sp=0x000000000204f350 mode 0
Event: 4.159 Executing VM operation: EnableBiasedLocking
Event: 4.159 Executing VM operation: EnableBiasedLocking done


Dynamic libraries:
0x000000013f860000 - 0x000000013f897000 	C:\Program Files\Java\jre1.8.0_40\bin\javaw.exe
0x0000000077950000 - 0x0000000077af9000 	C:\Windows\SYSTEM32\ntdll.dll
0x0000000077830000 - 0x000000007794f000 	C:\Windows\system32\kernel32.dll
0x000007fefd960000 - 0x000007fefd9cc000 	C:\Windows\system32\KERNELBASE.dll
0x000007feffb80000 - 0x000007feffc5b000 	C:\Windows\system32\ADVAPI32.dll
0x000007feff830000 - 0x000007feff8cf000 	C:\Windows\system32\msvcrt.dll
0x000007fefede0000 - 0x000007fefedff000 	C:\Windows\SYSTEM32\sechost.dll
0x000007fefdf20000 - 0x000007fefe04d000 	C:\Windows\system32\RPCRT4.dll
0x0000000077730000 - 0x000000007782a000 	C:\Windows\system32\USER32.dll
0x000007feff450000 - 0x000007feff4b7000 	C:\Windows\system32\GDI32.dll
0x000007feff150000 - 0x000007feff15e000 	C:\Windows\system32\LPK.dll
0x000007feff000000 - 0x000007feff0c9000 	C:\Windows\system32\USP10.dll
0x000007fefc150000 - 0x000007fefc344000 	C:\Windows\WinSxS\amd64_microsoft.windows.common-controls_6595b64144ccf1df_6.0.7601.18837_none_fa3b1e3d17594757\COMCTL32.dll
0x000007feff370000 - 0x000007feff3e1000 	C:\Windows\system32\SHLWAPI.dll
0x000007fefee20000 - 0x000007fefee4e000 	C:\Windows\system32\IMM32.DLL
0x000007fefee50000 - 0x000007fefef59000 	C:\Windows\system32\MSCTF.dll
0x000000005e660000 - 0x000000005e732000 	C:\Program Files\Java\jre1.8.0_40\bin\msvcr100.dll
0x000000006f4d0000 - 0x000000006fd53000 	C:\Program Files\Java\jre1.8.0_40\bin\server\jvm.dll
0x000007fef9000000 - 0x000007fef9009000 	C:\Windows\system32\WSOCK32.dll
0x000007feff8d0000 - 0x000007feff91d000 	C:\Windows\system32\WS2_32.dll
0x000007fefdf10000 - 0x000007fefdf18000 	C:\Windows\system32\NSI.dll
0x000007fef8ea0000 - 0x000007fef8edb000 	C:\Windows\system32\WINMM.dll
0x000007fefc7e0000 - 0x000007fefc7ec000 	C:\Windows\system32\VERSION.dll
0x0000000077b20000 - 0x0000000077b27000 	C:\Windows\system32\PSAPI.DLL
0x000000005b230000 - 0x000000005b23f000 	C:\Program Files\Java\jre1.8.0_40\bin\verify.dll
0x000000005aa70000 - 0x000000005aa99000 	C:\Program Files\Java\jre1.8.0_40\bin\java.dll
0x0000000070500000 - 0x0000000070516000 	C:\Program Files\Java\jre1.8.0_40\bin\zip.dll
0x000007fefe050000 - 0x000007fefedd9000 	C:\Windows\system32\SHELL32.dll
0x000007feff160000 - 0x000007feff363000 	C:\Windows\system32\ole32.dll
0x000007fefd700000 - 0x000007fefd70f000 	C:\Windows\system32\profapi.dll
0x0000000180000000 - 0x0000000180053000 	C:\dev\workspace\tactics\tactics_project\libs\lwjgl_native\lwjgl64.dll
0x000007fee9130000 - 0x000007fee924d000 	C:\Windows\system32\OPENGL32.dll
0x000007fee9ae0000 - 0x000007fee9b0d000 	C:\Windows\system32\GLU32.dll
0x000007fee99c0000 - 0x000007fee9ab1000 	C:\Windows\system32\DDRAW.dll
0x000007fef0270000 - 0x000007fef0278000 	C:\Windows\system32\DCIMAN32.dll
0x000007feff4c0000 - 0x000007feff697000 	C:\Windows\system32\SETUPAPI.dll
0x000007fefda40000 - 0x000007fefda76000 	C:\Windows\system32\CFGMGR32.dll
0x000007fefdac0000 - 0x000007fefdb97000 	C:\Windows\system32\OLEAUT32.dll
0x000007fefd8a0000 - 0x000007fefd8ba000 	C:\Windows\system32\DEVOBJ.dll
0x000007fefb9a0000 - 0x000007fefb9b8000 	C:\Windows\system32\dwmapi.dll
0x000007fefc0f0000 - 0x000007fefc146000 	C:\Windows\system32\uxtheme.dll
0x000007fefd560000 - 0x000007fefd56f000 	C:\Windows\system32\CRYPTBASE.dll
0x000000005b240000 - 0x000000005c2b8000 	C:\Windows\system32\ig7icd64.dll
0x000007fee8b20000 - 0x000007fee8bbc000 	C:\Windows\system32\mscms.dll
0x000007fefdaa0000 - 0x000007fefdabe000 	C:\Windows\system32\USERENV.dll
0x000007fee8ad0000 - 0x000007fee8b12000 	C:\Windows\system32\icm32.dll
0x000007fefad10000 - 0x000007fefae35000 	C:\Windows\system32\dbghelp.dll

VM Arguments:
jvm_args: -Djava.library.path=C:\dev\workspace\tactics\tactics_project\libs\lwjgl_native -Dfile.encoding=Cp1252 
java_command: mdesl.test.shadertut.ShaderLesson3
java_class_path (initial): C:\dev\workspace\tactics\tactics_project\bin;C:\dev\workspace\tactics\tactics_project\libs\ibxm.jar;C:\dev\workspace\tactics\tactics_project\libs\jogg-0.0.7.jar;C:\dev\workspace\tactics\tactics_project\libs\jorbis-0.0.15.jar;C:\dev\workspace\tactics\tactics_project\libs\lwjgl_util_applet.jar;C:\dev\workspace\tactics\tactics_project\libs\lwjgl_util.jar;C:\dev\workspace\tactics\tactics_project\libs\natives-linux.jar;C:\dev\workspace\tactics\tactics_project\libs\natives-mac.jar;C:\dev\workspace\tactics\tactics_project\libs\natives-windows.jar;C:\dev\workspace\tactics\tactics_project\libs\slick-util.jar;C:\dev\workspace\tactics\tactics_project\libs\AppleJavaExtensions.jar;C:\dev\workspace\tactics\tactics_project\libs\asm-debug-all.jar;C:\dev\workspace\tactics\tactics_project\libs\jinput.jar;C:\dev\workspace\tactics\tactics_project\libs\laf-plugin-7.2.1.jar;C:\dev\workspace\tactics\tactics_project\libs\laf-widget-7.2.1.jar;C:\dev\workspace\tactics\tactics_project\libs\log4j-api-2.0-beta9.jar;C:\dev\workspace\tactics\tactics_project\libs\lwjgl_test.jar;C:\dev\workspace\tactics\tactics_project\libs\lwjgl-debug.jar;C:\dev\workspace\tactics\tactics_project\libs\lwjgl.jar;C:\dev\workspace\tactics\tactics_project\libs\lzma.jar;C:\dev\workspace\tactics\tactics_project\libs\substance-7.2.1.jar;C:\dev\workspace\tactics\tactics_project\libs\trident-7.2.1.jar;C:\dev\workspace\tactics\tactics_project\libs\gson-2.3.1.jar;C:\dev\workspace\tactics\tactics_project\libs\commons-io-2.4.jar;C:\dev\workspace\tactics\tactics_project\libs\PNGDecoder.jar;C:\dev\workspace\tactics\tactics_project\libs\xpp3-1.1.4c.jar
Launcher Type: SUN_STANDARD

Environment Variables:
PATH=C:/Program Files/Java/jre1.8.0_40/bin/server;C:/Program Files/Java/jre1.8.0_40/bin;C:/Program Files/Java/jre1.8.0_40/lib/amd64;C:\Program Files (x86)\NVIDIA Corporation\PhysX\Common;C:\ProgramData\Oracle\Java\javapath;C:\Program Files (x86)\Intel\iCLS Client\;C:\Program Files\Intel\iCLS Client\;C:\Windows\system32;C:\Windows;C:\Windows\System32\Wbem;C:\Windows\System32\WindowsPowerShell\v1.0\;C:\Program Files\Intel\Intel(R) Management Engine Components\DAL;C:\Program Files\Intel\Intel(R) Management Engine Components\IPT;C:\Program Files (x86)\Intel\Intel(R) Management Engine Components\DAL;C:\Program Files (x86)\Intel\Intel(R) Management Engine Components\IPT;C:\Program Files (x86)\Security Innovation\SI TSS\bin\;c:\Program Files (x86)\Microsoft SQL Server\100\Tools\Binn\;c:\Program Files\Microsoft SQL Server\100\Tools\Binn\;c:\Program Files\Microsoft SQL Server\100\DTS\Binn\;c:\Program Files (x86)\Microsoft SQL Server\100\Tools\Binn\VSShell\Common7\IDE\;c:\Program Files (x86)\Microsoft Visual Studio 9.0\Common7\IDE\PrivateAssemblies\;c:\Program Files (x86)\Microsoft SQL Server\100\DTS\Binn\;C:\Program Files\TortoiseSVN\bin;C:\Program Files (x86)\Skype\Phone\;C:\dev\adt-bundle-windows-x86_64-20140624\adt-bundle-windows-x86_64-20140624\eclipse;
USERNAME=Mark.Lynch
OS=Windows_NT
PROCESSOR_IDENTIFIER=Intel64 Family 6 Model 58 Stepping 9, GenuineIntel



---------------  S Y S T E M  ---------------

OS: Windows 7 , 64 bit Build 7601 (6.1.7601.18869)

CPU:total 8 (4 cores per cpu, 2 threads per core) family 6 model 58 stepping 9, cmov, cx8, fxsr, mmx, sse, sse2, sse3, ssse3, sse4.1, sse4.2, popcnt, avx, aes, clmul, erms, ht, tsc, tscinvbit, tscinv

Memory: 4k page, physical 8272432k(1571272k free), swap 16543028k(7094924k free)

vm_info: Java HotSpot(TM) 64-Bit Server VM (25.40-b25) for windows-amd64 JRE (1.8.0_40-b25), built on Feb 10 2015 21:53:57 by "java_re" with MS VC++ 10.0 (VS2010)

time: Fri Jul 24 13:39:48 2015
elapsed time: 6 seconds (0d 0h 0m 6s)

