#
# A fatal error has been detected by the Java Runtime Environment:
#
#  EXCEPTION_ACCESS_VIOLATION (0xc0000005) at pc=0x000000001b16d218, pid=22500, tid=23880
#
# JRE version: Java(TM) SE Runtime Environment (8.0_40-b25) (build 1.8.0_40-b25)
# Java VM: Java HotSpot(TM) 64-Bit Server VM (25.40-b25 mixed mode windows-amd64 compressed oops)
# Problematic frame:
# C  [ig7icd64.dll+0x2d218]
#
# Failed to write core dump. Minidumps are not enabled by default on client versions of Windows
#
# If you would like to submit a bug report, please visit:
#   http://bugreport.java.com/bugreport/crash.jsp
# The crash happened outside the Java Virtual Machine in native code.
# See problematic frame for where to report the bug.
#

---------------  T H R E A D  ---------------

Current thread (0x000000000202e800):  JavaThread "main" [_thread_in_native, id=23880, stack(0x0000000002440000,0x0000000002540000)]

siginfo: ExceptionCode=0xc0000005, reading address 0x0000000000000020

Registers:
RAX=0x0000000000000000, RBX=0x0000000000000001, RCX=0x0000000000000001, RDX=0x000000001c37dfe0
RSP=0x000000000253eb30, RBP=0x000000001d897350, RSI=0x000000001c37dfe0, RDI=0x0000000000000001
R8 =0x0000000000000001, R9 =0x000000001c37dfe0, R10=0x0000000000000000, R11=0x0000000000000000
R12=0x000000001c37c1e8, R13=0x0000000000000000, R14=0x0000000000000000, R15=0x000000001c31efe8
RIP=0x000000001b16d218, EFLAGS=0x0000000000010206

Top of Stack: (sp=0x000000000253eb30)
0x000000000253eb30:   0000000000000000 000000001c37dfe0
0x000000000253eb40:   0000000000000000 000000006f6b12f3
0x000000000253eb50:   0803400000000000 000000006f5e2079
0x000000000253eb60:   0c03400000000000 000000000202f1d8
0x000000000253eb70:   000000000202e800 0000000900000009
0x000000000253eb80:   0000000001f77020 000000006f5e6e19
0x000000000253eb90:   000000000202e500 000000006fa996e8
0x000000000253eba0:   0000000040000140 0000000000050e22
0x000000000253ebb0:   00000000173458c8 000000000202e800
0x000000000253ebc0:   000000000202f5a8 000000000253ed78
0x000000000253ebd0:   00000000000003d8 000000000202f1d0
0x000000000253ebe0:   000000000202e9f8 000000006fa89d58
0x000000000253ebf0:   000000001c37c1e8 0000000000000000
0x000000000253ec00:   0000000000000000 0000000000000000
0x000000000253ec10:   000000000202e800 00000000173458c8
0x000000000253ec20:   000000000202e800 000000000000000b 

Instructions: (pc=0x000000001b16d218)
0x000000001b16d1f8:   00 48 63 c9 48 8b 84 c8 c0 00 00 00 48 85 c0 74
0x000000001b16d208:   19 48 8b 40 70 66 0f ef ff 0f b6 58 11 48 8b 00
0x000000001b16d218:   8b 40 20 ff c8 f3 48 0f 2a f8 41 8b 84 24 20 01
0x000000001b16d228:   00 00 0f b6 cb c1 e8 04 89 4c 24 30 83 e0 01 3b 


Register to memory mapping:

RAX=0x0000000000000000 is an unknown value
RBX=0x0000000000000001 is an unknown value
RCX=0x0000000000000001 is an unknown value
RDX=0x000000001c37dfe0 is an unknown value
RSP=0x000000000253eb30 is pointing into the stack for thread: 0x000000000202e800
RBP=0x000000001d897350 is an unknown value
RSI=0x000000001c37dfe0 is an unknown value
RDI=0x0000000000000001 is an unknown value
R8 =0x0000000000000001 is an unknown value
R9 =0x000000001c37dfe0 is an unknown value
R10=0x0000000000000000 is an unknown value
R11=0x0000000000000000 is an unknown value
R12=0x000000001c37c1e8 is an unknown value
R13=0x0000000000000000 is an unknown value
R14=0x0000000000000000 is an unknown value
R15=0x000000001c31efe8 is an unknown value


Stack: [0x0000000002440000,0x0000000002540000],  sp=0x000000000253eb30,  free space=1018k
Native frames: (J=compiled Java code, j=interpreted, Vv=VM code, C=native code)
C  [ig7icd64.dll+0x2d218]
C  [ig7icd64.dll+0x22a00]
C  [ig7icd64.dll+0x77ad8]
C  [ig7icd64.dll+0x79f02]
C  [ig7icd64.dll+0x1f6a1d]
C  [ig7icd64.dll+0x1f8e35]
C  0x0000000002b232d4

Java frames: (J=compiled Java code, j=interpreted, Vv=VM code)
J 789  org.lwjgl.opengl.GL11.nglDrawArrays(IIIJ)V (0 bytes) @ 0x0000000002b2324e [0x0000000002b23200+0x4e]
J 1849 C2 mdesl.graphics.SpriteBatch.flush()V (37 bytes) @ 0x0000000002e6def0 [0x0000000002e6dd20+0x1d0]
J 1966 C2 com.marklynch.graphics.ShadowLight.render()V (944 bytes) @ 0x0000000002f1b260 [0x0000000002f1a220+0x1040]
J 1965 C2 com.marklynch.Game.render()V (4 bytes) @ 0x0000000002ef5614 [0x0000000002ef55e0+0x34]
j  com.marklynch.Game.start()V+94
j  com.marklynch.Game.main([Ljava/lang/String;)V+9
v  ~StubRoutines::call_stub

---------------  P R O C E S S  ---------------

Java Threads: ( => current thread )
  0x00000000249e8800 JavaThread "TimerQueue" daemon [_thread_blocked, id=19864, stack(0x0000000027740000,0x0000000027840000)]
  0x00000000250c1000 JavaThread "Swing-Shell" daemon [_thread_blocked, id=9964, stack(0x0000000022ae0000,0x0000000022be0000)]
  0x0000000025070800 JavaThread "AWT-Windows" daemon [_thread_in_native, id=22508, stack(0x0000000021580000,0x0000000021680000)]
  0x0000000024fc4800 JavaThread "Java2D Disposer" daemon [_thread_blocked, id=23264, stack(0x0000000020260000,0x0000000020360000)]
  0x00000000249b9800 JavaThread "LWJGL Timer" daemon [_thread_blocked, id=22296, stack(0x0000000027640000,0x0000000027740000)]
  0x0000000018b7d800 JavaThread "Service Thread" daemon [_thread_blocked, id=23924, stack(0x000000001a7c0000,0x000000001a8c0000)]
  0x0000000018ae1800 JavaThread "C1 CompilerThread3" daemon [_thread_blocked, id=22136, stack(0x000000001a250000,0x000000001a350000)]
  0x0000000018ae1000 JavaThread "C2 CompilerThread2" daemon [_thread_blocked, id=23624, stack(0x000000001a600000,0x000000001a700000)]
  0x0000000018ada800 JavaThread "C2 CompilerThread1" daemon [_thread_blocked, id=8088, stack(0x000000001a410000,0x000000001a510000)]
  0x0000000018ad5800 JavaThread "C2 CompilerThread0" daemon [_thread_blocked, id=21880, stack(0x0000000019df0000,0x0000000019ef0000)]
  0x0000000018ad0000 JavaThread "Attach Listener" daemon [_thread_blocked, id=22720, stack(0x000000001a030000,0x000000001a130000)]
  0x000000001791f000 JavaThread "Signal Dispatcher" daemon [_thread_blocked, id=9880, stack(0x000000001a130000,0x000000001a230000)]
  0x000000001790e000 JavaThread "Finalizer" daemon [_thread_blocked, id=22512, stack(0x0000000019f00000,0x000000001a000000)]
  0x0000000017907000 JavaThread "Reference Handler" daemon [_thread_blocked, id=23848, stack(0x0000000019c80000,0x0000000019d80000)]
=>0x000000000202e800 JavaThread "main" [_thread_in_native, id=23880, stack(0x0000000002440000,0x0000000002540000)]

Other Threads:
  0x0000000017902000 VMThread [stack: 0x0000000019ab0000,0x0000000019bb0000] [id=7532]
  0x0000000018b82000 WatcherThread [stack: 0x000000001a8c0000,0x000000001a9c0000] [id=22684]

VM state:not at safepoint (normal execution)

VM Mutex/Monitor currently owned by a thread: None

Heap:
 PSYoungGen      total 24576K, used 18396K [0x00000000d5f00000, 0x00000000d7800000, 0x0000000100000000)
  eden space 24064K, 75% used [0x00000000d5f00000,0x00000000d70cf168,0x00000000d7680000)
  from space 512K, 31% used [0x00000000d7780000,0x00000000d77a8000,0x00000000d7800000)
  to   space 512K, 0% used [0x00000000d7700000,0x00000000d7700000,0x00000000d7780000)
 ParOldGen       total 87552K, used 9182K [0x0000000081c00000, 0x0000000087180000, 0x00000000d5f00000)
  object space 87552K, 10% used [0x0000000081c00000,0x00000000824f7b90,0x0000000087180000)
 Metaspace       used 16454K, capacity 16667K, committed 17024K, reserved 1064960K
  class space    used 2045K, capacity 2129K, committed 2176K, reserved 1048576K

Card table byte_map: [0x0000000011bd0000,0x0000000011fd0000] byte_map_base: 0x00000000117c2000

Marking Bits: (ParMarkBitMap*) 0x000000006fca4040
 Begin Bits: [0x0000000012c00000, 0x0000000014b90000)
 End Bits:   [0x0000000014b90000, 0x0000000016b20000)

Polling page: 0x0000000000140000

CodeCache: size=245760Kb used=6726Kb max_used=7473Kb free=239033Kb
 bounds [0x0000000002810000, 0x0000000002f70000, 0x0000000011810000]
 total_blobs=2522 nmethods=1875 adapters=559
 compilation: enabled

Compilation events (10 events):
Event: 716.988 Thread 0x0000000018ae1800 2096       3       sun.misc.FloatingDecimal$BinaryToASCIIBuffer::toJavaFormatString (23 bytes)
Event: 716.989 Thread 0x0000000018ae1800 nmethod 2096 0x000000000292bd50 code [0x000000000292bec0, 0x000000000292c0f8]
Event: 716.989 Thread 0x0000000018ae1800 2097       3       sun.misc.FloatingDecimal$BinaryToASCIIBuffer::getChars (502 bytes)
Event: 716.991 Thread 0x0000000018ae1800 nmethod 2097 0x000000000292d310 code [0x000000000292d580, 0x000000000292e5d8]
Event: 717.037 Thread 0x0000000018ae1800 2099       3       sun.misc.FloatingDecimal$BinaryToASCIIBuffer::developLongDigits (304 bytes)
Event: 717.038 Thread 0x0000000018ae1800 nmethod 2099 0x0000000002a3b2d0 code [0x0000000002a3b4a0, 0x0000000002a3bdb0]
Event: 717.038 Thread 0x0000000018ae1800 2098       3       java.lang.Long::numberOfTrailingZeros (116 bytes)
Event: 717.039 Thread 0x0000000018ae1800 nmethod 2098 0x000000000294f1d0 code [0x000000000294f340, 0x000000000294f650]
Event: 717.386 Thread 0x0000000018ae1800 2100       3       com.marklynch.editor.AttributesWindow::draw (93 bytes)
Event: 717.387 Thread 0x0000000018ae1800 nmethod 2100 0x00000000029629d0 code [0x0000000002962c40, 0x0000000002963bb8]

GC Heap History (10 events):
Event: 685.518 GC heap before
{Heap before GC invocations=92 (full 0):
 PSYoungGen      total 24576K, used 24160K [0x00000000d5f00000, 0x00000000d7800000, 0x0000000100000000)
  eden space 24064K, 100% used [0x00000000d5f00000,0x00000000d7680000,0x00000000d7680000)
  from space 512K, 18% used [0x00000000d7700000,0x00000000d7718000,0x00000000d7780000)
  to   space 512K, 0% used [0x00000000d7780000,0x00000000d7780000,0x00000000d7800000)
 ParOldGen       total 87552K, used 9158K [0x0000000081c00000, 0x0000000087180000, 0x00000000d5f00000)
  object space 87552K, 10% used [0x0000000081c00000,0x00000000824f1b90,0x0000000087180000)
 Metaspace       used 16355K, capacity 16603K, committed 16768K, reserved 1064960K
  class space    used 2041K, capacity 2129K, committed 2176K, reserved 1048576K
Event: 685.520 GC heap after
Heap after GC invocations=92 (full 0):
 PSYoungGen      total 24576K, used 0K [0x00000000d5f00000, 0x00000000d7800000, 0x0000000100000000)
  eden space 24064K, 0% used [0x00000000d5f00000,0x00000000d5f00000,0x00000000d7680000)
  from space 512K, 0% used [0x00000000d7780000,0x00000000d7780000,0x00000000d7800000)
  to   space 512K, 0% used [0x00000000d7700000,0x00000000d7700000,0x00000000d7780000)
 ParOldGen       total 87552K, used 9158K [0x0000000081c00000, 0x0000000087180000, 0x00000000d5f00000)
  object space 87552K, 10% used [0x0000000081c00000,0x00000000824f1b90,0x0000000087180000)
 Metaspace       used 16355K, capacity 16603K, committed 16768K, reserved 1064960K
  class space    used 2041K, capacity 2129K, committed 2176K, reserved 1048576K
}
Event: 692.619 GC heap before
{Heap before GC invocations=93 (full 0):
 PSYoungGen      total 24576K, used 24064K [0x00000000d5f00000, 0x00000000d7800000, 0x0000000100000000)
  eden space 24064K, 100% used [0x00000000d5f00000,0x00000000d7680000,0x00000000d7680000)
  from space 512K, 0% used [0x00000000d7780000,0x00000000d7780000,0x00000000d7800000)
  to   space 512K, 0% used [0x00000000d7700000,0x00000000d7700000,0x00000000d7780000)
 ParOldGen       total 87552K, used 9158K [0x0000000081c00000, 0x0000000087180000, 0x00000000d5f00000)
  object space 87552K, 10% used [0x0000000081c00000,0x00000000824f1b90,0x0000000087180000)
 Metaspace       used 16355K, capacity 16603K, committed 16768K, reserved 1064960K
  class space    used 2041K, capacity 2129K, committed 2176K, reserved 1048576K
Event: 692.621 GC heap after
Heap after GC invocations=93 (full 0):
 PSYoungGen      total 24576K, used 96K [0x00000000d5f00000, 0x00000000d7800000, 0x0000000100000000)
  eden space 24064K, 0% used [0x00000000d5f00000,0x00000000d5f00000,0x00000000d7680000)
  from space 512K, 18% used [0x00000000d7700000,0x00000000d7718000,0x00000000d7780000)
  to   space 512K, 0% used [0x00000000d7780000,0x00000000d7780000,0x00000000d7800000)
 ParOldGen       total 87552K, used 9158K [0x0000000081c00000, 0x0000000087180000, 0x00000000d5f00000)
  object space 87552K, 10% used [0x0000000081c00000,0x00000000824f1b90,0x0000000087180000)
 Metaspace       used 16355K, capacity 16603K, committed 16768K, reserved 1064960K
  class space    used 2041K, capacity 2129K, committed 2176K, reserved 1048576K
}
Event: 699.736 GC heap before
{Heap before GC invocations=94 (full 0):
 PSYoungGen      total 24576K, used 24160K [0x00000000d5f00000, 0x00000000d7800000, 0x0000000100000000)
  eden space 24064K, 100% used [0x00000000d5f00000,0x00000000d7680000,0x00000000d7680000)
  from space 512K, 18% used [0x00000000d7700000,0x00000000d7718000,0x00000000d7780000)
  to   space 512K, 0% used [0x00000000d7780000,0x00000000d7780000,0x00000000d7800000)
 ParOldGen       total 87552K, used 9158K [0x0000000081c00000, 0x0000000087180000, 0x00000000d5f00000)
  object space 87552K, 10% used [0x0000000081c00000,0x00000000824f1b90,0x0000000087180000)
 Metaspace       used 16355K, capacity 16603K, committed 16768K, reserved 1064960K
  class space    used 2041K, capacity 2129K, committed 2176K, reserved 1048576K
Event: 699.738 GC heap after
Heap after GC invocations=94 (full 0):
 PSYoungGen      total 24576K, used 32K [0x00000000d5f00000, 0x00000000d7800000, 0x0000000100000000)
  eden space 24064K, 0% used [0x00000000d5f00000,0x00000000d5f00000,0x00000000d7680000)
  from space 512K, 6% used [0x00000000d7780000,0x00000000d7788000,0x00000000d7800000)
  to   space 512K, 0% used [0x00000000d7700000,0x00000000d7700000,0x00000000d7780000)
 ParOldGen       total 87552K, used 9158K [0x0000000081c00000, 0x0000000087180000, 0x00000000d5f00000)
  object space 87552K, 10% used [0x0000000081c00000,0x00000000824f1b90,0x0000000087180000)
 Metaspace       used 16355K, capacity 16603K, committed 16768K, reserved 1064960K
  class space    used 2041K, capacity 2129K, committed 2176K, reserved 1048576K
}
Event: 706.753 GC heap before
{Heap before GC invocations=95 (full 0):
 PSYoungGen      total 24576K, used 24096K [0x00000000d5f00000, 0x00000000d7800000, 0x0000000100000000)
  eden space 24064K, 100% used [0x00000000d5f00000,0x00000000d7680000,0x00000000d7680000)
  from space 512K, 6% used [0x00000000d7780000,0x00000000d7788000,0x00000000d7800000)
  to   space 512K, 0% used [0x00000000d7700000,0x00000000d7700000,0x00000000d7780000)
 ParOldGen       total 87552K, used 9158K [0x0000000081c00000, 0x0000000087180000, 0x00000000d5f00000)
  object space 87552K, 10% used [0x0000000081c00000,0x00000000824f1b90,0x0000000087180000)
 Metaspace       used 16393K, capacity 16603K, committed 16768K, reserved 1064960K
  class space    used 2041K, capacity 2129K, committed 2176K, reserved 1048576K
Event: 706.755 GC heap after
Heap after GC invocations=95 (full 0):
 PSYoungGen      total 24576K, used 128K [0x00000000d5f00000, 0x00000000d7800000, 0x0000000100000000)
  eden space 24064K, 0% used [0x00000000d5f00000,0x00000000d5f00000,0x00000000d7680000)
  from space 512K, 25% used [0x00000000d7700000,0x00000000d7720000,0x00000000d7780000)
  to   space 512K, 0% used [0x00000000d7780000,0x00000000d7780000,0x00000000d7800000)
 ParOldGen       total 87552K, used 9166K [0x0000000081c00000, 0x0000000087180000, 0x00000000d5f00000)
  object space 87552K, 10% used [0x0000000081c00000,0x00000000824f3b90,0x0000000087180000)
 Metaspace       used 16393K, capacity 16603K, committed 16768K, reserved 1064960K
  class space    used 2041K, capacity 2129K, committed 2176K, reserved 1048576K
}
Event: 713.552 GC heap before
{Heap before GC invocations=96 (full 0):
 PSYoungGen      total 24576K, used 24192K [0x00000000d5f00000, 0x00000000d7800000, 0x0000000100000000)
  eden space 24064K, 100% used [0x00000000d5f00000,0x00000000d7680000,0x00000000d7680000)
  from space 512K, 25% used [0x00000000d7700000,0x00000000d7720000,0x00000000d7780000)
  to   space 512K, 0% used [0x00000000d7780000,0x00000000d7780000,0x00000000d7800000)
 ParOldGen       total 87552K, used 9166K [0x0000000081c00000, 0x0000000087180000, 0x00000000d5f00000)
  object space 87552K, 10% used [0x0000000081c00000,0x00000000824f3b90,0x0000000087180000)
 Metaspace       used 16443K, capacity 16667K, committed 17024K, reserved 1064960K
  class space    used 2045K, capacity 2129K, committed 2176K, reserved 1048576K
Event: 713.554 GC heap after
Heap after GC invocations=96 (full 0):
 PSYoungGen      total 24576K, used 160K [0x00000000d5f00000, 0x00000000d7800000, 0x0000000100000000)
  eden space 24064K, 0% used [0x00000000d5f00000,0x00000000d5f00000,0x00000000d7680000)
  from space 512K, 31% used [0x00000000d7780000,0x00000000d77a8000,0x00000000d7800000)
  to   space 512K, 0% used [0x00000000d7700000,0x00000000d7700000,0x00000000d7780000)
 ParOldGen       total 87552K, used 9182K [0x0000000081c00000, 0x0000000087180000, 0x00000000d5f00000)
  object space 87552K, 10% used [0x0000000081c00000,0x00000000824f7b90,0x0000000087180000)
 Metaspace       used 16443K, capacity 16667K, committed 17024K, reserved 1064960K
  class space    used 2045K, capacity 2129K, committed 2176K, reserved 1048576K
}

Deoptimization events (10 events):
Event: 707.391 Thread 0x000000000202e800 Uncommon trap: reason=unstable_if action=reinterpret pc=0x0000000002eec728 method=com.marklynch.editor.Editor.drawOverlay()V @ 4
Event: 707.391 Thread 0x000000000202e800 Uncommon trap: reason=null_assert action=make_not_entrant pc=0x0000000002ef0568 method=com.marklynch.editor.Editor.drawUI()V @ 4
Event: 707.391 Thread 0x000000000202e800 Uncommon trap: reason=class_check action=maybe_recompile pc=0x0000000002c0f04c method=com.marklynch.utils.TextUtils.printTextWithImages([Ljava/lang/Object;FFF)V @ 37
Event: 707.391 Thread 0x000000000202e800 Uncommon trap: reason=unstable_if action=reinterpret pc=0x0000000002e57340 method=java.util.regex.Matcher.find()Z @ 34
Event: 707.391 Thread 0x000000000202e800 Uncommon trap: reason=unstable_if action=reinterpret pc=0x0000000002e5e75c method=java.util.regex.Matcher.find()Z @ 34
Event: 707.391 Thread 0x000000000202e800 Uncommon trap: reason=class_check action=maybe_recompile pc=0x0000000002c0f04c method=com.marklynch.utils.TextUtils.printTextWithImages([Ljava/lang/Object;FFF)V @ 37
Event: 707.392 Thread 0x000000000202e800 Uncommon trap: reason=unstable_if action=reinterpret pc=0x0000000002c15c6c method=java.util.regex.Matcher.find()Z @ 34
Event: 707.392 Thread 0x000000000202e800 Uncommon trap: reason=class_check action=maybe_recompile pc=0x0000000002c0f04c method=com.marklynch.utils.TextUtils.printTextWithImages([Ljava/lang/Object;FFF)V @ 37
Event: 707.392 Thread 0x000000000202e800 Uncommon trap: reason=class_check action=maybe_recompile pc=0x0000000002c0f04c method=com.marklynch.utils.TextUtils.printTextWithImages([Ljava/lang/Object;FFF)V @ 37
Event: 707.392 Thread 0x000000000202e800 Uncommon trap: reason=unstable_if action=reinterpret pc=0x0000000002ee5fd8 method=com.marklynch.ui.button.SettingsWindowButton.draw()V @ 11

Internal exceptions (10 events):
Event: 3.727 Thread 0x000000000202e800 Exception <a 'java/lang/ArrayIndexOutOfBoundsException': 139> (0x00000000d5f2fcb0) thrown at [D:\re\workspace\8-2-build-windows-amd64-cygwin\jdk8u40\2855\hotspot\src\share\vm\interpreter\interpreterRuntime.cpp, line 366]
Event: 3.727 Thread 0x000000000202e800 Exception <a 'java/lang/ArrayIndexOutOfBoundsException'> (0x00000000d5f378d0) thrown at [D:\re\workspace\8-2-build-windows-amd64-cygwin\jdk8u40\2855\hotspot\src\share\vm\runtime\sharedRuntime.cpp, line 605]
Event: 3.727 Thread 0x000000000202e800 Exception <a 'java/lang/ArrayIndexOutOfBoundsException'> (0x00000000d5f38d88) thrown at [D:\re\workspace\8-2-build-windows-amd64-cygwin\jdk8u40\2855\hotspot\src\share\vm\runtime\sharedRuntime.cpp, line 605]
Event: 3.728 Thread 0x000000000202e800 Exception <a 'java/lang/ArrayIndexOutOfBoundsException'> (0x00000000d5f3ea10) thrown at [D:\re\workspace\8-2-build-windows-amd64-cygwin\jdk8u40\2855\hotspot\src\share\vm\runtime\sharedRuntime.cpp, line 605]
Event: 3.731 Thread 0x000000000202e800 Exception <a 'java/lang/ArrayIndexOutOfBoundsException'> (0x00000000d5f4ef90) thrown at [D:\re\workspace\8-2-build-windows-amd64-cygwin\jdk8u40\2855\hotspot\src\share\vm\runtime\sharedRuntime.cpp, line 605]
Event: 3.746 Thread 0x000000000202e800 Exception <a 'java/io/FileNotFoundException'> (0x00000000d60060f8) thrown at [D:\re\workspace\8-2-build-windows-amd64-cygwin\jdk8u40\2855\hotspot\src\share\vm\prims\jni.cpp, line 709]
Event: 3.782 Thread 0x000000000202e800 Exception <a 'java/lang/NoSuchFieldError': method resolution failed> (0x00000000d60ecac8) thrown at [D:\re\workspace\8-2-build-windows-amd64-cygwin\jdk8u40\2855\hotspot\src\share\vm\prims\methodHandles.cpp, line 1125]
Event: 3.783 Thread 0x000000000202e800 Exception <a 'java/lang/NoSuchFieldError': method resolution failed> (0x00000000d60fb3f8) thrown at [D:\re\workspace\8-2-build-windows-amd64-cygwin\jdk8u40\2855\hotspot\src\share\vm\prims\methodHandles.cpp, line 1125]
Event: 3.811 Thread 0x000000000202e800 Exception <a 'java/io/FileNotFoundException'> (0x00000000d61c63c8) thrown at [D:\re\workspace\8-2-build-windows-amd64-cygwin\jdk8u40\2855\hotspot\src\share\vm\prims\jni.cpp, line 709]
Event: 3.842 Thread 0x000000000202e800 Implicit null exception at 0x0000000002c713ef to 0x0000000002c714a1

Events (10 events):
Event: 717.387 Thread 0x0000000018ae1800 flushing nmethod 0x0000000002b23b90
Event: 717.387 Thread 0x0000000018ae1800 flushing nmethod 0x0000000002b26dd0
Event: 717.387 Thread 0x0000000018ae1800 flushing nmethod 0x0000000002b28390
Event: 717.387 Thread 0x0000000018ae1800 flushing nmethod 0x0000000002b2a6d0
Event: 717.387 Thread 0x0000000018ae1800 flushing nmethod 0x0000000002b32050
Event: 717.387 Thread 0x0000000018ae1800 flushing nmethod 0x0000000002b33590
Event: 717.387 Thread 0x0000000018ae1800 flushing nmethod 0x0000000002b3db10
Event: 717.387 Thread 0x0000000018ae1800 flushing nmethod 0x0000000002b46410
Event: 717.387 Thread 0x0000000018ae1800 flushing nmethod 0x0000000002b49990
Event: 717.387 Thread 0x0000000018ae1800 flushing nmethod 0x0000000002b4c650


Dynamic libraries:
0x000000013f060000 - 0x000000013f097000 	C:\Program Files\Java\jre1.8.0_40\bin\javaw.exe
0x0000000076f30000 - 0x00000000770d9000 	C:\Windows\SYSTEM32\ntdll.dll
0x0000000076e10000 - 0x0000000076f2f000 	C:\Windows\system32\kernel32.dll
0x000007fefcd80000 - 0x000007fefcdec000 	C:\Windows\system32\KERNELBASE.dll
0x000007fefd1d0000 - 0x000007fefd2ab000 	C:\Windows\system32\ADVAPI32.dll
0x000007fefd570000 - 0x000007fefd60f000 	C:\Windows\system32\msvcrt.dll
0x000007fefe970000 - 0x000007fefe98f000 	C:\Windows\SYSTEM32\sechost.dll
0x000007fefd0a0000 - 0x000007fefd1cd000 	C:\Windows\system32\RPCRT4.dll
0x0000000076d10000 - 0x0000000076e0a000 	C:\Windows\system32\USER32.dll
0x000007feff010000 - 0x000007feff077000 	C:\Windows\system32\GDI32.dll
0x000007feff000000 - 0x000007feff00e000 	C:\Windows\system32\LPK.dll
0x000007fefd4a0000 - 0x000007fefd569000 	C:\Windows\system32\USP10.dll
0x000007fefb700000 - 0x000007fefb8f4000 	C:\Windows\WinSxS\amd64_microsoft.windows.common-controls_6595b64144ccf1df_6.0.7601.18837_none_fa3b1e3d17594757\COMCTL32.dll
0x000007fefd310000 - 0x000007fefd381000 	C:\Windows\system32\SHLWAPI.dll
0x000007feff210000 - 0x000007feff23e000 	C:\Windows\system32\IMM32.DLL
0x000007fefd390000 - 0x000007fefd499000 	C:\Windows\system32\MSCTF.dll
0x0000000079040000 - 0x0000000079112000 	C:\Program Files\Java\jre1.8.0_40\bin\msvcr100.dll
0x000000006f4a0000 - 0x000000006fd23000 	C:\Program Files\Java\jre1.8.0_40\bin\server\jvm.dll
0x000007fefa3d0000 - 0x000007fefa3d9000 	C:\Windows\system32\WSOCK32.dll
0x000007fefed00000 - 0x000007fefed4d000 	C:\Windows\system32\WS2_32.dll
0x000007fefe990000 - 0x000007fefe998000 	C:\Windows\system32\NSI.dll
0x000007fefa570000 - 0x000007fefa5ab000 	C:\Windows\system32\WINMM.dll
0x000007fefbdc0000 - 0x000007fefbdcc000 	C:\Windows\system32\VERSION.dll
0x0000000077100000 - 0x0000000077107000 	C:\Windows\system32\PSAPI.DLL
0x0000000052360000 - 0x000000005236f000 	C:\Program Files\Java\jre1.8.0_40\bin\verify.dll
0x000000006d610000 - 0x000000006d639000 	C:\Program Files\Java\jre1.8.0_40\bin\java.dll
0x0000000070c30000 - 0x0000000070c46000 	C:\Program Files\Java\jre1.8.0_40\bin\zip.dll
0x000007fefd610000 - 0x000007fefe399000 	C:\Windows\system32\SHELL32.dll
0x000007fefed50000 - 0x000007fefef53000 	C:\Windows\system32\ole32.dll
0x000007fefccf0000 - 0x000007fefccff000 	C:\Windows\system32\profapi.dll
0x0000000180000000 - 0x0000000180053000 	C:\dev\workspace\tactics\tactics_project\libs\lwjgl_native\lwjgl64.dll
0x000007feed740000 - 0x000007feed85d000 	C:\Windows\system32\OPENGL32.dll
0x000007fef19e0000 - 0x000007fef1a0d000 	C:\Windows\system32\GLU32.dll
0x000007feede50000 - 0x000007feedf41000 	C:\Windows\system32\DDRAW.dll
0x000007fefa410000 - 0x000007fefa418000 	C:\Windows\system32\DCIMAN32.dll
0x000007fefeb20000 - 0x000007fefecf7000 	C:\Windows\system32\SETUPAPI.dll
0x000007fefcd40000 - 0x000007fefcd76000 	C:\Windows\system32\CFGMGR32.dll
0x000007fefea40000 - 0x000007fefeb17000 	C:\Windows\system32\OLEAUT32.dll
0x000007fefce40000 - 0x000007fefce5a000 	C:\Windows\system32\DEVOBJ.dll
0x000007fefaf30000 - 0x000007fefaf48000 	C:\Windows\system32\dwmapi.dll
0x000007fefb310000 - 0x000007fefb366000 	C:\Windows\system32\uxtheme.dll
0x000007fefcb40000 - 0x000007fefcb4f000 	C:\Windows\system32\CRYPTBASE.dll
0x000000001b140000 - 0x000000001c1b8000 	C:\Windows\system32\ig7icd64.dll
0x000007feeddb0000 - 0x000007feede4c000 	C:\Windows\system32\mscms.dll
0x000007fefcd10000 - 0x000007fefcd2e000 	C:\Windows\system32\USERENV.dll
0x000007fef4960000 - 0x000007fef49a2000 	C:\Windows\system32\icm32.dll
0x00000000123a0000 - 0x0000000012404000 	C:\dev\workspace\tactics\tactics_project\libs\lwjgl_native\OpenAL64.dll
0x000007fefe3a0000 - 0x000007fefe439000 	C:\Windows\system32\CLBCatQ.DLL
0x000007fefb4a0000 - 0x000007fefb4eb000 	C:\Windows\System32\MMDevApi.dll
0x000007fefb370000 - 0x000007fefb49c000 	C:\Windows\System32\PROPSYS.dll
0x000007fefa190000 - 0x000007fefa218000 	C:\Windows\system32\dsound.dll
0x000007fefb4f0000 - 0x000007fefb51c000 	C:\Windows\system32\POWRPROF.dll
0x000007fefa480000 - 0x000007fefa4cf000 	C:\Windows\system32\AUDIOSES.DLL
0x000000006c300000 - 0x000000006c498000 	C:\Program Files\Java\jre1.8.0_40\bin\awt.dll
0x000007fef62b0000 - 0x000007fef6350000 	C:\Windows\WinSxS\amd64_microsoft.windows.common-controls_6595b64144ccf1df_5.82.7601.18837_none_a4d981ff711297b6\comctl32.dll
0x000000006d0a0000 - 0x000000006d0e7000 	C:\Program Files\Java\jre1.8.0_40\bin\fontmanager.dll
0x0000000002420000 - 0x000000000243a000 	C:\Program Files\Java\jre1.8.0_40\bin\net.dll
0x000007fefc570000 - 0x000007fefc5c5000 	C:\Windows\system32\mswsock.dll
0x000007fefc6b0000 - 0x000007fefc6b7000 	C:\Windows\System32\wship6.dll
0x0000000012280000 - 0x0000000012291000 	C:\Program Files\Java\jre1.8.0_40\bin\nio.dll
0x0000000070610000 - 0x0000000070651000 	C:\Program Files\Java\jre1.8.0_40\bin\t2k.dll
0x000007fefaa00000 - 0x000007fefaa2d000 	C:\Windows\system32\ntmarta.dll
0x000007fefd2b0000 - 0x000007fefd302000 	C:\Windows\system32\WLDAP32.dll
0x000007fefcae0000 - 0x000007fefcb37000 	C:\Windows\system32\apphelp.dll
0x000007fef4d40000 - 0x000007fef4edc000 	C:\Windows\system32\NetworkExplorer.dll
0x000007fef1b70000 - 0x000007fef1ba4000 	C:\Windows\System32\shdocvw.dll
0x000007fefa5b0000 - 0x000007fefa5bb000 	C:\Windows\system32\slc.dll
0x000007fef9a50000 - 0x000007fef9a68000 	C:\Windows\system32\MPR.dll
0x000007fefa350000 - 0x000007fefa35a000 	C:\Windows\System32\drprov.dll
0x000007fefcbf0000 - 0x000007fefcc2d000 	C:\Windows\System32\WINSTA.dll
0x000007fefa090000 - 0x000007fefa0b2000 	C:\Windows\System32\ntlanman.dll
0x000007fefa070000 - 0x000007fefa08d000 	C:\Windows\System32\davclnt.dll
0x000007fefa060000 - 0x000007fefa06a000 	C:\Windows\System32\DAVHLPR.dll
0x000007fefa030000 - 0x000007fefa052000 	C:\Windows\system32\LMIRfsClientNP.dll
0x000007fefabe0000 - 0x000007fefabf5000 	C:\Windows\system32\wkscli.dll
0x000007fef7ee0000 - 0x000007fef7eef000 	C:\Windows\system32\cscapi.dll
0x000007fefc160000 - 0x000007fefc16c000 	C:\Windows\system32\netutils.dll
0x000007fee4110000 - 0x000007fee4381000 	C:\Windows\system32\wpdshext.dll
0x000007fefb0f0000 - 0x000007fefb306000 	C:\Windows\WinSxS\amd64_microsoft.windows.gdiplus_6595b64144ccf1df_1.1.7601.18946_none_2b27281071eac12c\gdiplus.dll
0x000007feef1a0000 - 0x000007feef25d000 	C:\Windows\system32\PortableDeviceApi.dll
0x000007fefcdf0000 - 0x000007fefce2b000 	C:\Windows\system32\WINTRUST.dll
0x000007fefcf20000 - 0x000007fefd08d000 	C:\Windows\system32\CRYPT32.dll
0x000007fefcce0000 - 0x000007fefccef000 	C:\Windows\system32\MSASN1.dll
0x000007fef4f30000 - 0x000007fef4f65000 	C:\Windows\system32\EhStorShell.dll
0x000007fef44d0000 - 0x000007fef44f7000 	C:\Windows\system32\EhStorAPI.dll
0x000007fefa3a0000 - 0x000007fefa3ac000 	C:\Windows\system32\LINKINFO.dll
0x000007fefad80000 - 0x000007fefaee1000 	C:\Windows\system32\WindowsCodecs.dll
0x000007feef270000 - 0x000007feef36a000 	C:\Program Files (x86)\Adobe\Adobe Creative Cloud\CoreSyncExtension\CoreSync_x64.dll
0x000007feecb60000 - 0x000007feecd9d000 	C:\Program Files\Microsoft Office 15\root\VFS\ProgramFilesX64\Microsoft Office\Office15\GROOVEEX.DLL
0x0000000070860000 - 0x00000000708f8000 	C:\Program Files\Microsoft Office 15\root\VFS\ProgramFilesX64\Microsoft Office\Office15\MSVCP100.dll
0x0000000070d30000 - 0x0000000070d5b000 	C:\Program Files\Microsoft Office 15\root\VFS\ProgramFilesX64\Microsoft Office\Office15\ATL100.DLL
0x000007fef4530000 - 0x000007fef484e000 	C:\Windows\system32\msi.dll
0x000007feeb220000 - 0x000007feeba9d000 	C:\Program Files\Microsoft Office 15\root\VFS\ProgramFilesX64\Microsoft Office\Office15\1033\GrooveIntlResource.dll
0x0000000074a30000 - 0x0000000074a46000 	C:\Program Files\Common Files\TortoiseOverlays\TortoiseOverlays.dll
0x0000000074660000 - 0x0000000074670000 	C:\Program Files\TortoiseSVN\bin\TortoiseStub.dll
0x00000000707e0000 - 0x000000007085b000 	C:\Program Files\TortoiseSVN\bin\TortoiseSVN.dll
0x000007fefe440000 - 0x000007fefe69a000 	C:\Windows\system32\WININET.dll
0x000007fefce60000 - 0x000007fefce64000 	C:\Windows\system32\api-ms-win-downlevel-user32-l1-1-0.dll
0x000007fefcf10000 - 0x000007fefcf14000 	C:\Windows\system32\api-ms-win-downlevel-shlwapi-l1-1-0.dll
0x000007fefcd00000 - 0x000007fefcd04000 	C:\Windows\system32\api-ms-win-downlevel-version-l1-1-0.dll
0x000007fefcd30000 - 0x000007fefcd33000 	C:\Windows\system32\api-ms-win-downlevel-normaliz-l1-1-0.dll
0x00000000770f0000 - 0x00000000770f3000 	C:\Windows\system32\normaliz.DLL
0x000007fefe6a0000 - 0x000007fefe967000 	C:\Windows\system32\iertutil.dll
0x000007fefd090000 - 0x000007fefd095000 	C:\Windows\system32\api-ms-win-downlevel-advapi32-l1-1-0.dll
0x000007feeae30000 - 0x000007feeb21d000 	C:\Program Files\TortoiseSVN\bin\libsvn_tsvn.dll
0x0000000070d00000 - 0x0000000070d2b000 	C:\Program Files\TortoiseSVN\bin\libapr_tsvn.dll
0x0000000070790000 - 0x00000000707d1000 	C:\Program Files\TortoiseSVN\bin\libaprutil_tsvn.dll
0x000007fef8140000 - 0x000007fef8150000 	C:\Program Files\TortoiseSVN\bin\intl3_tsvn.dll
0x000007fef5640000 - 0x000007fef565a000 	C:\Program Files\TortoiseSVN\bin\libsasl.dll
0x000007fefca70000 - 0x000007fefca7b000 	C:\Windows\system32\Secur32.dll
0x000007fefcab0000 - 0x000007fefcad5000 	C:\Windows\system32\SSPICLI.DLL
0x000007fef9ef0000 - 0x000007fefa015000 	C:\Windows\system32\dbghelp.dll

VM Arguments:
jvm_args: -Djava.library.path=C:\dev\workspace\tactics\tactics_project\libs\lwjgl_native -Dfile.encoding=Cp1252 
java_command: com.marklynch.Game
java_class_path (initial): C:\dev\workspace\tactics\tactics_project\bin;C:\dev\workspace\tactics\tactics_project\libs\ibxm.jar;C:\dev\workspace\tactics\tactics_project\libs\jogg-0.0.7.jar;C:\dev\workspace\tactics\tactics_project\libs\jorbis-0.0.15.jar;C:\dev\workspace\tactics\tactics_project\libs\lwjgl_util_applet.jar;C:\dev\workspace\tactics\tactics_project\libs\lwjgl_util.jar;C:\dev\workspace\tactics\tactics_project\libs\natives-linux.jar;C:\dev\workspace\tactics\tactics_project\libs\natives-mac.jar;C:\dev\workspace\tactics\tactics_project\libs\natives-windows.jar;C:\dev\workspace\tactics\tactics_project\libs\slick-util.jar;C:\dev\workspace\tactics\tactics_project\libs\AppleJavaExtensions.jar;C:\dev\workspace\tactics\tactics_project\libs\asm-debug-all.jar;C:\dev\workspace\tactics\tactics_project\libs\jinput.jar;C:\dev\workspace\tactics\tactics_project\libs\laf-plugin-7.2.1.jar;C:\dev\workspace\tactics\tactics_project\libs\laf-widget-7.2.1.jar;C:\dev\workspace\tactics\tactics_project\libs\log4j-api-2.0-beta9.jar;C:\dev\workspace\tactics\tactics_project\libs\lwjgl_test.jar;C:\dev\workspace\tactics\tactics_project\libs\lwjgl-debug.jar;C:\dev\workspace\tactics\tactics_project\libs\lwjgl.jar;C:\dev\workspace\tactics\tactics_project\libs\lzma.jar;C:\dev\workspace\tactics\tactics_project\libs\substance-7.2.1.jar;C:\dev\workspace\tactics\tactics_project\libs\trident-7.2.1.jar;C:\dev\workspace\tactics\tactics_project\libs\gson-2.3.1.jar;C:\dev\workspace\tactics\tactics_project\libs\commons-io-2.4.jar;C:\dev\workspace\tactics\tactics_project\libs\PNGDecoder.jar;C:\dev\workspace\tactics\tactics_project\libs\xpp3-1.1.4c.jar
Launcher Type: SUN_STANDARD

Environment Variables:
PATH=C:/Program Files/Java/jre1.8.0_40/bin/server;C:/Program Files/Java/jre1.8.0_40/bin;C:/Program Files/Java/jre1.8.0_40/lib/amd64;C:\ProgramData\Oracle\Java\javapath;C:\Program Files (x86)\Intel\iCLS Client\;C:\Program Files\Intel\iCLS Client\;C:\Windows\system32;C:\Windows;C:\Windows\System32\Wbem;C:\Windows\System32\WindowsPowerShell\v1.0\;C:\Program Files\Intel\Intel(R) Management Engine Components\DAL;C:\Program Files\Intel\Intel(R) Management Engine Components\IPT;C:\Program Files (x86)\Intel\Intel(R) Management Engine Components\DAL;C:\Program Files (x86)\Intel\Intel(R) Management Engine Components\IPT;C:\Program Files (x86)\Security Innovation\SI TSS\bin\;c:\Program Files (x86)\Microsoft SQL Server\100\Tools\Binn\;c:\Program Files\Microsoft SQL Server\100\Tools\Binn\;c:\Program Files\Microsoft SQL Server\100\DTS\Binn\;c:\Program Files (x86)\Microsoft SQL Server\100\Tools\Binn\VSShell\Common7\IDE\;c:\Program Files (x86)\Microsoft Visual Studio 9.0\Common7\IDE\PrivateAssemblies\;c:\Program Files (x86)\Microsoft SQL Server\100\DTS\Binn\;C:\Program Files\TortoiseSVN\bin;C:\Program Files (x86)\Skype\Phone\;C:\dev\adt-bundle-windows-x86_64-20140624\adt-bundle-windows-x86_64-20140624\eclipse;
USERNAME=Mark.Lynch
OS=Windows_NT
PROCESSOR_IDENTIFIER=Intel64 Family 6 Model 58 Stepping 9, GenuineIntel



---------------  S Y S T E M  ---------------

OS: Windows 7 , 64 bit Build 7601 (6.1.7601.18933)

CPU:total 8 (4 cores per cpu, 2 threads per core) family 6 model 58 stepping 9, cmov, cx8, fxsr, mmx, sse, sse2, sse3, ssse3, sse4.1, sse4.2, popcnt, avx, aes, clmul, erms, ht, tsc, tscinvbit, tscinv

Memory: 4k page, physical 8272432k(2032428k free), swap 16543024k(5386980k free)

vm_info: Java HotSpot(TM) 64-Bit Server VM (25.40-b25) for windows-amd64 JRE (1.8.0_40-b25), built on Feb 10 2015 21:53:57 by "java_re" with MS VC++ 10.0 (VS2010)

time: Tue Aug 18 11:41:50 2015
elapsed time: 718 seconds (0d 0h 11m 58s)

