#
# A fatal error has been detected by the Java Runtime Environment:
#
#  EXCEPTION_ACCESS_VIOLATION (0xc0000005) at pc=0x000000005a90d218, pid=9912, tid=11984
#
# JRE version: Java(TM) SE Runtime Environment (8.0_40-b25) (build 1.8.0_40-b25)
# Java VM: Java HotSpot(TM) 64-Bit Server VM (25.40-b25 mixed mode windows-amd64 compressed oops)
# Problematic frame:
# C  [ig7icd64.dll+0x2d218]
#
# Failed to write core dump. Minidumps are not enabled by default on client versions of Windows
#
# If you would like to submit a bug report, please visit:
#   http://bugreport.java.com/bugreport/crash.jsp
# The crash happened outside the Java Virtual Machine in native code.
# See problematic frame for where to report the bug.
#

---------------  T H R E A D  ---------------

Current thread (0x0000000001f3e800):  JavaThread "main" [_thread_in_native, id=11984, stack(0x0000000002040000,0x0000000002140000)]

siginfo: ExceptionCode=0xc0000005, reading address 0x0000000000000020

Registers:
RAX=0x0000000000000000, RBX=0x0000000000000001, RCX=0x0000000000000001, RDX=0x000000005bb4df90
RSP=0x000000000213e7e0, RBP=0x000000005cfd2e50, RSI=0x000000005bb4df90, RDI=0x0000000000000001
R8 =0x0000000000000001, R9 =0x000000005bb4df90, R10=0x0000000000000000, R11=0x0000000000000000
R12=0x000000005bb4c1a8, R13=0x0000000000000000, R14=0x0000000000000000, R15=0x000000005baeefa8
RIP=0x000000005a90d218, EFLAGS=0x0000000000010202

Top of Stack: (sp=0x000000000213e7e0)
0x000000000213e7e0:   0000000000000000 000000005bb4df90
0x000000000213e7f0:   0000000000000000 000000000000000b
0x000000000213e800:   00000000572358c8 0000000001f3e800
0x000000000213e810:   000000000213eb30 000000006fd52079
0x000000000213e820:   0000000001f3e800 0000000058863b00
0x000000000213e830:   00000000572358c8 0000000000000000
0x000000000213e840:   000000000213ef90 000000000286d07e
0x000000000213e850:   0000000000000000 000000006fe4eff9
0x000000000213e860:   0000000000000000 000000000213ebf0
0x000000000213e870:   00000000572358c8 0000000001f3e800
0x000000000213e880:   0000000001f3e550 0000000001f3f600
0x000000000213e890:   0000000001f3f610 0000000001f3f6e8
0x000000000213e8a0:   000000005bb4c1a8 000000000213f4e8
0x000000000213e8b0:   0000000058a6fa50 0000000001f3e800
0x000000000213e8c0:   000000000213eb58 000000000213eb28
0x000000000213e8d0:   0000000001f3f210 00000000572358c8 

Instructions: (pc=0x000000005a90d218)
0x000000005a90d1f8:   00 48 63 c9 48 8b 84 c8 c0 00 00 00 48 85 c0 74
0x000000005a90d208:   19 48 8b 40 70 66 0f ef ff 0f b6 58 11 48 8b 00
0x000000005a90d218:   8b 40 20 ff c8 f3 48 0f 2a f8 41 8b 84 24 20 01
0x000000005a90d228:   00 00 0f b6 cb c1 e8 04 89 4c 24 30 83 e0 01 3b 


Register to memory mapping:

RAX=0x0000000000000000 is an unknown value
RBX=0x0000000000000001 is an unknown value
RCX=0x0000000000000001 is an unknown value
RDX=0x000000005bb4df90 is an unknown value
RSP=0x000000000213e7e0 is pointing into the stack for thread: 0x0000000001f3e800
RBP=0x000000005cfd2e50 is an unknown value
RSI=0x000000005bb4df90 is an unknown value
RDI=0x0000000000000001 is an unknown value
R8 =0x0000000000000001 is an unknown value
R9 =0x000000005bb4df90 is an unknown value
R10=0x0000000000000000 is an unknown value
R11=0x0000000000000000 is an unknown value
R12=0x000000005bb4c1a8 is an unknown value
R13=0x0000000000000000 is an unknown value
R14=0x0000000000000000 is an unknown value
R15=0x000000005baeefa8 is an unknown value


Stack: [0x0000000002040000,0x0000000002140000],  sp=0x000000000213e7e0,  free space=1017k
Native frames: (J=compiled Java code, j=interpreted, Vv=VM code, C=native code)
C  [ig7icd64.dll+0x2d218]
C  [ig7icd64.dll+0x22a00]
C  [ig7icd64.dll+0x77ad8]
C  [ig7icd64.dll+0x79f02]
C  [ig7icd64.dll+0x1f6a1d]
C  [ig7icd64.dll+0x1f8e35]
C  0x000000000276c654

Java frames: (J=compiled Java code, j=interpreted, Vv=VM code)
J 882  org.lwjgl.opengl.GL11.nglDrawArrays(IIIJ)V (0 bytes) @ 0x000000000276c5ce [0x000000000276c580+0x4e]
J 1092 C2 mdesl.graphics.SpriteBatch.flush()V (37 bytes) @ 0x0000000002879660 [0x00000000028794a0+0x1c0]
J 2872 C1 com.marklynch.graphics.ShadowLight.render()V (935 bytes) @ 0x0000000002c5d194 [0x0000000002c59680+0x3b14]
J 2508 C2 com.marklynch.Game.render()V (4 bytes) @ 0x000000000280f004 [0x000000000280efe0+0x24]
j  com.marklynch.Game.start()V+94
j  com.marklynch.Game.main([Ljava/lang/String;)V+9
v  ~StubRoutines::call_stub

---------------  P R O C E S S  ---------------

Java Threads: ( => current thread )
  0x0000000058918000 JavaThread "TimerQueue" daemon [_thread_blocked, id=16208, stack(0x0000000065450000,0x0000000065550000)]
  0x000000005e371000 JavaThread "Swing-Shell" daemon [_thread_blocked, id=15912, stack(0x000000005fc00000,0x000000005fd00000)]
  0x0000000063a68000 JavaThread "AWT-Windows" daemon [_thread_in_native, id=10436, stack(0x000000005faf0000,0x000000005fbf0000)]
  0x0000000063a64800 JavaThread "Java2D Disposer" daemon [_thread_blocked, id=11484, stack(0x000000005c1d0000,0x000000005c2d0000)]
  0x000000005e7f3800 JavaThread "LWJGL Timer" daemon [_thread_blocked, id=3656, stack(0x0000000066ca0000,0x0000000066da0000)]
  0x0000000058952800 JavaThread "Service Thread" daemon [_thread_blocked, id=14920, stack(0x000000005a390000,0x000000005a490000)]
  0x00000000588cf800 JavaThread "C1 CompilerThread3" daemon [_thread_blocked, id=7044, stack(0x000000005a1c0000,0x000000005a2c0000)]
  0x00000000588c6800 JavaThread "C2 CompilerThread2" daemon [_thread_blocked, id=964, stack(0x0000000059f20000,0x000000005a020000)]
  0x00000000588be800 JavaThread "C2 CompilerThread1" daemon [_thread_blocked, id=13104, stack(0x000000005a050000,0x000000005a150000)]
  0x00000000588b9800 JavaThread "C2 CompilerThread0" daemon [_thread_blocked, id=12252, stack(0x00000000597c0000,0x00000000598c0000)]
  0x00000000588b4000 JavaThread "Attach Listener" daemon [_thread_blocked, id=10408, stack(0x0000000001f40000,0x0000000002040000)]
  0x00000000588b2800 JavaThread "Signal Dispatcher" daemon [_thread_blocked, id=7632, stack(0x0000000059de0000,0x0000000059ee0000)]
  0x0000000057800800 JavaThread "Finalizer" daemon [_thread_blocked, id=13692, stack(0x0000000059bf0000,0x0000000059cf0000)]
  0x00000000577fa000 JavaThread "Reference Handler" daemon [_thread_blocked, id=12988, stack(0x0000000059a30000,0x0000000059b30000)]
=>0x0000000001f3e800 JavaThread "main" [_thread_in_native, id=11984, stack(0x0000000002040000,0x0000000002140000)]

Other Threads:
  0x00000000577f5000 VMThread [stack: 0x00000000598f0000,0x00000000599f0000] [id=12712]
  0x0000000058957000 WatcherThread [stack: 0x000000005a590000,0x000000005a690000] [id=460]

VM state:not at safepoint (normal execution)

VM Mutex/Monitor currently owned by a thread: None

Heap:
 PSYoungGen      total 24576K, used 19713K [0x00000000d5f00000, 0x00000000d8080000, 0x0000000100000000)
  eden space 24064K, 81% used [0x00000000d5f00000,0x00000000d7218420,0x00000000d7680000)
  from space 512K, 31% used [0x00000000d7680000,0x00000000d76a8000,0x00000000d7700000)
  to   space 5120K, 0% used [0x00000000d7b80000,0x00000000d7b80000,0x00000000d8080000)
 ParOldGen       total 87552K, used 9045K [0x0000000081c00000, 0x0000000087180000, 0x00000000d5f00000)
  object space 87552K, 10% used [0x0000000081c00000,0x00000000824d54c8,0x0000000087180000)
 Metaspace       used 18040K, capacity 18329K, committed 18688K, reserved 1064960K
  class space    used 2129K, capacity 2228K, committed 2304K, reserved 1048576K

Card table byte_map: [0x00000000117d0000,0x0000000011bd0000] byte_map_base: 0x00000000113c2000

Marking Bits: (ParMarkBitMap*) 0x0000000070414040
 Begin Bits: [0x0000000012af0000, 0x0000000014a80000)
 End Bits:   [0x0000000014a80000, 0x0000000016a10000)

Polling page: 0x00000000001c0000

CodeCache: size=245760Kb used=9300Kb max_used=9315Kb free=236459Kb
 bounds [0x0000000002410000, 0x0000000002d40000, 0x0000000011410000]
 total_blobs=3370 nmethods=2709 adapters=572
 compilation: enabled

Compilation events (10 events):
Event: 244.781 Thread 0x00000000588cf800 nmethod 3150 0x0000000002848a10 code [0x0000000002848be0, 0x0000000002849548]
Event: 244.792 Thread 0x00000000588c6800 nmethod 3170 0x0000000002d28110 code [0x0000000002d282a0, 0x0000000002d29618]
Event: 245.023 Thread 0x00000000588be800 3171 %     4       com.marklynch.tactics.objects.level.Level::drawUI @ 153 (446 bytes)
Event: 245.091 Thread 0x00000000588be800 nmethod 3171% 0x0000000002d2a190 code [0x0000000002d2a480, 0x0000000002d2c6a0]
Event: 245.806 Thread 0x00000000588cf800 3172   !   3       java.nio.ByteBuffer::wrap (20 bytes)
Event: 245.806 Thread 0x00000000588cf800 nmethod 3172 0x0000000002d134d0 code [0x0000000002d13660, 0x0000000002d13978]
Event: 245.806 Thread 0x00000000588cf800 3173       3       java.nio.HeapByteBuffer::<init> (14 bytes)
Event: 245.807 Thread 0x00000000588cf800 nmethod 3173 0x0000000002d130d0 code [0x0000000002d13240, 0x0000000002d133e8]
Event: 246.056 Thread 0x00000000588b9800 3174       4       com.marklynch.tactics.objects.level.Level::drawUI (446 bytes)
Event: 246.132 Thread 0x00000000588b9800 nmethod 3174 0x0000000002d2e550 code [0x0000000002d2e8e0, 0x0000000002d31968]

GC Heap History (10 events):
Event: 209.155 GC heap before
{Heap before GC invocations=21 (full 0):
 PSYoungGen      total 30720K, used 25216K [0x00000000d5f00000, 0x00000000d8480000, 0x0000000100000000)
  eden space 25088K, 100% used [0x00000000d5f00000,0x00000000d7780000,0x00000000d7780000)
  from space 5632K, 2% used [0x00000000d7f00000,0x00000000d7f20000,0x00000000d8480000)
  to   space 6656K, 0% used [0x00000000d7780000,0x00000000d7780000,0x00000000d7e00000)
 ParOldGen       total 87552K, used 8989K [0x0000000081c00000, 0x0000000087180000, 0x00000000d5f00000)
  object space 87552K, 10% used [0x0000000081c00000,0x00000000824c74c8,0x0000000087180000)
 Metaspace       used 17809K, capacity 18067K, committed 18432K, reserved 1064960K
  class space    used 2122K, capacity 2227K, committed 2304K, reserved 1048576K
Event: 209.157 GC heap after
Heap after GC invocations=21 (full 0):
 PSYoungGen      total 25088K, used 96K [0x00000000d5f00000, 0x00000000d8400000, 0x0000000100000000)
  eden space 24576K, 0% used [0x00000000d5f00000,0x00000000d5f00000,0x00000000d7700000)
  from space 512K, 18% used [0x00000000d7780000,0x00000000d7798000,0x00000000d7800000)
  to   space 6656K, 0% used [0x00000000d7d80000,0x00000000d7d80000,0x00000000d8400000)
 ParOldGen       total 87552K, used 8989K [0x0000000081c00000, 0x0000000087180000, 0x00000000d5f00000)
  object space 87552K, 10% used [0x0000000081c00000,0x00000000824c74c8,0x0000000087180000)
 Metaspace       used 17809K, capacity 18067K, committed 18432K, reserved 1064960K
  class space    used 2122K, capacity 2227K, committed 2304K, reserved 1048576K
}
Event: 218.723 GC heap before
{Heap before GC invocations=22 (full 0):
 PSYoungGen      total 25088K, used 24672K [0x00000000d5f00000, 0x00000000d8400000, 0x0000000100000000)
  eden space 24576K, 100% used [0x00000000d5f00000,0x00000000d7700000,0x00000000d7700000)
  from space 512K, 18% used [0x00000000d7780000,0x00000000d7798000,0x00000000d7800000)
  to   space 6656K, 0% used [0x00000000d7d80000,0x00000000d7d80000,0x00000000d8400000)
 ParOldGen       total 87552K, used 8989K [0x0000000081c00000, 0x0000000087180000, 0x00000000d5f00000)
  object space 87552K, 10% used [0x0000000081c00000,0x00000000824c74c8,0x0000000087180000)
 Metaspace       used 17809K, capacity 18067K, committed 18432K, reserved 1064960K
  class space    used 2122K, capacity 2227K, committed 2304K, reserved 1048576K
Event: 218.724 GC heap after
Heap after GC invocations=22 (full 0):
 PSYoungGen      total 29184K, used 128K [0x00000000d5f00000, 0x00000000d8280000, 0x0000000100000000)
  eden space 24064K, 0% used [0x00000000d5f00000,0x00000000d5f00000,0x00000000d7680000)
  from space 5120K, 2% used [0x00000000d7d80000,0x00000000d7da0000,0x00000000d8280000)
  to   space 6144K, 0% used [0x00000000d7680000,0x00000000d7680000,0x00000000d7c80000)
 ParOldGen       total 87552K, used 8989K [0x0000000081c00000, 0x0000000087180000, 0x00000000d5f00000)
  object space 87552K, 10% used [0x0000000081c00000,0x00000000824c74c8,0x0000000087180000)
 Metaspace       used 17809K, capacity 18067K, committed 18432K, reserved 1064960K
  class space    used 2122K, capacity 2227K, committed 2304K, reserved 1048576K
}
Event: 230.889 GC heap before
{Heap before GC invocations=23 (full 0):
 PSYoungGen      total 29184K, used 24192K [0x00000000d5f00000, 0x00000000d8280000, 0x0000000100000000)
  eden space 24064K, 100% used [0x00000000d5f00000,0x00000000d7680000,0x00000000d7680000)
  from space 5120K, 2% used [0x00000000d7d80000,0x00000000d7da0000,0x00000000d8280000)
  to   space 6144K, 0% used [0x00000000d7680000,0x00000000d7680000,0x00000000d7c80000)
 ParOldGen       total 87552K, used 8989K [0x0000000081c00000, 0x0000000087180000, 0x00000000d5f00000)
  object space 87552K, 10% used [0x0000000081c00000,0x00000000824c74c8,0x0000000087180000)
 Metaspace       used 17838K, capacity 18067K, committed 18432K, reserved 1064960K
  class space    used 2123K, capacity 2227K, committed 2304K, reserved 1048576K
Event: 230.891 GC heap after
Heap after GC invocations=23 (full 0):
 PSYoungGen      total 30208K, used 96K [0x00000000d5f00000, 0x00000000d8280000, 0x0000000100000000)
  eden space 24064K, 0% used [0x00000000d5f00000,0x00000000d5f00000,0x00000000d7680000)
  from space 6144K, 1% used [0x00000000d7680000,0x00000000d7698000,0x00000000d7c80000)
  to   space 6144K, 0% used [0x00000000d7c80000,0x00000000d7c80000,0x00000000d8280000)
 ParOldGen       total 87552K, used 9005K [0x0000000081c00000, 0x0000000087180000, 0x00000000d5f00000)
  object space 87552K, 10% used [0x0000000081c00000,0x00000000824cb4c8,0x0000000087180000)
 Metaspace       used 17838K, capacity 18067K, committed 18432K, reserved 1064960K
  class space    used 2123K, capacity 2227K, committed 2304K, reserved 1048576K
}
Event: 235.674 GC heap before
{Heap before GC invocations=24 (full 0):
 PSYoungGen      total 30208K, used 24160K [0x00000000d5f00000, 0x00000000d8280000, 0x0000000100000000)
  eden space 24064K, 100% used [0x00000000d5f00000,0x00000000d7680000,0x00000000d7680000)
  from space 6144K, 1% used [0x00000000d7680000,0x00000000d7698000,0x00000000d7c80000)
  to   space 6144K, 0% used [0x00000000d7c80000,0x00000000d7c80000,0x00000000d8280000)
 ParOldGen       total 87552K, used 9005K [0x0000000081c00000, 0x0000000087180000, 0x00000000d5f00000)
  object space 87552K, 10% used [0x0000000081c00000,0x00000000824cb4c8,0x0000000087180000)
 Metaspace       used 17861K, capacity 18067K, committed 18432K, reserved 1064960K
  class space    used 2128K, capacity 2227K, committed 2304K, reserved 1048576K
Event: 235.676 GC heap after
Heap after GC invocations=24 (full 0):
 PSYoungGen      total 29184K, used 160K [0x00000000d5f00000, 0x00000000d8180000, 0x0000000100000000)
  eden space 24064K, 0% used [0x00000000d5f00000,0x00000000d5f00000,0x00000000d7680000)
  from space 5120K, 3% used [0x00000000d7c80000,0x00000000d7ca8000,0x00000000d8180000)
  to   space 5632K, 0% used [0x00000000d7680000,0x00000000d7680000,0x00000000d7c00000)
 ParOldGen       total 87552K, used 9021K [0x0000000081c00000, 0x0000000087180000, 0x00000000d5f00000)
  object space 87552K, 10% used [0x0000000081c00000,0x00000000824cf4c8,0x0000000087180000)
 Metaspace       used 17861K, capacity 18067K, committed 18432K, reserved 1064960K
  class space    used 2128K, capacity 2227K, committed 2304K, reserved 1048576K
}
Event: 238.473 GC heap before
{Heap before GC invocations=25 (full 0):
 PSYoungGen      total 29184K, used 24224K [0x00000000d5f00000, 0x00000000d8180000, 0x0000000100000000)
  eden space 24064K, 100% used [0x00000000d5f00000,0x00000000d7680000,0x00000000d7680000)
  from space 5120K, 3% used [0x00000000d7c80000,0x00000000d7ca8000,0x00000000d8180000)
  to   space 5632K, 0% used [0x00000000d7680000,0x00000000d7680000,0x00000000d7c00000)
 ParOldGen       total 87552K, used 9021K [0x0000000081c00000, 0x0000000087180000, 0x00000000d5f00000)
  object space 87552K, 10% used [0x0000000081c00000,0x00000000824cf4c8,0x0000000087180000)
 Metaspace       used 17863K, capacity 18067K, committed 18432K, reserved 1064960K
  class space    used 2129K, capacity 2227K, committed 2304K, reserved 1048576K
Event: 238.475 GC heap after
Heap after GC invocations=25 (full 0):
 PSYoungGen      total 24576K, used 160K [0x00000000d5f00000, 0x00000000d8080000, 0x0000000100000000)
  eden space 24064K, 0% used [0x00000000d5f00000,0x00000000d5f00000,0x00000000d7680000)
  from space 512K, 31% used [0x00000000d7680000,0x00000000d76a8000,0x00000000d7700000)
  to   space 5120K, 0% used [0x00000000d7b80000,0x00000000d7b80000,0x00000000d8080000)
 ParOldGen       total 87552K, used 9045K [0x0000000081c00000, 0x0000000087180000, 0x00000000d5f00000)
  object space 87552K, 10% used [0x0000000081c00000,0x00000000824d54c8,0x0000000087180000)
 Metaspace       used 17863K, capacity 18067K, committed 18432K, reserved 1064960K
  class space    used 2129K, capacity 2227K, committed 2304K, reserved 1048576K
}

Deoptimization events (10 events):
Event: 234.262 Thread 0x0000000001f3e800 Uncommon trap: reason=unstable_if action=reinterpret pc=0x0000000002c1130c method=com.marklynch.tactics.objects.level.Square.draw()V @ 57
Event: 234.267 Thread 0x0000000001f3e800 Uncommon trap: reason=unstable_if action=reinterpret pc=0x000000000294680c method=com.marklynch.tactics.objects.GameObject.drawForeground()V @ 34
Event: 234.267 Thread 0x0000000001f3e800 Uncommon trap: reason=unstable_if action=reinterpret pc=0x00000000029528b8 method=com.marklynch.tactics.objects.unit.Actor.drawForeground()V @ 6
Event: 234.267 Thread 0x0000000001f3e800 Uncommon trap: reason=unstable_if action=reinterpret pc=0x000000000294522c method=com.marklynch.tactics.objects.GameObject.drawForeground()V @ 34
Event: 234.267 Thread 0x0000000001f3e800 Uncommon trap: reason=unstable_if action=reinterpret pc=0x000000000295c834 method=com.marklynch.tactics.objects.unit.Actor.drawUI()V @ 2615
Event: 234.267 Thread 0x0000000001f3e800 Uncommon trap: reason=unstable_if action=reinterpret pc=0x0000000002c8f558 method=com.marklynch.tactics.objects.level.Level.drawUI()V @ 332
Event: 234.343 Thread 0x0000000001f3e800 Uncommon trap: reason=unstable_if action=reinterpret pc=0x0000000002c83d94 method=com.marklynch.tactics.objects.level.Level.drawUI()V @ 332
Event: 236.289 Thread 0x0000000001f3e800 Uncommon trap: reason=predicate action=maybe_recompile pc=0x000000000286e204 method=java.util.Vector.indexOf(Ljava/lang/Object;I)I @ 44
Event: 236.295 Thread 0x0000000001f3e800 Uncommon trap: reason=unstable_if action=reinterpret pc=0x00000000029546c4 method=com.marklynch.tactics.objects.GameObject.drawUI()V @ 4
Event: 240.956 Thread 0x0000000001f3e800 Uncommon trap: reason=unstable_if action=reinterpret pc=0x0000000002c86ad0 method=java.util.Vector.indexOf(Ljava/lang/Object;I)I @ 1

Internal exceptions (10 events):
Event: 217.457 Thread 0x0000000001f3e800 Implicit null exception at 0x000000000297b0ed to 0x0000000002980c87
Event: 217.457 Thread 0x0000000001f3e800 Exception <a 'java/lang/NullPointerException'> (0x00000000d72dbae0) thrown at [D:\re\workspace\8-2-build-windows-amd64-cygwin\jdk8u40\2855\hotspot\src\share\vm\runtime\sharedRuntime.cpp, line 605]
Event: 217.457 Thread 0x0000000001f3e800 Implicit null exception at 0x000000000297b0ed to 0x0000000002980c87
Event: 217.457 Thread 0x0000000001f3e800 Exception <a 'java/lang/NullPointerException'> (0x00000000d72dd620) thrown at [D:\re\workspace\8-2-build-windows-amd64-cygwin\jdk8u40\2855\hotspot\src\share\vm\runtime\sharedRuntime.cpp, line 605]
Event: 217.457 Thread 0x0000000001f3e800 Implicit null exception at 0x000000000297b0ed to 0x0000000002980c87
Event: 217.457 Thread 0x0000000001f3e800 Exception <a 'java/lang/NullPointerException'> (0x00000000d72df100) thrown at [D:\re\workspace\8-2-build-windows-amd64-cygwin\jdk8u40\2855\hotspot\src\share\vm\runtime\sharedRuntime.cpp, line 605]
Event: 217.457 Thread 0x0000000001f3e800 Implicit null exception at 0x000000000297b0ed to 0x0000000002980c87
Event: 217.457 Thread 0x0000000001f3e800 Exception <a 'java/lang/NullPointerException'> (0x00000000d72e0c40) thrown at [D:\re\workspace\8-2-build-windows-amd64-cygwin\jdk8u40\2855\hotspot\src\share\vm\runtime\sharedRuntime.cpp, line 605]
Event: 217.458 Thread 0x0000000001f3e800 Implicit null exception at 0x000000000297b0ed to 0x0000000002980c87
Event: 217.458 Thread 0x0000000001f3e800 Exception <a 'java/lang/NullPointerException'> (0x00000000d72e2720) thrown at [D:\re\workspace\8-2-build-windows-amd64-cygwin\jdk8u40\2855\hotspot\src\share\vm\runtime\sharedRuntime.cpp, line 605]

Events (10 events):
Event: 244.762 Executing VM operation: RevokeBias done
Event: 244.762 Executing VM operation: RevokeBias
Event: 244.762 Executing VM operation: RevokeBias done
Event: 244.762 Thread 0x00000000588cf800 flushing nmethod 0x0000000002a75c50
Event: 246.056 Thread 0x0000000001f3e800 DEOPT PACKING pc=0x00000000028c8854 sp=0x000000000213ee10
Event: 246.056 Thread 0x0000000001f3e800 DEOPT UNPACKING pc=0x000000000245787f sp=0x000000000213ec18 mode 0
Event: 246.072 Executing VM operation: RevokeBias
Event: 246.072 Executing VM operation: RevokeBias done
Event: 246.073 Thread 0x0000000063bf4800 Thread exited: 0x0000000063bf4800
Event: 246.073 Thread 0x000000005e7d8800 Thread exited: 0x000000005e7d8800


Dynamic libraries:
0x000000013f040000 - 0x000000013f077000 	C:\Program Files\Java\jre1.8.0_40\bin\javaw.exe
0x00000000779f0000 - 0x0000000077b99000 	C:\Windows\SYSTEM32\ntdll.dll
0x00000000777d0000 - 0x00000000778ef000 	C:\Windows\system32\kernel32.dll
0x000007fefd830000 - 0x000007fefd89c000 	C:\Windows\system32\KERNELBASE.dll
0x000007feff3b0000 - 0x000007feff48b000 	C:\Windows\system32\ADVAPI32.dll
0x000007feff620000 - 0x000007feff6bf000 	C:\Windows\system32\msvcrt.dll
0x000007feffbd0000 - 0x000007feffbef000 	C:\Windows\SYSTEM32\sechost.dll
0x000007fefee90000 - 0x000007fefefbd000 	C:\Windows\system32\RPCRT4.dll
0x00000000778f0000 - 0x00000000779ea000 	C:\Windows\system32\USER32.dll
0x000007feff290000 - 0x000007feff2f7000 	C:\Windows\system32\GDI32.dll
0x000007feff300000 - 0x000007feff30e000 	C:\Windows\system32\LPK.dll
0x000007fefdb60000 - 0x000007fefdc29000 	C:\Windows\system32\USP10.dll
0x000007fefbfb0000 - 0x000007fefc1a4000 	C:\Windows\WinSxS\amd64_microsoft.windows.common-controls_6595b64144ccf1df_6.0.7601.18837_none_fa3b1e3d17594757\COMCTL32.dll
0x000007fefed30000 - 0x000007fefeda1000 	C:\Windows\system32\SHLWAPI.dll
0x000007fefdc30000 - 0x000007fefdc5e000 	C:\Windows\system32\IMM32.DLL
0x000007feffbf0000 - 0x000007feffcf9000 	C:\Windows\system32\MSCTF.dll
0x000000006d850000 - 0x000000006d922000 	C:\Program Files\Java\jre1.8.0_40\bin\msvcr100.dll
0x000000006fc10000 - 0x0000000070493000 	C:\Program Files\Java\jre1.8.0_40\bin\server\jvm.dll
0x000007fef8c00000 - 0x000007fef8c09000 	C:\Windows\system32\WSOCK32.dll
0x000007feff220000 - 0x000007feff26d000 	C:\Windows\system32\WS2_32.dll
0x000007fefdf30000 - 0x000007fefdf38000 	C:\Windows\system32\NSI.dll
0x000007fefb530000 - 0x000007fefb56b000 	C:\Windows\system32\WINMM.dll
0x000007fefc880000 - 0x000007fefc88c000 	C:\Windows\system32\VERSION.dll
0x0000000077bc0000 - 0x0000000077bc7000 	C:\Windows\system32\PSAPI.DLL
0x000000006d7a0000 - 0x000000006d7af000 	C:\Program Files\Java\jre1.8.0_40\bin\verify.dll
0x0000000066390000 - 0x00000000663b9000 	C:\Program Files\Java\jre1.8.0_40\bin\java.dll
0x0000000066370000 - 0x0000000066386000 	C:\Program Files\Java\jre1.8.0_40\bin\zip.dll
0x000007fefdf40000 - 0x000007fefecc9000 	C:\Windows\system32\SHELL32.dll
0x000007feff7e0000 - 0x000007feff9e3000 	C:\Windows\system32\ole32.dll
0x000007fefd7b0000 - 0x000007fefd7bf000 	C:\Windows\system32\profapi.dll
0x0000000180000000 - 0x0000000180053000 	C:\dev\workspace\tactics\tactics_project\libs\lwjgl_native\lwjgl64.dll
0x000007feef5f0000 - 0x000007feef70d000 	C:\Windows\system32\OPENGL32.dll
0x000007feefa80000 - 0x000007feefaad000 	C:\Windows\system32\GLU32.dll
0x000007feef4f0000 - 0x000007feef5e1000 	C:\Windows\system32\DDRAW.dll
0x000007fef55e0000 - 0x000007fef55e8000 	C:\Windows\system32\DCIMAN32.dll
0x000007feff9f0000 - 0x000007feffbc7000 	C:\Windows\system32\SETUPAPI.dll
0x000007fefdb10000 - 0x000007fefdb46000 	C:\Windows\system32\CFGMGR32.dll
0x000007fefedb0000 - 0x000007fefee87000 	C:\Windows\system32\OLEAUT32.dll
0x000007fefda30000 - 0x000007fefda4a000 	C:\Windows\system32\DEVOBJ.dll
0x000007fefb1e0000 - 0x000007fefb1f8000 	C:\Windows\system32\dwmapi.dll
0x000007fefbdd0000 - 0x000007fefbe26000 	C:\Windows\system32\uxtheme.dll
0x000007fefd600000 - 0x000007fefd60f000 	C:\Windows\system32\CRYPTBASE.dll
0x000000005a8e0000 - 0x000000005b958000 	C:\Windows\system32\ig7icd64.dll
0x000007feef920000 - 0x000007feef9bc000 	C:\Windows\system32\mscms.dll
0x000007fefd7c0000 - 0x000007fefd7de000 	C:\Windows\system32\USERENV.dll
0x000007feefa30000 - 0x000007feefa72000 	C:\Windows\system32\icm32.dll
0x000007fefd190000 - 0x000007fefd1a8000 	C:\Windows\system32\CRYPTSP.dll
0x000007fefccc0000 - 0x000007fefcd07000 	C:\Windows\system32\rsaenh.dll
0x0000000066350000 - 0x000000006636a000 	C:\Program Files\Java\jre1.8.0_40\bin\net.dll
0x000007fefcf30000 - 0x000007fefcf85000 	C:\Windows\system32\mswsock.dll
0x000007fefcf90000 - 0x000007fefcf97000 	C:\Windows\System32\wship6.dll
0x000007fefa420000 - 0x000007fefa447000 	C:\Windows\system32\IPHLPAPI.DLL
0x000007fefa3a0000 - 0x000007fefa3ab000 	C:\Windows\system32\WINNSI.DLL
0x000007fefa250000 - 0x000007fefa261000 	C:\Windows\system32\dhcpcsvc6.DLL
0x000007fefa210000 - 0x000007fefa228000 	C:\Windows\system32\dhcpcsvc.DLL
0x0000000066330000 - 0x0000000066341000 	C:\Program Files\Java\jre1.8.0_40\bin\nio.dll
0x00000000121f0000 - 0x0000000012254000 	C:\dev\workspace\tactics\tactics_project\libs\lwjgl_native\OpenAL64.dll
0x000007feff6c0000 - 0x000007feff759000 	C:\Windows\system32\CLBCatQ.DLL
0x000007fefbf60000 - 0x000007fefbfab000 	C:\Windows\System32\MMDevApi.dll
0x000007fefbe30000 - 0x000007fefbf5c000 	C:\Windows\System32\PROPSYS.dll
0x000007fef8d50000 - 0x000007fef8dd8000 	C:\Windows\system32\dsound.dll
0x000007fefc1c0000 - 0x000007fefc1ec000 	C:\Windows\system32\POWRPROF.dll
0x000007fefb310000 - 0x000007fefb35f000 	C:\Windows\system32\AUDIOSES.DLL
0x000000006cea0000 - 0x000000006d038000 	C:\Program Files\Java\jre1.8.0_40\bin\awt.dll
0x000007fef6d70000 - 0x000007fef6e10000 	C:\Windows\WinSxS\amd64_microsoft.windows.common-controls_6595b64144ccf1df_5.82.7601.18837_none_a4d981ff711297b6\comctl32.dll
0x000000006d2e0000 - 0x000000006d327000 	C:\Program Files\Java\jre1.8.0_40\bin\fontmanager.dll
0x00000000704b0000 - 0x00000000704f1000 	C:\Program Files\Java\jre1.8.0_40\bin\t2k.dll
0x000007fefbb80000 - 0x000007fefbbad000 	C:\Windows\system32\ntmarta.dll
0x000007fefecd0000 - 0x000007fefed22000 	C:\Windows\system32\WLDAP32.dll
0x000007fefd5a0000 - 0x000007fefd5f7000 	C:\Windows\system32\apphelp.dll
0x000007fee98e0000 - 0x000007fee9a7c000 	C:\Windows\system32\NetworkExplorer.dll
0x000007fef6100000 - 0x000007fef6134000 	C:\Windows\System32\shdocvw.dll
0x000007fefb950000 - 0x000007fefb95b000 	C:\Windows\system32\slc.dll
0x000007fefa9d0000 - 0x000007fefa9e8000 	C:\Windows\system32\MPR.dll
0x000007fefc1f0000 - 0x000007fefc1fa000 	C:\Windows\System32\drprov.dll
0x000007fefd6b0000 - 0x000007fefd6ed000 	C:\Windows\System32\WINSTA.dll
0x000007fefab60000 - 0x000007fefab82000 	C:\Windows\System32\ntlanman.dll
0x000007fefab40000 - 0x000007fefab5d000 	C:\Windows\System32\davclnt.dll
0x000007fefadf0000 - 0x000007fefadfa000 	C:\Windows\System32\DAVHLPR.dll
0x000007fef5520000 - 0x000007fef5542000 	C:\Windows\system32\LMIRfsClientNP.dll
0x000007fefa470000 - 0x000007fefa485000 	C:\Windows\system32\wkscli.dll
0x000007fef89e0000 - 0x000007fef89ef000 	C:\Windows\system32\cscapi.dll
0x000007fefcc60000 - 0x000007fefcc6c000 	C:\Windows\system32\netutils.dll
0x000007fee9660000 - 0x000007fee98d1000 	C:\Windows\system32\wpdshext.dll
0x000007fefbbb0000 - 0x000007fefbdc6000 	C:\Windows\WinSxS\amd64_microsoft.windows.gdiplus_6595b64144ccf1df_1.1.7601.18946_none_2b27281071eac12c\gdiplus.dll
0x000007fef0230000 - 0x000007fef02ed000 	C:\Windows\system32\PortableDeviceApi.dll
0x000007fefd7f0000 - 0x000007fefd82b000 	C:\Windows\system32\WINTRUST.dll
0x000007fefd8b0000 - 0x000007fefda1d000 	C:\Windows\system32\CRYPT32.dll
0x000007fefd7a0000 - 0x000007fefd7af000 	C:\Windows\system32\MSASN1.dll
0x000007feed6a0000 - 0x000007feed6d9000 	C:\Windows\system32\PortableDeviceTypes.dll
0x000007fee8cc0000 - 0x000007fee8cf5000 	C:\Windows\system32\EhStorShell.dll
0x000007feef4c0000 - 0x000007feef4e7000 	C:\Windows\system32\EhStorAPI.dll
0x000007fef2ca0000 - 0x000007fef2cac000 	C:\Windows\system32\LINKINFO.dll
0x000007fefabd0000 - 0x000007fefad31000 	C:\Windows\system32\WindowsCodecs.dll
0x000007feee5e0000 - 0x000007feee6da000 	C:\Program Files (x86)\Adobe\Adobe Creative Cloud\CoreSyncExtension\CoreSync_x64.dll
0x000007feeddb0000 - 0x000007feedfed000 	C:\Program Files\Microsoft Office 15\root\VFS\ProgramFilesX64\Microsoft Office\Office15\GROOVEEX.DLL
0x000000006e8e0000 - 0x000000006e978000 	C:\Program Files\Microsoft Office 15\root\VFS\ProgramFilesX64\Microsoft Office\Office15\MSVCP100.dll
0x0000000074fe0000 - 0x000000007500b000 	C:\Program Files\Microsoft Office 15\root\VFS\ProgramFilesX64\Microsoft Office\Office15\ATL100.DLL
0x000007fef4f50000 - 0x000007fef526e000 	C:\Windows\system32\msi.dll
0x000007feec470000 - 0x000007feecced000 	C:\Program Files\Microsoft Office 15\root\VFS\ProgramFilesX64\Microsoft Office\Office15\1033\GrooveIntlResource.dll
0x000000006e8c0000 - 0x000000006e8d6000 	C:\Program Files\Common Files\TortoiseOverlays\TortoiseOverlays.dll
0x000000006e8b0000 - 0x000000006e8c0000 	C:\Program Files\TortoiseSVN\bin\TortoiseStub.dll
0x000000006e830000 - 0x000000006e8ab000 	C:\Program Files\TortoiseSVN\bin\TortoiseSVN.dll
0x000007fefefc0000 - 0x000007feff21a000 	C:\Windows\system32\WININET.dll
0x000007fefdb50000 - 0x000007fefdb54000 	C:\Windows\system32\api-ms-win-downlevel-user32-l1-1-0.dll
0x000007fefdaf0000 - 0x000007fefdaf4000 	C:\Windows\system32\api-ms-win-downlevel-shlwapi-l1-1-0.dll
0x000007fefd7e0000 - 0x000007fefd7e4000 	C:\Windows\system32\api-ms-win-downlevel-version-l1-1-0.dll
0x000007fefda20000 - 0x000007fefda23000 	C:\Windows\system32\api-ms-win-downlevel-normaliz-l1-1-0.dll
0x0000000077bb0000 - 0x0000000077bb3000 	C:\Windows\system32\normaliz.DLL
0x000007fefdc60000 - 0x000007fefdf27000 	C:\Windows\system32\iertutil.dll
0x000007fefd8a0000 - 0x000007fefd8a5000 	C:\Windows\system32\api-ms-win-downlevel-advapi32-l1-1-0.dll
0x000007feec080000 - 0x000007feec46d000 	C:\Program Files\TortoiseSVN\bin\libsvn_tsvn.dll
0x000000006e800000 - 0x000000006e82b000 	C:\Program Files\TortoiseSVN\bin\libapr_tsvn.dll
0x000000006e7b0000 - 0x000000006e7f1000 	C:\Program Files\TortoiseSVN\bin\libaprutil_tsvn.dll
0x000007fefaa40000 - 0x000007fefaa50000 	C:\Program Files\TortoiseSVN\bin\intl3_tsvn.dll
0x000007fefa1b0000 - 0x000007fefa1ca000 	C:\Program Files\TortoiseSVN\bin\libsasl.dll
0x000007fefd3a0000 - 0x000007fefd3ab000 	C:\Windows\system32\Secur32.dll
0x000007fefd560000 - 0x000007fefd585000 	C:\Windows\system32\SSPICLI.DLL
0x000007feea2f0000 - 0x000007feea36e000 	C:\Windows\System32\cscui.dll
0x000007fefabb0000 - 0x000007fefabbc000 	C:\Windows\System32\CSCDLL.dll
0x000007fef2c20000 - 0x000007fef2ca0000 	C:\Windows\system32\ntshrui.dll
0x000007fefd220000 - 0x000007fefd243000 	C:\Windows\system32\srvcli.dll
0x000007fefb360000 - 0x000007fefb485000 	C:\Windows\system32\dbghelp.dll

VM Arguments:
jvm_args: -Djava.library.path=C:\dev\workspace\tactics\tactics_project\libs\lwjgl_native -Dfile.encoding=Cp1252 
java_command: com.marklynch.Game
java_class_path (initial): C:\dev\workspace\tactics\tactics_project\bin;C:\dev\workspace\tactics\tactics_project\libs\ibxm.jar;C:\dev\workspace\tactics\tactics_project\libs\jogg-0.0.7.jar;C:\dev\workspace\tactics\tactics_project\libs\jorbis-0.0.15.jar;C:\dev\workspace\tactics\tactics_project\libs\lwjgl_util_applet.jar;C:\dev\workspace\tactics\tactics_project\libs\lwjgl_util.jar;C:\dev\workspace\tactics\tactics_project\libs\natives-linux.jar;C:\dev\workspace\tactics\tactics_project\libs\natives-mac.jar;C:\dev\workspace\tactics\tactics_project\libs\natives-windows.jar;C:\dev\workspace\tactics\tactics_project\libs\slick-util.jar;C:\dev\workspace\tactics\tactics_project\libs\AppleJavaExtensions.jar;C:\dev\workspace\tactics\tactics_project\libs\asm-debug-all.jar;C:\dev\workspace\tactics\tactics_project\libs\jinput.jar;C:\dev\workspace\tactics\tactics_project\libs\laf-plugin-7.2.1.jar;C:\dev\workspace\tactics\tactics_project\libs\laf-widget-7.2.1.jar;C:\dev\workspace\tactics\tactics_project\libs\log4j-api-2.0-beta9.jar;C:\dev\workspace\tactics\tactics_project\libs\lwjgl_test.jar;C:\dev\workspace\tactics\tactics_project\libs\lwjgl-debug.jar;C:\dev\workspace\tactics\tactics_project\libs\lwjgl.jar;C:\dev\workspace\tactics\tactics_project\libs\lzma.jar;C:\dev\workspace\tactics\tactics_project\libs\substance-7.2.1.jar;C:\dev\workspace\tactics\tactics_project\libs\trident-7.2.1.jar;C:\dev\workspace\tactics\tactics_project\libs\gson-2.3.1.jar;C:\dev\workspace\tactics\tactics_project\libs\commons-io-2.4.jar;C:\dev\workspace\tactics\tactics_project\libs\PNGDecoder.jar;C:\dev\workspace\tactics\tactics_project\libs\xpp3-1.1.4c.jar
Launcher Type: SUN_STANDARD

Environment Variables:
PATH=C:/Program Files/Java/jre1.8.0_40/bin/server;C:/Program Files/Java/jre1.8.0_40/bin;C:/Program Files/Java/jre1.8.0_40/lib/amd64;C:\Program Files (x86)\NVIDIA Corporation\PhysX\Common;C:\ProgramData\Oracle\Java\javapath;C:\Program Files (x86)\Intel\iCLS Client\;C:\Program Files\Intel\iCLS Client\;C:\Windows\system32;C:\Windows;C:\Windows\System32\Wbem;C:\Windows\System32\WindowsPowerShell\v1.0\;C:\Program Files\Intel\Intel(R) Management Engine Components\DAL;C:\Program Files\Intel\Intel(R) Management Engine Components\IPT;C:\Program Files (x86)\Intel\Intel(R) Management Engine Components\DAL;C:\Program Files (x86)\Intel\Intel(R) Management Engine Components\IPT;C:\Program Files (x86)\Security Innovation\SI TSS\bin\;c:\Program Files (x86)\Microsoft SQL Server\100\Tools\Binn\;c:\Program Files\Microsoft SQL Server\100\Tools\Binn\;c:\Program Files\Microsoft SQL Server\100\DTS\Binn\;c:\Program Files (x86)\Microsoft SQL Server\100\Tools\Binn\VSShell\Common7\IDE\;c:\Program Files (x86)\Microsoft Visual Studio 9.0\Common7\IDE\PrivateAssemblies\;c:\Program Files (x86)\Microsoft SQL Server\100\DTS\Binn\;C:\Program Files\TortoiseSVN\bin;C:\Program Files (x86)\Skype\Phone\;C:\dev\adt-bundle-windows-x86_64-20140624\adt-bundle-windows-x86_64-20140624\eclipse;
USERNAME=Mark.Lynch
OS=Windows_NT
PROCESSOR_IDENTIFIER=Intel64 Family 6 Model 58 Stepping 9, GenuineIntel



---------------  S Y S T E M  ---------------

OS: Windows 7 , 64 bit Build 7601 (6.1.7601.18933)

CPU:total 8 (4 cores per cpu, 2 threads per core) family 6 model 58 stepping 9, cmov, cx8, fxsr, mmx, sse, sse2, sse3, ssse3, sse4.1, sse4.2, popcnt, avx, aes, clmul, erms, ht, tsc, tscinvbit, tscinv

Memory: 4k page, physical 8272432k(1460828k free), swap 16543024k(5118232k free)

vm_info: Java HotSpot(TM) 64-Bit Server VM (25.40-b25) for windows-amd64 JRE (1.8.0_40-b25), built on Feb 10 2015 21:53:57 by "java_re" with MS VC++ 10.0 (VS2010)

time: Mon Aug 24 16:35:21 2015
elapsed time: 246 seconds (0d 0h 4m 6s)

