#
# A fatal error has been detected by the Java Runtime Environment:
#
#  EXCEPTION_ACCESS_VIOLATION (0xc0000005) at pc=0x000000005a8fd218, pid=7548, tid=9548
#
# JRE version: Java(TM) SE Runtime Environment (8.0_40-b25) (build 1.8.0_40-b25)
# Java VM: Java HotSpot(TM) 64-Bit Server VM (25.40-b25 mixed mode windows-amd64 compressed oops)
# Problematic frame:
# C  [ig7icd64.dll+0x2d218]
#
# Failed to write core dump. Minidumps are not enabled by default on client versions of Windows
#
# If you would like to submit a bug report, please visit:
#   http://bugreport.java.com/bugreport/crash.jsp
# The crash happened outside the Java Virtual Machine in native code.
# See problematic frame for where to report the bug.
#

---------------  T H R E A D  ---------------

Current thread (0x000000000048e800):  JavaThread "main" [_thread_in_native, id=9548, stack(0x0000000001fd0000,0x00000000020d0000)]

siginfo: ExceptionCode=0xc0000005, reading address 0x0000000000000020

Registers:
RAX=0x0000000000000000, RBX=0x0000000000000001, RCX=0x0000000000000001, RDX=0x000000005bb9cfb0
RSP=0x00000000020ced40, RBP=0x000000005d022e50, RSI=0x000000005bb9cfb0, RDI=0x0000000000000001
R8 =0x0000000000000001, R9 =0x000000005bb9cfb0, R10=0x0000000000000000, R11=0x0000000000000000
R12=0x000000005bb9c1a8, R13=0x0000000000000000, R14=0x0000000000000000, R15=0x000000005bb3efa8
RIP=0x000000005a8fd218, EFLAGS=0x0000000000010202

Top of Stack: (sp=0x00000000020ced40)
0x00000000020ced40:   0000000000000000 000000005bb9cfb0
0x00000000020ced50:   0000000000000000 000000006fe20b00
0x00000000020ced60:   00000000020ceee0 000000006ff3b2e2
0x00000000020ced70:   00000000020cef98 000000005c82b000
0x00000000020ced80:   00000000020cee80 000000000000000b
0x00000000020ced90:   00000000020cee00 000000006fe212f3
0x00000000020ceda0:   000000005bb9be78 000000006fd52079
0x00000000020cedb0:   0000000000000000 000000000048f228
0x00000000020cedc0:   000000000048e800 0000000900000009
0x00000000020cedd0:   0000000001c67020 000000006fd56e19
0x00000000020cede0:   0000000000489b60 00000000702096e8
0x00000000020cedf0:   000000005f6ac5d0 0000000000440dae
0x00000000020cee00:   000000005bb9c1a8 000000000048e800
0x00000000020cee10:   000000000048f5f8 00000000020cefc8
0x00000000020cee20:   00000000000003d8 0000000000000000
0x00000000020cee30:   0000000000000000 0000001000000000 

Instructions: (pc=0x000000005a8fd218)
0x000000005a8fd1f8:   00 48 63 c9 48 8b 84 c8 c0 00 00 00 48 85 c0 74
0x000000005a8fd208:   19 48 8b 40 70 66 0f ef ff 0f b6 58 11 48 8b 00
0x000000005a8fd218:   8b 40 20 ff c8 f3 48 0f 2a f8 41 8b 84 24 20 01
0x000000005a8fd228:   00 00 0f b6 cb c1 e8 04 89 4c 24 30 83 e0 01 3b 


Register to memory mapping:

RAX=0x0000000000000000 is an unknown value
RBX=0x0000000000000001 is an unknown value
RCX=0x0000000000000001 is an unknown value
RDX=0x000000005bb9cfb0 is an unknown value
RSP=0x00000000020ced40 is pointing into the stack for thread: 0x000000000048e800
RBP=0x000000005d022e50 is an unknown value
RSI=0x000000005bb9cfb0 is an unknown value
RDI=0x0000000000000001 is an unknown value
R8 =0x0000000000000001 is an unknown value
R9 =0x000000005bb9cfb0 is an unknown value
R10=0x0000000000000000 is an unknown value
R11=0x0000000000000000 is an unknown value
R12=0x000000005bb9c1a8 is an unknown value
R13=0x0000000000000000 is an unknown value
R14=0x0000000000000000 is an unknown value
R15=0x000000005bb3efa8 is an unknown value


Stack: [0x0000000001fd0000,0x00000000020d0000],  sp=0x00000000020ced40,  free space=1019k
Native frames: (J=compiled Java code, j=interpreted, Vv=VM code, C=native code)
C  [ig7icd64.dll+0x2d218]
C  [ig7icd64.dll+0x22a00]
C  [ig7icd64.dll+0x77ad8]
C  [ig7icd64.dll+0x79f02]
C  [ig7icd64.dll+0x1f6a1d]
C  [ig7icd64.dll+0x1f8e35]
C  0x00000000026e0b14

Java frames: (J=compiled Java code, j=interpreted, Vv=VM code)
J 874  org.lwjgl.opengl.GL11.nglDrawArrays(IIIJ)V (0 bytes) @ 0x00000000026e0a8e [0x00000000026e0a40+0x4e]
J 2456 C2 mdesl.graphics.SpriteBatch.render()V (56 bytes) @ 0x0000000002b7acdc [0x0000000002b7ab60+0x17c]
J 841 C1 mdesl.graphics.SpriteBatch.flush()V (37 bytes) @ 0x00000000026b87ec [0x00000000026b8580+0x26c]
j  com.marklynch.graphics.ShadowLight.render()V+333
j  com.marklynch.Game.render()V+0
j  com.marklynch.Game.start()V+94
j  com.marklynch.Game.main([Ljava/lang/String;)V+9
v  ~StubRoutines::call_stub

---------------  P R O C E S S  ---------------

Java Threads: ( => current thread )
  0x000000005e40d000 JavaThread "TimerQueue" daemon [_thread_blocked, id=6464, stack(0x0000000062560000,0x0000000062660000)]
  0x000000005e40c000 JavaThread "Swing-Shell" daemon [_thread_blocked, id=5512, stack(0x00000000613b0000,0x00000000614b0000)]
  0x0000000063bc1800 JavaThread "AWT-Windows" daemon [_thread_in_native, id=2620, stack(0x0000000067650000,0x0000000067750000)]
  0x0000000063c54800 JavaThread "Java2D Disposer" daemon [_thread_blocked, id=4912, stack(0x00000000672c0000,0x00000000673c0000)]
  0x0000000063bab800 JavaThread "LWJGL Timer" daemon [_thread_blocked, id=10092, stack(0x0000000066fa0000,0x00000000670a0000)]
  0x00000000587c1000 JavaThread "Service Thread" daemon [_thread_blocked, id=9972, stack(0x000000005a4e0000,0x000000005a5e0000)]
  0x0000000058756000 JavaThread "C1 CompilerThread3" daemon [_thread_blocked, id=7336, stack(0x000000005a350000,0x000000005a450000)]
  0x0000000058735000 JavaThread "C2 CompilerThread2" daemon [_thread_blocked, id=8088, stack(0x000000005a240000,0x000000005a340000)]
  0x000000005872d000 JavaThread "C2 CompilerThread1" daemon [_thread_blocked, id=4220, stack(0x000000005a090000,0x000000005a190000)]
  0x0000000058727800 JavaThread "C2 CompilerThread0" daemon [_thread_blocked, id=10096, stack(0x0000000059f40000,0x000000005a040000)]
  0x0000000058722000 JavaThread "Attach Listener" daemon [_thread_blocked, id=10144, stack(0x0000000059cd0000,0x0000000059dd0000)]
  0x0000000058721000 JavaThread "Signal Dispatcher" daemon [_thread_blocked, id=5808, stack(0x0000000059960000,0x0000000059a60000)]
  0x0000000057780000 JavaThread "Finalizer" daemon [_thread_blocked, id=9856, stack(0x0000000059ad0000,0x0000000059bd0000)]
  0x0000000057779000 JavaThread "Reference Handler" daemon [_thread_blocked, id=10112, stack(0x0000000059800000,0x0000000059900000)]
=>0x000000000048e800 JavaThread "main" [_thread_in_native, id=9548, stack(0x0000000001fd0000,0x00000000020d0000)]

Other Threads:
  0x0000000057774800 VMThread [stack: 0x0000000059660000,0x0000000059760000] [id=4304]
  0x00000000587c5800 WatcherThread [stack: 0x0000000059e20000,0x0000000059f20000] [id=8356]

VM state:not at safepoint (normal execution)

VM Mutex/Monitor currently owned by a thread: None

Heap:
 PSYoungGen      total 38400K, used 19123K [0x00000000d5f00000, 0x00000000d8980000, 0x0000000100000000)
  eden space 33280K, 42% used [0x00000000d5f00000,0x00000000d6cb2980,0x00000000d7f80000)
  from space 5120K, 99% used [0x00000000d7f80000,0x00000000d847a308,0x00000000d8480000)
  to   space 5120K, 0% used [0x00000000d8480000,0x00000000d8480000,0x00000000d8980000)
 ParOldGen       total 87552K, used 2795K [0x0000000081c00000, 0x0000000087180000, 0x00000000d5f00000)
  object space 87552K, 3% used [0x0000000081c00000,0x0000000081ebac00,0x0000000087180000)
 Metaspace       used 17422K, capacity 17639K, committed 17920K, reserved 1064960K
  class space    used 2099K, capacity 2193K, committed 2304K, reserved 1048576K

Card table byte_map: [0x0000000011760000,0x0000000011b60000] byte_map_base: 0x0000000011352000

Marking Bits: (ParMarkBitMap*) 0x0000000070414040
 Begin Bits: [0x0000000012a70000, 0x0000000014a00000)
 End Bits:   [0x0000000014a00000, 0x0000000016990000)

Polling page: 0x00000000001c0000

CodeCache: size=245760Kb used=8057Kb max_used=8057Kb free=237702Kb
 bounds [0x00000000023a0000, 0x0000000002b90000, 0x00000000113a0000]
 total_blobs=3122 nmethods=2466 adapters=567
 compilation: enabled

Compilation events (10 events):
Event: 10.943 Thread 0x000000005872d000 2462       4       java.util.regex.Matcher::find (69 bytes)
Event: 10.946 Thread 0x000000005872d000 nmethod 2462 0x0000000002b7fd90 code [0x0000000002b7fee0, 0x0000000002b801b8]
Event: 10.992 Thread 0x0000000058756000 2463       3       java.nio.Buffer::nextPutIndex (38 bytes)
Event: 10.992 Thread 0x0000000058756000 nmethod 2463 0x0000000002b7f910 code [0x0000000002b7fa80, 0x0000000002b7fca8]
Event: 11.009 Thread 0x0000000058756000 2464       1       java.nio.HeapByteBuffer::_put (8 bytes)
Event: 11.009 Thread 0x0000000058756000 nmethod 2464 0x0000000002b69010 code [0x0000000002b69160, 0x0000000002b69290]
Event: 11.226 Thread 0x0000000058756000 2465   !   3       com.marklynch.editor.Editor::getButtonFromMousePosition (254 bytes)
Event: 11.229 Thread 0x0000000058756000 nmethod 2465 0x0000000002b84810 code [0x0000000002b84c20, 0x0000000002b87498]
Event: 11.336 Thread 0x0000000058756000 2466       3       org.lwjgl.opengl.WindowsKeyboard::isKeyPressed (13 bytes)
Event: 11.336 Thread 0x0000000058756000 nmethod 2466 0x0000000002b7f590 code [0x0000000002b7f6e0, 0x0000000002b7f870]

GC Heap History (2 events):
Event: 2.372 GC heap before
{Heap before GC invocations=1 (full 0):
 PSYoungGen      total 38400K, used 33280K [0x00000000d5f00000, 0x00000000d8980000, 0x0000000100000000)
  eden space 33280K, 100% used [0x00000000d5f00000,0x00000000d7f80000,0x00000000d7f80000)
  from space 5120K, 0% used [0x00000000d8480000,0x00000000d8480000,0x00000000d8980000)
  to   space 5120K, 0% used [0x00000000d7f80000,0x00000000d7f80000,0x00000000d8480000)
 ParOldGen       total 87552K, used 0K [0x0000000081c00000, 0x0000000087180000, 0x00000000d5f00000)
  object space 87552K, 0% used [0x0000000081c00000,0x0000000081c00000,0x0000000087180000)
 Metaspace       used 11642K, capacity 11817K, committed 12160K, reserved 1060864K
  class space    used 1257K, capacity 1350K, committed 1408K, reserved 1048576K
Event: 2.378 GC heap after
Heap after GC invocations=1 (full 0):
 PSYoungGen      total 38400K, used 5096K [0x00000000d5f00000, 0x00000000d8980000, 0x0000000100000000)
  eden space 33280K, 0% used [0x00000000d5f00000,0x00000000d5f00000,0x00000000d7f80000)
  from space 5120K, 99% used [0x00000000d7f80000,0x00000000d847a308,0x00000000d8480000)
  to   space 5120K, 0% used [0x00000000d8480000,0x00000000d8480000,0x00000000d8980000)
 ParOldGen       total 87552K, used 2795K [0x0000000081c00000, 0x0000000087180000, 0x00000000d5f00000)
  object space 87552K, 3% used [0x0000000081c00000,0x0000000081ebac00,0x0000000087180000)
 Metaspace       used 11642K, capacity 11817K, committed 12160K, reserved 1060864K
  class space    used 1257K, capacity 1350K, committed 1408K, reserved 1048576K
}

Deoptimization events (10 events):
Event: 2.383 Thread 0x000000000048e800 Uncommon trap: reason=bimorphic action=maybe_recompile pc=0x00000000027f742c method=java.util.regex.Pattern$Start.match(Ljava/util/regex/Matcher;ILjava/lang/CharSequence;)Z @ 44
Event: 2.383 Thread 0x000000000048e800 Uncommon trap: reason=bimorphic action=maybe_recompile pc=0x00000000027f742c method=java.util.regex.Pattern$Start.match(Ljava/util/regex/Matcher;ILjava/lang/CharSequence;)Z @ 44
Event: 2.383 Thread 0x000000000048e800 Uncommon trap: reason=bimorphic action=maybe_recompile pc=0x00000000027f742c method=java.util.regex.Pattern$Start.match(Ljava/util/regex/Matcher;ILjava/lang/CharSequence;)Z @ 44
Event: 2.383 Thread 0x000000000048e800 Uncommon trap: reason=bimorphic action=maybe_recompile pc=0x00000000027f742c method=java.util.regex.Pattern$Start.match(Ljava/util/regex/Matcher;ILjava/lang/CharSequence;)Z @ 44
Event: 2.575 Thread 0x000000000048e800 Uncommon trap: reason=class_check action=maybe_recompile pc=0x00000000025ad704 method=java.lang.String.equals(Ljava/lang/Object;)Z @ 8
Event: 2.579 Thread 0x000000000048e800 Uncommon trap: reason=class_check action=maybe_recompile pc=0x00000000025ad704 method=java.lang.String.equals(Ljava/lang/Object;)Z @ 8
Event: 2.579 Thread 0x000000000048e800 Uncommon trap: reason=class_check action=maybe_recompile pc=0x00000000025ad704 method=java.lang.String.equals(Ljava/lang/Object;)Z @ 8
Event: 2.579 Thread 0x000000000048e800 Uncommon trap: reason=class_check action=maybe_recompile pc=0x00000000025ad704 method=java.lang.String.equals(Ljava/lang/Object;)Z @ 8
Event: 9.148 Thread 0x000000005e40b800 Uncommon trap: reason=unstable_if action=reinterpret pc=0x0000000002a60b6c method=javax.swing.DefaultListCellRenderer.firePropertyChange(Ljava/lang/String;Ljava/lang/Object;Ljava/lang/Object;)V @ 20
Event: 9.213 Thread 0x000000005e40b800 Uncommon trap: reason=unstable_if action=reinterpret pc=0x0000000002a99c58 method=sun.font.FileFontStrike.getCachedGlyphPtr(I)J @ 99

Internal exceptions (10 events):
Event: 2.267 Thread 0x000000000048e800 Exception <a 'java/lang/ArrayIndexOutOfBoundsException': 139> (0x00000000d7b956a0) thrown at [D:\re\workspace\8-2-build-windows-amd64-cygwin\jdk8u40\2855\hotspot\src\share\vm\interpreter\interpreterRuntime.cpp, line 366]
Event: 2.268 Thread 0x000000000048e800 Exception <a 'java/lang/ArrayIndexOutOfBoundsException'> (0x00000000d7b9d2c0) thrown at [D:\re\workspace\8-2-build-windows-amd64-cygwin\jdk8u40\2855\hotspot\src\share\vm\runtime\sharedRuntime.cpp, line 605]
Event: 2.268 Thread 0x000000000048e800 Exception <a 'java/lang/ArrayIndexOutOfBoundsException'> (0x00000000d7b9e778) thrown at [D:\re\workspace\8-2-build-windows-amd64-cygwin\jdk8u40\2855\hotspot\src\share\vm\runtime\sharedRuntime.cpp, line 605]
Event: 2.269 Thread 0x000000000048e800 Exception <a 'java/lang/ArrayIndexOutOfBoundsException'> (0x00000000d7ba4278) thrown at [D:\re\workspace\8-2-build-windows-amd64-cygwin\jdk8u40\2855\hotspot\src\share\vm\runtime\sharedRuntime.cpp, line 605]
Event: 2.272 Thread 0x000000000048e800 Exception <a 'java/lang/ArrayIndexOutOfBoundsException'> (0x00000000d7bbb348) thrown at [D:\re\workspace\8-2-build-windows-amd64-cygwin\jdk8u40\2855\hotspot\src\share\vm\runtime\sharedRuntime.cpp, line 605]
Event: 2.292 Thread 0x000000000048e800 Exception <a 'java/io/FileNotFoundException'> (0x00000000d7c59e28) thrown at [D:\re\workspace\8-2-build-windows-amd64-cygwin\jdk8u40\2855\hotspot\src\share\vm\prims\jni.cpp, line 709]
Event: 2.330 Thread 0x000000000048e800 Exception <a 'java/lang/NoSuchFieldError': method resolution failed> (0x00000000d7d40728) thrown at [D:\re\workspace\8-2-build-windows-amd64-cygwin\jdk8u40\2855\hotspot\src\share\vm\prims\methodHandles.cpp, line 1125]
Event: 2.331 Thread 0x000000000048e800 Exception <a 'java/lang/NoSuchFieldError': method resolution failed> (0x00000000d7d4f058) thrown at [D:\re\workspace\8-2-build-windows-amd64-cygwin\jdk8u40\2855\hotspot\src\share\vm\prims\methodHandles.cpp, line 1125]
Event: 2.358 Thread 0x000000000048e800 Exception <a 'java/io/FileNotFoundException'> (0x00000000d7e19f58) thrown at [D:\re\workspace\8-2-build-windows-amd64-cygwin\jdk8u40\2855\hotspot\src\share\vm\prims\jni.cpp, line 709]
Event: 9.213 Thread 0x000000005e40b800 Implicit null exception at 0x0000000002a99b05 to 0x0000000002a99c41

Events (10 events):
Event: 10.160 Thread 0x000000000048e800 DEOPT PACKING pc=0x0000000002b3c5e0 sp=0x00000000020ced20
Event: 10.160 Thread 0x000000000048e800 DEOPT UNPACKING pc=0x00000000023e787f sp=0x00000000020cead0 mode 0
Event: 10.227 Thread 0x000000000048e800 DEOPT PACKING pc=0x0000000002b3c5e0 sp=0x00000000020cede0
Event: 10.227 Thread 0x000000000048e800 DEOPT UNPACKING pc=0x00000000023e787f sp=0x00000000020ceb90 mode 0
Event: 11.208 loading class sun/awt/AppContext$PostShutdownEventRunnable
Event: 11.208 loading class sun/awt/AppContext$PostShutdownEventRunnable done
Event: 11.209 loading class sun/awt/AWTAutoShutdown$1
Event: 11.209 loading class sun/awt/AWTAutoShutdown$1 done
Event: 11.209 Thread 0x0000000063bc0800 Thread exited: 0x0000000063bc0800
Event: 11.209 Thread 0x000000005e40b800 Thread exited: 0x000000005e40b800


Dynamic libraries:
0x000000013f690000 - 0x000000013f6c7000 	C:\Program Files\Java\jre1.8.0_40\bin\javaw.exe
0x00000000779f0000 - 0x0000000077b99000 	C:\Windows\SYSTEM32\ntdll.dll
0x00000000777d0000 - 0x00000000778ef000 	C:\Windows\system32\kernel32.dll
0x000007fefd830000 - 0x000007fefd89c000 	C:\Windows\system32\KERNELBASE.dll
0x000007feff3b0000 - 0x000007feff48b000 	C:\Windows\system32\ADVAPI32.dll
0x000007feff620000 - 0x000007feff6bf000 	C:\Windows\system32\msvcrt.dll
0x000007feffbd0000 - 0x000007feffbef000 	C:\Windows\SYSTEM32\sechost.dll
0x000007fefee90000 - 0x000007fefefbd000 	C:\Windows\system32\RPCRT4.dll
0x00000000778f0000 - 0x00000000779ea000 	C:\Windows\system32\USER32.dll
0x000007feff290000 - 0x000007feff2f7000 	C:\Windows\system32\GDI32.dll
0x000007feff300000 - 0x000007feff30e000 	C:\Windows\system32\LPK.dll
0x000007fefdb60000 - 0x000007fefdc29000 	C:\Windows\system32\USP10.dll
0x000007fefbfb0000 - 0x000007fefc1a4000 	C:\Windows\WinSxS\amd64_microsoft.windows.common-controls_6595b64144ccf1df_6.0.7601.18837_none_fa3b1e3d17594757\COMCTL32.dll
0x000007fefed30000 - 0x000007fefeda1000 	C:\Windows\system32\SHLWAPI.dll
0x000007fefdc30000 - 0x000007fefdc5e000 	C:\Windows\system32\IMM32.DLL
0x000007feffbf0000 - 0x000007feffcf9000 	C:\Windows\system32\MSCTF.dll
0x0000000079000000 - 0x00000000790d2000 	C:\Program Files\Java\jre1.8.0_40\bin\msvcr100.dll
0x000000006fc10000 - 0x0000000070493000 	C:\Program Files\Java\jre1.8.0_40\bin\server\jvm.dll
0x000007fef8c00000 - 0x000007fef8c09000 	C:\Windows\system32\WSOCK32.dll
0x000007feff220000 - 0x000007feff26d000 	C:\Windows\system32\WS2_32.dll
0x000007fefdf30000 - 0x000007fefdf38000 	C:\Windows\system32\NSI.dll
0x000007fefb530000 - 0x000007fefb56b000 	C:\Windows\system32\WINMM.dll
0x000007fefc880000 - 0x000007fefc88c000 	C:\Windows\system32\VERSION.dll
0x0000000077bc0000 - 0x0000000077bc7000 	C:\Windows\system32\PSAPI.DLL
0x000000006d7a0000 - 0x000000006d7af000 	C:\Program Files\Java\jre1.8.0_40\bin\verify.dll
0x0000000066390000 - 0x00000000663b9000 	C:\Program Files\Java\jre1.8.0_40\bin\java.dll
0x0000000066370000 - 0x0000000066386000 	C:\Program Files\Java\jre1.8.0_40\bin\zip.dll
0x000007fefdf40000 - 0x000007fefecc9000 	C:\Windows\system32\SHELL32.dll
0x000007feff7e0000 - 0x000007feff9e3000 	C:\Windows\system32\ole32.dll
0x000007fefd7b0000 - 0x000007fefd7bf000 	C:\Windows\system32\profapi.dll
0x0000000180000000 - 0x0000000180053000 	C:\dev\workspace\tactics\tactics_project\libs\lwjgl_native\lwjgl64.dll
0x000007fee97c0000 - 0x000007fee98dd000 	C:\Windows\system32\OPENGL32.dll
0x000007fef54c0000 - 0x000007fef54ed000 	C:\Windows\system32\GLU32.dll
0x000007fee96c0000 - 0x000007fee97b1000 	C:\Windows\system32\DDRAW.dll
0x000007fefa1a0000 - 0x000007fefa1a8000 	C:\Windows\system32\DCIMAN32.dll
0x000007feff9f0000 - 0x000007feffbc7000 	C:\Windows\system32\SETUPAPI.dll
0x000007fefdb10000 - 0x000007fefdb46000 	C:\Windows\system32\CFGMGR32.dll
0x000007fefedb0000 - 0x000007fefee87000 	C:\Windows\system32\OLEAUT32.dll
0x000007fefda30000 - 0x000007fefda4a000 	C:\Windows\system32\DEVOBJ.dll
0x000007fefb1e0000 - 0x000007fefb1f8000 	C:\Windows\system32\dwmapi.dll
0x000007fefbdd0000 - 0x000007fefbe26000 	C:\Windows\system32\uxtheme.dll
0x000007fefd600000 - 0x000007fefd60f000 	C:\Windows\system32\CRYPTBASE.dll
0x000000005a8d0000 - 0x000000005b948000 	C:\Windows\system32\ig7icd64.dll
0x000007fee9620000 - 0x000007fee96bc000 	C:\Windows\system32\mscms.dll
0x000007fefd7c0000 - 0x000007fefd7de000 	C:\Windows\system32\USERENV.dll
0x000007feeffc0000 - 0x000007fef0002000 	C:\Windows\system32\icm32.dll
0x00000000121d0000 - 0x0000000012234000 	C:\dev\workspace\tactics\tactics_project\libs\lwjgl_native\OpenAL64.dll
0x000007feff6c0000 - 0x000007feff759000 	C:\Windows\system32\CLBCatQ.DLL
0x000007fefbf60000 - 0x000007fefbfab000 	C:\Windows\System32\MMDevApi.dll
0x000007fefbe30000 - 0x000007fefbf5c000 	C:\Windows\System32\PROPSYS.dll
0x000007fef8d50000 - 0x000007fef8dd8000 	C:\Windows\system32\dsound.dll
0x000007fefc1c0000 - 0x000007fefc1ec000 	C:\Windows\system32\POWRPROF.dll
0x000007fefb310000 - 0x000007fefb35f000 	C:\Windows\system32\AUDIOSES.DLL
0x000007fefd190000 - 0x000007fefd1a8000 	C:\Windows\system32\CRYPTSP.dll
0x000007fefccc0000 - 0x000007fefcd07000 	C:\Windows\system32\rsaenh.dll
0x0000000066350000 - 0x000000006636a000 	C:\Program Files\Java\jre1.8.0_40\bin\net.dll
0x000007fefcf30000 - 0x000007fefcf85000 	C:\Windows\system32\mswsock.dll
0x000007fefcf90000 - 0x000007fefcf97000 	C:\Windows\System32\wship6.dll
0x000007fefa420000 - 0x000007fefa447000 	C:\Windows\system32\IPHLPAPI.DLL
0x000007fefa3a0000 - 0x000007fefa3ab000 	C:\Windows\system32\WINNSI.DLL
0x000007fefa250000 - 0x000007fefa261000 	C:\Windows\system32\dhcpcsvc6.DLL
0x000007fefa210000 - 0x000007fefa228000 	C:\Windows\system32\dhcpcsvc.DLL
0x0000000066330000 - 0x0000000066341000 	C:\Program Files\Java\jre1.8.0_40\bin\nio.dll
0x000000006cf40000 - 0x000000006d0d8000 	C:\Program Files\Java\jre1.8.0_40\bin\awt.dll
0x000007fef6d70000 - 0x000007fef6e10000 	C:\Windows\WinSxS\amd64_microsoft.windows.common-controls_6595b64144ccf1df_5.82.7601.18837_none_a4d981ff711297b6\comctl32.dll
0x0000000012360000 - 0x00000000123a7000 	C:\Program Files\Java\jre1.8.0_40\bin\fontmanager.dll
0x0000000012500000 - 0x0000000012541000 	C:\Program Files\Java\jre1.8.0_40\bin\t2k.dll
0x000007fefbb80000 - 0x000007fefbbad000 	C:\Windows\system32\ntmarta.dll
0x000007fefecd0000 - 0x000007fefed22000 	C:\Windows\system32\WLDAP32.dll
0x000007fefd5a0000 - 0x000007fefd5f7000 	C:\Windows\system32\apphelp.dll
0x000007fee98e0000 - 0x000007fee9a7c000 	C:\Windows\system32\NetworkExplorer.dll
0x000007fef6100000 - 0x000007fef6134000 	C:\Windows\System32\shdocvw.dll
0x000007fefb950000 - 0x000007fefb95b000 	C:\Windows\system32\slc.dll
0x000007fefa9d0000 - 0x000007fefa9e8000 	C:\Windows\system32\MPR.dll
0x000007fefc1f0000 - 0x000007fefc1fa000 	C:\Windows\System32\drprov.dll
0x000007fefd6b0000 - 0x000007fefd6ed000 	C:\Windows\System32\WINSTA.dll
0x000007fefab60000 - 0x000007fefab82000 	C:\Windows\System32\ntlanman.dll
0x000007fefab40000 - 0x000007fefab5d000 	C:\Windows\System32\davclnt.dll
0x000007fefadf0000 - 0x000007fefadfa000 	C:\Windows\System32\DAVHLPR.dll
0x000007fef5520000 - 0x000007fef5542000 	C:\Windows\system32\LMIRfsClientNP.dll
0x000007fefa470000 - 0x000007fefa485000 	C:\Windows\system32\wkscli.dll
0x000007fef89e0000 - 0x000007fef89ef000 	C:\Windows\system32\cscapi.dll
0x000007fefcc60000 - 0x000007fefcc6c000 	C:\Windows\system32\netutils.dll
0x000007fee7b90000 - 0x000007fee7e01000 	C:\Windows\system32\wpdshext.dll
0x000007fefbbb0000 - 0x000007fefbdc6000 	C:\Windows\WinSxS\amd64_microsoft.windows.gdiplus_6595b64144ccf1df_1.1.7601.18946_none_2b27281071eac12c\gdiplus.dll
0x000007fef0230000 - 0x000007fef02ed000 	C:\Windows\system32\PortableDeviceApi.dll
0x000007fefd7f0000 - 0x000007fefd82b000 	C:\Windows\system32\WINTRUST.dll
0x000007fefd8b0000 - 0x000007fefda1d000 	C:\Windows\system32\CRYPT32.dll
0x000007fefd7a0000 - 0x000007fefd7af000 	C:\Windows\system32\MSASN1.dll
0x000007fee8cc0000 - 0x000007fee8cf5000 	C:\Windows\system32\EhStorShell.dll
0x000007fef8bb0000 - 0x000007fef8bd7000 	C:\Windows\system32\EhStorAPI.dll
0x000007fef2ca0000 - 0x000007fef2cac000 	C:\Windows\system32\LINKINFO.dll
0x000007fefabd0000 - 0x000007fefad31000 	C:\Windows\system32\WindowsCodecs.dll
0x000007feee5e0000 - 0x000007feee6da000 	C:\Program Files (x86)\Adobe\Adobe Creative Cloud\CoreSyncExtension\CoreSync_x64.dll
0x000007feeddb0000 - 0x000007feedfed000 	C:\Program Files\Microsoft Office 15\root\VFS\ProgramFilesX64\Microsoft Office\Office15\GROOVEEX.DLL
0x000000006e8e0000 - 0x000000006e978000 	C:\Program Files\Microsoft Office 15\root\VFS\ProgramFilesX64\Microsoft Office\Office15\MSVCP100.dll
0x0000000074fe0000 - 0x000000007500b000 	C:\Program Files\Microsoft Office 15\root\VFS\ProgramFilesX64\Microsoft Office\Office15\ATL100.DLL
0x000007fef4f50000 - 0x000007fef526e000 	C:\Windows\system32\msi.dll
0x000007feec470000 - 0x000007feecced000 	C:\Program Files\Microsoft Office 15\root\VFS\ProgramFilesX64\Microsoft Office\Office15\1033\GrooveIntlResource.dll
0x000000006e8c0000 - 0x000000006e8d6000 	C:\Program Files\Common Files\TortoiseOverlays\TortoiseOverlays.dll
0x000000006e8b0000 - 0x000000006e8c0000 	C:\Program Files\TortoiseSVN\bin\TortoiseStub.dll
0x000000006e830000 - 0x000000006e8ab000 	C:\Program Files\TortoiseSVN\bin\TortoiseSVN.dll
0x000007fefefc0000 - 0x000007feff21a000 	C:\Windows\system32\WININET.dll
0x000007fefdb50000 - 0x000007fefdb54000 	C:\Windows\system32\api-ms-win-downlevel-user32-l1-1-0.dll
0x000007fefdaf0000 - 0x000007fefdaf4000 	C:\Windows\system32\api-ms-win-downlevel-shlwapi-l1-1-0.dll
0x000007fefd7e0000 - 0x000007fefd7e4000 	C:\Windows\system32\api-ms-win-downlevel-version-l1-1-0.dll
0x000007fefda20000 - 0x000007fefda23000 	C:\Windows\system32\api-ms-win-downlevel-normaliz-l1-1-0.dll
0x0000000077bb0000 - 0x0000000077bb3000 	C:\Windows\system32\normaliz.DLL
0x000007fefdc60000 - 0x000007fefdf27000 	C:\Windows\system32\iertutil.dll
0x000007fefd8a0000 - 0x000007fefd8a5000 	C:\Windows\system32\api-ms-win-downlevel-advapi32-l1-1-0.dll
0x000007feec080000 - 0x000007feec46d000 	C:\Program Files\TortoiseSVN\bin\libsvn_tsvn.dll
0x000000006e800000 - 0x000000006e82b000 	C:\Program Files\TortoiseSVN\bin\libapr_tsvn.dll
0x000000006e7b0000 - 0x000000006e7f1000 	C:\Program Files\TortoiseSVN\bin\libaprutil_tsvn.dll
0x000007fefaa40000 - 0x000007fefaa50000 	C:\Program Files\TortoiseSVN\bin\intl3_tsvn.dll
0x000007fefa1b0000 - 0x000007fefa1ca000 	C:\Program Files\TortoiseSVN\bin\libsasl.dll
0x000007fefd3a0000 - 0x000007fefd3ab000 	C:\Windows\system32\Secur32.dll
0x000007fefd560000 - 0x000007fefd585000 	C:\Windows\system32\SSPICLI.DLL
0x000007feea2f0000 - 0x000007feea36e000 	C:\Windows\System32\cscui.dll
0x000007fefabb0000 - 0x000007fefabbc000 	C:\Windows\System32\CSCDLL.dll
0x000007fef2c20000 - 0x000007fef2ca0000 	C:\Windows\system32\ntshrui.dll
0x000007fefd220000 - 0x000007fefd243000 	C:\Windows\system32\srvcli.dll
0x000007fefb360000 - 0x000007fefb485000 	C:\Windows\system32\dbghelp.dll

VM Arguments:
jvm_args: -Djava.library.path=C:\dev\workspace\tactics\tactics_project\libs\lwjgl_native -Dfile.encoding=Cp1252 
java_command: com.marklynch.Game
java_class_path (initial): C:\dev\workspace\tactics\tactics_project\bin;C:\dev\workspace\tactics\tactics_project\libs\ibxm.jar;C:\dev\workspace\tactics\tactics_project\libs\jogg-0.0.7.jar;C:\dev\workspace\tactics\tactics_project\libs\jorbis-0.0.15.jar;C:\dev\workspace\tactics\tactics_project\libs\lwjgl_util_applet.jar;C:\dev\workspace\tactics\tactics_project\libs\lwjgl_util.jar;C:\dev\workspace\tactics\tactics_project\libs\natives-linux.jar;C:\dev\workspace\tactics\tactics_project\libs\natives-mac.jar;C:\dev\workspace\tactics\tactics_project\libs\natives-windows.jar;C:\dev\workspace\tactics\tactics_project\libs\slick-util.jar;C:\dev\workspace\tactics\tactics_project\libs\AppleJavaExtensions.jar;C:\dev\workspace\tactics\tactics_project\libs\asm-debug-all.jar;C:\dev\workspace\tactics\tactics_project\libs\jinput.jar;C:\dev\workspace\tactics\tactics_project\libs\laf-plugin-7.2.1.jar;C:\dev\workspace\tactics\tactics_project\libs\laf-widget-7.2.1.jar;C:\dev\workspace\tactics\tactics_project\libs\log4j-api-2.0-beta9.jar;C:\dev\workspace\tactics\tactics_project\libs\lwjgl_test.jar;C:\dev\workspace\tactics\tactics_project\libs\lwjgl-debug.jar;C:\dev\workspace\tactics\tactics_project\libs\lwjgl.jar;C:\dev\workspace\tactics\tactics_project\libs\lzma.jar;C:\dev\workspace\tactics\tactics_project\libs\substance-7.2.1.jar;C:\dev\workspace\tactics\tactics_project\libs\trident-7.2.1.jar;C:\dev\workspace\tactics\tactics_project\libs\gson-2.3.1.jar;C:\dev\workspace\tactics\tactics_project\libs\commons-io-2.4.jar;C:\dev\workspace\tactics\tactics_project\libs\PNGDecoder.jar;C:\dev\workspace\tactics\tactics_project\libs\xpp3-1.1.4c.jar
Launcher Type: SUN_STANDARD

Environment Variables:
PATH=C:/Program Files/Java/jre1.8.0_40/bin/server;C:/Program Files/Java/jre1.8.0_40/bin;C:/Program Files/Java/jre1.8.0_40/lib/amd64;C:\Program Files (x86)\NVIDIA Corporation\PhysX\Common;C:\ProgramData\Oracle\Java\javapath;C:\Program Files (x86)\Intel\iCLS Client\;C:\Program Files\Intel\iCLS Client\;C:\Windows\system32;C:\Windows;C:\Windows\System32\Wbem;C:\Windows\System32\WindowsPowerShell\v1.0\;C:\Program Files\Intel\Intel(R) Management Engine Components\DAL;C:\Program Files\Intel\Intel(R) Management Engine Components\IPT;C:\Program Files (x86)\Intel\Intel(R) Management Engine Components\DAL;C:\Program Files (x86)\Intel\Intel(R) Management Engine Components\IPT;C:\Program Files (x86)\Security Innovation\SI TSS\bin\;c:\Program Files (x86)\Microsoft SQL Server\100\Tools\Binn\;c:\Program Files\Microsoft SQL Server\100\Tools\Binn\;c:\Program Files\Microsoft SQL Server\100\DTS\Binn\;c:\Program Files (x86)\Microsoft SQL Server\100\Tools\Binn\VSShell\Common7\IDE\;c:\Program Files (x86)\Microsoft Visual Studio 9.0\Common7\IDE\PrivateAssemblies\;c:\Program Files (x86)\Microsoft SQL Server\100\DTS\Binn\;C:\Program Files\TortoiseSVN\bin;C:\Program Files (x86)\Skype\Phone\;C:\dev\adt-bundle-windows-x86_64-20140624\adt-bundle-windows-x86_64-20140624\eclipse;
USERNAME=Mark.Lynch
OS=Windows_NT
PROCESSOR_IDENTIFIER=Intel64 Family 6 Model 58 Stepping 9, GenuineIntel



---------------  S Y S T E M  ---------------

OS: Windows 7 , 64 bit Build 7601 (6.1.7601.18933)

CPU:total 8 (4 cores per cpu, 2 threads per core) family 6 model 58 stepping 9, cmov, cx8, fxsr, mmx, sse, sse2, sse3, ssse3, sse4.1, sse4.2, popcnt, avx, aes, clmul, erms, ht, tsc, tscinvbit, tscinv

Memory: 4k page, physical 8272432k(923800k free), swap 16543024k(6637736k free)

vm_info: Java HotSpot(TM) 64-Bit Server VM (25.40-b25) for windows-amd64 JRE (1.8.0_40-b25), built on Feb 10 2015 21:53:57 by "java_re" with MS VC++ 10.0 (VS2010)

time: Wed Aug 19 12:21:47 2015
elapsed time: 11 seconds (0d 0h 0m 11s)

