#
# A fatal error has been detected by the Java Runtime Environment:
#
#  SIGSEGV (0xb) at pc=0x0000000000000000, pid=10672, tid=125967
#
# JRE version: Java(TM) SE Runtime Environment (11.0.1+13) (build 11.0.1+13-LTS)
# Java VM: Java HotSpot(TM) 64-Bit Server VM (11.0.1+13-LTS, mixed mode, tiered, compressed oops, g1 gc, bsd-amd64)
# Problematic frame:
# C  0x0000000000000000
#
# No core dump will be written. Core dumps have been disabled. To enable core dumping, try "ulimit -c unlimited" before starting Java again
#
# If you would like to submit a bug report, please visit:
#   http://bugreport.java.com/bugreport/crash.jsp
#

---------------  S U M M A R Y ------------

Command Line: -Dfile.encoding=UTF-8 com.marklynch.Game

Host: MacBookPro14,1 x86_64 2300 MHz, 4 cores, 16G, Darwin 18.5.0
Time: Tue Apr 16 16:09:03 2019 IST elapsed time: 56 seconds (0d 0h 0m 56s)

---------------  T H R E A D  ---------------

Current thread is native thread

Stack: [0x0000700006d62000,0x0000700006de2000],  sp=0x0000700006de1998,  free space=510k

siginfo: si_signo: 11 (SIGSEGV), si_code: 1 (SEGV_MAPERR), si_addr: 0x0000000000000000

Register to memory mapping:

RAX=
[error occurred during error reporting (printing register info), id 0xb, SIGSEGV (0xb) at pc=0x0000000102e50d80]

Registers:
RAX=0x000000019c14c508, RBX=0x00000000000161b0, RCX=0x0000000000000010, RDX=0xfffffffffffffff0
RSP=0x0000700006de1998, RBP=0x0000700006de1a40, RSI=0x0000000000000000, RDI=0x00000001996cc000
R8 =0x0000000000000200, R9 =0x00007fcb3285aa00, R10=0x00007fcb30b8b430, R11=0x0000000000001a80
R12=0x00007fcb32858f80, R13=0x00000001996cc000, R14=0x00007fcb3285aa00, R15=0x0000000000000800
RIP=0x0000000000000000, EFLAGS=0x0000000000010246, ERR=0x0000000000000014
  TRAPNO=0x000000000000000e

Top of Stack: (sp=0x0000700006de1998)
0x0000700006de1998:   000000019c11e639 0000000000000000
0x0000700006de19a8:   0000000000000000 00000001996d41b0
0x0000700006de19b8:   