#
# A fatal error has been detected by the Java Runtime Environment:
#
#  EXCEPTION_ACCESS_VIOLATION (0xc0000005) at pc=0x000000005b26d218, pid=6712, tid=4700
#
# JRE version: Java(TM) SE Runtime Environment (8.0_40-b25) (build 1.8.0_40-b25)
# Java VM: Java HotSpot(TM) 64-Bit Server VM (25.40-b25 mixed mode windows-amd64 compressed oops)
# Problematic frame:
# C  [ig7icd64.dll+0x2d218]
#
# Failed to write core dump. Minidumps are not enabled by default on client versions of Windows
#
# If you would like to submit a bug report, please visit:
#   http://bugreport.java.com/bugreport/crash.jsp
# The crash happened outside the Java Virtual Machine in native code.
# See problematic frame for where to report the bug.
#

---------------  T H R E A D  ---------------

Current thread (0x0000000001bbe800):  JavaThread "main" [_thread_in_native, id=4700, stack(0x0000000002010000,0x0000000002110000)]

siginfo: ExceptionCode=0xc0000005, reading address 0x0000000000000020

Registers:
RAX=0x0000000000000000, RBX=0x0000000000000001, RCX=0x0000000000000001, RDX=0x000000005a90cf90
RSP=0x000000000210e530, RBP=0x000000005b0626f0, RSI=0x000000005a90cf90, RDI=0x0000000000000001
R8 =0x0000000000000001, R9 =0x000000005a90cf90, R10=0x0000000000000000, R11=0x0000000000000000
R12=0x000000005a90c1a8, R13=0x0000000000000000, R14=0x0000000000000000, R15=0x000000005a8aefa8
RIP=0x000000005b26d218, EFLAGS=0x0000000000010202

Top of Stack: (sp=0x000000000210e530)
0x000000000210e530:   0000000000000000 000000005a90cf90
0x000000000210e540:   0000000000000000 000000000210e650
0x000000000210e550:   0000000000000000 00000000023f6340
0x000000000210e560:   0000000000000215 000000000000001e
0x000000000210e570:   0000000000000000 000000000210e630
0x000000000210e580:   0000000000000000 0000000000000000
0x000000000210e590:   0000000000000000 0000000000000000
0x000000000210e5a0:   000000000c84e15a 00000000779a4e3e
0x000000000210e5b0:   0000000002010008 000000000210e7b8
0x000000000210e5c0:   000000000210e5c0 0000000000000000
0x000000000210e5d0:   000000000210e650 00000000572295b8
0x000000000210e5e0:   0000000000000000 0000000057225950
0x000000000210e5f0:   000000005a90c1a8 000000000210e620
0x000000000210e600:   000000000210e698 00000000023e77e0
0x000000000210e610:   00000000d61bf3f0 00000000023ef957
0x000000000210e620:   0000000000000000 000000006f70eff9 

Instructions: (pc=0x000000005b26d218)
0x000000005b26d1f8:   00 48 63 c9 48 8b 84 c8 c0 00 00 00 48 85 c0 74
0x000000005b26d208:   19 48 8b 40 70 66 0f ef ff 0f b6 58 11 48 8b 00
0x000000005b26d218:   8b 40 20 ff c8 f3 48 0f 2a f8 41 8b 84 24 20 01
0x000000005b26d228:   00 00 0f b6 cb c1 e8 04 89 4c 24 30 83 e0 01 3b 


Register to memory mapping:

RAX=0x0000000000000000 is an unknown value
RBX=0x0000000000000001 is an unknown value
RCX=0x0000000000000001 is an unknown value
RDX=0x000000005a90cf90 is an unknown value
RSP=0x000000000210e530 is pointing into the stack for thread: 0x0000000001bbe800
RBP=0x000000005b0626f0 is an unknown value
RSI=0x000000005a90cf90 is an unknown value
RDI=0x0000000000000001 is an unknown value
R8 =0x0000000000000001 is an unknown value
R9 =0x000000005a90cf90 is an unknown value
R10=0x0000000000000000 is an unknown value
R11=0x0000000000000000 is an unknown value
R12=0x000000005a90c1a8 is an unknown value
R13=0x0000000000000000 is an unknown value
R14=0x0000000000000000 is an unknown value
R15=0x000000005a8aefa8 is an unknown value


Stack: [0x0000000002010000,0x0000000002110000],  sp=0x000000000210e530,  free space=1017k
Native frames: (J=compiled Java code, j=interpreted, Vv=VM code, C=native code)
C  [ig7icd64.dll+0x2d218]
C  [ig7icd64.dll+0x22a00]
C  [ig7icd64.dll+0x77ad8]
C  [ig7icd64.dll+0x79f02]
C  [ig7icd64.dll+0x1f6a1d]
C  [ig7icd64.dll+0x1f8e35]
C  0x00000000023f5e14

Java frames: (J=compiled Java code, j=interpreted, Vv=VM code)
j  org.lwjgl.opengl.GL11.nglDrawArrays(IIIJ)V+0
j  org.lwjgl.opengl.GL11.glDrawArrays(III)V+20
j  mdesl.graphics.glutils.VertexArray.draw(III)V+3
j  mdesl.graphics.SpriteBatch.render()V+33
J 752 C2 mdesl.graphics.SpriteBatch.draw(Lmdesl/graphics/ITexture;FFFFFFFFFFF)V (444 bytes) @ 0x00000000026f83b0 [0x00000000026f76c0+0xcf0]
J 751 C2 mdesl.graphics.SpriteBatch.draw(Lmdesl/graphics/ITexture;FFFF)V (36 bytes) @ 0x00000000026ecd78 [0x00000000026ecc60+0x118]
J 653 C1 com.marklynch.utils.TextureUtils.drawTexture(Lmdesl/graphics/Texture;FFFFFZFFFFZZ)V (80 bytes) @ 0x00000000026821ac [0x0000000002681e00+0x3ac]
j  com.marklynch.utils.TextureUtils.drawTexture(Lmdesl/graphics/Texture;FFFFF)V+15
j  com.marklynch.tactics.objects.GameObject.draw()V+120
j  com.marklynch.tactics.objects.level.Level.draw()V+207
j  com.marklynch.editor.Editor.draw()V+4
j  com.marklynch.Game.renderGL()V+47
j  com.marklynch.Game.start()V+116
j  com.marklynch.Game.main([Ljava/lang/String;)V+9
v  ~StubRoutines::call_stub

---------------  P R O C E S S  ---------------

Java Threads: ( => current thread )
  0x000000006208f000 JavaThread "LWJGL Timer" daemon [_thread_blocked, id=14256, stack(0x0000000065060000,0x0000000065160000)]
  0x000000005871f800 JavaThread "Service Thread" daemon [_thread_blocked, id=6716, stack(0x000000005a4f0000,0x000000005a5f0000)]
  0x0000000058690000 JavaThread "C1 CompilerThread3" daemon [_thread_blocked, id=12160, stack(0x000000005a200000,0x000000005a300000)]
  0x000000005868f000 JavaThread "C2 CompilerThread2" daemon [_thread_blocked, id=13840, stack(0x000000005a310000,0x000000005a410000)]
  0x0000000058687800 JavaThread "C2 CompilerThread1" daemon [_thread_blocked, id=11744, stack(0x000000005a0a0000,0x000000005a1a0000)]
  0x0000000058685800 JavaThread "C2 CompilerThread0" daemon [_thread_blocked, id=6600, stack(0x0000000059e80000,0x0000000059f80000)]
  0x0000000058680800 JavaThread "Attach Listener" daemon [_thread_blocked, id=8008, stack(0x00000000595e0000,0x00000000596e0000)]
  0x00000000577ff000 JavaThread "Signal Dispatcher" daemon [_thread_blocked, id=10512, stack(0x0000000059cd0000,0x0000000059dd0000)]
  0x00000000577ee000 JavaThread "Finalizer" daemon [_thread_blocked, id=9412, stack(0x0000000059b50000,0x0000000059c50000)]
  0x00000000577e7800 JavaThread "Reference Handler" daemon [_thread_blocked, id=14468, stack(0x0000000059930000,0x0000000059a30000)]
=>0x0000000001bbe800 JavaThread "main" [_thread_in_native, id=4700, stack(0x0000000002010000,0x0000000002110000)]

Other Threads:
  0x00000000577e2800 VMThread [stack: 0x0000000059740000,0x0000000059840000] [id=13380]
  0x0000000058728000 WatcherThread [stack: 0x000000005a750000,0x000000005a850000] [id=14020]

VM state:not at safepoint (normal execution)

VM Mutex/Monitor currently owned by a thread: None

Heap:
 PSYoungGen      total 38400K, used 19210K [0x00000000d5f00000, 0x00000000d8980000, 0x0000000100000000)
  eden space 33280K, 57% used [0x00000000d5f00000,0x00000000d71c2b08,0x00000000d7f80000)
  from space 5120K, 0% used [0x00000000d8480000,0x00000000d8480000,0x00000000d8980000)
  to   space 5120K, 0% used [0x00000000d7f80000,0x00000000d7f80000,0x00000000d8480000)
 ParOldGen       total 87552K, used 0K [0x0000000081c00000, 0x0000000087180000, 0x00000000d5f00000)
  object space 87552K, 0% used [0x0000000081c00000,0x0000000081c00000,0x0000000087180000)
 Metaspace       used 5881K, capacity 6243K, committed 6272K, reserved 1056768K
  class space    used 587K, capacity 624K, committed 640K, reserved 1048576K

Card table byte_map: [0x00000000117a0000,0x0000000011ba0000] byte_map_base: 0x0000000011392000

Marking Bits: (ParMarkBitMap*) 0x000000006fcd4040
 Begin Bits: [0x0000000012ae0000, 0x0000000014a70000)
 End Bits:   [0x0000000014a70000, 0x0000000016a00000)

Polling page: 0x0000000001b60000

CodeCache: size=245760Kb used=3222Kb max_used=3222Kb free=242537Kb
 bounds [0x00000000023e0000, 0x0000000002710000, 0x00000000113e0000]
 total_blobs=1189 nmethods=774 adapters=328
 compilation: enabled

Compilation events (10 events):
Event: 1.369 Thread 0x0000000058690000  769       3       java.util.ArrayList$SubList$1::next (79 bytes)
Event: 1.369 Thread 0x0000000058690000 nmethod 769 0x0000000002706a90 code [0x0000000002706c40, 0x00000000027070c8]
Event: 1.369 Thread 0x0000000058690000  770       3       java.util.ArrayList$SubList$1::checkForComodification (26 bytes)
Event: 1.369 Thread 0x0000000058690000 nmethod 770 0x00000000026f09d0 code [0x00000000026f0b40, 0x00000000026f0d68]
Event: 1.385 Thread 0x0000000058690000  771       3       java.util.regex.Pattern$GroupTail::match (111 bytes)
Event: 1.385 Thread 0x0000000058690000 nmethod 771 0x0000000002707350 code [0x00000000027074e0, 0x0000000002707888]
Event: 1.385 Thread 0x0000000058690000  772       3       java.util.regex.Pattern$4::match (14 bytes)
Event: 1.385 Thread 0x0000000058690000 nmethod 772 0x0000000002707b50 code [0x0000000002707ca0, 0x0000000002707e50]
Event: 1.515 Thread 0x0000000058690000  774       3       org.lwjgl.opengl.WindowsKeyboard::isKeyPressed (13 bytes)
Event: 1.515 Thread 0x0000000058690000 nmethod 774 0x0000000002708290 code [0x00000000027083e0, 0x0000000002708570]

GC Heap History (0 events):
No events

Deoptimization events (10 events):
Event: 0.438 Thread 0x0000000001bbe800 Uncommon trap: reason=unstable_if action=reinterpret pc=0x00000000025984ec method=java.util.StringTokenizer.scanToken(I)I @ 7
Event: 0.872 Thread 0x0000000001bbe800 Uncommon trap: reason=unstable_if action=reinterpret pc=0x00000000025a560c method=java.util.StringTokenizer.nextToken()Ljava/lang/String; @ 5
Event: 0.872 Thread 0x0000000001bbe800 Uncommon trap: reason=unstable_if action=reinterpret pc=0x000000000259ae90 method=java.util.StringTokenizer.skipDelimiters(I)I @ 29
Event: 0.878 Thread 0x0000000001bbe800 Uncommon trap: reason=unstable_if action=reinterpret pc=0x000000000260a474 method=sun.misc.MetaIndex.mayContain(Ljava/lang/String;)Z @ 38
Event: 0.886 Thread 0x0000000001bbe800 Uncommon trap: reason=class_check action=maybe_recompile pc=0x0000000002621f10 method=java.io.DataInputStream.readChar()C @ 4
Event: 0.886 Thread 0x0000000001bbe800 Uncommon trap: reason=class_check action=maybe_recompile pc=0x0000000002621f10 method=java.io.DataInputStream.readChar()C @ 4
Event: 0.886 Thread 0x0000000001bbe800 Uncommon trap: reason=class_check action=maybe_recompile pc=0x0000000002621f10 method=java.io.DataInputStream.readChar()C @ 4
Event: 0.886 Thread 0x0000000001bbe800 Uncommon trap: reason=class_check action=maybe_recompile pc=0x0000000002621f10 method=java.io.DataInputStream.readChar()C @ 4
Event: 0.893 Thread 0x0000000001bbe800 Uncommon trap: reason=unstable_if action=reinterpret pc=0x0000000002627cb4 method=sun.text.normalizer.Trie.getCodePointOffset(I)I @ 9
Event: 0.893 Thread 0x0000000001bbe800 Uncommon trap: reason=unstable_if action=reinterpret pc=0x000000000262a5c0 method=sun.text.normalizer.Trie.getCodePointOffset(I)I @ 9

Internal exceptions (6 events):
Event: 0.025 Thread 0x0000000001bbe800 Exception <a 'java/lang/NoSuchMethodError': Method sun.misc.Unsafe.defineClass(Ljava/lang/String;[BII)Ljava/lang/Class; name or signature does not match> (0x00000000d5f0d6f0) thrown at [D:\re\workspace\8-2-build-windows-amd64-cygwin\jdk8u40\2855\hotspot\srg™d¬™?
Event: 0.025 Thread 0x0000000001bbe800 Exception <a 'java/lang/NoSuchMethodError': Method sun.misc.Unsafe.prefetchRead(Ljava/lang/Object;J)V name or signature does not match> (0x00000000d5f0d980) thrown at [D:\re\workspace\8-2-build-windows-amd64-cygwin\jdk8u40\2855\hotspot\src\share\vm\prims\jcòx°VÒ?
Event: 0.287 Thread 0x0000000001bbe800 Exception <a 'java/security/PrivilegedActionException'> (0x00000000d644adb8) thrown at [D:\re\workspace\8-2-build-windows-amd64-cygwin\jdk8u40\2855\hotspot\src\share\vm\prims\jvm.cpp, line 1382]
Event: 0.287 Thread 0x0000000001bbe800 Exception <a 'java/security/PrivilegedActionException'> (0x00000000d644af70) thrown at [D:\re\workspace\8-2-build-windows-amd64-cygwin\jdk8u40\2855\hotspot\src\share\vm\prims\jvm.cpp, line 1382]
Event: 0.287 Thread 0x0000000001bbe800 Exception <a 'java/security/PrivilegedActionException'> (0x00000000d644ea68) thrown at [D:\re\workspace\8-2-build-windows-amd64-cygwin\jdk8u40\2855\hotspot\src\share\vm\prims\jvm.cpp, line 1382]
Event: 0.287 Thread 0x0000000001bbe800 Exception <a 'java/security/PrivilegedActionException'> (0x00000000d644ec20) thrown at [D:\re\workspace\8-2-build-windows-amd64-cygwin\jdk8u40\2855\hotspot\src\share\vm\prims\jvm.cpp, line 1382]

Events (10 events):
Event: 0.924 loading class java/util/ArrayList$SubList done
Event: 0.924 loading class java/util/ArrayList$SubList$1
Event: 0.924 loading class java/util/ArrayList$SubList$1 done
Event: 0.932 loading class org/lwjgl/opengl/Sync
Event: 0.932 loading class org/lwjgl/opengl/Sync done
Event: 0.935 loading class org/lwjgl/opengl/Sync$RunningAvg
Event: 0.935 loading class org/lwjgl/opengl/Sync$RunningAvg done
Event: 0.935 loading class org/lwjgl/opengl/Sync$1
Event: 0.935 loading class org/lwjgl/opengl/Sync$1 done
Event: 0.936 Thread 0x000000006208f000 Thread added: 0x000000006208f000


Dynamic libraries:
0x000000013f5a0000 - 0x000000013f5d7000 	C:\Program Files\Java\jre1.8.0_40\bin\javaw.exe
0x0000000077950000 - 0x0000000077af9000 	C:\Windows\SYSTEM32\ntdll.dll
0x0000000077830000 - 0x000000007794f000 	C:\Windows\system32\kernel32.dll
0x000007fefd960000 - 0x000007fefd9cc000 	C:\Windows\system32\KERNELBASE.dll
0x000007feffb80000 - 0x000007feffc5b000 	C:\Windows\system32\ADVAPI32.dll
0x000007feff830000 - 0x000007feff8cf000 	C:\Windows\system32\msvcrt.dll
0x000007fefede0000 - 0x000007fefedff000 	C:\Windows\SYSTEM32\sechost.dll
0x000007fefdf20000 - 0x000007fefe04d000 	C:\Windows\system32\RPCRT4.dll
0x0000000077730000 - 0x000000007782a000 	C:\Windows\system32\USER32.dll
0x000007feff450000 - 0x000007feff4b7000 	C:\Windows\system32\GDI32.dll
0x000007feff150000 - 0x000007feff15e000 	C:\Windows\system32\LPK.dll
0x000007feff000000 - 0x000007feff0c9000 	C:\Windows\system32\USP10.dll
0x000007fefc150000 - 0x000007fefc344000 	C:\Windows\WinSxS\amd64_microsoft.windows.common-controls_6595b64144ccf1df_6.0.7601.18837_none_fa3b1e3d17594757\COMCTL32.dll
0x000007feff370000 - 0x000007feff3e1000 	C:\Windows\system32\SHLWAPI.dll
0x000007fefee20000 - 0x000007fefee4e000 	C:\Windows\system32\IMM32.DLL
0x000007fefee50000 - 0x000007fefef59000 	C:\Windows\system32\MSCTF.dll
0x000000005e8a0000 - 0x000000005e972000 	C:\Program Files\Java\jre1.8.0_40\bin\msvcr100.dll
0x000000006f4d0000 - 0x000000006fd53000 	C:\Program Files\Java\jre1.8.0_40\bin\server\jvm.dll
0x000007fef9000000 - 0x000007fef9009000 	C:\Windows\system32\WSOCK32.dll
0x000007feff8d0000 - 0x000007feff91d000 	C:\Windows\system32\WS2_32.dll
0x000007fefdf10000 - 0x000007fefdf18000 	C:\Windows\system32\NSI.dll
0x000007fef8ea0000 - 0x000007fef8edb000 	C:\Windows\system32\WINMM.dll
0x000007fefc7e0000 - 0x000007fefc7ec000 	C:\Windows\system32\VERSION.dll
0x0000000077b20000 - 0x0000000077b27000 	C:\Windows\system32\PSAPI.DLL
0x000000005b230000 - 0x000000005b23f000 	C:\Program Files\Java\jre1.8.0_40\bin\verify.dll
0x000000005aa70000 - 0x000000005aa99000 	C:\Program Files\Java\jre1.8.0_40\bin\java.dll
0x0000000070500000 - 0x0000000070516000 	C:\Program Files\Java\jre1.8.0_40\bin\zip.dll
0x000007fefe050000 - 0x000007fefedd9000 	C:\Windows\system32\SHELL32.dll
0x000007feff160000 - 0x000007feff363000 	C:\Windows\system32\ole32.dll
0x000007fefd700000 - 0x000007fefd70f000 	C:\Windows\system32\profapi.dll
0x0000000180000000 - 0x0000000180053000 	C:\dev\workspace\tactics\tactics_project\libs\lwjgl_native\lwjgl64.dll
0x000007fee9130000 - 0x000007fee924d000 	C:\Windows\system32\OPENGL32.dll
0x000007fee9b60000 - 0x000007fee9b8d000 	C:\Windows\system32\GLU32.dll
0x000007fee99c0000 - 0x000007fee9ab1000 	C:\Windows\system32\DDRAW.dll
0x000007fef0270000 - 0x000007fef0278000 	C:\Windows\system32\DCIMAN32.dll
0x000007feff4c0000 - 0x000007feff697000 	C:\Windows\system32\SETUPAPI.dll
0x000007fefda40000 - 0x000007fefda76000 	C:\Windows\system32\CFGMGR32.dll
0x000007fefdac0000 - 0x000007fefdb97000 	C:\Windows\system32\OLEAUT32.dll
0x000007fefd8a0000 - 0x000007fefd8ba000 	C:\Windows\system32\DEVOBJ.dll
0x000007fefb9a0000 - 0x000007fefb9b8000 	C:\Windows\system32\dwmapi.dll
0x000007fefc0f0000 - 0x000007fefc146000 	C:\Windows\system32\uxtheme.dll
0x000007fefd560000 - 0x000007fefd56f000 	C:\Windows\system32\CRYPTBASE.dll
0x000000005b240000 - 0x000000005c2b8000 	C:\Windows\system32\ig7icd64.dll
0x000007fee8b20000 - 0x000007fee8bbc000 	C:\Windows\system32\mscms.dll
0x000007fefdaa0000 - 0x000007fefdabe000 	C:\Windows\system32\USERENV.dll
0x000007fee8ad0000 - 0x000007fee8b12000 	C:\Windows\system32\icm32.dll
0x000007fefad10000 - 0x000007fefae35000 	C:\Windows\system32\dbghelp.dll

VM Arguments:
jvm_args: -Djava.library.path=C:\dev\workspace\tactics\tactics_project\libs\lwjgl_native -Dfile.encoding=Cp1252 
java_command: com.marklynch.Game
java_class_path (initial): C:\dev\workspace\tactics\tactics_project\bin;C:\dev\workspace\tactics\tactics_project\libs\ibxm.jar;C:\dev\workspace\tactics\tactics_project\libs\jogg-0.0.7.jar;C:\dev\workspace\tactics\tactics_project\libs\jorbis-0.0.15.jar;C:\dev\workspace\tactics\tactics_project\libs\lwjgl_util_applet.jar;C:\dev\workspace\tactics\tactics_project\libs\lwjgl_util.jar;C:\dev\workspace\tactics\tactics_project\libs\natives-linux.jar;C:\dev\workspace\tactics\tactics_project\libs\natives-mac.jar;C:\dev\workspace\tactics\tactics_project\libs\natives-windows.jar;C:\dev\workspace\tactics\tactics_project\libs\slick-util.jar;C:\dev\workspace\tactics\tactics_project\libs\AppleJavaExtensions.jar;C:\dev\workspace\tactics\tactics_project\libs\asm-debug-all.jar;C:\dev\workspace\tactics\tactics_project\libs\jinput.jar;C:\dev\workspace\tactics\tactics_project\libs\laf-plugin-7.2.1.jar;C:\dev\workspace\tactics\tactics_project\libs\laf-widget-7.2.1.jar;C:\dev\workspace\tactics\tactics_project\libs\log4j-api-2.0-beta9.jar;C:\dev\workspace\tactics\tactics_project\libs\lwjgl_test.jar;C:\dev\workspace\tactics\tactics_project\libs\lwjgl-debug.jar;C:\dev\workspace\tactics\tactics_project\libs\lwjgl.jar;C:\dev\workspace\tactics\tactics_project\libs\lzma.jar;C:\dev\workspace\tactics\tactics_project\libs\substance-7.2.1.jar;C:\dev\workspace\tactics\tactics_project\libs\trident-7.2.1.jar;C:\dev\workspace\tactics\tactics_project\libs\gson-2.3.1.jar;C:\dev\workspace\tactics\tactics_project\libs\commons-io-2.4.jar;C:\dev\workspace\tactics\tactics_project\libs\PNGDecoder.jar;C:\dev\workspace\tactics\tactics_project\libs\xpp3-1.1.4c.jar
Launcher Type: SUN_STANDARD

Environment Variables:
PATH=C:/Program Files/Java/jre1.8.0_40/bin/server;C:/Program Files/Java/jre1.8.0_40/bin;C:/Program Files/Java/jre1.8.0_40/lib/amd64;C:\Program Files (x86)\NVIDIA Corporation\PhysX\Common;C:\ProgramData\Oracle\Java\javapath;C:\Program Files (x86)\Intel\iCLS Client\;C:\Program Files\Intel\iCLS Client\;C:\Windows\system32;C:\Windows;C:\Windows\System32\Wbem;C:\Windows\System32\WindowsPowerShell\v1.0\;C:\Program Files\Intel\Intel(R) Management Engine Components\DAL;C:\Program Files\Intel\Intel(R) Management Engine Components\IPT;C:\Program Files (x86)\Intel\Intel(R) Management Engine Components\DAL;C:\Program Files (x86)\Intel\Intel(R) Management Engine Components\IPT;C:\Program Files (x86)\Security Innovation\SI TSS\bin\;c:\Program Files (x86)\Microsoft SQL Server\100\Tools\Binn\;c:\Program Files\Microsoft SQL Server\100\Tools\Binn\;c:\Program Files\Microsoft SQL Server\100\DTS\Binn\;c:\Program Files (x86)\Microsoft SQL Server\100\Tools\Binn\VSShell\Common7\IDE\;c:\Program Files (x86)\Microsoft Visual Studio 9.0\Common7\IDE\PrivateAssemblies\;c:\Program Files (x86)\Microsoft SQL Server\100\DTS\Binn\;C:\Program Files\TortoiseSVN\bin;C:\Program Files (x86)\Skype\Phone\;C:\dev\adt-bundle-windows-x86_64-20140624\adt-bundle-windows-x86_64-20140624\eclipse;
USERNAME=Mark.Lynch
OS=Windows_NT
PROCESSOR_IDENTIFIER=Intel64 Family 6 Model 58 Stepping 9, GenuineIntel



---------------  S Y S T E M  ---------------

OS: Windows 7 , 64 bit Build 7601 (6.1.7601.18869)

CPU:total 8 (4 cores per cpu, 2 threads per core) family 6 model 58 stepping 9, cmov, cx8, fxsr, mmx, sse, sse2, sse3, ssse3, sse4.1, sse4.2, popcnt, avx, aes, clmul, erms, ht, tsc, tscinvbit, tscinv

Memory: 4k page, physical 8272432k(1510384k free), swap 16543028k(7028076k free)

vm_info: Java HotSpot(TM) 64-Bit Server VM (25.40-b25) for windows-amd64 JRE (1.8.0_40-b25), built on Feb 10 2015 21:53:57 by "java_re" with MS VC++ 10.0 (VS2010)

time: Fri Jul 24 13:40:01 2015
elapsed time: 1 seconds (0d 0h 0m 1s)

