#
# A fatal error has been detected by the Java Runtime Environment:
#
#  EXCEPTION_ACCESS_VIOLATION (0xc0000005) at pc=0x000000005aa2d218, pid=4872, tid=988
#
# JRE version: Java(TM) SE Runtime Environment (8.0_40-b25) (build 1.8.0_40-b25)
# Java VM: Java HotSpot(TM) 64-Bit Server VM (25.40-b25 mixed mode windows-amd64 compressed oops)
# Problematic frame:
# C  [ig7icd64.dll+0x2d218]
#
# Failed to write core dump. Minidumps are not enabled by default on client versions of Windows
#
# If you would like to submit a bug report, please visit:
#   http://bugreport.java.com/bugreport/crash.jsp
# The crash happened outside the Java Virtual Machine in native code.
# See problematic frame for where to report the bug.
#

---------------  T H R E A D  ---------------

Current thread (0x000000000053e800):  JavaThread "main" [_thread_in_native, id=988, stack(0x00000000020c0000,0x00000000021c0000)]

siginfo: ExceptionCode=0xc0000005, reading address 0x0000000000000020

Registers:
RAX=0x0000000000000000, RBX=0x0000000000000001, RCX=0x0000000000000001, RDX=0x000000005a8bcfb0
RSP=0x00000000021bed60, RBP=0x000000005cec2e50, RSI=0x000000005a8bcfb0, RDI=0x0000000000000001
R8 =0x0000000000000001, R9 =0x000000005a8bcfb0, R10=0x0000000000000000, R11=0x0000000000000000
R12=0x000000005a8bc1a8, R13=0x0000000000000000, R14=0x0000000000000000, R15=0x000000005a85efa8
RIP=0x000000005aa2d218, EFLAGS=0x0000000000010202

Top of Stack: (sp=0x00000000021bed60)
0x00000000021bed60:   0000000000000000 000000005a8bcfb0
0x00000000021bed70:   0000000000000000 0000000002b4fffe
0x00000000021bed80:   0000000000000000 000000006fe4eff9
0x00000000021bed90:   0000000000000000 01e4000000020000
0x00000000021beda0:   00000000573e58c8 000000000053e800
0x00000000021bedb0:   000000000053e550 000000000053f600
0x00000000021bedc0:   000000000053f610 000000000053f6e8
0x00000000021bedd0:   00000000000000d8 00000000021bfa88
0x00000000021bede0:   0000000058b110b0 000000000053e800
0x00000000021bedf0:   00000000021bf088 00000000021bf058
0x00000000021bee00:   000000000053f210 00000000573e58c8
0x00000000021bee10:   0000000000539b60 000000006fe20b00
0x00000000021bee20:   000000005a8bc1a8 000000006ff3b2e2
0x00000000021bee30:   00000000021bf058 0000000000000000
0x00000000021bee40:   00000000021bef40 000000000000000b
0x00000000021bee50:   00000000021beec0 000000006fe212f3 

Instructions: (pc=0x000000005aa2d218)
0x000000005aa2d1f8:   00 48 63 c9 48 8b 84 c8 c0 00 00 00 48 85 c0 74
0x000000005aa2d208:   19 48 8b 40 70 66 0f ef ff 0f b6 58 11 48 8b 00
0x000000005aa2d218:   8b 40 20 ff c8 f3 48 0f 2a f8 41 8b 84 24 20 01
0x000000005aa2d228:   00 00 0f b6 cb c1 e8 04 89 4c 24 30 83 e0 01 3b 


Register to memory mapping:

RAX=0x0000000000000000 is an unknown value
RBX=0x0000000000000001 is an unknown value
RCX=0x0000000000000001 is an unknown value
RDX=0x000000005a8bcfb0 is an unknown value
RSP=0x00000000021bed60 is pointing into the stack for thread: 0x000000000053e800
RBP=0x000000005cec2e50 is an unknown value
RSI=0x000000005a8bcfb0 is an unknown value
RDI=0x0000000000000001 is an unknown value
R8 =0x0000000000000001 is an unknown value
R9 =0x000000005a8bcfb0 is an unknown value
R10=0x0000000000000000 is an unknown value
R11=0x0000000000000000 is an unknown value
R12=0x000000005a8bc1a8 is an unknown value
R13=0x0000000000000000 is an unknown value
R14=0x0000000000000000 is an unknown value
R15=0x000000005a85efa8 is an unknown value


Stack: [0x00000000020c0000,0x00000000021c0000],  sp=0x00000000021bed60,  free space=1019k
Native frames: (J=compiled Java code, j=interpreted, Vv=VM code, C=native code)
C  [ig7icd64.dll+0x2d218]
C  [ig7icd64.dll+0x22a00]
C  [ig7icd64.dll+0x77ad8]
C  [ig7icd64.dll+0x79f02]
C  [ig7icd64.dll+0x1f6a1d]
C  [ig7icd64.dll+0x1f8e35]
C  0x0000000002804194

Java frames: (J=compiled Java code, j=interpreted, Vv=VM code)
J 916  org.lwjgl.opengl.GL11.nglDrawArrays(IIIJ)V (0 bytes) @ 0x000000000280410e [0x00000000028040c0+0x4e]
J 2340 C2 mdesl.graphics.SpriteBatch.flush()V (37 bytes) @ 0x0000000002b62120 [0x0000000002b61f60+0x1c0]
J 2421 C1 com.marklynch.graphics.ShadowLight.render()V (935 bytes) @ 0x0000000002bbe7f4 [0x0000000002bbabc0+0x3c34]
J 2420 C1 com.marklynch.Game.render()V (4 bytes) @ 0x0000000002b9acbc [0x0000000002b9ac40+0x7c]
j  com.marklynch.Game.start()V+94
j  com.marklynch.Game.main([Ljava/lang/String;)V+9
v  ~StubRoutines::call_stub

---------------  P R O C E S S  ---------------

Java Threads: ( => current thread )
  0x0000000058b0b800 JavaThread "TimerQueue" daemon [_thread_blocked, id=10524, stack(0x0000000067910000,0x0000000067a10000)]
  0x000000005e2a6000 JavaThread "Swing-Shell" daemon [_thread_blocked, id=9912, stack(0x0000000061350000,0x0000000061450000)]
  0x000000005e102800 JavaThread "AWT-Windows" daemon [_thread_in_native, id=10668, stack(0x000000005f110000,0x000000005f210000)]
  0x0000000064405800 JavaThread "Java2D Disposer" daemon [_thread_blocked, id=3760, stack(0x000000005fb60000,0x000000005fc60000)]
  0x000000006413a000 JavaThread "LWJGL Timer" daemon [_thread_blocked, id=10512, stack(0x00000000615b0000,0x00000000616b0000)]
  0x00000000589ef000 JavaThread "Service Thread" daemon [_thread_blocked, id=9232, stack(0x000000005a5d0000,0x000000005a6d0000)]
  0x000000005896f800 JavaThread "C1 CompilerThread3" daemon [_thread_blocked, id=9708, stack(0x000000005a2c0000,0x000000005a3c0000)]
  0x0000000058966800 JavaThread "C2 CompilerThread2" daemon [_thread_blocked, id=8068, stack(0x000000005a3c0000,0x000000005a4c0000)]
  0x000000005895a800 JavaThread "C2 CompilerThread1" daemon [_thread_blocked, id=10832, stack(0x0000000059f60000,0x000000005a060000)]
  0x0000000058955800 JavaThread "C2 CompilerThread0" daemon [_thread_blocked, id=11064, stack(0x000000005a180000,0x000000005a280000)]
  0x0000000058950000 JavaThread "Attach Listener" daemon [_thread_blocked, id=9556, stack(0x000000005a060000,0x000000005a160000)]
  0x00000000579bf000 JavaThread "Signal Dispatcher" daemon [_thread_blocked, id=4712, stack(0x0000000059e60000,0x0000000059f60000)]
  0x00000000579ae000 JavaThread "Finalizer" daemon [_thread_blocked, id=10872, stack(0x0000000059c20000,0x0000000059d20000)]
  0x00000000579a7000 JavaThread "Reference Handler" daemon [_thread_blocked, id=2424, stack(0x0000000059a10000,0x0000000059b10000)]
=>0x000000000053e800 JavaThread "main" [_thread_in_native, id=988, stack(0x00000000020c0000,0x00000000021c0000)]

Other Threads:
  0x00000000579a2000 VMThread [stack: 0x00000000598c0000,0x00000000599c0000] [id=11124]
  0x00000000589f7800 WatcherThread [stack: 0x000000005a700000,0x000000005a800000] [id=9692]

VM state:not at safepoint (normal execution)

VM Mutex/Monitor currently owned by a thread: None

Heap:
 PSYoungGen      total 38400K, used 27531K [0x00000000d5f00000, 0x00000000d8980000, 0x0000000100000000)
  eden space 33280K, 67% used [0x00000000d5f00000,0x00000000d74e8518,0x00000000d7f80000)
  from space 5120K, 99% used [0x00000000d8480000,0x00000000d897aa30,0x00000000d8980000)
  to   space 5120K, 0% used [0x00000000d7f80000,0x00000000d7f80000,0x00000000d8480000)
 ParOldGen       total 87552K, used 4139K [0x0000000081c00000, 0x0000000087180000, 0x00000000d5f00000)
  object space 87552K, 4% used [0x0000000081c00000,0x000000008200af88,0x0000000087180000)
 Metaspace       used 17387K, capacity 17625K, committed 18048K, reserved 1064960K
  class space    used 2094K, capacity 2164K, committed 2176K, reserved 1048576K

Card table byte_map: [0x0000000011850000,0x0000000011c50000] byte_map_base: 0x0000000011442000

Marking Bits: (ParMarkBitMap*) 0x0000000070414040
 Begin Bits: [0x0000000012ca0000, 0x0000000014c30000)
 End Bits:   [0x0000000014c30000, 0x0000000016bc0000)

Polling page: 0x0000000000230000

CodeCache: size=245760Kb used=7913Kb max_used=7937Kb free=237846Kb
 bounds [0x0000000002490000, 0x0000000002c60000, 0x0000000011490000]
 total_blobs=2884 nmethods=2232 adapters=563
 compilation: enabled

Compilation events (10 events):
Event: 32.791 Thread 0x000000005896f800 2502       3       sun.nio.cs.UnicodeEncoder::put (53 bytes)
Event: 32.791 Thread 0x000000005896f800 nmethod 2502 0x0000000002974450 code [0x0000000002974600, 0x0000000002974ad8]
Event: 34.393 Thread 0x000000005896f800 2503       1       com.marklynch.tactics.objects.level.script.ScriptEvent::draw (1 bytes)
Event: 34.393 Thread 0x000000005896f800 nmethod 2503 0x0000000002c2b3d0 code [0x0000000002c2b520, 0x0000000002c2b630]
Event: 35.091 Thread 0x000000005896f800 2504   !   3       org.lwjgl.opengl.WindowsDisplay::updateCursor (69 bytes)
Event: 35.092 Thread 0x000000005896f800 nmethod 2504 0x0000000002c2dc90 code [0x0000000002c2dee0, 0x0000000002c2ee18]
Event: 35.591 Thread 0x0000000058955800 2505       4       com.marklynch.tactics.objects.unit.Actor::drawUI (3056 bytes)
Event: 35.597 Thread 0x0000000058955800 nmethod 2505 0x000000000297bb10 code [0x000000000297bcc0, 0x000000000297bfd8]
Event: 36.347 Thread 0x000000005896f800 2506       3       org.lwjgl.opengl.WindowsKeyboard::isKeyPressed (13 bytes)
Event: 36.347 Thread 0x000000005896f800 nmethod 2506 0x00000000027cb650 code [0x00000000027cb7a0, 0x00000000027cb930]

GC Heap History (8 events):
Event: 4.168 GC heap before
{Heap before GC invocations=1 (full 0):
 PSYoungGen      total 38400K, used 33280K [0x00000000d5f00000, 0x00000000d8980000, 0x0000000100000000)
  eden space 33280K, 100% used [0x00000000d5f00000,0x00000000d7f80000,0x00000000d7f80000)
  from space 5120K, 0% used [0x00000000d8480000,0x00000000d8480000,0x00000000d8980000)
  to   space 5120K, 0% used [0x00000000d7f80000,0x00000000d7f80000,0x00000000d8480000)
 ParOldGen       total 87552K, used 0K [0x0000000081c00000, 0x0000000087180000, 0x00000000d5f00000)
  object space 87552K, 0% used [0x0000000081c00000,0x0000000081c00000,0x0000000087180000)
 Metaspace       used 8054K, capacity 8115K, committed 8320K, reserved 1056768K
  class space    used 809K, capacity 816K, committed 896K, reserved 1048576K
Event: 4.173 GC heap after
Heap after GC invocations=1 (full 0):
 PSYoungGen      total 38400K, used 5090K [0x00000000d5f00000, 0x00000000d8980000, 0x0000000100000000)
  eden space 33280K, 0% used [0x00000000d5f00000,0x00000000d5f00000,0x00000000d7f80000)
  from space 5120K, 99% used [0x00000000d7f80000,0x00000000d8478958,0x00000000d8480000)
  to   space 5120K, 0% used [0x00000000d8480000,0x00000000d8480000,0x00000000d8980000)
 ParOldGen       total 87552K, used 1950K [0x0000000081c00000, 0x0000000087180000, 0x00000000d5f00000)
  object space 87552K, 2% used [0x0000000081c00000,0x0000000081de7b70,0x0000000087180000)
 Metaspace       used 8054K, capacity 8115K, committed 8320K, reserved 1056768K
  class space    used 809K, capacity 816K, committed 896K, reserved 1048576K
}
Event: 15.974 GC heap before
{Heap before GC invocations=2 (full 0):
 PSYoungGen      total 38400K, used 38370K [0x00000000d5f00000, 0x00000000d8980000, 0x0000000100000000)
  eden space 33280K, 100% used [0x00000000d5f00000,0x00000000d7f80000,0x00000000d7f80000)
  from space 5120K, 99% used [0x00000000d7f80000,0x00000000d8478958,0x00000000d8480000)
  to   space 5120K, 0% used [0x00000000d8480000,0x00000000d8480000,0x00000000d8980000)
 ParOldGen       total 87552K, used 1950K [0x0000000081c00000, 0x0000000087180000, 0x00000000d5f00000)
  object space 87552K, 2% used [0x0000000081c00000,0x0000000081de7b70,0x0000000087180000)
 Metaspace       used 17342K, capacity 17561K, committed 17792K, reserved 1064960K
  class space    used 2087K, capacity 2164K, committed 2176K, reserved 1048576K
Event: 15.982 GC heap after
Heap after GC invocations=2 (full 0):
 PSYoungGen      total 38400K, used 5114K [0x00000000d5f00000, 0x00000000d8980000, 0x0000000100000000)
  eden space 33280K, 0% used [0x00000000d5f00000,0x00000000d5f00000,0x00000000d7f80000)
  from space 5120K, 99% used [0x00000000d8480000,0x00000000d897ea40,0x00000000d8980000)
  to   space 5120K, 0% used [0x00000000d7f80000,0x00000000d7f80000,0x00000000d8480000)
 ParOldGen       total 87552K, used 4059K [0x0000000081c00000, 0x0000000087180000, 0x00000000d5f00000)
  object space 87552K, 4% used [0x0000000081c00000,0x0000000081ff6f88,0x0000000087180000)
 Metaspace       used 17342K, capacity 17561K, committed 17792K, reserved 1064960K
  class space    used 2087K, capacity 2164K, committed 2176K, reserved 1048576K
}
Event: 24.992 GC heap before
{Heap before GC invocations=3 (full 0):
 PSYoungGen      total 38400K, used 38394K [0x00000000d5f00000, 0x00000000d8980000, 0x0000000100000000)
  eden space 33280K, 100% used [0x00000000d5f00000,0x00000000d7f80000,0x00000000d7f80000)
  from space 5120K, 99% used [0x00000000d8480000,0x00000000d897ea40,0x00000000d8980000)
  to   space 5120K, 0% used [0x00000000d7f80000,0x00000000d7f80000,0x00000000d8480000)
 ParOldGen       total 87552K, used 4059K [0x0000000081c00000, 0x0000000087180000, 0x00000000d5f00000)
  object space 87552K, 4% used [0x0000000081c00000,0x0000000081ff6f88,0x0000000087180000)
 Metaspace       used 17382K, capacity 17625K, committed 18048K, reserved 1064960K
  class space    used 2094K, capacity 2164K, committed 2176K, reserved 1048576K
Event: 24.999 GC heap after
Heap after GC invocations=3 (full 0):
 PSYoungGen      total 38400K, used 5114K [0x00000000d5f00000, 0x00000000d8980000, 0x0000000100000000)
  eden space 33280K, 0% used [0x00000000d5f00000,0x00000000d5f00000,0x00000000d7f80000)
  from space 5120K, 99% used [0x00000000d7f80000,0x00000000d847ea40,0x00000000d8480000)
  to   space 5120K, 0% used [0x00000000d8480000,0x00000000d8480000,0x00000000d8980000)
 ParOldGen       total 87552K, used 4091K [0x0000000081c00000, 0x0000000087180000, 0x00000000d5f00000)
  object space 87552K, 4% used [0x0000000081c00000,0x0000000081ffef88,0x0000000087180000)
 Metaspace       used 17382K, capacity 17625K, committed 18048K, reserved 1064960K
  class space    used 2094K, capacity 2164K, committed 2176K, reserved 1048576K
}
Event: 32.308 GC heap before
{Heap before GC invocations=4 (full 0):
 PSYoungGen      total 38400K, used 38394K [0x00000000d5f00000, 0x00000000d8980000, 0x0000000100000000)
  eden space 33280K, 100% used [0x00000000d5f00000,0x00000000d7f80000,0x00000000d7f80000)
  from space 5120K, 99% used [0x00000000d7f80000,0x00000000d847ea40,0x00000000d8480000)
  to   space 5120K, 0% used [0x00000000d8480000,0x00000000d8480000,0x00000000d8980000)
 ParOldGen       total 87552K, used 4091K [0x0000000081c00000, 0x0000000087180000, 0x00000000d5f00000)
  object space 87552K, 4% used [0x0000000081c00000,0x0000000081ffef88,0x0000000087180000)
 Metaspace       used 17386K, capacity 17625K, committed 18048K, reserved 1064960K
  class space    used 2094K, capacity 2164K, committed 2176K, reserved 1048576K
Event: 32.314 GC heap after
Heap after GC invocations=4 (full 0):
 PSYoungGen      total 38400K, used 5098K [0x00000000d5f00000, 0x00000000d8980000, 0x0000000100000000)
  eden space 33280K, 0% used [0x00000000d5f00000,0x00000000d5f00000,0x00000000d7f80000)
  from space 5120K, 99% used [0x00000000d8480000,0x00000000d897aa30,0x00000000d8980000)
  to   space 5120K, 0% used [0x00000000d7f80000,0x00000000d7f80000,0x00000000d8480000)
 ParOldGen       total 87552K, used 4139K [0x0000000081c00000, 0x0000000087180000, 0x00000000d5f00000)
  object space 87552K, 4% used [0x0000000081c00000,0x000000008200af88,0x0000000087180000)
 Metaspace       used 17386K, capacity 17625K, committed 18048K, reserved 1064960K
  class space    used 2094K, capacity 2164K, committed 2176K, reserved 1048576K
}

Deoptimization events (10 events):
Event: 13.075 Thread 0x000000000053e800 Uncommon trap: reason=class_check action=maybe_recompile pc=0x00000000028a93bc method=com.marklynch.utils.TextUtils.printTextWithImages([Ljava/lang/Object;FFF)V @ 37
Event: 13.091 Thread 0x000000000053e800 Uncommon trap: reason=class_check action=maybe_recompile pc=0x00000000028a93bc method=com.marklynch.utils.TextUtils.printTextWithImages([Ljava/lang/Object;FFF)V @ 37
Event: 13.108 Thread 0x000000000053e800 Uncommon trap: reason=class_check action=maybe_recompile pc=0x00000000028a93bc method=com.marklynch.utils.TextUtils.printTextWithImages([Ljava/lang/Object;FFF)V @ 37
Event: 16.094 Thread 0x000000000053e800 Uncommon trap: reason=unstable_if action=reinterpret pc=0x0000000002b802cc method=com.marklynch.tactics.objects.level.Square.draw()V @ 57
Event: 16.095 Thread 0x000000000053e800 Uncommon trap: reason=unstable_if action=reinterpret pc=0x0000000002ba1cec method=com.marklynch.tactics.objects.GameObject.drawForeground()V @ 34
Event: 16.095 Thread 0x000000000053e800 Uncommon trap: reason=unstable_if action=reinterpret pc=0x0000000002b7ecec method=com.marklynch.tactics.objects.GameObject.drawForeground()V @ 34
Event: 16.096 Thread 0x000000000053e800 Uncommon trap: reason=class_check action=maybe_recompile pc=0x0000000002bb69f4 method=com.marklynch.utils.TextUtils.printTextWithImages([Ljava/lang/Object;FFF)V @ 291
Event: 16.096 Thread 0x000000000053e800 Uncommon trap: reason=class_check action=maybe_recompile pc=0x0000000002bb69f4 method=com.marklynch.utils.TextUtils.printTextWithImages([Ljava/lang/Object;FFF)V @ 291
Event: 18.126 Thread 0x000000000053e800 Uncommon trap: reason=unstable_if action=reinterpret pc=0x0000000002974ecc method=com.marklynch.tactics.objects.GameObject.drawForeground()V @ 69
Event: 18.126 Thread 0x000000000053e800 Uncommon trap: reason=unstable_if action=reinterpret pc=0x00000000027e1c44 method=com.marklynch.tactics.objects.GameObject.drawUI()V @ 4

Internal exceptions (10 events):
Event: 4.215 Thread 0x000000000053e800 Exception <a 'java/lang/NoSuchFieldError': method resolution failed> (0x00000000d6047818) thrown at [D:\re\workspace\8-2-build-windows-amd64-cygwin\jdk8u40\2855\hotspot\src\share\vm\prims\methodHandles.cpp, line 1125]
Event: 4.242 Thread 0x000000000053e800 Exception <a 'java/io/FileNotFoundException'> (0x00000000d61129c8) thrown at [D:\re\workspace\8-2-build-windows-amd64-cygwin\jdk8u40\2855\hotspot\src\share\vm\prims\jni.cpp, line 709]
Event: 4.246 Thread 0x000000000053e800 Implicit null exception at 0x0000000002822165 to 0x00000000028225d1
Event: 7.377 Thread 0x000000005e6f7000 Implicit null exception at 0x0000000002a98685 to 0x0000000002a987c1
Event: 8.150 Thread 0x000000000053e800 Exception <a 'java/lang/ArrayIndexOutOfBoundsException': 18> (0x00000000d688acc8) thrown at [D:\re\workspace\8-2-build-windows-amd64-cygwin\jdk8u40\2855\hotspot\src\share\vm\interpreter\interpreterRuntime.cpp, line 366]
Event: 8.152 Thread 0x000000000053e800 Exception <a 'java/lang/ArrayIndexOutOfBoundsException': 139> (0x00000000d688db60) thrown at [D:\re\workspace\8-2-build-windows-amd64-cygwin\jdk8u40\2855\hotspot\src\share\vm\interpreter\interpreterRuntime.cpp, line 366]
Event: 8.154 Thread 0x000000000053e800 Exception <a 'java/lang/ArrayIndexOutOfBoundsException'> (0x00000000d6895780) thrown at [D:\re\workspace\8-2-build-windows-amd64-cygwin\jdk8u40\2855\hotspot\src\share\vm\runtime\sharedRuntime.cpp, line 605]
Event: 8.154 Thread 0x000000000053e800 Exception <a 'java/lang/ArrayIndexOutOfBoundsException'> (0x00000000d6896c38) thrown at [D:\re\workspace\8-2-build-windows-amd64-cygwin\jdk8u40\2855\hotspot\src\share\vm\runtime\sharedRuntime.cpp, line 605]
Event: 8.156 Thread 0x000000000053e800 Exception <a 'java/lang/ArrayIndexOutOfBoundsException'> (0x00000000d689c8e0) thrown at [D:\re\workspace\8-2-build-windows-amd64-cygwin\jdk8u40\2855\hotspot\src\share\vm\runtime\sharedRuntime.cpp, line 605]
Event: 8.159 Thread 0x000000000053e800 Exception <a 'java/lang/ArrayIndexOutOfBoundsException'> (0x00000000d68b3a18) thrown at [D:\re\workspace\8-2-build-windows-amd64-cygwin\jdk8u40\2855\hotspot\src\share\vm\runtime\sharedRuntime.cpp, line 605]

Events (10 events):
Event: 32.308 Executing VM operation: ParallelGCFailedAllocation
Event: 32.314 Executing VM operation: ParallelGCFailedAllocation done
Event: 32.658 Thread 0x000000005df9d000 Thread added: 0x000000005df9d000
Event: 33.691 Thread 0x000000005df9e000 Thread added: 0x000000005df9e000
Event: 34.658 Executing VM operation: RevokeBias
Event: 34.658 Executing VM operation: RevokeBias done
Event: 34.658 Thread 0x000000005df9d000 Thread exited: 0x000000005df9d000
Event: 35.691 Executing VM operation: RevokeBias
Event: 35.691 Executing VM operation: RevokeBias done
Event: 35.691 Thread 0x000000005df9e000 Thread exited: 0x000000005df9e000


Dynamic libraries:
0x000000013f830000 - 0x000000013f867000 	C:\Program Files\Java\jre1.8.0_40\bin\javaw.exe
0x00000000779f0000 - 0x0000000077b99000 	C:\Windows\SYSTEM32\ntdll.dll
0x00000000777d0000 - 0x00000000778ef000 	C:\Windows\system32\kernel32.dll
0x000007fefd830000 - 0x000007fefd89c000 	C:\Windows\system32\KERNELBASE.dll
0x000007feff3b0000 - 0x000007feff48b000 	C:\Windows\system32\ADVAPI32.dll
0x000007feff620000 - 0x000007feff6bf000 	C:\Windows\system32\msvcrt.dll
0x000007feffbd0000 - 0x000007feffbef000 	C:\Windows\SYSTEM32\sechost.dll
0x000007fefee90000 - 0x000007fefefbd000 	C:\Windows\system32\RPCRT4.dll
0x00000000778f0000 - 0x00000000779ea000 	C:\Windows\system32\USER32.dll
0x000007feff290000 - 0x000007feff2f7000 	C:\Windows\system32\GDI32.dll
0x000007feff300000 - 0x000007feff30e000 	C:\Windows\system32\LPK.dll
0x000007fefdb60000 - 0x000007fefdc29000 	C:\Windows\system32\USP10.dll
0x000007fefbfb0000 - 0x000007fefc1a4000 	C:\Windows\WinSxS\amd64_microsoft.windows.common-controls_6595b64144ccf1df_6.0.7601.18837_none_fa3b1e3d17594757\COMCTL32.dll
0x000007fefed30000 - 0x000007fefeda1000 	C:\Windows\system32\SHLWAPI.dll
0x000007fefdc30000 - 0x000007fefdc5e000 	C:\Windows\system32\IMM32.DLL
0x000007feffbf0000 - 0x000007feffcf9000 	C:\Windows\system32\MSCTF.dll
0x0000000078c40000 - 0x0000000078d12000 	C:\Program Files\Java\jre1.8.0_40\bin\msvcr100.dll
0x000000006fc10000 - 0x0000000070493000 	C:\Program Files\Java\jre1.8.0_40\bin\server\jvm.dll
0x000007fef8c00000 - 0x000007fef8c09000 	C:\Windows\system32\WSOCK32.dll
0x000007feff220000 - 0x000007feff26d000 	C:\Windows\system32\WS2_32.dll
0x000007fefdf30000 - 0x000007fefdf38000 	C:\Windows\system32\NSI.dll
0x000007fefb530000 - 0x000007fefb56b000 	C:\Windows\system32\WINMM.dll
0x000007fefc880000 - 0x000007fefc88c000 	C:\Windows\system32\VERSION.dll
0x0000000077bc0000 - 0x0000000077bc7000 	C:\Windows\system32\PSAPI.DLL
0x000000006d7a0000 - 0x000000006d7af000 	C:\Program Files\Java\jre1.8.0_40\bin\verify.dll
0x0000000066390000 - 0x00000000663b9000 	C:\Program Files\Java\jre1.8.0_40\bin\java.dll
0x0000000066370000 - 0x0000000066386000 	C:\Program Files\Java\jre1.8.0_40\bin\zip.dll
0x000007fefdf40000 - 0x000007fefecc9000 	C:\Windows\system32\SHELL32.dll
0x000007feff7e0000 - 0x000007feff9e3000 	C:\Windows\system32\ole32.dll
0x000007fefd7b0000 - 0x000007fefd7bf000 	C:\Windows\system32\profapi.dll
0x0000000180000000 - 0x0000000180053000 	C:\dev\workspace\tactics\tactics_project\libs\lwjgl_native\lwjgl64.dll
0x000007fee8b20000 - 0x000007fee8c3d000 	C:\Windows\system32\OPENGL32.dll
0x000007fef2840000 - 0x000007fef286d000 	C:\Windows\system32\GLU32.dll
0x000007fee7c60000 - 0x000007fee7d51000 	C:\Windows\system32\DDRAW.dll
0x000007fefa4e0000 - 0x000007fefa4e8000 	C:\Windows\system32\DCIMAN32.dll
0x000007feff9f0000 - 0x000007feffbc7000 	C:\Windows\system32\SETUPAPI.dll
0x000007fefdb10000 - 0x000007fefdb46000 	C:\Windows\system32\CFGMGR32.dll
0x000007fefedb0000 - 0x000007fefee87000 	C:\Windows\system32\OLEAUT32.dll
0x000007fefda30000 - 0x000007fefda4a000 	C:\Windows\system32\DEVOBJ.dll
0x000007fefb1e0000 - 0x000007fefb1f8000 	C:\Windows\system32\dwmapi.dll
0x000007fefbdd0000 - 0x000007fefbe26000 	C:\Windows\system32\uxtheme.dll
0x000007fefd600000 - 0x000007fefd60f000 	C:\Windows\system32\CRYPTBASE.dll
0x000000005aa00000 - 0x000000005ba78000 	C:\Windows\system32\ig7icd64.dll
0x000007fee7ff0000 - 0x000007fee808c000 	C:\Windows\system32\mscms.dll
0x000007fefd7c0000 - 0x000007fefd7de000 	C:\Windows\system32\USERENV.dll
0x000007fee9610000 - 0x000007fee9652000 	C:\Windows\system32\icm32.dll
0x000007fefd190000 - 0x000007fefd1a8000 	C:\Windows\system32\CRYPTSP.dll
0x000007fefccc0000 - 0x000007fefcd07000 	C:\Windows\system32\rsaenh.dll
0x0000000066350000 - 0x000000006636a000 	C:\Program Files\Java\jre1.8.0_40\bin\net.dll
0x000007fefcf30000 - 0x000007fefcf85000 	C:\Windows\system32\mswsock.dll
0x000007fefcf90000 - 0x000007fefcf97000 	C:\Windows\System32\wship6.dll
0x000007fefa420000 - 0x000007fefa447000 	C:\Windows\system32\IPHLPAPI.DLL
0x000007fefa3a0000 - 0x000007fefa3ab000 	C:\Windows\system32\WINNSI.DLL
0x000007fefa250000 - 0x000007fefa261000 	C:\Windows\system32\dhcpcsvc6.DLL
0x000007fefa210000 - 0x000007fefa228000 	C:\Windows\system32\dhcpcsvc.DLL
0x0000000066330000 - 0x0000000066341000 	C:\Program Files\Java\jre1.8.0_40\bin\nio.dll
0x0000000001f20000 - 0x0000000001f84000 	C:\dev\workspace\tactics\tactics_project\libs\lwjgl_native\OpenAL64.dll
0x000007feff6c0000 - 0x000007feff759000 	C:\Windows\system32\CLBCatQ.DLL
0x000007fefbf60000 - 0x000007fefbfab000 	C:\Windows\System32\MMDevApi.dll
0x000007fefbe30000 - 0x000007fefbf5c000 	C:\Windows\System32\PROPSYS.dll
0x000007fef8d50000 - 0x000007fef8dd8000 	C:\Windows\system32\dsound.dll
0x000007fefc1c0000 - 0x000007fefc1ec000 	C:\Windows\system32\POWRPROF.dll
0x000007fefb310000 - 0x000007fefb35f000 	C:\Windows\system32\AUDIOSES.DLL
0x000000006c850000 - 0x000000006c9e8000 	C:\Program Files\Java\jre1.8.0_40\bin\awt.dll
0x000007fef6d70000 - 0x000007fef6e10000 	C:\Windows\WinSxS\amd64_microsoft.windows.common-controls_6595b64144ccf1df_5.82.7601.18837_none_a4d981ff711297b6\comctl32.dll
0x000000006d260000 - 0x000000006d2a7000 	C:\Program Files\Java\jre1.8.0_40\bin\fontmanager.dll
0x0000000012610000 - 0x0000000012651000 	C:\Program Files\Java\jre1.8.0_40\bin\t2k.dll
0x000007fefbb80000 - 0x000007fefbbad000 	C:\Windows\system32\ntmarta.dll
0x000007fefecd0000 - 0x000007fefed22000 	C:\Windows\system32\WLDAP32.dll
0x000007fefd5a0000 - 0x000007fefd5f7000 	C:\Windows\system32\apphelp.dll
0x000007fee98e0000 - 0x000007fee9a7c000 	C:\Windows\system32\NetworkExplorer.dll
0x000007fef6100000 - 0x000007fef6134000 	C:\Windows\System32\shdocvw.dll
0x000007fefb950000 - 0x000007fefb95b000 	C:\Windows\system32\slc.dll
0x000007fefa9d0000 - 0x000007fefa9e8000 	C:\Windows\system32\MPR.dll
0x000007fefc1f0000 - 0x000007fefc1fa000 	C:\Windows\System32\drprov.dll
0x000007fefd6b0000 - 0x000007fefd6ed000 	C:\Windows\System32\WINSTA.dll
0x000007fefab60000 - 0x000007fefab82000 	C:\Windows\System32\ntlanman.dll
0x000007fefab40000 - 0x000007fefab5d000 	C:\Windows\System32\davclnt.dll
0x000007fefadf0000 - 0x000007fefadfa000 	C:\Windows\System32\DAVHLPR.dll
0x000007fef5520000 - 0x000007fef5542000 	C:\Windows\system32\LMIRfsClientNP.dll
0x000007fefa470000 - 0x000007fefa485000 	C:\Windows\system32\wkscli.dll
0x000007fef89e0000 - 0x000007fef89ef000 	C:\Windows\system32\cscapi.dll
0x000007fefcc60000 - 0x000007fefcc6c000 	C:\Windows\system32\netutils.dll
0x000007fee9660000 - 0x000007fee98d1000 	C:\Windows\system32\wpdshext.dll
0x000007fefbbb0000 - 0x000007fefbdc6000 	C:\Windows\WinSxS\amd64_microsoft.windows.gdiplus_6595b64144ccf1df_1.1.7601.18946_none_2b27281071eac12c\gdiplus.dll
0x000007fef0230000 - 0x000007fef02ed000 	C:\Windows\system32\PortableDeviceApi.dll
0x000007fefd7f0000 - 0x000007fefd82b000 	C:\Windows\system32\WINTRUST.dll
0x000007fefd8b0000 - 0x000007fefda1d000 	C:\Windows\system32\CRYPT32.dll
0x000007fefd7a0000 - 0x000007fefd7af000 	C:\Windows\system32\MSASN1.dll
0x000007feed6a0000 - 0x000007feed6d9000 	C:\Windows\system32\PortableDeviceTypes.dll
0x000007fee8cc0000 - 0x000007fee8cf5000 	C:\Windows\system32\EhStorShell.dll
0x000007fee95b0000 - 0x000007fee95d7000 	C:\Windows\system32\EhStorAPI.dll
0x000007fef2ca0000 - 0x000007fef2cac000 	C:\Windows\system32\LINKINFO.dll
0x000007fefabd0000 - 0x000007fefad31000 	C:\Windows\system32\WindowsCodecs.dll
0x000007feee5e0000 - 0x000007feee6da000 	C:\Program Files (x86)\Adobe\Adobe Creative Cloud\CoreSyncExtension\CoreSync_x64.dll
0x000007feeddb0000 - 0x000007feedfed000 	C:\Program Files\Microsoft Office 15\root\VFS\ProgramFilesX64\Microsoft Office\Office15\GROOVEEX.DLL
0x000000006e8e0000 - 0x000000006e978000 	C:\Program Files\Microsoft Office 15\root\VFS\ProgramFilesX64\Microsoft Office\Office15\MSVCP100.dll
0x0000000074fe0000 - 0x000000007500b000 	C:\Program Files\Microsoft Office 15\root\VFS\ProgramFilesX64\Microsoft Office\Office15\ATL100.DLL
0x000007fef4f50000 - 0x000007fef526e000 	C:\Windows\system32\msi.dll
0x000007feec470000 - 0x000007feecced000 	C:\Program Files\Microsoft Office 15\root\VFS\ProgramFilesX64\Microsoft Office\Office15\1033\GrooveIntlResource.dll
0x000000006e8c0000 - 0x000000006e8d6000 	C:\Program Files\Common Files\TortoiseOverlays\TortoiseOverlays.dll
0x000000006e8b0000 - 0x000000006e8c0000 	C:\Program Files\TortoiseSVN\bin\TortoiseStub.dll
0x000000006e830000 - 0x000000006e8ab000 	C:\Program Files\TortoiseSVN\bin\TortoiseSVN.dll
0x000007fefefc0000 - 0x000007feff21a000 	C:\Windows\system32\WININET.dll
0x000007fefdb50000 - 0x000007fefdb54000 	C:\Windows\system32\api-ms-win-downlevel-user32-l1-1-0.dll
0x000007fefdaf0000 - 0x000007fefdaf4000 	C:\Windows\system32\api-ms-win-downlevel-shlwapi-l1-1-0.dll
0x000007fefd7e0000 - 0x000007fefd7e4000 	C:\Windows\system32\api-ms-win-downlevel-version-l1-1-0.dll
0x000007fefda20000 - 0x000007fefda23000 	C:\Windows\system32\api-ms-win-downlevel-normaliz-l1-1-0.dll
0x0000000077bb0000 - 0x0000000077bb3000 	C:\Windows\system32\normaliz.DLL
0x000007fefdc60000 - 0x000007fefdf27000 	C:\Windows\system32\iertutil.dll
0x000007fefd8a0000 - 0x000007fefd8a5000 	C:\Windows\system32\api-ms-win-downlevel-advapi32-l1-1-0.dll
0x000007feec080000 - 0x000007feec46d000 	C:\Program Files\TortoiseSVN\bin\libsvn_tsvn.dll
0x000000006e800000 - 0x000000006e82b000 	C:\Program Files\TortoiseSVN\bin\libapr_tsvn.dll
0x000000006e7b0000 - 0x000000006e7f1000 	C:\Program Files\TortoiseSVN\bin\libaprutil_tsvn.dll
0x000007fefaa40000 - 0x000007fefaa50000 	C:\Program Files\TortoiseSVN\bin\intl3_tsvn.dll
0x000007fefa1b0000 - 0x000007fefa1ca000 	C:\Program Files\TortoiseSVN\bin\libsasl.dll
0x000007fefd3a0000 - 0x000007fefd3ab000 	C:\Windows\system32\Secur32.dll
0x000007fefd560000 - 0x000007fefd585000 	C:\Windows\system32\SSPICLI.DLL
0x000007feea2f0000 - 0x000007feea36e000 	C:\Windows\System32\cscui.dll
0x000007fefabb0000 - 0x000007fefabbc000 	C:\Windows\System32\CSCDLL.dll
0x000007fef2c20000 - 0x000007fef2ca0000 	C:\Windows\system32\ntshrui.dll
0x000007fefd220000 - 0x000007fefd243000 	C:\Windows\system32\srvcli.dll
0x000007fefb360000 - 0x000007fefb485000 	C:\Windows\system32\dbghelp.dll

VM Arguments:
jvm_args: -Djava.library.path=C:\dev\workspace\tactics\tactics_project\libs\lwjgl_native -Dfile.encoding=Cp1252 
java_command: com.marklynch.Game
java_class_path (initial): C:\dev\workspace\tactics\tactics_project\bin;C:\dev\workspace\tactics\tactics_project\libs\ibxm.jar;C:\dev\workspace\tactics\tactics_project\libs\jogg-0.0.7.jar;C:\dev\workspace\tactics\tactics_project\libs\jorbis-0.0.15.jar;C:\dev\workspace\tactics\tactics_project\libs\lwjgl_util_applet.jar;C:\dev\workspace\tactics\tactics_project\libs\lwjgl_util.jar;C:\dev\workspace\tactics\tactics_project\libs\natives-linux.jar;C:\dev\workspace\tactics\tactics_project\libs\natives-mac.jar;C:\dev\workspace\tactics\tactics_project\libs\natives-windows.jar;C:\dev\workspace\tactics\tactics_project\libs\slick-util.jar;C:\dev\workspace\tactics\tactics_project\libs\AppleJavaExtensions.jar;C:\dev\workspace\tactics\tactics_project\libs\asm-debug-all.jar;C:\dev\workspace\tactics\tactics_project\libs\jinput.jar;C:\dev\workspace\tactics\tactics_project\libs\laf-plugin-7.2.1.jar;C:\dev\workspace\tactics\tactics_project\libs\laf-widget-7.2.1.jar;C:\dev\workspace\tactics\tactics_project\libs\log4j-api-2.0-beta9.jar;C:\dev\workspace\tactics\tactics_project\libs\lwjgl_test.jar;C:\dev\workspace\tactics\tactics_project\libs\lwjgl-debug.jar;C:\dev\workspace\tactics\tactics_project\libs\lwjgl.jar;C:\dev\workspace\tactics\tactics_project\libs\lzma.jar;C:\dev\workspace\tactics\tactics_project\libs\substance-7.2.1.jar;C:\dev\workspace\tactics\tactics_project\libs\trident-7.2.1.jar;C:\dev\workspace\tactics\tactics_project\libs\gson-2.3.1.jar;C:\dev\workspace\tactics\tactics_project\libs\commons-io-2.4.jar;C:\dev\workspace\tactics\tactics_project\libs\PNGDecoder.jar;C:\dev\workspace\tactics\tactics_project\libs\xpp3-1.1.4c.jar
Launcher Type: SUN_STANDARD

Environment Variables:
PATH=C:/Program Files/Java/jre1.8.0_40/bin/server;C:/Program Files/Java/jre1.8.0_40/bin;C:/Program Files/Java/jre1.8.0_40/lib/amd64;C:\Program Files (x86)\NVIDIA Corporation\PhysX\Common;C:\ProgramData\Oracle\Java\javapath;C:\Program Files (x86)\Intel\iCLS Client\;C:\Program Files\Intel\iCLS Client\;C:\Windows\system32;C:\Windows;C:\Windows\System32\Wbem;C:\Windows\System32\WindowsPowerShell\v1.0\;C:\Program Files\Intel\Intel(R) Management Engine Components\DAL;C:\Program Files\Intel\Intel(R) Management Engine Components\IPT;C:\Program Files (x86)\Intel\Intel(R) Management Engine Components\DAL;C:\Program Files (x86)\Intel\Intel(R) Management Engine Components\IPT;C:\Program Files (x86)\Security Innovation\SI TSS\bin\;c:\Program Files (x86)\Microsoft SQL Server\100\Tools\Binn\;c:\Program Files\Microsoft SQL Server\100\Tools\Binn\;c:\Program Files\Microsoft SQL Server\100\DTS\Binn\;c:\Program Files (x86)\Microsoft SQL Server\100\Tools\Binn\VSShell\Common7\IDE\;c:\Program Files (x86)\Microsoft Visual Studio 9.0\Common7\IDE\PrivateAssemblies\;c:\Program Files (x86)\Microsoft SQL Server\100\DTS\Binn\;C:\Program Files\TortoiseSVN\bin;C:\Program Files (x86)\Skype\Phone\;C:\dev\adt-bundle-windows-x86_64-20140624\adt-bundle-windows-x86_64-20140624\eclipse;
USERNAME=Mark.Lynch
OS=Windows_NT
PROCESSOR_IDENTIFIER=Intel64 Family 6 Model 58 Stepping 9, GenuineIntel



---------------  S Y S T E M  ---------------

OS: Windows 7 , 64 bit Build 7601 (6.1.7601.18933)

CPU:total 8 (4 cores per cpu, 2 threads per core) family 6 model 58 stepping 9, cmov, cx8, fxsr, mmx, sse, sse2, sse3, ssse3, sse4.1, sse4.2, popcnt, avx, aes, clmul, erms, ht, tsc, tscinvbit, tscinv

Memory: 4k page, physical 8272432k(893324k free), swap 16543024k(5714784k free)

vm_info: Java HotSpot(TM) 64-Bit Server VM (25.40-b25) for windows-amd64 JRE (1.8.0_40-b25), built on Feb 10 2015 21:53:57 by "java_re" with MS VC++ 10.0 (VS2010)

time: Wed Aug 19 15:46:26 2015
elapsed time: 36 seconds (0d 0h 0m 36s)

