#
# A fatal error has been detected by the Java Runtime Environment:
#
#  EXCEPTION_ACCESS_VIOLATION (0xc0000005) at pc=0x000000001af2d218, pid=22364, tid=24064
#
# JRE version: Java(TM) SE Runtime Environment (8.0_40-b25) (build 1.8.0_40-b25)
# Java VM: Java HotSpot(TM) 64-Bit Server VM (25.40-b25 mixed mode windows-amd64 compressed oops)
# Problematic frame:
# C  [ig7icd64.dll+0x2d218]
#
# Failed to write core dump. Minidumps are not enabled by default on client versions of Windows
#
# If you would like to submit a bug report, please visit:
#   http://bugreport.java.com/bugreport/crash.jsp
# The crash happened outside the Java Virtual Machine in native code.
# See problematic frame for where to report the bug.
#

---------------  T H R E A D  ---------------

Current thread (0x00000000000fe800):  JavaThread "main" [_thread_in_native, id=24064, stack(0x0000000002420000,0x0000000002520000)]

siginfo: ExceptionCode=0xc0000005, reading address 0x0000000000000020

Registers:
RAX=0x0000000000000000, RBX=0x0000000000000001, RCX=0x0000000000000001, RDX=0x000000001c1adfe0
RSP=0x000000000251e800, RBP=0x000000001d6c7350, RSI=0x000000001c1adfe0, RDI=0x0000000000000001
R8 =0x0000000000000001, R9 =0x000000001c1adfe0, R10=0x0000000000000000, R11=0x0000000000000000
R12=0x000000001c1ac1e8, R13=0x0000000000000000, R14=0x0000000000000000, R15=0x000000001c14efe8
RIP=0x000000001af2d218, EFLAGS=0x0000000000010206

Top of Stack: (sp=0x000000000251e800)
0x000000000251e800:   0000000000000000 000000001c1adfe0
0x000000000251e810:   0000000000000000 000000006f6b0b00
0x000000000251e820:   000000000251e9a0 000000006f7cb2e2
0x000000000251e830:   000000000251ea58 000000001ce3b000
0x000000000251e840:   000000000251e940 000000000000000b
0x000000000251e850:   000000000251e8c0 000000006f6b12f3
0x000000000251e860:   000000001c1abeb8 000000006f5e2079
0x000000000251e870:   0000000000000000 00000000000ff1d8
0x000000000251e880:   00000000000fe800 0000000900000009
0x000000000251e890:   0000000002097020 000000006f5e6e19
0x000000000251e8a0:   00000000000fe500 000000006fa996e8
0x000000000251e8b0:   000000001f4d5950 00000000000b0f28
0x000000000251e8c0:   000000001c1ac1e8 00000000000fe800
0x000000000251e8d0:   00000000000ff5a8 000000000251ea88
0x000000000251e8e0:   00000000000003d8 0000000000000000
0x000000000251e8f0:   0000000000000000 0000001000000000 

Instructions: (pc=0x000000001af2d218)
0x000000001af2d1f8:   00 48 63 c9 48 8b 84 c8 c0 00 00 00 48 85 c0 74
0x000000001af2d208:   19 48 8b 40 70 66 0f ef ff 0f b6 58 11 48 8b 00
0x000000001af2d218:   8b 40 20 ff c8 f3 48 0f 2a f8 41 8b 84 24 20 01
0x000000001af2d228:   00 00 0f b6 cb c1 e8 04 89 4c 24 30 83 e0 01 3b 


Register to memory mapping:

RAX=0x0000000000000000 is an unknown value
RBX=0x0000000000000001 is an unknown value
RCX=0x0000000000000001 is an unknown value
RDX=0x000000001c1adfe0 is an unknown value
RSP=0x000000000251e800 is pointing into the stack for thread: 0x00000000000fe800
RBP=0x000000001d6c7350 is an unknown value
RSI=0x000000001c1adfe0 is an unknown value
RDI=0x0000000000000001 is an unknown value
R8 =0x0000000000000001 is an unknown value
R9 =0x000000001c1adfe0 is an unknown value
R10=0x0000000000000000 is an unknown value
R11=0x0000000000000000 is an unknown value
R12=0x000000001c1ac1e8 is an unknown value
R13=0x0000000000000000 is an unknown value
R14=0x0000000000000000 is an unknown value
R15=0x000000001c14efe8 is an unknown value


Stack: [0x0000000002420000,0x0000000002520000],  sp=0x000000000251e800,  free space=1018k
Native frames: (J=compiled Java code, j=interpreted, Vv=VM code, C=native code)
C  [ig7icd64.dll+0x2d218]
C  [ig7icd64.dll+0x22a00]
C  [ig7icd64.dll+0x77ad8]
C  [ig7icd64.dll+0x79f02]
C  [ig7icd64.dll+0x1f6a1d]
C  [ig7icd64.dll+0x1f8e35]
C  0x0000000002b0b6d4

Java frames: (J=compiled Java code, j=interpreted, Vv=VM code)
J 797  org.lwjgl.opengl.GL11.nglDrawArrays(IIIJ)V (0 bytes) @ 0x0000000002b0b64e [0x0000000002b0b600+0x4e]
J 2317 C2 mdesl.graphics.SpriteBatch.render()V (56 bytes) @ 0x0000000002fa25ec [0x0000000002fa2460+0x18c]
J 747 C1 mdesl.graphics.SpriteBatch.flush()V (37 bytes) @ 0x0000000002ae0634 [0x0000000002ae03c0+0x274]
j  com.marklynch.graphics.ShadowLight.render()V+336
j  com.marklynch.Game.render()V+0
j  com.marklynch.Game.start()V+94
j  com.marklynch.Game.main([Ljava/lang/String;)V+9
v  ~StubRoutines::call_stub

---------------  P R O C E S S  ---------------

Java Threads: ( => current thread )
  0x000000002416c000 JavaThread "TimerQueue" daemon [_thread_blocked, id=5360, stack(0x000000001f9a0000,0x000000001faa0000)]
  0x000000002447c000 JavaThread "Swing-Shell" daemon [_thread_blocked, id=11468, stack(0x00000000280b0000,0x00000000281b0000)]
  0x0000000024646000 JavaThread "AWT-Windows" daemon [_thread_in_native, id=7528, stack(0x0000000027620000,0x0000000027720000)]
  0x000000002458d800 JavaThread "Java2D Disposer" daemon [_thread_blocked, id=8232, stack(0x0000000023420000,0x0000000023520000)]
  0x000000001ee5f000 JavaThread "LWJGL Timer" daemon [_thread_blocked, id=8980, stack(0x0000000022f80000,0x0000000023080000)]
  0x0000000018bb1800 JavaThread "Service Thread" daemon [_thread_blocked, id=21544, stack(0x000000001a7b0000,0x000000001a8b0000)]
  0x0000000018b28000 JavaThread "C1 CompilerThread3" daemon [_thread_blocked, id=24436, stack(0x000000001a5b0000,0x000000001a6b0000)]
  0x0000000018b25000 JavaThread "C2 CompilerThread2" daemon [_thread_blocked, id=23848, stack(0x000000001a3d0000,0x000000001a4d0000)]
  0x0000000018b1d000 JavaThread "C2 CompilerThread1" daemon [_thread_blocked, id=22512, stack(0x000000001a2c0000,0x000000001a3c0000)]
  0x0000000018b18000 JavaThread "C2 CompilerThread0" daemon [_thread_blocked, id=23400, stack(0x000000001a140000,0x000000001a240000)]
  0x0000000018b12800 JavaThread "Attach Listener" daemon [_thread_blocked, id=23392, stack(0x0000000019fd0000,0x000000001a0d0000)]
  0x000000001795f800 JavaThread "Signal Dispatcher" daemon [_thread_blocked, id=7312, stack(0x0000000019e70000,0x0000000019f70000)]
  0x0000000017948800 JavaThread "Finalizer" daemon [_thread_blocked, id=20088, stack(0x0000000019d20000,0x0000000019e20000)]
  0x0000000017947800 JavaThread "Reference Handler" daemon [_thread_blocked, id=5552, stack(0x0000000019c10000,0x0000000019d10000)]
=>0x00000000000fe800 JavaThread "main" [_thread_in_native, id=24064, stack(0x0000000002420000,0x0000000002520000)]

Other Threads:
  0x0000000017943000 VMThread [stack: 0x0000000019ab0000,0x0000000019bb0000] [id=21884]
  0x0000000018bb5800 WatcherThread [stack: 0x000000001aa20000,0x000000001ab20000] [id=23620]

VM state:not at safepoint (normal execution)

VM Mutex/Monitor currently owned by a thread: None

Heap:
 PSYoungGen      total 38400K, used 18660K [0x00000000d5f00000, 0x00000000d8980000, 0x0000000100000000)
  eden space 33280K, 40% used [0x00000000d5f00000,0x00000000d6c3b9e0,0x00000000d7f80000)
  from space 5120K, 99% used [0x00000000d7f80000,0x00000000d847d8a0,0x00000000d8480000)
  to   space 5120K, 0% used [0x00000000d8480000,0x00000000d8480000,0x00000000d8980000)
 ParOldGen       total 87552K, used 3150K [0x0000000081c00000, 0x0000000087180000, 0x00000000d5f00000)
  object space 87552K, 3% used [0x0000000081c00000,0x0000000081f13b18,0x0000000087180000)
 Metaspace       used 16817K, capacity 17047K, committed 17280K, reserved 1064960K
  class space    used 2030K, capacity 2129K, committed 2176K, reserved 1048576K

Card table byte_map: [0x0000000011bb0000,0x0000000011fb0000] byte_map_base: 0x00000000117a2000

Marking Bits: (ParMarkBitMap*) 0x000000006fca4040
 Begin Bits: [0x0000000012c40000, 0x0000000014bd0000)
 End Bits:   [0x0000000014bd0000, 0x0000000016b60000)

Polling page: 0x0000000000140000

CodeCache: size=245760Kb used=7888Kb max_used=7888Kb free=237871Kb
 bounds [0x00000000027f0000, 0x0000000002fb0000, 0x00000000117f0000]
 total_blobs=2971 nmethods=2325 adapters=557
 compilation: enabled

Compilation events (10 events):
Event: 10.791 Thread 0x0000000018b25000 2321       4       java.util.regex.Matcher::find (69 bytes)
Event: 10.791 Thread 0x0000000018b18000 2322       4       java.util.ArrayList$Itr::next (66 bytes)
Event: 10.793 Thread 0x0000000018b18000 nmethod 2322 0x0000000002fa0990 code [0x0000000002fa0ae0, 0x0000000002fa0bf8]
Event: 10.797 Thread 0x0000000018b25000 nmethod 2321 0x0000000002fa44d0 code [0x0000000002fa4620, 0x0000000002fa4918]
Event: 10.939 Thread 0x0000000018b28000 2323   !   3       org.lwjgl.input.Mouse::isGrabbed (17 bytes)
Event: 10.940 Thread 0x0000000018b28000 nmethod 2323 0x0000000002fa04d0 code [0x0000000002fa0640, 0x0000000002fa08b0]
Event: 11.056 Thread 0x0000000018b28000 2324   !   3       com.marklynch.editor.Editor::getButtonFromMousePosition (254 bytes)
Event: 11.059 Thread 0x0000000018b28000 nmethod 2324 0x0000000002fa8f90 code [0x0000000002fa93a0, 0x0000000002fabc98]
Event: 11.329 Thread 0x0000000018b28000 2325       3       org.lwjgl.opengl.WindowsKeyboard::isKeyPressed (13 bytes)
Event: 11.329 Thread 0x0000000018b28000 nmethod 2325 0x0000000002fa4150 code [0x0000000002fa42a0, 0x0000000002fa4430]

GC Heap History (2 events):
Event: 2.348 GC heap before
{Heap before GC invocations=1 (full 0):
 PSYoungGen      total 38400K, used 33280K [0x00000000d5f00000, 0x00000000d8980000, 0x0000000100000000)
  eden space 33280K, 100% used [0x00000000d5f00000,0x00000000d7f80000,0x00000000d7f80000)
  from space 5120K, 0% used [0x00000000d8480000,0x00000000d8480000,0x00000000d8980000)
  to   space 5120K, 0% used [0x00000000d7f80000,0x00000000d7f80000,0x00000000d8480000)
 ParOldGen       total 87552K, used 0K [0x0000000081c00000, 0x0000000087180000, 0x00000000d5f00000)
  object space 87552K, 0% used [0x0000000081c00000,0x0000000081c00000,0x0000000087180000)
 Metaspace       used 14509K, capacity 14693K, committed 14976K, reserved 1062912K
  class space    used 1791K, capacity 1836K, committed 1920K, reserved 1048576K
Event: 2.353 GC heap after
Heap after GC invocations=1 (full 0):
 PSYoungGen      total 38400K, used 5110K [0x00000000d5f00000, 0x00000000d8980000, 0x0000000100000000)
  eden space 33280K, 0% used [0x00000000d5f00000,0x00000000d5f00000,0x00000000d7f80000)
  from space 5120K, 99% used [0x00000000d7f80000,0x00000000d847d8a0,0x00000000d8480000)
  to   space 5120K, 0% used [0x00000000d8480000,0x00000000d8480000,0x00000000d8980000)
 ParOldGen       total 87552K, used 3150K [0x0000000081c00000, 0x0000000087180000, 0x00000000d5f00000)
  object space 87552K, 3% used [0x0000000081c00000,0x0000000081f13b18,0x0000000087180000)
 Metaspace       used 14509K, capacity 14693K, committed 14976K, reserved 1062912K
  class space    used 1791K, capacity 1836K, committed 1920K, reserved 1048576K
}

Deoptimization events (10 events):
Event: 2.172 Thread 0x00000000000fe800 Uncommon trap: reason=bimorphic action=maybe_recompile pc=0x0000000002c19610 method=java.util.regex.Pattern$Start.match(Ljava/util/regex/Matcher;ILjava/lang/CharSequence;)Z @ 44
Event: 2.172 Thread 0x00000000000fe800 Uncommon trap: reason=bimorphic action=maybe_recompile pc=0x0000000002c19610 method=java.util.regex.Pattern$Start.match(Ljava/util/regex/Matcher;ILjava/lang/CharSequence;)Z @ 44
Event: 2.172 Thread 0x00000000000fe800 Uncommon trap: reason=bimorphic action=maybe_recompile pc=0x0000000002c19610 method=java.util.regex.Pattern$Start.match(Ljava/util/regex/Matcher;ILjava/lang/CharSequence;)Z @ 44
Event: 2.172 Thread 0x00000000000fe800 Uncommon trap: reason=bimorphic action=maybe_recompile pc=0x0000000002c19610 method=java.util.regex.Pattern$Start.match(Ljava/util/regex/Matcher;ILjava/lang/CharSequence;)Z @ 44
Event: 2.413 Thread 0x00000000000fe800 Uncommon trap: reason=class_check action=maybe_recompile pc=0x0000000002a02f54 method=java.lang.String.equals(Ljava/lang/Object;)Z @ 8
Event: 2.416 Thread 0x00000000000fe800 Uncommon trap: reason=class_check action=maybe_recompile pc=0x0000000002a02f54 method=java.lang.String.equals(Ljava/lang/Object;)Z @ 8
Event: 2.416 Thread 0x00000000000fe800 Uncommon trap: reason=class_check action=maybe_recompile pc=0x0000000002a02f54 method=java.lang.String.equals(Ljava/lang/Object;)Z @ 8
Event: 2.416 Thread 0x00000000000fe800 Uncommon trap: reason=class_check action=maybe_recompile pc=0x0000000002a02f54 method=java.lang.String.equals(Ljava/lang/Object;)Z @ 8
Event: 9.333 Thread 0x0000000024477800 Uncommon trap: reason=unstable_if action=reinterpret pc=0x0000000002edf0b8 method=javax.swing.DefaultListCellRenderer.firePropertyChange(Ljava/lang/String;Ljava/lang/Object;Ljava/lang/Object;)V @ 20
Event: 9.426 Thread 0x0000000024477800 Uncommon trap: reason=unstable_if action=reinterpret pc=0x0000000002ee9768 method=sun.font.FileFontStrike.getCachedGlyphPtr(I)J @ 99

Internal exceptions (10 events):
Event: 2.063 Thread 0x00000000000fe800 Exception <a 'java/lang/ArrayIndexOutOfBoundsException': 139> (0x00000000d792c168) thrown at [D:\re\workspace\8-2-build-windows-amd64-cygwin\jdk8u40\2855\hotspot\src\share\vm\interpreter\interpreterRuntime.cpp, line 366]
Event: 2.064 Thread 0x00000000000fe800 Exception <a 'java/lang/ArrayIndexOutOfBoundsException': 67> (0x00000000d7933d88) thrown at [D:\re\workspace\8-2-build-windows-amd64-cygwin\jdk8u40\2855\hotspot\src\share\vm\interpreter\interpreterRuntime.cpp, line 366]
Event: 2.064 Thread 0x00000000000fe800 Exception <a 'java/lang/ArrayIndexOutOfBoundsException': 65> (0x00000000d7935240) thrown at [D:\re\workspace\8-2-build-windows-amd64-cygwin\jdk8u40\2855\hotspot\src\share\vm\interpreter\interpreterRuntime.cpp, line 366]
Event: 2.065 Thread 0x00000000000fe800 Exception <a 'java/lang/ArrayIndexOutOfBoundsException'> (0x00000000d793aec8) thrown at [D:\re\workspace\8-2-build-windows-amd64-cygwin\jdk8u40\2855\hotspot\src\share\vm\runtime\sharedRuntime.cpp, line 605]
Event: 2.068 Thread 0x00000000000fe800 Exception <a 'java/lang/ArrayIndexOutOfBoundsException'> (0x00000000d794b448) thrown at [D:\re\workspace\8-2-build-windows-amd64-cygwin\jdk8u40\2855\hotspot\src\share\vm\runtime\sharedRuntime.cpp, line 605]
Event: 2.086 Thread 0x00000000000fe800 Exception <a 'java/io/FileNotFoundException'> (0x00000000d79c8e88) thrown at [D:\re\workspace\8-2-build-windows-amd64-cygwin\jdk8u40\2855\hotspot\src\share\vm\prims\jni.cpp, line 709]
Event: 2.123 Thread 0x00000000000fe800 Exception <a 'java/lang/NoSuchFieldError': method resolution failed> (0x00000000d7aaf740) thrown at [D:\re\workspace\8-2-build-windows-amd64-cygwin\jdk8u40\2855\hotspot\src\share\vm\prims\methodHandles.cpp, line 1125]
Event: 2.124 Thread 0x00000000000fe800 Exception <a 'java/lang/NoSuchFieldError': method resolution failed> (0x00000000d7abe098) thrown at [D:\re\workspace\8-2-build-windows-amd64-cygwin\jdk8u40\2855\hotspot\src\share\vm\prims\methodHandles.cpp, line 1125]
Event: 2.153 Thread 0x00000000000fe800 Exception <a 'java/io/FileNotFoundException'> (0x00000000d7c2f648) thrown at [D:\re\workspace\8-2-build-windows-amd64-cygwin\jdk8u40\2855\hotspot\src\share\vm\prims\jni.cpp, line 709]
Event: 9.426 Thread 0x0000000024477800 Implicit null exception at 0x0000000002ee9615 to 0x0000000002ee9751

Events (10 events):
Event: 9.873 Thread 0x00000000000fe800 DEOPT PACKING pc=0x0000000002f36a28 sp=0x000000000251e7e0
Event: 9.873 Thread 0x00000000000fe800 DEOPT UNPACKING pc=0x000000000283787f sp=0x000000000251e590 mode 0
Event: 9.941 Thread 0x00000000000fe800 DEOPT PACKING pc=0x0000000002f36a28 sp=0x000000000251e8a0
Event: 9.941 Thread 0x00000000000fe800 DEOPT UNPACKING pc=0x000000000283787f sp=0x000000000251e650 mode 0
Event: 10.906 loading class sun/awt/AppContext$PostShutdownEventRunnable
Event: 10.906 loading class sun/awt/AppContext$PostShutdownEventRunnable done
Event: 10.906 loading class sun/awt/AWTAutoShutdown$1
Event: 10.906 loading class sun/awt/AWTAutoShutdown$1 done
Event: 10.906 Thread 0x0000000024643000 Thread exited: 0x0000000024643000
Event: 10.906 Thread 0x0000000024477800 Thread exited: 0x0000000024477800


Dynamic libraries:
0x000000013f6d0000 - 0x000000013f707000 	C:\Program Files\Java\jre1.8.0_40\bin\javaw.exe
0x0000000076f30000 - 0x00000000770d9000 	C:\Windows\SYSTEM32\ntdll.dll
0x0000000076e10000 - 0x0000000076f2f000 	C:\Windows\system32\kernel32.dll
0x000007fefcd80000 - 0x000007fefcdec000 	C:\Windows\system32\KERNELBASE.dll
0x000007fefd1d0000 - 0x000007fefd2ab000 	C:\Windows\system32\ADVAPI32.dll
0x000007fefd570000 - 0x000007fefd60f000 	C:\Windows\system32\msvcrt.dll
0x000007fefe970000 - 0x000007fefe98f000 	C:\Windows\SYSTEM32\sechost.dll
0x000007fefd0a0000 - 0x000007fefd1cd000 	C:\Windows\system32\RPCRT4.dll
0x0000000076d10000 - 0x0000000076e0a000 	C:\Windows\system32\USER32.dll
0x000007feff010000 - 0x000007feff077000 	C:\Windows\system32\GDI32.dll
0x000007feff000000 - 0x000007feff00e000 	C:\Windows\system32\LPK.dll
0x000007fefd4a0000 - 0x000007fefd569000 	C:\Windows\system32\USP10.dll
0x000007fefb700000 - 0x000007fefb8f4000 	C:\Windows\WinSxS\amd64_microsoft.windows.common-controls_6595b64144ccf1df_6.0.7601.18837_none_fa3b1e3d17594757\COMCTL32.dll
0x000007fefd310000 - 0x000007fefd381000 	C:\Windows\system32\SHLWAPI.dll
0x000007feff210000 - 0x000007feff23e000 	C:\Windows\system32\IMM32.DLL
0x000007fefd390000 - 0x000007fefd499000 	C:\Windows\system32\MSCTF.dll
0x0000000079610000 - 0x00000000796e2000 	C:\Program Files\Java\jre1.8.0_40\bin\msvcr100.dll
0x000000006f4a0000 - 0x000000006fd23000 	C:\Program Files\Java\jre1.8.0_40\bin\server\jvm.dll
0x000007fefa3d0000 - 0x000007fefa3d9000 	C:\Windows\system32\WSOCK32.dll
0x000007fefed00000 - 0x000007fefed4d000 	C:\Windows\system32\WS2_32.dll
0x000007fefe990000 - 0x000007fefe998000 	C:\Windows\system32\NSI.dll
0x000007fefa570000 - 0x000007fefa5ab000 	C:\Windows\system32\WINMM.dll
0x000007fefbdc0000 - 0x000007fefbdcc000 	C:\Windows\system32\VERSION.dll
0x0000000077100000 - 0x0000000077107000 	C:\Windows\system32\PSAPI.DLL
0x0000000052360000 - 0x000000005236f000 	C:\Program Files\Java\jre1.8.0_40\bin\verify.dll
0x000000006d610000 - 0x000000006d639000 	C:\Program Files\Java\jre1.8.0_40\bin\java.dll
0x0000000070c30000 - 0x0000000070c46000 	C:\Program Files\Java\jre1.8.0_40\bin\zip.dll
0x000007fefd610000 - 0x000007fefe399000 	C:\Windows\system32\SHELL32.dll
0x000007fefed50000 - 0x000007fefef53000 	C:\Windows\system32\ole32.dll
0x000007fefccf0000 - 0x000007fefccff000 	C:\Windows\system32\profapi.dll
0x0000000180000000 - 0x0000000180053000 	C:\dev\workspace\tactics\tactics_project\libs\lwjgl_native\lwjgl64.dll
0x000007feed7b0000 - 0x000007feed8cd000 	C:\Windows\system32\OPENGL32.dll
0x000007fef44d0000 - 0x000007fef44fd000 	C:\Windows\system32\GLU32.dll
0x000007feed8f0000 - 0x000007feed9e1000 	C:\Windows\system32\DDRAW.dll
0x000007fefa410000 - 0x000007fefa418000 	C:\Windows\system32\DCIMAN32.dll
0x000007fefeb20000 - 0x000007fefecf7000 	C:\Windows\system32\SETUPAPI.dll
0x000007fefcd40000 - 0x000007fefcd76000 	C:\Windows\system32\CFGMGR32.dll
0x000007fefea40000 - 0x000007fefeb17000 	C:\Windows\system32\OLEAUT32.dll
0x000007fefce40000 - 0x000007fefce5a000 	C:\Windows\system32\DEVOBJ.dll
0x000007fefaf30000 - 0x000007fefaf48000 	C:\Windows\system32\dwmapi.dll
0x000007fefb310000 - 0x000007fefb366000 	C:\Windows\system32\uxtheme.dll
0x000007fefcb40000 - 0x000007fefcb4f000 	C:\Windows\system32\CRYPTBASE.dll
0x000000001af00000 - 0x000000001bf78000 	C:\Windows\system32\ig7icd64.dll
0x000007feed710000 - 0x000007feed7ac000 	C:\Windows\system32\mscms.dll
0x000007fefcd10000 - 0x000007fefcd2e000 	C:\Windows\system32\USERENV.dll
0x000007fef4960000 - 0x000007fef49a2000 	C:\Windows\system32\icm32.dll
0x0000000012260000 - 0x00000000122c4000 	C:\dev\workspace\tactics\tactics_project\libs\lwjgl_native\OpenAL64.dll
0x000007fefe3a0000 - 0x000007fefe439000 	C:\Windows\system32\CLBCatQ.DLL
0x000007fefb4a0000 - 0x000007fefb4eb000 	C:\Windows\System32\MMDevApi.dll
0x000007fefb370000 - 0x000007fefb49c000 	C:\Windows\System32\PROPSYS.dll
0x000007fefa190000 - 0x000007fefa218000 	C:\Windows\system32\dsound.dll
0x000007fefb4f0000 - 0x000007fefb51c000 	C:\Windows\system32\POWRPROF.dll
0x000007fefa480000 - 0x000007fefa4cf000 	C:\Windows\system32\AUDIOSES.DLL
0x000000006c7f0000 - 0x000000006c988000 	C:\Program Files\Java\jre1.8.0_40\bin\awt.dll
0x000007fef62b0000 - 0x000007fef6350000 	C:\Windows\WinSxS\amd64_microsoft.windows.common-controls_6595b64144ccf1df_5.82.7601.18837_none_a4d981ff711297b6\comctl32.dll
0x00000000023d0000 - 0x0000000002417000 	C:\Program Files\Java\jre1.8.0_40\bin\fontmanager.dll
0x00000000122d0000 - 0x00000000122ea000 	C:\Program Files\Java\jre1.8.0_40\bin\net.dll
0x000007fefc570000 - 0x000007fefc5c5000 	C:\Windows\system32\mswsock.dll
0x000007fefc6b0000 - 0x000007fefc6b7000 	C:\Windows\System32\wship6.dll
0x00000000122f0000 - 0x0000000012301000 	C:\Program Files\Java\jre1.8.0_40\bin\nio.dll
0x00000000704e0000 - 0x0000000070521000 	C:\Program Files\Java\jre1.8.0_40\bin\t2k.dll
0x000007fefaa00000 - 0x000007fefaa2d000 	C:\Windows\system32\ntmarta.dll
0x000007fefd2b0000 - 0x000007fefd302000 	C:\Windows\system32\WLDAP32.dll
0x000007fefcae0000 - 0x000007fefcb37000 	C:\Windows\system32\apphelp.dll
0x000007fef4d40000 - 0x000007fef4edc000 	C:\Windows\system32\NetworkExplorer.dll
0x000007fef1b70000 - 0x000007fef1ba4000 	C:\Windows\System32\shdocvw.dll
0x000007fefa5b0000 - 0x000007fefa5bb000 	C:\Windows\system32\slc.dll
0x000007fef9a50000 - 0x000007fef9a68000 	C:\Windows\system32\MPR.dll
0x000007fefa350000 - 0x000007fefa35a000 	C:\Windows\System32\drprov.dll
0x000007fefcbf0000 - 0x000007fefcc2d000 	C:\Windows\System32\WINSTA.dll
0x000007fefa090000 - 0x000007fefa0b2000 	C:\Windows\System32\ntlanman.dll
0x000007fefa070000 - 0x000007fefa08d000 	C:\Windows\System32\davclnt.dll
0x000007fefa060000 - 0x000007fefa06a000 	C:\Windows\System32\DAVHLPR.dll
0x000007fefa030000 - 0x000007fefa052000 	C:\Windows\system32\LMIRfsClientNP.dll
0x000007fefabe0000 - 0x000007fefabf5000 	C:\Windows\system32\wkscli.dll
0x000007fef7ee0000 - 0x000007fef7eef000 	C:\Windows\system32\cscapi.dll
0x000007fefc160000 - 0x000007fefc16c000 	C:\Windows\system32\netutils.dll
0x000007fee4110000 - 0x000007fee4381000 	C:\Windows\system32\wpdshext.dll
0x000007fefb0f0000 - 0x000007fefb306000 	C:\Windows\WinSxS\amd64_microsoft.windows.gdiplus_6595b64144ccf1df_1.1.7601.18946_none_2b27281071eac12c\gdiplus.dll
0x000007feef1a0000 - 0x000007feef25d000 	C:\Windows\system32\PortableDeviceApi.dll
0x000007fefcdf0000 - 0x000007fefce2b000 	C:\Windows\system32\WINTRUST.dll
0x000007fefcf20000 - 0x000007fefd08d000 	C:\Windows\system32\CRYPT32.dll
0x000007fefcce0000 - 0x000007fefccef000 	C:\Windows\system32\MSASN1.dll
0x000007fef4f30000 - 0x000007fef4f65000 	C:\Windows\system32\EhStorShell.dll
0x000007fef19e0000 - 0x000007fef1a07000 	C:\Windows\system32\EhStorAPI.dll
0x000007fefa3a0000 - 0x000007fefa3ac000 	C:\Windows\system32\LINKINFO.dll
0x000007fefad80000 - 0x000007fefaee1000 	C:\Windows\system32\WindowsCodecs.dll
0x000007feef270000 - 0x000007feef36a000 	C:\Program Files (x86)\Adobe\Adobe Creative Cloud\CoreSyncExtension\CoreSync_x64.dll
0x000007feecb60000 - 0x000007feecd9d000 	C:\Program Files\Microsoft Office 15\root\VFS\ProgramFilesX64\Microsoft Office\Office15\GROOVEEX.DLL
0x0000000070860000 - 0x00000000708f8000 	C:\Program Files\Microsoft Office 15\root\VFS\ProgramFilesX64\Microsoft Office\Office15\MSVCP100.dll
0x0000000070d30000 - 0x0000000070d5b000 	C:\Program Files\Microsoft Office 15\root\VFS\ProgramFilesX64\Microsoft Office\Office15\ATL100.DLL
0x000007fef4530000 - 0x000007fef484e000 	C:\Windows\system32\msi.dll
0x000007feeb220000 - 0x000007feeba9d000 	C:\Program Files\Microsoft Office 15\root\VFS\ProgramFilesX64\Microsoft Office\Office15\1033\GrooveIntlResource.dll
0x0000000074a30000 - 0x0000000074a46000 	C:\Program Files\Common Files\TortoiseOverlays\TortoiseOverlays.dll
0x0000000074660000 - 0x0000000074670000 	C:\Program Files\TortoiseSVN\bin\TortoiseStub.dll
0x00000000707e0000 - 0x000000007085b000 	C:\Program Files\TortoiseSVN\bin\TortoiseSVN.dll
0x000007fefe440000 - 0x000007fefe69a000 	C:\Windows\system32\WININET.dll
0x000007fefce60000 - 0x000007fefce64000 	C:\Windows\system32\api-ms-win-downlevel-user32-l1-1-0.dll
0x000007fefcf10000 - 0x000007fefcf14000 	C:\Windows\system32\api-ms-win-downlevel-shlwapi-l1-1-0.dll
0x000007fefcd00000 - 0x000007fefcd04000 	C:\Windows\system32\api-ms-win-downlevel-version-l1-1-0.dll
0x000007fefcd30000 - 0x000007fefcd33000 	C:\Windows\system32\api-ms-win-downlevel-normaliz-l1-1-0.dll
0x00000000770f0000 - 0x00000000770f3000 	C:\Windows\system32\normaliz.DLL
0x000007fefe6a0000 - 0x000007fefe967000 	C:\Windows\system32\iertutil.dll
0x000007fefd090000 - 0x000007fefd095000 	C:\Windows\system32\api-ms-win-downlevel-advapi32-l1-1-0.dll
0x000007feeae30000 - 0x000007feeb21d000 	C:\Program Files\TortoiseSVN\bin\libsvn_tsvn.dll
0x0000000070d00000 - 0x0000000070d2b000 	C:\Program Files\TortoiseSVN\bin\libapr_tsvn.dll
0x0000000070790000 - 0x00000000707d1000 	C:\Program Files\TortoiseSVN\bin\libaprutil_tsvn.dll
0x000007fef8140000 - 0x000007fef8150000 	C:\Program Files\TortoiseSVN\bin\intl3_tsvn.dll
0x000007fef5640000 - 0x000007fef565a000 	C:\Program Files\TortoiseSVN\bin\libsasl.dll
0x000007fefca70000 - 0x000007fefca7b000 	C:\Windows\system32\Secur32.dll
0x000007fefcab0000 - 0x000007fefcad5000 	C:\Windows\system32\SSPICLI.DLL
0x000007fef9ef0000 - 0x000007fefa015000 	C:\Windows\system32\dbghelp.dll

VM Arguments:
jvm_args: -Djava.library.path=C:\dev\workspace\tactics\tactics_project\libs\lwjgl_native -Dfile.encoding=Cp1252 
java_command: com.marklynch.Game
java_class_path (initial): C:\dev\workspace\tactics\tactics_project\bin;C:\dev\workspace\tactics\tactics_project\libs\ibxm.jar;C:\dev\workspace\tactics\tactics_project\libs\jogg-0.0.7.jar;C:\dev\workspace\tactics\tactics_project\libs\jorbis-0.0.15.jar;C:\dev\workspace\tactics\tactics_project\libs\lwjgl_util_applet.jar;C:\dev\workspace\tactics\tactics_project\libs\lwjgl_util.jar;C:\dev\workspace\tactics\tactics_project\libs\natives-linux.jar;C:\dev\workspace\tactics\tactics_project\libs\natives-mac.jar;C:\dev\workspace\tactics\tactics_project\libs\natives-windows.jar;C:\dev\workspace\tactics\tactics_project\libs\slick-util.jar;C:\dev\workspace\tactics\tactics_project\libs\AppleJavaExtensions.jar;C:\dev\workspace\tactics\tactics_project\libs\asm-debug-all.jar;C:\dev\workspace\tactics\tactics_project\libs\jinput.jar;C:\dev\workspace\tactics\tactics_project\libs\laf-plugin-7.2.1.jar;C:\dev\workspace\tactics\tactics_project\libs\laf-widget-7.2.1.jar;C:\dev\workspace\tactics\tactics_project\libs\log4j-api-2.0-beta9.jar;C:\dev\workspace\tactics\tactics_project\libs\lwjgl_test.jar;C:\dev\workspace\tactics\tactics_project\libs\lwjgl-debug.jar;C:\dev\workspace\tactics\tactics_project\libs\lwjgl.jar;C:\dev\workspace\tactics\tactics_project\libs\lzma.jar;C:\dev\workspace\tactics\tactics_project\libs\substance-7.2.1.jar;C:\dev\workspace\tactics\tactics_project\libs\trident-7.2.1.jar;C:\dev\workspace\tactics\tactics_project\libs\gson-2.3.1.jar;C:\dev\workspace\tactics\tactics_project\libs\commons-io-2.4.jar;C:\dev\workspace\tactics\tactics_project\libs\PNGDecoder.jar;C:\dev\workspace\tactics\tactics_project\libs\xpp3-1.1.4c.jar
Launcher Type: SUN_STANDARD

Environment Variables:
PATH=C:/Program Files/Java/jre1.8.0_40/bin/server;C:/Program Files/Java/jre1.8.0_40/bin;C:/Program Files/Java/jre1.8.0_40/lib/amd64;C:\ProgramData\Oracle\Java\javapath;C:\Program Files (x86)\Intel\iCLS Client\;C:\Program Files\Intel\iCLS Client\;C:\Windows\system32;C:\Windows;C:\Windows\System32\Wbem;C:\Windows\System32\WindowsPowerShell\v1.0\;C:\Program Files\Intel\Intel(R) Management Engine Components\DAL;C:\Program Files\Intel\Intel(R) Management Engine Components\IPT;C:\Program Files (x86)\Intel\Intel(R) Management Engine Components\DAL;C:\Program Files (x86)\Intel\Intel(R) Management Engine Components\IPT;C:\Program Files (x86)\Security Innovation\SI TSS\bin\;c:\Program Files (x86)\Microsoft SQL Server\100\Tools\Binn\;c:\Program Files\Microsoft SQL Server\100\Tools\Binn\;c:\Program Files\Microsoft SQL Server\100\DTS\Binn\;c:\Program Files (x86)\Microsoft SQL Server\100\Tools\Binn\VSShell\Common7\IDE\;c:\Program Files (x86)\Microsoft Visual Studio 9.0\Common7\IDE\PrivateAssemblies\;c:\Program Files (x86)\Microsoft SQL Server\100\DTS\Binn\;C:\Program Files\TortoiseSVN\bin;C:\Program Files (x86)\Skype\Phone\;C:\dev\adt-bundle-windows-x86_64-20140624\adt-bundle-windows-x86_64-20140624\eclipse;
USERNAME=Mark.Lynch
OS=Windows_NT
PROCESSOR_IDENTIFIER=Intel64 Family 6 Model 58 Stepping 9, GenuineIntel



---------------  S Y S T E M  ---------------

OS: Windows 7 , 64 bit Build 7601 (6.1.7601.18933)

CPU:total 8 (4 cores per cpu, 2 threads per core) family 6 model 58 stepping 9, cmov, cx8, fxsr, mmx, sse, sse2, sse3, ssse3, sse4.1, sse4.2, popcnt, avx, aes, clmul, erms, ht, tsc, tscinvbit, tscinv

Memory: 4k page, physical 8272432k(2219060k free), swap 16543024k(5426380k free)

vm_info: Java HotSpot(TM) 64-Bit Server VM (25.40-b25) for windows-amd64 JRE (1.8.0_40-b25), built on Feb 10 2015 21:53:57 by "java_re" with MS VC++ 10.0 (VS2010)

time: Tue Aug 18 11:45:25 2015
elapsed time: 11 seconds (0d 0h 0m 11s)

