#
# A fatal error has been detected by the Java Runtime Environment:
#
#  EXCEPTION_ACCESS_VIOLATION (0xc0000005) at pc=0x000000001b0dd218, pid=24920, tid=2912
#
# JRE version: Java(TM) SE Runtime Environment (8.0_40-b25) (build 1.8.0_40-b25)
# Java VM: Java HotSpot(TM) 64-Bit Server VM (25.40-b25 mixed mode windows-amd64 compressed oops)
# Problematic frame:
# C  [ig7icd64.dll+0x2d218]
#
# Failed to write core dump. Minidumps are not enabled by default on client versions of Windows
#
# If you would like to submit a bug report, please visit:
#   http://bugreport.java.com/bugreport/crash.jsp
# The crash happened outside the Java Virtual Machine in native code.
# See problematic frame for where to report the bug.
#

---------------  T H R E A D  ---------------

Current thread (0x0000000001d2e800):  JavaThread "main" [_thread_in_native, id=2912, stack(0x0000000002370000,0x0000000002470000)]

siginfo: ExceptionCode=0xc0000005, reading address 0x0000000000000020

Registers:
RAX=0x0000000000000000, RBX=0x0000000000000001, RCX=0x0000000000000001, RDX=0x000000001c2ed100
RSP=0x000000000246e7a0, RBP=0x000000001d807350, RSI=0x000000001c2ed100, RDI=0x0000000000000001
R8 =0x0000000000000001, R9 =0x000000001c2ed100, R10=0x0000000000000000, R11=0x0000000000000000
R12=0x000000001c2ec1e8, R13=0x0000000000000000, R14=0x0000000000000000, R15=0x000000001c28efe8
RIP=0x000000001b0dd218, EFLAGS=0x0000000000010206

Top of Stack: (sp=0x000000000246e7a0)
0x000000000246e7a0:   0000000000000000 000000001c2ed100
0x000000000246e7b0:   0000000000000000 0000000002f3e9fe
0x000000000246e7c0:   0000000000000000 000000006f6deff9
0x000000000246e7d0:   0000000000000000 0000000076f6163b
0x000000000246e7e0:   00000000173758c8 0000000001d2e800
0x000000000246e7f0:   0000000001d2e540 0000000001d2f5b0
0x000000000246e800:   0000000001d2f5c0 0000000001d2f698
0x000000000246e810:   00000000000000d8 000000000246f4c8
0x000000000246e820:   0000000018ba3130 0000000001d2e800
0x000000000246e830:   000000000246eac8 000000000246ea98
0x000000000246e840:   0000000001d2f1c0 00000000173758c8
0x000000000246e850:   0000000001d2e500 000000006f6b0b00
0x000000000246e860:   000000001c2ec1e8 000000006f7cb2e2
0x000000000246e870:   000000000246ea98 0000000000000000
0x000000000246e880:   000000000246e980 000000000000000b
0x000000000246e890:   000000000246e900 000000006f6b12f3 

Instructions: (pc=0x000000001b0dd218)
0x000000001b0dd1f8:   00 48 63 c9 48 8b 84 c8 c0 00 00 00 48 85 c0 74
0x000000001b0dd208:   19 48 8b 40 70 66 0f ef ff 0f b6 58 11 48 8b 00
0x000000001b0dd218:   8b 40 20 ff c8 f3 48 0f 2a f8 41 8b 84 24 20 01
0x000000001b0dd228:   00 00 0f b6 cb c1 e8 04 89 4c 24 30 83 e0 01 3b 


Register to memory mapping:

RAX=0x0000000000000000 is an unknown value
RBX=0x0000000000000001 is an unknown value
RCX=0x0000000000000001 is an unknown value
RDX=0x000000001c2ed100 is an unknown value
RSP=0x000000000246e7a0 is pointing into the stack for thread: 0x0000000001d2e800
RBP=0x000000001d807350 is an unknown value
RSI=0x000000001c2ed100 is an unknown value
RDI=0x0000000000000001 is an unknown value
R8 =0x0000000000000001 is an unknown value
R9 =0x000000001c2ed100 is an unknown value
R10=0x0000000000000000 is an unknown value
R11=0x0000000000000000 is an unknown value
R12=0x000000001c2ec1e8 is an unknown value
R13=0x0000000000000000 is an unknown value
R14=0x0000000000000000 is an unknown value
R15=0x000000001c28efe8 is an unknown value


Stack: [0x0000000002370000,0x0000000002470000],  sp=0x000000000246e7a0,  free space=1017k
Native frames: (J=compiled Java code, j=interpreted, Vv=VM code, C=native code)
C  [ig7icd64.dll+0x2d218]
C  [ig7icd64.dll+0x22a00]
C  [ig7icd64.dll+0x77ad8]
C  [ig7icd64.dll+0x79f02]
C  [ig7icd64.dll+0x1f6a1d]
C  [ig7icd64.dll+0x1f8e35]
C  0x0000000002a80b14

Java frames: (J=compiled Java code, j=interpreted, Vv=VM code)
J 872  org.lwjgl.opengl.GL11.nglDrawArrays(IIIJ)V (0 bytes) @ 0x0000000002a80a8e [0x0000000002a80a40+0x4e]
J 2468 C2 mdesl.graphics.SpriteBatch.flush()V (37 bytes) @ 0x0000000002f4ec30 [0x0000000002f4ea60+0x1d0]
J 2751 C1 com.marklynch.graphics.ShadowLight.render()V (944 bytes) @ 0x0000000003012344 [0x000000000300e680+0x3cc4]
J 2750 C1 com.marklynch.Game.render()V (4 bytes) @ 0x0000000002c6bc7c [0x0000000002c6bc00+0x7c]
j  com.marklynch.Game.start()V+94
j  com.marklynch.Game.main([Ljava/lang/String;)V+9
v  ~StubRoutines::call_stub

---------------  P R O C E S S  ---------------

Java Threads: ( => current thread )
  0x000000001e89d800 JavaThread "TimerQueue" daemon [_thread_blocked, id=22296, stack(0x0000000028760000,0x0000000028860000)]
  0x0000000024f22800 JavaThread "Swing-Shell" daemon [_thread_blocked, id=20952, stack(0x0000000022aa0000,0x0000000022ba0000)]
  0x000000002515b000 JavaThread "AWT-Windows" daemon [_thread_in_native, id=24728, stack(0x0000000027d30000,0x0000000027e30000)]
  0x0000000024a47800 JavaThread "Java2D Disposer" daemon [_thread_blocked, id=6776, stack(0x0000000027a10000,0x0000000027b10000)]
  0x0000000024c2b800 JavaThread "LWJGL Timer" daemon [_thread_blocked, id=23804, stack(0x0000000023840000,0x0000000023940000)]
  0x0000000018a91000 JavaThread "Service Thread" daemon [_thread_blocked, id=26464, stack(0x000000001a8a0000,0x000000001a9a0000)]
  0x0000000018a06000 JavaThread "C1 CompilerThread3" daemon [_thread_blocked, id=5592, stack(0x000000001a700000,0x000000001a800000)]
  0x0000000018a05000 JavaThread "C2 CompilerThread2" daemon [_thread_blocked, id=25460, stack(0x000000001a540000,0x000000001a640000)]
  0x00000000189f9000 JavaThread "C2 CompilerThread1" daemon [_thread_blocked, id=26060, stack(0x000000001a3c0000,0x000000001a4c0000)]
  0x00000000189f3800 JavaThread "C2 CompilerThread0" daemon [_thread_blocked, id=20720, stack(0x000000001a200000,0x000000001a300000)]
  0x00000000189ee000 JavaThread "Attach Listener" daemon [_thread_blocked, id=5624, stack(0x0000000019f80000,0x000000001a080000)]
  0x00000000189ec800 JavaThread "Signal Dispatcher" daemon [_thread_blocked, id=24956, stack(0x0000000019900000,0x0000000019a00000)]
  0x000000001793b800 JavaThread "Finalizer" daemon [_thread_blocked, id=9780, stack(0x0000000019e00000,0x0000000019f00000)]
  0x0000000017934800 JavaThread "Reference Handler" daemon [_thread_blocked, id=24748, stack(0x0000000019c10000,0x0000000019d10000)]
=>0x0000000001d2e800 JavaThread "main" [_thread_in_native, id=2912, stack(0x0000000002370000,0x0000000002470000)]

Other Threads:
  0x00000000189a3000 VMThread [stack: 0x0000000019a60000,0x0000000019b60000] [id=25348]
  0x0000000018a95800 WatcherThread [stack: 0x000000001a090000,0x000000001a190000] [id=20628]

VM state:not at safepoint (normal execution)

VM Mutex/Monitor currently owned by a thread: None

Heap:
 PSYoungGen      total 39936K, used 25608K [0x00000000d5f00000, 0x00000000d8e80000, 0x0000000100000000)
  eden space 32256K, 59% used [0x00000000d5f00000,0x00000000d71bc650,0x00000000d7e80000)
  from space 7680K, 83% used [0x00000000d8700000,0x00000000d8d45c40,0x00000000d8e80000)
  to   space 8192K, 0% used [0x00000000d7e80000,0x00000000d7e80000,0x00000000d8680000)
 ParOldGen       total 87552K, used 4387K [0x0000000081c00000, 0x0000000087180000, 0x00000000d5f00000)
  object space 87552K, 5% used [0x0000000081c00000,0x0000000082048dc8,0x0000000087180000)
 Metaspace       used 17802K, capacity 18041K, committed 18432K, reserved 1064960K
  class space    used 2100K, capacity 2196K, committed 2304K, reserved 1048576K

Card table byte_map: [0x0000000011b00000,0x0000000011f00000] byte_map_base: 0x00000000116f2000

Marking Bits: (ParMarkBitMap*) 0x000000006fca4040
 Begin Bits: [0x0000000012c30000, 0x0000000014bc0000)
 End Bits:   [0x0000000014bc0000, 0x0000000016b50000)

Polling page: 0x0000000000230000

CodeCache: size=245760Kb used=8893Kb max_used=8984Kb free=236867Kb
 bounds [0x0000000002740000, 0x0000000003080000, 0x0000000011740000]
 total_blobs=3281 nmethods=2625 adapters=567
 compilation: enabled

Compilation events (10 events):
Event: 62.889 Thread 0x0000000018a06000 2998   !   3       org.lwjgl.input.Mouse::getDWheel (23 bytes)
Event: 62.889 Thread 0x0000000018a06000 nmethod 2998 0x0000000002a3eb50 code [0x0000000002a3ecc0, 0x0000000002a3ef50]
Event: 62.889 Thread 0x0000000018a06000 2999       3       com.marklynch.editor.Editor::update (1 bytes)
Event: 62.889 Thread 0x0000000018a06000 nmethod 2999 0x0000000002a8a690 code [0x0000000002a8a7e0, 0x0000000002a8a930]
Event: 62.889 Thread 0x0000000018a06000 3000       3       com.marklynch.Game::updateFPS (66 bytes)
Event: 62.890 Thread 0x0000000018a06000 nmethod 3000 0x00000000029f5310 code [0x00000000029f5520, 0x00000000029f6048]
Event: 63.661 Thread 0x0000000018a06000 3001       3       org.lwjgl.opengl.WindowsDisplay::getHwnd (5 bytes)
Event: 63.662 Thread 0x0000000018a06000 nmethod 3001 0x0000000002cda450 code [0x0000000002cda5a0, 0x0000000002cda6f0]
Event: 63.678 Thread 0x0000000018a06000 3002       3       org.lwjgl.opengl.WindowsDisplay$Rect::copyFromBuffer (37 bytes)
Event: 63.679 Thread 0x0000000018a06000 nmethod 3002 0x0000000002eeb310 code [0x0000000002eeb4a0, 0x0000000002eeb938]

GC Heap History (10 events):
Event: 17.077 GC heap before
{Heap before GC invocations=2 (full 0):
 PSYoungGen      total 38400K, used 38385K [0x00000000d5f00000, 0x00000000d8980000, 0x0000000100000000)
  eden space 33280K, 100% used [0x00000000d5f00000,0x00000000d7f80000,0x00000000d7f80000)
  from space 5120K, 99% used [0x00000000d7f80000,0x00000000d847c4d8,0x00000000d8480000)
  to   space 5120K, 0% used [0x00000000d8480000,0x00000000d8480000,0x00000000d8980000)
 ParOldGen       total 87552K, used 2448K [0x0000000081c00000, 0x0000000087180000, 0x00000000d5f00000)
  object space 87552K, 2% used [0x0000000081c00000,0x0000000081e64118,0x0000000087180000)
 Metaspace       used 17597K, capacity 17843K, committed 18176K, reserved 1064960K
  class space    used 2098K, capacity 2195K, committed 2304K, reserved 1048576K
Event: 17.087 GC heap after
Heap after GC invocations=2 (full 0):
 PSYoungGen      total 38400K, used 5117K [0x00000000d5f00000, 0x00000000d8980000, 0x0000000100000000)
  eden space 33280K, 0% used [0x00000000d5f00000,0x00000000d5f00000,0x00000000d7f80000)
  from space 5120K, 99% used [0x00000000d8480000,0x00000000d897f660,0x00000000d8980000)
  to   space 5120K, 0% used [0x00000000d7f80000,0x00000000d7f80000,0x00000000d8480000)
 ParOldGen       total 87552K, used 4307K [0x0000000081c00000, 0x0000000087180000, 0x00000000d5f00000)
  object space 87552K, 4% used [0x0000000081c00000,0x0000000082034dc8,0x0000000087180000)
 Metaspace       used 17597K, capacity 17843K, committed 18176K, reserved 1064960K
  class space    used 2098K, capacity 2195K, committed 2304K, reserved 1048576K
}
Event: 26.511 GC heap before
{Heap before GC invocations=3 (full 0):
 PSYoungGen      total 38400K, used 38397K [0x00000000d5f00000, 0x00000000d8980000, 0x0000000100000000)
  eden space 33280K, 100% used [0x00000000d5f00000,0x00000000d7f80000,0x00000000d7f80000)
  from space 5120K, 99% used [0x00000000d8480000,0x00000000d897f660,0x00000000d8980000)
  to   space 5120K, 0% used [0x00000000d7f80000,0x00000000d7f80000,0x00000000d8480000)
 ParOldGen       total 87552K, used 4307K [0x0000000081c00000, 0x0000000087180000, 0x00000000d5f00000)
  object space 87552K, 4% used [0x0000000081c00000,0x0000000082034dc8,0x0000000087180000)
 Metaspace       used 17614K, capacity 17843K, committed 18176K, reserved 1064960K
  class space    used 2100K, capacity 2195K, committed 2304K, reserved 1048576K
Event: 26.518 GC heap after
Heap after GC invocations=3 (full 0):
 PSYoungGen      total 38400K, used 5101K [0x00000000d5f00000, 0x00000000d8980000, 0x0000000100000000)
  eden space 33280K, 0% used [0x00000000d5f00000,0x00000000d5f00000,0x00000000d7f80000)
  from space 5120K, 99% used [0x00000000d7f80000,0x00000000d847b650,0x00000000d8480000)
  to   space 5120K, 0% used [0x00000000d8480000,0x00000000d8480000,0x00000000d8980000)
 ParOldGen       total 87552K, used 4355K [0x0000000081c00000, 0x0000000087180000, 0x00000000d5f00000)
  object space 87552K, 4% used [0x0000000081c00000,0x0000000082040dc8,0x0000000087180000)
 Metaspace       used 17614K, capacity 17843K, committed 18176K, reserved 1064960K
  class space    used 2100K, capacity 2195K, committed 2304K, reserved 1048576K
}
Event: 36.544 GC heap before
{Heap before GC invocations=4 (full 0):
 PSYoungGen      total 38400K, used 38381K [0x00000000d5f00000, 0x00000000d8980000, 0x0000000100000000)
  eden space 33280K, 100% used [0x00000000d5f00000,0x00000000d7f80000,0x00000000d7f80000)
  from space 5120K, 99% used [0x00000000d7f80000,0x00000000d847b650,0x00000000d8480000)
  to   space 5120K, 0% used [0x00000000d8480000,0x00000000d8480000,0x00000000d8980000)
 ParOldGen       total 87552K, used 4355K [0x0000000081c00000, 0x0000000087180000, 0x00000000d5f00000)
  object space 87552K, 4% used [0x0000000081c00000,0x0000000082040dc8,0x0000000087180000)
 Metaspace       used 17614K, capacity 17843K, committed 18176K, reserved 1064960K
  class space    used 2100K, capacity 2195K, committed 2304K, reserved 1048576K
Event: 36.550 GC heap after
Heap after GC invocations=4 (full 0):
 PSYoungGen      total 38400K, used 5101K [0x00000000d5f00000, 0x00000000d8980000, 0x0000000100000000)
  eden space 33280K, 0% used [0x00000000d5f00000,0x00000000d5f00000,0x00000000d7f80000)
  from space 5120K, 99% used [0x00000000d8480000,0x00000000d897b650,0x00000000d8980000)
  to   space 5120K, 0% used [0x00000000d7f80000,0x00000000d7f80000,0x00000000d8480000)
 ParOldGen       total 87552K, used 4363K [0x0000000081c00000, 0x0000000087180000, 0x00000000d5f00000)
  object space 87552K, 4% used [0x0000000081c00000,0x0000000082042dc8,0x0000000087180000)
 Metaspace       used 17614K, capacity 17843K, committed 18176K, reserved 1064960K
  class space    used 2100K, capacity 2195K, committed 2304K, reserved 1048576K
}
Event: 46.562 GC heap before
{Heap before GC invocations=5 (full 0):
 PSYoungGen      total 38400K, used 38381K [0x00000000d5f00000, 0x00000000d8980000, 0x0000000100000000)
  eden space 33280K, 100% used [0x00000000d5f00000,0x00000000d7f80000,0x00000000d7f80000)
  from space 5120K, 99% used [0x00000000d8480000,0x00000000d897b650,0x00000000d8980000)
  to   space 5120K, 0% used [0x00000000d7f80000,0x00000000d7f80000,0x00000000d8480000)
 ParOldGen       total 87552K, used 4363K [0x0000000081c00000, 0x0000000087180000, 0x00000000d5f00000)
  object space 87552K, 4% used [0x0000000081c00000,0x0000000082042dc8,0x0000000087180000)
 Metaspace       used 17614K, capacity 17843K, committed 18176K, reserved 1064960K
  class space    used 2100K, capacity 2195K, committed 2304K, reserved 1048576K
Event: 46.573 GC heap after
Heap after GC invocations=5 (full 0):
 PSYoungGen      total 37888K, used 5101K [0x00000000d5f00000, 0x00000000d8f00000, 0x0000000100000000)
  eden space 32768K, 0% used [0x00000000d5f00000,0x00000000d5f00000,0x00000000d7f00000)
  from space 5120K, 99% used [0x00000000d7f80000,0x00000000d847b650,0x00000000d8480000)
  to   space 8192K, 0% used [0x00000000d8700000,0x00000000d8700000,0x00000000d8f00000)
 ParOldGen       total 87552K, used 4379K [0x0000000081c00000, 0x0000000087180000, 0x00000000d5f00000)
  object space 87552K, 5% used [0x0000000081c00000,0x0000000082046dc8,0x0000000087180000)
 Metaspace       used 17614K, capacity 17843K, committed 18176K, reserved 1064960K
  class space    used 2100K, capacity 2195K, committed 2304K, reserved 1048576K
}
Event: 56.445 GC heap before
{Heap before GC invocations=6 (full 0):
 PSYoungGen      total 37888K, used 37869K [0x00000000d5f00000, 0x00000000d8f00000, 0x0000000100000000)
  eden space 32768K, 100% used [0x00000000d5f00000,0x00000000d7f00000,0x00000000d7f00000)
  from space 5120K, 99% used [0x00000000d7f80000,0x00000000d847b650,0x00000000d8480000)
  to   space 8192K, 0% used [0x00000000d8700000,0x00000000d8700000,0x00000000d8f00000)
 ParOldGen       total 87552K, used 4379K [0x0000000081c00000, 0x0000000087180000, 0x00000000d5f00000)
  object space 87552K, 5% used [0x0000000081c00000,0x0000000082046dc8,0x0000000087180000)
 Metaspace       used 17614K, capacity 17843K, committed 18176K, reserved 1064960K
  class space    used 2100K, capacity 2195K, committed 2304K, reserved 1048576K
Event: 56.453 GC heap after
Heap after GC invocations=6 (full 0):
 PSYoungGen      total 39936K, used 6423K [0x00000000d5f00000, 0x00000000d8e80000, 0x0000000100000000)
  eden space 32256K, 0% used [0x00000000d5f00000,0x00000000d5f00000,0x00000000d7e80000)
  from space 7680K, 83% used [0x00000000d8700000,0x00000000d8d45c40,0x00000000d8e80000)
  to   space 8192K, 0% used [0x00000000d7e80000,0x00000000d7e80000,0x00000000d8680000)
 ParOldGen       total 87552K, used 4387K [0x0000000081c00000, 0x0000000087180000, 0x00000000d5f00000)
  object space 87552K, 5% used [0x0000000081c00000,0x0000000082048dc8,0x0000000087180000)
 Metaspace       used 17614K, capacity 17843K, committed 18176K, reserved 1064960K
  class space    used 2100K, capacity 2195K, committed 2304K, reserved 1048576K
}

Deoptimization events (10 events):
Event: 3.053 Thread 0x0000000001d2e800 Uncommon trap: reason=class_check action=maybe_recompile pc=0x0000000002947f54 method=java.lang.String.equals(Ljava/lang/Object;)Z @ 8
Event: 3.056 Thread 0x0000000001d2e800 Uncommon trap: reason=class_check action=maybe_recompile pc=0x0000000002947f54 method=java.lang.String.equals(Ljava/lang/Object;)Z @ 8
Event: 3.056 Thread 0x0000000001d2e800 Uncommon trap: reason=class_check action=maybe_recompile pc=0x0000000002947f54 method=java.lang.String.equals(Ljava/lang/Object;)Z @ 8
Event: 3.056 Thread 0x0000000001d2e800 Uncommon trap: reason=class_check action=maybe_recompile pc=0x0000000002947f54 method=java.lang.String.equals(Ljava/lang/Object;)Z @ 8
Event: 6.873 Thread 0x000000001eacc800 Uncommon trap: reason=unstable_if action=reinterpret pc=0x0000000002e2c3f8 method=javax.swing.DefaultListCellRenderer.firePropertyChange(Ljava/lang/String;Ljava/lang/Object;Ljava/lang/Object;)V @ 20
Event: 6.875 Thread 0x000000001eacc800 Uncommon trap: reason=unstable_if action=reinterpret pc=0x0000000002ecf7dc method=sun.java2d.pipe.Region.getIntersectionXYXY(IIII)Lsun/java2d/pipe/Region; @ 55
Event: 6.960 Thread 0x000000001eacc800 Uncommon trap: reason=unstable_if action=reinterpret pc=0x0000000002e753a8 method=sun.font.FileFontStrike.getCachedGlyphPtr(I)J @ 99
Event: 10.312 Thread 0x0000000001d2e800 Uncommon trap: reason=null_check action=make_not_entrant pc=0x0000000002e8c158 method=java.awt.Component.isLightweight()Z @ 4
Event: 10.343 Thread 0x0000000001d2e800 Uncommon trap: reason=unstable_if action=reinterpret pc=0x0000000002e59ed8 method=java.awt.Component.isShowing()Z @ 11
Event: 13.948 Thread 0x0000000001d2e800 Uncommon trap: reason=unstable_if action=reinterpret pc=0x0000000002b070a0 method=com.marklynch.tactics.objects.level.Square.draw(Lcom/marklynch/tactics/objects/level/Level;)V @ 263

Internal exceptions (10 events):
Event: 2.733 Thread 0x0000000001d2e800 Exception <a 'java/lang/ArrayIndexOutOfBoundsException'> (0x00000000d7d04e98) thrown at [D:\re\workspace\8-2-build-windows-amd64-cygwin\jdk8u40\2855\hotspot\src\share\vm\runtime\sharedRuntime.cpp, line 605]
Event: 2.733 Thread 0x0000000001d2e800 Exception <a 'java/lang/ArrayIndexOutOfBoundsException'> (0x00000000d7d06350) thrown at [D:\re\workspace\8-2-build-windows-amd64-cygwin\jdk8u40\2855\hotspot\src\share\vm\runtime\sharedRuntime.cpp, line 605]
Event: 2.734 Thread 0x0000000001d2e800 Exception <a 'java/lang/ArrayIndexOutOfBoundsException'> (0x00000000d7d0bfd8) thrown at [D:\re\workspace\8-2-build-windows-amd64-cygwin\jdk8u40\2855\hotspot\src\share\vm\runtime\sharedRuntime.cpp, line 605]
Event: 2.738 Thread 0x0000000001d2e800 Exception <a 'java/lang/ArrayIndexOutOfBoundsException'> (0x00000000d7d233d0) thrown at [D:\re\workspace\8-2-build-windows-amd64-cygwin\jdk8u40\2855\hotspot\src\share\vm\runtime\sharedRuntime.cpp, line 605]
Event: 2.759 Thread 0x0000000001d2e800 Exception <a 'java/io/FileNotFoundException'> (0x00000000d7dc0388) thrown at [D:\re\workspace\8-2-build-windows-amd64-cygwin\jdk8u40\2855\hotspot\src\share\vm\prims\jni.cpp, line 709]
Event: 2.799 Thread 0x0000000001d2e800 Exception <a 'java/lang/NoSuchFieldError': method resolution failed> (0x00000000d7ea6ef8) thrown at [D:\re\workspace\8-2-build-windows-amd64-cygwin\jdk8u40\2855\hotspot\src\share\vm\prims\methodHandles.cpp, line 1125]
Event: 2.801 Thread 0x0000000001d2e800 Exception <a 'java/lang/NoSuchFieldError': method resolution failed> (0x00000000d7eb5828) thrown at [D:\re\workspace\8-2-build-windows-amd64-cygwin\jdk8u40\2855\hotspot\src\share\vm\prims\methodHandles.cpp, line 1125]
Event: 2.837 Thread 0x0000000001d2e800 Exception <a 'java/io/FileNotFoundException'> (0x00000000d5f4c7d8) thrown at [D:\re\workspace\8-2-build-windows-amd64-cygwin\jdk8u40\2855\hotspot\src\share\vm\prims\jni.cpp, line 709]
Event: 6.960 Thread 0x000000001eacc800 Implicit null exception at 0x0000000002e75255 to 0x0000000002e75391
Event: 10.311 Thread 0x0000000001d2e800 Implicit null exception at 0x0000000002e8c0f0 to 0x0000000002e8c14b

Events (10 events):
Event: 62.478 Thread 0x0000000018a06000 flushing nmethod 0x0000000002d30390
Event: 62.480 Thread 0x0000000018a06000 flushing nmethod 0x0000000002dcd750
Event: 62.480 Thread 0x0000000018a06000 flushing nmethod 0x0000000002dcda50
Event: 62.481 Thread 0x0000000018a06000 flushing nmethod 0x0000000002eeb190
Event: 62.481 Thread 0x0000000018a06000 flushing nmethod 0x0000000002ff0a50
Event: 62.481 Thread 0x0000000018a06000 flushing nmethod 0x0000000002ffd250
Event: 63.794 Executing VM operation: RevokeBias
Event: 63.795 Executing VM operation: RevokeBias done
Event: 63.795 Thread 0x00000000249af800 Thread exited: 0x00000000249af800
Event: 63.795 Thread 0x000000001e892800 Thread exited: 0x000000001e892800


Dynamic libraries:
0x000000013fc80000 - 0x000000013fcb7000 	C:\Program Files\Java\jre1.8.0_40\bin\javaw.exe
0x0000000076f30000 - 0x00000000770d9000 	C:\Windows\SYSTEM32\ntdll.dll
0x0000000076e10000 - 0x0000000076f2f000 	C:\Windows\system32\kernel32.dll
0x000007fefcd80000 - 0x000007fefcdec000 	C:\Windows\system32\KERNELBASE.dll
0x000007fefd1d0000 - 0x000007fefd2ab000 	C:\Windows\system32\ADVAPI32.dll
0x000007fefd570000 - 0x000007fefd60f000 	C:\Windows\system32\msvcrt.dll
0x000007fefe970000 - 0x000007fefe98f000 	C:\Windows\SYSTEM32\sechost.dll
0x000007fefd0a0000 - 0x000007fefd1cd000 	C:\Windows\system32\RPCRT4.dll
0x0000000076d10000 - 0x0000000076e0a000 	C:\Windows\system32\USER32.dll
0x000007feff010000 - 0x000007feff077000 	C:\Windows\system32\GDI32.dll
0x000007feff000000 - 0x000007feff00e000 	C:\Windows\system32\LPK.dll
0x000007fefd4a0000 - 0x000007fefd569000 	C:\Windows\system32\USP10.dll
0x000007fefb700000 - 0x000007fefb8f4000 	C:\Windows\WinSxS\amd64_microsoft.windows.common-controls_6595b64144ccf1df_6.0.7601.18837_none_fa3b1e3d17594757\COMCTL32.dll
0x000007fefd310000 - 0x000007fefd381000 	C:\Windows\system32\SHLWAPI.dll
0x000007feff210000 - 0x000007feff23e000 	C:\Windows\system32\IMM32.DLL
0x000007fefd390000 - 0x000007fefd499000 	C:\Windows\system32\MSCTF.dll
0x0000000079560000 - 0x0000000079632000 	C:\Program Files\Java\jre1.8.0_40\bin\msvcr100.dll
0x000000006f4a0000 - 0x000000006fd23000 	C:\Program Files\Java\jre1.8.0_40\bin\server\jvm.dll
0x000007fefa3d0000 - 0x000007fefa3d9000 	C:\Windows\system32\WSOCK32.dll
0x000007fefed00000 - 0x000007fefed4d000 	C:\Windows\system32\WS2_32.dll
0x000007fefe990000 - 0x000007fefe998000 	C:\Windows\system32\NSI.dll
0x000007fefa570000 - 0x000007fefa5ab000 	C:\Windows\system32\WINMM.dll
0x000007fefbdc0000 - 0x000007fefbdcc000 	C:\Windows\system32\VERSION.dll
0x0000000077100000 - 0x0000000077107000 	C:\Windows\system32\PSAPI.DLL
0x0000000052360000 - 0x000000005236f000 	C:\Program Files\Java\jre1.8.0_40\bin\verify.dll
0x000000006d610000 - 0x000000006d639000 	C:\Program Files\Java\jre1.8.0_40\bin\java.dll
0x0000000070c30000 - 0x0000000070c46000 	C:\Program Files\Java\jre1.8.0_40\bin\zip.dll
0x000007fefd610000 - 0x000007fefe399000 	C:\Windows\system32\SHELL32.dll
0x000007fefed50000 - 0x000007fefef53000 	C:\Windows\system32\ole32.dll
0x000007fefccf0000 - 0x000007fefccff000 	C:\Windows\system32\profapi.dll
0x0000000180000000 - 0x0000000180053000 	C:\dev\workspace\tactics\tactics_project\libs\lwjgl_native\lwjgl64.dll
0x000007feede30000 - 0x000007feedf4d000 	C:\Windows\system32\OPENGL32.dll
0x000007fef4980000 - 0x000007fef49ad000 	C:\Windows\system32\GLU32.dll
0x000007feed8f0000 - 0x000007feed9e1000 	C:\Windows\system32\DDRAW.dll
0x000007fefb920000 - 0x000007fefb928000 	C:\Windows\system32\DCIMAN32.dll
0x000007fefeb20000 - 0x000007fefecf7000 	C:\Windows\system32\SETUPAPI.dll
0x000007fefcd40000 - 0x000007fefcd76000 	C:\Windows\system32\CFGMGR32.dll
0x000007fefea40000 - 0x000007fefeb17000 	C:\Windows\system32\OLEAUT32.dll
0x000007fefce40000 - 0x000007fefce5a000 	C:\Windows\system32\DEVOBJ.dll
0x000007fefaf30000 - 0x000007fefaf48000 	C:\Windows\system32\dwmapi.dll
0x000007fefb310000 - 0x000007fefb366000 	C:\Windows\system32\uxtheme.dll
0x000007fefcb40000 - 0x000007fefcb4f000 	C:\Windows\system32\CRYPTBASE.dll
0x000000001b0b0000 - 0x000000001c128000 	C:\Windows\system32\ig7icd64.dll
0x000007feee140000 - 0x000007feee1dc000 	C:\Windows\system32\mscms.dll
0x000007fefcd10000 - 0x000007fefcd2e000 	C:\Windows\system32\USERENV.dll
0x000007fef19c0000 - 0x000007fef1a02000 	C:\Windows\system32\icm32.dll
0x0000000012620000 - 0x0000000012684000 	C:\dev\workspace\tactics\tactics_project\libs\lwjgl_native\OpenAL64.dll
0x000007fefe3a0000 - 0x000007fefe439000 	C:\Windows\system32\CLBCatQ.DLL
0x000007fefb4a0000 - 0x000007fefb4eb000 	C:\Windows\System32\MMDevApi.dll
0x000007fefb370000 - 0x000007fefb49c000 	C:\Windows\System32\PROPSYS.dll
0x000007fefa190000 - 0x000007fefa218000 	C:\Windows\system32\dsound.dll
0x000007fefb4f0000 - 0x000007fefb51c000 	C:\Windows\system32\POWRPROF.dll
0x000007fefa480000 - 0x000007fefa4cf000 	C:\Windows\system32\AUDIOSES.DLL
0x000007fefc680000 - 0x000007fefc698000 	C:\Windows\system32\CRYPTSP.dll
0x000007fefc1c0000 - 0x000007fefc207000 	C:\Windows\system32\rsaenh.dll
0x0000000002340000 - 0x000000000235a000 	C:\Program Files\Java\jre1.8.0_40\bin\net.dll
0x000007fefc570000 - 0x000007fefc5c5000 	C:\Windows\system32\mswsock.dll
0x000007fefc6b0000 - 0x000007fefc6b7000 	C:\Windows\System32\wship6.dll
0x000007fef9740000 - 0x000007fef9767000 	C:\Windows\system32\IPHLPAPI.DLL
0x000007fef9730000 - 0x000007fef973b000 	C:\Windows\system32\WINNSI.DLL
0x000007fef95e0000 - 0x000007fef95f1000 	C:\Windows\system32\dhcpcsvc6.DLL
0x000007fef9550000 - 0x000007fef9568000 	C:\Windows\system32\dhcpcsvc.DLL
0x00000000122c0000 - 0x00000000122d1000 	C:\Program Files\Java\jre1.8.0_40\bin\nio.dll
0x000000006c370000 - 0x000000006c508000 	C:\Program Files\Java\jre1.8.0_40\bin\awt.dll
0x000007fef62b0000 - 0x000007fef6350000 	C:\Windows\WinSxS\amd64_microsoft.windows.common-controls_6595b64144ccf1df_5.82.7601.18837_none_a4d981ff711297b6\comctl32.dll
0x000000006c710000 - 0x000000006c757000 	C:\Program Files\Java\jre1.8.0_40\bin\fontmanager.dll
0x0000000070cc0000 - 0x0000000070d01000 	C:\Program Files\Java\jre1.8.0_40\bin\t2k.dll
0x000007fefaa00000 - 0x000007fefaa2d000 	C:\Windows\system32\ntmarta.dll
0x000007fefd2b0000 - 0x000007fefd302000 	C:\Windows\system32\WLDAP32.dll
0x000007fefcae0000 - 0x000007fefcb37000 	C:\Windows\system32\apphelp.dll
0x000007fef4d40000 - 0x000007fef4edc000 	C:\Windows\system32\NetworkExplorer.dll
0x000007fef1b70000 - 0x000007fef1ba4000 	C:\Windows\System32\shdocvw.dll
0x000007fefa5b0000 - 0x000007fefa5bb000 	C:\Windows\system32\slc.dll
0x000007fef9a50000 - 0x000007fef9a68000 	C:\Windows\system32\MPR.dll
0x000007fefa350000 - 0x000007fefa35a000 	C:\Windows\System32\drprov.dll
0x000007fefcbf0000 - 0x000007fefcc2d000 	C:\Windows\System32\WINSTA.dll
0x000007fefa090000 - 0x000007fefa0b2000 	C:\Windows\System32\ntlanman.dll
0x000007fefa070000 - 0x000007fefa08d000 	C:\Windows\System32\davclnt.dll
0x000007fefa060000 - 0x000007fefa06a000 	C:\Windows\System32\DAVHLPR.dll
0x000007fefa030000 - 0x000007fefa052000 	C:\Windows\system32\LMIRfsClientNP.dll
0x000007fefabe0000 - 0x000007fefabf5000 	C:\Windows\system32\wkscli.dll
0x000007fef7ee0000 - 0x000007fef7eef000 	C:\Windows\system32\cscapi.dll
0x000007fefc160000 - 0x000007fefc16c000 	C:\Windows\system32\netutils.dll
0x000007fee4110000 - 0x000007fee4381000 	C:\Windows\system32\wpdshext.dll
0x000007fefb0f0000 - 0x000007fefb306000 	C:\Windows\WinSxS\amd64_microsoft.windows.gdiplus_6595b64144ccf1df_1.1.7601.18946_none_2b27281071eac12c\gdiplus.dll
0x000007feef1a0000 - 0x000007feef25d000 	C:\Windows\system32\PortableDeviceApi.dll
0x000007fefcdf0000 - 0x000007fefce2b000 	C:\Windows\system32\WINTRUST.dll
0x000007fefcf20000 - 0x000007fefd08d000 	C:\Windows\system32\CRYPT32.dll
0x000007fefcce0000 - 0x000007fefccef000 	C:\Windows\system32\MSASN1.dll
0x000007fef4f30000 - 0x000007fef4f65000 	C:\Windows\system32\EhStorShell.dll
0x000007feef0e0000 - 0x000007feef107000 	C:\Windows\system32\EhStorAPI.dll
0x000007fefa3a0000 - 0x000007fefa3ac000 	C:\Windows\system32\LINKINFO.dll
0x000007fefad80000 - 0x000007fefaee1000 	C:\Windows\system32\WindowsCodecs.dll
0x000007feef270000 - 0x000007feef36a000 	C:\Program Files (x86)\Adobe\Adobe Creative Cloud\CoreSyncExtension\CoreSync_x64.dll
0x000007feecb60000 - 0x000007feecd9d000 	C:\Program Files\Microsoft Office 15\root\VFS\ProgramFilesX64\Microsoft Office\Office15\GROOVEEX.DLL
0x0000000070860000 - 0x00000000708f8000 	C:\Program Files\Microsoft Office 15\root\VFS\ProgramFilesX64\Microsoft Office\Office15\MSVCP100.dll
0x0000000070d30000 - 0x0000000070d5b000 	C:\Program Files\Microsoft Office 15\root\VFS\ProgramFilesX64\Microsoft Office\Office15\ATL100.DLL
0x000007fef4530000 - 0x000007fef484e000 	C:\Windows\system32\msi.dll
0x000007feeb220000 - 0x000007feeba9d000 	C:\Program Files\Microsoft Office 15\root\VFS\ProgramFilesX64\Microsoft Office\Office15\1033\GrooveIntlResource.dll
0x0000000074a30000 - 0x0000000074a46000 	C:\Program Files\Common Files\TortoiseOverlays\TortoiseOverlays.dll
0x0000000074660000 - 0x0000000074670000 	C:\Program Files\TortoiseSVN\bin\TortoiseStub.dll
0x00000000707e0000 - 0x000000007085b000 	C:\Program Files\TortoiseSVN\bin\TortoiseSVN.dll
0x000007fefe440000 - 0x000007fefe69a000 	C:\Windows\system32\WININET.dll
0x000007fefce60000 - 0x000007fefce64000 	C:\Windows\system32\api-ms-win-downlevel-user32-l1-1-0.dll
0x000007fefcf10000 - 0x000007fefcf14000 	C:\Windows\system32\api-ms-win-downlevel-shlwapi-l1-1-0.dll
0x000007fefcd00000 - 0x000007fefcd04000 	C:\Windows\system32\api-ms-win-downlevel-version-l1-1-0.dll
0x000007fefcd30000 - 0x000007fefcd33000 	C:\Windows\system32\api-ms-win-downlevel-normaliz-l1-1-0.dll
0x00000000770f0000 - 0x00000000770f3000 	C:\Windows\system32\normaliz.DLL
0x000007fefe6a0000 - 0x000007fefe967000 	C:\Windows\system32\iertutil.dll
0x000007fefd090000 - 0x000007fefd095000 	C:\Windows\system32\api-ms-win-downlevel-advapi32-l1-1-0.dll
0x000007feeae30000 - 0x000007feeb21d000 	C:\Program Files\TortoiseSVN\bin\libsvn_tsvn.dll
0x000000001a300000 - 0x000000001a32b000 	C:\Program Files\TortoiseSVN\bin\libapr_tsvn.dll
0x0000000070790000 - 0x00000000707d1000 	C:\Program Files\TortoiseSVN\bin\libaprutil_tsvn.dll
0x000007fef8140000 - 0x000007fef8150000 	C:\Program Files\TortoiseSVN\bin\intl3_tsvn.dll
0x000007fef5640000 - 0x000007fef565a000 	C:\Program Files\TortoiseSVN\bin\libsasl.dll
0x000007fefca70000 - 0x000007fefca7b000 	C:\Windows\system32\Secur32.dll
0x000007fefcab0000 - 0x000007fefcad5000 	C:\Windows\system32\SSPICLI.DLL
0x000007fef9ef0000 - 0x000007fefa015000 	C:\Windows\system32\dbghelp.dll

VM Arguments:
jvm_args: -Djava.library.path=C:\dev\workspace\tactics\tactics_project\libs\lwjgl_native -Dfile.encoding=Cp1252 
java_command: com.marklynch.Game
java_class_path (initial): C:\dev\workspace\tactics\tactics_project\bin;C:\dev\workspace\tactics\tactics_project\libs\ibxm.jar;C:\dev\workspace\tactics\tactics_project\libs\jogg-0.0.7.jar;C:\dev\workspace\tactics\tactics_project\libs\jorbis-0.0.15.jar;C:\dev\workspace\tactics\tactics_project\libs\lwjgl_util_applet.jar;C:\dev\workspace\tactics\tactics_project\libs\lwjgl_util.jar;C:\dev\workspace\tactics\tactics_project\libs\natives-linux.jar;C:\dev\workspace\tactics\tactics_project\libs\natives-mac.jar;C:\dev\workspace\tactics\tactics_project\libs\natives-windows.jar;C:\dev\workspace\tactics\tactics_project\libs\slick-util.jar;C:\dev\workspace\tactics\tactics_project\libs\AppleJavaExtensions.jar;C:\dev\workspace\tactics\tactics_project\libs\asm-debug-all.jar;C:\dev\workspace\tactics\tactics_project\libs\jinput.jar;C:\dev\workspace\tactics\tactics_project\libs\laf-plugin-7.2.1.jar;C:\dev\workspace\tactics\tactics_project\libs\laf-widget-7.2.1.jar;C:\dev\workspace\tactics\tactics_project\libs\log4j-api-2.0-beta9.jar;C:\dev\workspace\tactics\tactics_project\libs\lwjgl_test.jar;C:\dev\workspace\tactics\tactics_project\libs\lwjgl-debug.jar;C:\dev\workspace\tactics\tactics_project\libs\lwjgl.jar;C:\dev\workspace\tactics\tactics_project\libs\lzma.jar;C:\dev\workspace\tactics\tactics_project\libs\substance-7.2.1.jar;C:\dev\workspace\tactics\tactics_project\libs\trident-7.2.1.jar;C:\dev\workspace\tactics\tactics_project\libs\gson-2.3.1.jar;C:\dev\workspace\tactics\tactics_project\libs\commons-io-2.4.jar;C:\dev\workspace\tactics\tactics_project\libs\PNGDecoder.jar;C:\dev\workspace\tactics\tactics_project\libs\xpp3-1.1.4c.jar
Launcher Type: SUN_STANDARD

Environment Variables:
PATH=C:/Program Files/Java/jre1.8.0_40/bin/server;C:/Program Files/Java/jre1.8.0_40/bin;C:/Program Files/Java/jre1.8.0_40/lib/amd64;C:\ProgramData\Oracle\Java\javapath;C:\Program Files (x86)\Intel\iCLS Client\;C:\Program Files\Intel\iCLS Client\;C:\Windows\system32;C:\Windows;C:\Windows\System32\Wbem;C:\Windows\System32\WindowsPowerShell\v1.0\;C:\Program Files\Intel\Intel(R) Management Engine Components\DAL;C:\Program Files\Intel\Intel(R) Management Engine Components\IPT;C:\Program Files (x86)\Intel\Intel(R) Management Engine Components\DAL;C:\Program Files (x86)\Intel\Intel(R) Management Engine Components\IPT;C:\Program Files (x86)\Security Innovation\SI TSS\bin\;c:\Program Files (x86)\Microsoft SQL Server\100\Tools\Binn\;c:\Program Files\Microsoft SQL Server\100\Tools\Binn\;c:\Program Files\Microsoft SQL Server\100\DTS\Binn\;c:\Program Files (x86)\Microsoft SQL Server\100\Tools\Binn\VSShell\Common7\IDE\;c:\Program Files (x86)\Microsoft Visual Studio 9.0\Common7\IDE\PrivateAssemblies\;c:\Program Files (x86)\Microsoft SQL Server\100\DTS\Binn\;C:\Program Files\TortoiseSVN\bin;C:\Program Files (x86)\Skype\Phone\;C:\dev\adt-bundle-windows-x86_64-20140624\adt-bundle-windows-x86_64-20140624\eclipse;
USERNAME=Mark.Lynch
OS=Windows_NT
PROCESSOR_IDENTIFIER=Intel64 Family 6 Model 58 Stepping 9, GenuineIntel



---------------  S Y S T E M  ---------------

OS: Windows 7 , 64 bit Build 7601 (6.1.7601.18933)

CPU:total 8 (4 cores per cpu, 2 threads per core) family 6 model 58 stepping 9, cmov, cx8, fxsr, mmx, sse, sse2, sse3, ssse3, sse4.1, sse4.2, popcnt, avx, aes, clmul, erms, ht, tsc, tscinvbit, tscinv

Memory: 4k page, physical 8272432k(1067268k free), swap 16543024k(4101792k free)

vm_info: Java HotSpot(TM) 64-Bit Server VM (25.40-b25) for windows-amd64 JRE (1.8.0_40-b25), built on Feb 10 2015 21:53:57 by "java_re" with MS VC++ 10.0 (VS2010)

time: Tue Aug 18 16:08:09 2015
elapsed time: 65 seconds (0d 0h 1m 5s)

