#
# A fatal error has been detected by the Java Runtime Environment:
#
#  EXCEPTION_ACCESS_VIOLATION (0xc0000005) at pc=0x000000005aaad218, pid=15612, tid=15452
#
# JRE version: Java(TM) SE Runtime Environment (8.0_40-b25) (build 1.8.0_40-b25)
# Java VM: Java HotSpot(TM) 64-Bit Server VM (25.40-b25 mixed mode windows-amd64 compressed oops)
# Problematic frame:
# C  [ig7icd64.dll+0x2d218]
#
# Failed to write core dump. Minidumps are not enabled by default on client versions of Windows
#
# If you would like to submit a bug report, please visit:
#   http://bugreport.java.com/bugreport/crash.jsp
# The crash happened outside the Java Virtual Machine in native code.
# See problematic frame for where to report the bug.
#

---------------  T H R E A D  ---------------

Current thread (0x000000000014e800):  JavaThread "main" [_thread_in_native, id=15452, stack(0x0000000002110000,0x0000000002210000)]

siginfo: ExceptionCode=0xc0000005, reading address 0x0000000000000020

Registers:
RAX=0x0000000000000000, RBX=0x0000000000000001, RCX=0x0000000000000001, RDX=0x000000005bcbdf90
RSP=0x000000000220e8b0, RBP=0x000000005d142e50, RSI=0x000000005bcbdf90, RDI=0x0000000000000001
R8 =0x0000000000000001, R9 =0x000000005bcbdf90, R10=0x0000000000000000, R11=0x0000000000000000
R12=0x000000005bcbc1a8, R13=0x0000000000000000, R14=0x0000000000000000, R15=0x000000005bc5efa8
RIP=0x000000005aaad218, EFLAGS=0x0000000000010202

Top of Stack: (sp=0x000000000220e8b0)
0x000000000220e8b0:   0000000000000000 000000005bcbdf90
0x000000000220e8c0:   0000000000000000 000000005b337240
0x000000000220e8d0:   000000000000000b 000000000220e770
0x000000000220e8e0:   000000000220e960 000000000014f228
0x000000000220e8f0:   000000000014f271 0000000900000009
0x000000000220e900:   0000000002010000 00000000000616cc
0x000000000220e910:   0000dcb3a59e631b 000000018000ac3a
0x000000000220e920:   000000018000abc0 00000000000616cc
0x000000000220e930:   0000000000000000 00000000000616cc
0x000000000220e940:   00000000000002a2 000000000014e9f8
0x000000000220e950:   000000000220ea58 000000000014e800
0x000000000220e960:   0000000000000000 000000006fd654df
0x000000000220e970:   000000005bcbc1a8 0000000077909bef
0x000000000220e980:   00000000000616cc 0000000000000001
0x000000000220e990:   000000000014e800 0000000000000058
0x000000000220e9a0:   0000000000000000 000000000000000b 

Instructions: (pc=0x000000005aaad218)
0x000000005aaad1f8:   00 48 63 c9 48 8b 84 c8 c0 00 00 00 48 85 c0 74
0x000000005aaad208:   19 48 8b 40 70 66 0f ef ff 0f b6 58 11 48 8b 00
0x000000005aaad218:   8b 40 20 ff c8 f3 48 0f 2a f8 41 8b 84 24 20 01
0x000000005aaad228:   00 00 0f b6 cb c1 e8 04 89 4c 24 30 83 e0 01 3b 


Register to memory mapping:

RAX=0x0000000000000000 is an unknown value
RBX=0x0000000000000001 is an unknown value
RCX=0x0000000000000001 is an unknown value
RDX=0x000000005bcbdf90 is an unknown value
RSP=0x000000000220e8b0 is pointing into the stack for thread: 0x000000000014e800
RBP=0x000000005d142e50 is an unknown value
RSI=0x000000005bcbdf90 is an unknown value
RDI=0x0000000000000001 is an unknown value
R8 =0x0000000000000001 is an unknown value
R9 =0x000000005bcbdf90 is an unknown value
R10=0x0000000000000000 is an unknown value
R11=0x0000000000000000 is an unknown value
R12=0x000000005bcbc1a8 is an unknown value
R13=0x0000000000000000 is an unknown value
R14=0x0000000000000000 is an unknown value
R15=0x000000005bc5efa8 is an unknown value


Stack: [0x0000000002110000,0x0000000002210000],  sp=0x000000000220e8b0,  free space=1018k
Native frames: (J=compiled Java code, j=interpreted, Vv=VM code, C=native code)
C  [ig7icd64.dll+0x2d218]
C  [ig7icd64.dll+0x22a00]
C  [ig7icd64.dll+0x77ad8]
C  [ig7icd64.dll+0x79f02]
C  [ig7icd64.dll+0x1f6a1d]
C  [ig7icd64.dll+0x1f8e35]
C  0x00000000028123d4

Java frames: (J=compiled Java code, j=interpreted, Vv=VM code)
J 833  org.lwjgl.opengl.GL11.nglDrawArrays(IIIJ)V (0 bytes) @ 0x000000000281234e [0x0000000002812300+0x4e]
J 1019 C2 mdesl.graphics.SpriteBatch.flush()V (37 bytes) @ 0x00000000029180e0 [0x0000000002917f20+0x1c0]
j  com.marklynch.graphics.ShadowLight.render()V+333
j  com.marklynch.Game.render()V+0
j  com.marklynch.Game.start()V+94
j  com.marklynch.Game.main([Ljava/lang/String;)V+9
v  ~StubRoutines::call_stub

---------------  P R O C E S S  ---------------

Java Threads: ( => current thread )
  0x000000005e2cd800 JavaThread "TimerQueue" daemon [_thread_blocked, id=10956, stack(0x0000000063720000,0x0000000063820000)]
  0x0000000064a41800 JavaThread "Swing-Shell" daemon [_thread_blocked, id=9656, stack(0x0000000062630000,0x0000000062730000)]
  0x000000005e1ec800 JavaThread "AWT-Windows" daemon [_thread_in_native, id=4728, stack(0x0000000060aa0000,0x0000000060ba0000)]
  0x0000000064a02800 JavaThread "Java2D Disposer" daemon [_thread_blocked, id=15548, stack(0x000000005fd00000,0x000000005fe00000)]
  0x0000000058a48800 JavaThread "LWJGL Timer" daemon [_thread_blocked, id=15688, stack(0x0000000066e30000,0x0000000066f30000)]
  0x0000000058a1d800 JavaThread "Service Thread" daemon [_thread_blocked, id=11016, stack(0x000000005a4c0000,0x000000005a5c0000)]
  0x00000000589b6800 JavaThread "C1 CompilerThread3" daemon [_thread_blocked, id=14216, stack(0x000000005a5e0000,0x000000005a6e0000)]
  0x0000000058993800 JavaThread "C2 CompilerThread2" daemon [_thread_blocked, id=2276, stack(0x000000005a310000,0x000000005a410000)]
  0x000000005898b000 JavaThread "C2 CompilerThread1" daemon [_thread_blocked, id=8280, stack(0x000000005a190000,0x000000005a290000)]
  0x0000000058985800 JavaThread "C2 CompilerThread0" daemon [_thread_blocked, id=16356, stack(0x000000005a020000,0x000000005a120000)]
  0x0000000058980800 JavaThread "Attach Listener" daemon [_thread_blocked, id=14456, stack(0x0000000059cb0000,0x0000000059db0000)]
  0x00000000578df000 JavaThread "Signal Dispatcher" daemon [_thread_blocked, id=16256, stack(0x0000000059e20000,0x0000000059f20000)]
  0x00000000578ce000 JavaThread "Finalizer" daemon [_thread_blocked, id=11076, stack(0x00000000599e0000,0x0000000059ae0000)]
  0x00000000578c7800 JavaThread "Reference Handler" daemon [_thread_blocked, id=8020, stack(0x0000000059b40000,0x0000000059c40000)]
=>0x000000000014e800 JavaThread "main" [_thread_in_native, id=15452, stack(0x0000000002110000,0x0000000002210000)]

Other Threads:
  0x00000000578c2800 VMThread [stack: 0x0000000059890000,0x0000000059990000] [id=5144]
  0x0000000058a26000 WatcherThread [stack: 0x000000005a720000,0x000000005a820000] [id=14268]

VM state:not at safepoint (normal execution)

VM Mutex/Monitor currently owned by a thread: None

Heap:
 PSYoungGen      total 38400K, used 31427K [0x00000000d5f00000, 0x00000000d8980000, 0x0000000100000000)
  eden space 33280K, 79% used [0x00000000d5f00000,0x00000000d78b4bb0,0x00000000d7f80000)
  from space 5120K, 99% used [0x00000000d7f80000,0x00000000d847c348,0x00000000d8480000)
  to   space 5120K, 0% used [0x00000000d8480000,0x00000000d8480000,0x00000000d8980000)
 ParOldGen       total 87552K, used 1401K [0x0000000081c00000, 0x0000000087180000, 0x00000000d5f00000)
  object space 87552K, 1% used [0x0000000081c00000,0x0000000081d5e470,0x0000000087180000)
 Metaspace       used 17473K, capacity 17703K, committed 18176K, reserved 1064960K
  class space    used 2103K, capacity 2193K, committed 2304K, reserved 1048576K

Card table byte_map: [0x00000000118a0000,0x0000000011ca0000] byte_map_base: 0x0000000011492000

Marking Bits: (ParMarkBitMap*) 0x0000000070414040
 Begin Bits: [0x0000000012bc0000, 0x0000000014b50000)
 End Bits:   [0x0000000014b50000, 0x0000000016ae0000)

Polling page: 0x0000000000130000

CodeCache: size=245760Kb used=7156Kb max_used=7168Kb free=238603Kb
 bounds [0x00000000024e0000, 0x0000000002bf0000, 0x00000000114e0000]
 total_blobs=2858 nmethods=2201 adapters=568
 compilation: enabled

Compilation events (10 events):
Event: 30.871 Thread 0x000000005898b000 nmethod 2448 0x0000000002be3d10 code [0x0000000002be3f60, 0x0000000002be4658]
Event: 30.879 Thread 0x0000000058993800 nmethod 2447 0x0000000002be09d0 code [0x0000000002be0d00, 0x0000000002be1aa8]
Event: 31.357 Thread 0x0000000058985800 2449       4       mdesl.graphics.SpriteBatch::setColor (21 bytes)
Event: 31.358 Thread 0x0000000058985800 nmethod 2449 0x00000000026e7650 code [0x00000000026e7780, 0x00000000026e7838]
Event: 31.691 Thread 0x000000005898b000 2450 %     4       com.marklynch.tactics.objects.level.Level::drawUI @ 153 (446 bytes)
Event: 31.710 Thread 0x000000005898b000 nmethod 2450% 0x0000000002be74d0 code [0x0000000002be7660, 0x0000000002be8028]
Event: 32.057 Thread 0x0000000058993800 2451 %     4       com.marklynch.tactics.objects.level.Level::drawBackground @ 10 (44 bytes)
Event: 32.061 Thread 0x0000000058993800 nmethod 2451% 0x0000000002be56d0 code [0x0000000002be5820, 0x0000000002be5a28]
Event: 32.436 Thread 0x00000000589b6800 2452       3       org.lwjgl.opengl.WindowsKeyboard::isKeyPressed (13 bytes)
Event: 32.436 Thread 0x00000000589b6800 nmethod 2452 0x00000000026f0510 code [0x00000000026f0660, 0x00000000026f07f0]

GC Heap History (2 events):
Event: 11.291 GC heap before
{Heap before GC invocations=1 (full 0):
 PSYoungGen      total 38400K, used 33280K [0x00000000d5f00000, 0x00000000d8980000, 0x0000000100000000)
  eden space 33280K, 100% used [0x00000000d5f00000,0x00000000d7f80000,0x00000000d7f80000)
  from space 5120K, 0% used [0x00000000d8480000,0x00000000d8480000,0x00000000d8980000)
  to   space 5120K, 0% used [0x00000000d7f80000,0x00000000d7f80000,0x00000000d8480000)
 ParOldGen       total 87552K, used 0K [0x0000000081c00000, 0x0000000087180000, 0x00000000d5f00000)
  object space 87552K, 0% used [0x0000000081c00000,0x0000000081c00000,0x0000000087180000)
 Metaspace       used 7075K, capacity 7155K, committed 7424K, reserved 1056768K
  class space    used 714K, capacity 752K, committed 768K, reserved 1048576K
Event: 11.301 GC heap after
Heap after GC invocations=1 (full 0):
 PSYoungGen      total 38400K, used 5104K [0x00000000d5f00000, 0x00000000d8980000, 0x0000000100000000)
  eden space 33280K, 0% used [0x00000000d5f00000,0x00000000d5f00000,0x00000000d7f80000)
  from space 5120K, 99% used [0x00000000d7f80000,0x00000000d847c348,0x00000000d8480000)
  to   space 5120K, 0% used [0x00000000d8480000,0x00000000d8480000,0x00000000d8980000)
 ParOldGen       total 87552K, used 1401K [0x0000000081c00000, 0x0000000087180000, 0x00000000d5f00000)
  object space 87552K, 1% used [0x0000000081c00000,0x0000000081d5e470,0x0000000087180000)
 Metaspace       used 7075K, capacity 7155K, committed 7424K, reserved 1056768K
  class space    used 714K, capacity 752K, committed 768K, reserved 1048576K
}

Deoptimization events (10 events):
Event: 15.717 Thread 0x000000000014e800 Uncommon trap: reason=bimorphic action=maybe_recompile pc=0x00000000029650b8 method=java.util.regex.Pattern$Start.match(Ljava/util/regex/Matcher;ILjava/lang/CharSequence;)Z @ 44
Event: 15.717 Thread 0x000000000014e800 Uncommon trap: reason=bimorphic action=maybe_recompile pc=0x00000000029650b8 method=java.util.regex.Pattern$Start.match(Ljava/util/regex/Matcher;ILjava/lang/CharSequence;)Z @ 44
Event: 15.717 Thread 0x000000000014e800 Uncommon trap: reason=bimorphic action=maybe_recompile pc=0x00000000029650b8 method=java.util.regex.Pattern$Start.match(Ljava/util/regex/Matcher;ILjava/lang/CharSequence;)Z @ 44
Event: 18.567 Thread 0x000000000014e800 Uncommon trap: reason=unstable_if action=reinterpret pc=0x000000000290eec0 method=java.lang.String.split(Ljava/lang/String;I)[Ljava/lang/String; @ 32
Event: 23.581 Thread 0x000000000014e800 Uncommon trap: reason=class_check action=maybe_recompile pc=0x00000000026ef904 method=java.lang.String.equals(Ljava/lang/Object;)Z @ 8
Event: 23.652 Thread 0x000000000014e800 Uncommon trap: reason=class_check action=maybe_recompile pc=0x00000000026ef904 method=java.lang.String.equals(Ljava/lang/Object;)Z @ 8
Event: 23.652 Thread 0x000000000014e800 Uncommon trap: reason=class_check action=maybe_recompile pc=0x00000000026ef904 method=java.lang.String.equals(Ljava/lang/Object;)Z @ 8
Event: 23.652 Thread 0x000000000014e800 Uncommon trap: reason=class_check action=maybe_recompile pc=0x00000000026ef904 method=java.lang.String.equals(Ljava/lang/Object;)Z @ 8
Event: 27.912 Thread 0x000000005e258800 Uncommon trap: reason=unstable_if action=reinterpret pc=0x0000000002b08b6c method=javax.swing.DefaultListCellRenderer.firePropertyChange(Ljava/lang/String;Ljava/lang/Object;Ljava/lang/Object;)V @ 20
Event: 28.066 Thread 0x000000005e258800 Uncommon trap: reason=unstable_if action=reinterpret pc=0x0000000002b39298 method=sun.font.FileFontStrike.getCachedGlyphPtr(I)J @ 99

Internal exceptions (10 events):
Event: 12.681 Thread 0x000000000014e800 Exception <a 'java/lang/ArrayIndexOutOfBoundsException': 139> (0x00000000d63dc4f0) thrown at [D:\re\workspace\8-2-build-windows-amd64-cygwin\jdk8u40\2855\hotspot\src\share\vm\interpreter\interpreterRuntime.cpp, line 366]
Event: 12.689 Thread 0x000000000014e800 Exception <a 'java/lang/ArrayIndexOutOfBoundsException'> (0x00000000d63e4110) thrown at [D:\re\workspace\8-2-build-windows-amd64-cygwin\jdk8u40\2855\hotspot\src\share\vm\runtime\sharedRuntime.cpp, line 605]
Event: 12.689 Thread 0x000000000014e800 Exception <a 'java/lang/ArrayIndexOutOfBoundsException'> (0x00000000d63e55c8) thrown at [D:\re\workspace\8-2-build-windows-amd64-cygwin\jdk8u40\2855\hotspot\src\share\vm\runtime\sharedRuntime.cpp, line 605]
Event: 12.718 Thread 0x000000000014e800 Exception <a 'java/lang/ArrayIndexOutOfBoundsException'> (0x00000000d63eb2e8) thrown at [D:\re\workspace\8-2-build-windows-amd64-cygwin\jdk8u40\2855\hotspot\src\share\vm\runtime\sharedRuntime.cpp, line 605]
Event: 12.740 Thread 0x000000000014e800 Exception <a 'java/lang/ArrayIndexOutOfBoundsException'> (0x00000000d64024c8) thrown at [D:\re\workspace\8-2-build-windows-amd64-cygwin\jdk8u40\2855\hotspot\src\share\vm\runtime\sharedRuntime.cpp, line 605]
Event: 13.284 Thread 0x000000000014e800 Exception <a 'java/io/FileNotFoundException'> (0x00000000d648f228) thrown at [D:\re\workspace\8-2-build-windows-amd64-cygwin\jdk8u40\2855\hotspot\src\share\vm\prims\jni.cpp, line 709]
Event: 14.098 Thread 0x000000000014e800 Exception <a 'java/lang/NoSuchFieldError': method resolution failed> (0x00000000d6575d20) thrown at [D:\re\workspace\8-2-build-windows-amd64-cygwin\jdk8u40\2855\hotspot\src\share\vm\prims\methodHandles.cpp, line 1125]
Event: 14.100 Thread 0x000000000014e800 Exception <a 'java/lang/NoSuchFieldError': method resolution failed> (0x00000000d6584650) thrown at [D:\re\workspace\8-2-build-windows-amd64-cygwin\jdk8u40\2855\hotspot\src\share\vm\prims\methodHandles.cpp, line 1125]
Event: 14.931 Thread 0x000000000014e800 Exception <a 'java/io/FileNotFoundException'> (0x00000000d664f538) thrown at [D:\re\workspace\8-2-build-windows-amd64-cygwin\jdk8u40\2855\hotspot\src\share\vm\prims\jni.cpp, line 709]
Event: 28.066 Thread 0x000000005e258800 Implicit null exception at 0x0000000002b39145 to 0x0000000002b39281

Events (10 events):
Event: 29.274 Thread 0x000000000014e800 DEOPT PACKING pc=0x0000000002baf260 sp=0x000000000220ea90
Event: 29.274 Thread 0x000000000014e800 DEOPT UNPACKING pc=0x000000000252787f sp=0x000000000220e840 mode 0
Event: 29.358 Thread 0x000000000014e800 DEOPT PACKING pc=0x0000000002baf260 sp=0x000000000220eb10
Event: 29.358 Thread 0x000000000014e800 DEOPT UNPACKING pc=0x000000000252787f sp=0x000000000220e8c0 mode 0
Event: 29.458 Thread 0x000000000014e800 DEOPT PACKING pc=0x0000000002baf260 sp=0x000000000220ea90
Event: 29.458 Thread 0x000000000014e800 DEOPT UNPACKING pc=0x000000000252787f sp=0x000000000220e840 mode 0
Event: 30.256 Executing VM operation: RevokeBias
Event: 30.256 Executing VM operation: RevokeBias done
Event: 30.257 Thread 0x000000005e256000 Thread exited: 0x000000005e256000
Event: 30.257 Thread 0x000000005e258800 Thread exited: 0x000000005e258800


Dynamic libraries:
0x000000013fc70000 - 0x000000013fca7000 	C:\Program Files\Java\jre1.8.0_40\bin\javaw.exe
0x00000000779f0000 - 0x0000000077b99000 	C:\Windows\SYSTEM32\ntdll.dll
0x00000000777d0000 - 0x00000000778ef000 	C:\Windows\system32\kernel32.dll
0x000007fefd830000 - 0x000007fefd89c000 	C:\Windows\system32\KERNELBASE.dll
0x000007feff3b0000 - 0x000007feff48b000 	C:\Windows\system32\ADVAPI32.dll
0x000007feff620000 - 0x000007feff6bf000 	C:\Windows\system32\msvcrt.dll
0x000007feffbd0000 - 0x000007feffbef000 	C:\Windows\SYSTEM32\sechost.dll
0x000007fefee90000 - 0x000007fefefbd000 	C:\Windows\system32\RPCRT4.dll
0x00000000778f0000 - 0x00000000779ea000 	C:\Windows\system32\USER32.dll
0x000007feff290000 - 0x000007feff2f7000 	C:\Windows\system32\GDI32.dll
0x000007feff300000 - 0x000007feff30e000 	C:\Windows\system32\LPK.dll
0x000007fefdb60000 - 0x000007fefdc29000 	C:\Windows\system32\USP10.dll
0x000007fefbfb0000 - 0x000007fefc1a4000 	C:\Windows\WinSxS\amd64_microsoft.windows.common-controls_6595b64144ccf1df_6.0.7601.18837_none_fa3b1e3d17594757\COMCTL32.dll
0x000007fefed30000 - 0x000007fefeda1000 	C:\Windows\system32\SHLWAPI.dll
0x000007fefdc30000 - 0x000007fefdc5e000 	C:\Windows\system32\IMM32.DLL
0x000007feffbf0000 - 0x000007feffcf9000 	C:\Windows\system32\MSCTF.dll
0x0000000079390000 - 0x0000000079462000 	C:\Program Files\Java\jre1.8.0_40\bin\msvcr100.dll
0x000000006fc10000 - 0x0000000070493000 	C:\Program Files\Java\jre1.8.0_40\bin\server\jvm.dll
0x000007fef8c00000 - 0x000007fef8c09000 	C:\Windows\system32\WSOCK32.dll
0x000007feff220000 - 0x000007feff26d000 	C:\Windows\system32\WS2_32.dll
0x000007fefdf30000 - 0x000007fefdf38000 	C:\Windows\system32\NSI.dll
0x000007fefb530000 - 0x000007fefb56b000 	C:\Windows\system32\WINMM.dll
0x000007fefc880000 - 0x000007fefc88c000 	C:\Windows\system32\VERSION.dll
0x0000000077bc0000 - 0x0000000077bc7000 	C:\Windows\system32\PSAPI.DLL
0x000000006d7a0000 - 0x000000006d7af000 	C:\Program Files\Java\jre1.8.0_40\bin\verify.dll
0x0000000066390000 - 0x00000000663b9000 	C:\Program Files\Java\jre1.8.0_40\bin\java.dll
0x0000000066370000 - 0x0000000066386000 	C:\Program Files\Java\jre1.8.0_40\bin\zip.dll
0x000007fefdf40000 - 0x000007fefecc9000 	C:\Windows\system32\SHELL32.dll
0x000007feff7e0000 - 0x000007feff9e3000 	C:\Windows\system32\ole32.dll
0x000007fefd7b0000 - 0x000007fefd7bf000 	C:\Windows\system32\profapi.dll
0x0000000180000000 - 0x0000000180053000 	C:\dev\workspace\tactics\tactics_project\libs\lwjgl_native\lwjgl64.dll
0x000007feef950000 - 0x000007feefa6d000 	C:\Windows\system32\OPENGL32.dll
0x000007feefbe0000 - 0x000007feefc0d000 	C:\Windows\system32\GLU32.dll
0x000007feefae0000 - 0x000007feefbd1000 	C:\Windows\system32\DDRAW.dll
0x000007fef5680000 - 0x000007fef5688000 	C:\Windows\system32\DCIMAN32.dll
0x000007feff9f0000 - 0x000007feffbc7000 	C:\Windows\system32\SETUPAPI.dll
0x000007fefdb10000 - 0x000007fefdb46000 	C:\Windows\system32\CFGMGR32.dll
0x000007fefedb0000 - 0x000007fefee87000 	C:\Windows\system32\OLEAUT32.dll
0x000007fefda30000 - 0x000007fefda4a000 	C:\Windows\system32\DEVOBJ.dll
0x000007fefb1e0000 - 0x000007fefb1f8000 	C:\Windows\system32\dwmapi.dll
0x000007fefbdd0000 - 0x000007fefbe26000 	C:\Windows\system32\uxtheme.dll
0x000007fefd600000 - 0x000007fefd60f000 	C:\Windows\system32\CRYPTBASE.dll
0x000000005aa80000 - 0x000000005baf8000 	C:\Windows\system32\ig7icd64.dll
0x000007feef8b0000 - 0x000007feef94c000 	C:\Windows\system32\mscms.dll
0x000007fefd7c0000 - 0x000007fefd7de000 	C:\Windows\system32\USERENV.dll
0x000007feef860000 - 0x000007feef8a2000 	C:\Windows\system32\icm32.dll
0x000007fefd190000 - 0x000007fefd1a8000 	C:\Windows\system32\CRYPTSP.dll
0x000007fefccc0000 - 0x000007fefcd07000 	C:\Windows\system32\rsaenh.dll
0x0000000066350000 - 0x000000006636a000 	C:\Program Files\Java\jre1.8.0_40\bin\net.dll
0x000007fefcf30000 - 0x000007fefcf85000 	C:\Windows\system32\mswsock.dll
0x000007fefcf90000 - 0x000007fefcf97000 	C:\Windows\System32\wship6.dll
0x000007fefa420000 - 0x000007fefa447000 	C:\Windows\system32\IPHLPAPI.DLL
0x000007fefa3a0000 - 0x000007fefa3ab000 	C:\Windows\system32\WINNSI.DLL
0x000007fefa250000 - 0x000007fefa261000 	C:\Windows\system32\dhcpcsvc6.DLL
0x000007fefa210000 - 0x000007fefa228000 	C:\Windows\system32\dhcpcsvc.DLL
0x0000000066330000 - 0x0000000066341000 	C:\Program Files\Java\jre1.8.0_40\bin\nio.dll
0x0000000001e30000 - 0x0000000001e94000 	C:\dev\workspace\tactics\tactics_project\libs\lwjgl_native\OpenAL64.dll
0x000007feff6c0000 - 0x000007feff759000 	C:\Windows\system32\CLBCatQ.DLL
0x000007fefbf60000 - 0x000007fefbfab000 	C:\Windows\System32\MMDevApi.dll
0x000007fefbe30000 - 0x000007fefbf5c000 	C:\Windows\System32\PROPSYS.dll
0x000007fef8d50000 - 0x000007fef8dd8000 	C:\Windows\system32\dsound.dll
0x000007fefc1c0000 - 0x000007fefc1ec000 	C:\Windows\system32\POWRPROF.dll
0x000007fefb310000 - 0x000007fefb35f000 	C:\Windows\system32\AUDIOSES.DLL
0x000000006cea0000 - 0x000000006d038000 	C:\Program Files\Java\jre1.8.0_40\bin\awt.dll
0x000007fef6d70000 - 0x000007fef6e10000 	C:\Windows\WinSxS\amd64_microsoft.windows.common-controls_6595b64144ccf1df_5.82.7601.18837_none_a4d981ff711297b6\comctl32.dll
0x000000006d2e0000 - 0x000000006d327000 	C:\Program Files\Java\jre1.8.0_40\bin\fontmanager.dll
0x00000000704b0000 - 0x00000000704f1000 	C:\Program Files\Java\jre1.8.0_40\bin\t2k.dll
0x000007fefbb80000 - 0x000007fefbbad000 	C:\Windows\system32\ntmarta.dll
0x000007fefecd0000 - 0x000007fefed22000 	C:\Windows\system32\WLDAP32.dll
0x000007fefd5a0000 - 0x000007fefd5f7000 	C:\Windows\system32\apphelp.dll
0x000007fee98e0000 - 0x000007fee9a7c000 	C:\Windows\system32\NetworkExplorer.dll
0x000007fef6100000 - 0x000007fef6134000 	C:\Windows\System32\shdocvw.dll
0x000007fefb950000 - 0x000007fefb95b000 	C:\Windows\system32\slc.dll
0x000007fefa9d0000 - 0x000007fefa9e8000 	C:\Windows\system32\MPR.dll
0x000007fefc1f0000 - 0x000007fefc1fa000 	C:\Windows\System32\drprov.dll
0x000007fefd6b0000 - 0x000007fefd6ed000 	C:\Windows\System32\WINSTA.dll
0x000007fefab60000 - 0x000007fefab82000 	C:\Windows\System32\ntlanman.dll
0x000007fefab40000 - 0x000007fefab5d000 	C:\Windows\System32\davclnt.dll
0x000007fefadf0000 - 0x000007fefadfa000 	C:\Windows\System32\DAVHLPR.dll
0x000007fef5520000 - 0x000007fef5542000 	C:\Windows\system32\LMIRfsClientNP.dll
0x000007fefa470000 - 0x000007fefa485000 	C:\Windows\system32\wkscli.dll
0x000007fef89e0000 - 0x000007fef89ef000 	C:\Windows\system32\cscapi.dll
0x000007fefcc60000 - 0x000007fefcc6c000 	C:\Windows\system32\netutils.dll
0x000007fee9660000 - 0x000007fee98d1000 	C:\Windows\system32\wpdshext.dll
0x000007fefbbb0000 - 0x000007fefbdc6000 	C:\Windows\WinSxS\amd64_microsoft.windows.gdiplus_6595b64144ccf1df_1.1.7601.18946_none_2b27281071eac12c\gdiplus.dll
0x000007fef0230000 - 0x000007fef02ed000 	C:\Windows\system32\PortableDeviceApi.dll
0x000007fefd7f0000 - 0x000007fefd82b000 	C:\Windows\system32\WINTRUST.dll
0x000007fefd8b0000 - 0x000007fefda1d000 	C:\Windows\system32\CRYPT32.dll
0x000007fefd7a0000 - 0x000007fefd7af000 	C:\Windows\system32\MSASN1.dll
0x000007feed6a0000 - 0x000007feed6d9000 	C:\Windows\system32\PortableDeviceTypes.dll
0x000007fee8cc0000 - 0x000007fee8cf5000 	C:\Windows\system32\EhStorShell.dll
0x000007feefa70000 - 0x000007feefa97000 	C:\Windows\system32\EhStorAPI.dll
0x000007fef2ca0000 - 0x000007fef2cac000 	C:\Windows\system32\LINKINFO.dll
0x000007fefabd0000 - 0x000007fefad31000 	C:\Windows\system32\WindowsCodecs.dll
0x000007feee5e0000 - 0x000007feee6da000 	C:\Program Files (x86)\Adobe\Adobe Creative Cloud\CoreSyncExtension\CoreSync_x64.dll
0x000007feeddb0000 - 0x000007feedfed000 	C:\Program Files\Microsoft Office 15\root\VFS\ProgramFilesX64\Microsoft Office\Office15\GROOVEEX.DLL
0x000000006e8e0000 - 0x000000006e978000 	C:\Program Files\Microsoft Office 15\root\VFS\ProgramFilesX64\Microsoft Office\Office15\MSVCP100.dll
0x0000000074fe0000 - 0x000000007500b000 	C:\Program Files\Microsoft Office 15\root\VFS\ProgramFilesX64\Microsoft Office\Office15\ATL100.DLL
0x000007fef4f50000 - 0x000007fef526e000 	C:\Windows\system32\msi.dll
0x000007feec470000 - 0x000007feecced000 	C:\Program Files\Microsoft Office 15\root\VFS\ProgramFilesX64\Microsoft Office\Office15\1033\GrooveIntlResource.dll
0x000000006e8c0000 - 0x000000006e8d6000 	C:\Program Files\Common Files\TortoiseOverlays\TortoiseOverlays.dll
0x000000006e8b0000 - 0x000000006e8c0000 	C:\Program Files\TortoiseSVN\bin\TortoiseStub.dll
0x000000006e830000 - 0x000000006e8ab000 	C:\Program Files\TortoiseSVN\bin\TortoiseSVN.dll
0x000007fefefc0000 - 0x000007feff21a000 	C:\Windows\system32\WININET.dll
0x000007fefdb50000 - 0x000007fefdb54000 	C:\Windows\system32\api-ms-win-downlevel-user32-l1-1-0.dll
0x000007fefdaf0000 - 0x000007fefdaf4000 	C:\Windows\system32\api-ms-win-downlevel-shlwapi-l1-1-0.dll
0x000007fefd7e0000 - 0x000007fefd7e4000 	C:\Windows\system32\api-ms-win-downlevel-version-l1-1-0.dll
0x000007fefda20000 - 0x000007fefda23000 	C:\Windows\system32\api-ms-win-downlevel-normaliz-l1-1-0.dll
0x0000000077bb0000 - 0x0000000077bb3000 	C:\Windows\system32\normaliz.DLL
0x000007fefdc60000 - 0x000007fefdf27000 	C:\Windows\system32\iertutil.dll
0x000007fefd8a0000 - 0x000007fefd8a5000 	C:\Windows\system32\api-ms-win-downlevel-advapi32-l1-1-0.dll
0x000007feec080000 - 0x000007feec46d000 	C:\Program Files\TortoiseSVN\bin\libsvn_tsvn.dll
0x000000006e800000 - 0x000000006e82b000 	C:\Program Files\TortoiseSVN\bin\libapr_tsvn.dll
0x000000006e7b0000 - 0x000000006e7f1000 	C:\Program Files\TortoiseSVN\bin\libaprutil_tsvn.dll
0x000007fefaa40000 - 0x000007fefaa50000 	C:\Program Files\TortoiseSVN\bin\intl3_tsvn.dll
0x000007fefa1b0000 - 0x000007fefa1ca000 	C:\Program Files\TortoiseSVN\bin\libsasl.dll
0x000007fefd3a0000 - 0x000007fefd3ab000 	C:\Windows\system32\Secur32.dll
0x000007fefd560000 - 0x000007fefd585000 	C:\Windows\system32\SSPICLI.DLL
0x000007feea2f0000 - 0x000007feea36e000 	C:\Windows\System32\cscui.dll
0x000007fefabb0000 - 0x000007fefabbc000 	C:\Windows\System32\CSCDLL.dll
0x000007fef2c20000 - 0x000007fef2ca0000 	C:\Windows\system32\ntshrui.dll
0x000007fefd220000 - 0x000007fefd243000 	C:\Windows\system32\srvcli.dll
0x000007fefb360000 - 0x000007fefb485000 	C:\Windows\system32\dbghelp.dll

VM Arguments:
jvm_args: -Djava.library.path=C:\dev\workspace\tactics\tactics_project\libs\lwjgl_native -Dfile.encoding=Cp1252 
java_command: com.marklynch.Game
java_class_path (initial): C:\dev\workspace\tactics\tactics_project\bin;C:\dev\workspace\tactics\tactics_project\libs\ibxm.jar;C:\dev\workspace\tactics\tactics_project\libs\jogg-0.0.7.jar;C:\dev\workspace\tactics\tactics_project\libs\jorbis-0.0.15.jar;C:\dev\workspace\tactics\tactics_project\libs\lwjgl_util_applet.jar;C:\dev\workspace\tactics\tactics_project\libs\lwjgl_util.jar;C:\dev\workspace\tactics\tactics_project\libs\natives-linux.jar;C:\dev\workspace\tactics\tactics_project\libs\natives-mac.jar;C:\dev\workspace\tactics\tactics_project\libs\natives-windows.jar;C:\dev\workspace\tactics\tactics_project\libs\slick-util.jar;C:\dev\workspace\tactics\tactics_project\libs\AppleJavaExtensions.jar;C:\dev\workspace\tactics\tactics_project\libs\asm-debug-all.jar;C:\dev\workspace\tactics\tactics_project\libs\jinput.jar;C:\dev\workspace\tactics\tactics_project\libs\laf-plugin-7.2.1.jar;C:\dev\workspace\tactics\tactics_project\libs\laf-widget-7.2.1.jar;C:\dev\workspace\tactics\tactics_project\libs\log4j-api-2.0-beta9.jar;C:\dev\workspace\tactics\tactics_project\libs\lwjgl_test.jar;C:\dev\workspace\tactics\tactics_project\libs\lwjgl-debug.jar;C:\dev\workspace\tactics\tactics_project\libs\lwjgl.jar;C:\dev\workspace\tactics\tactics_project\libs\lzma.jar;C:\dev\workspace\tactics\tactics_project\libs\substance-7.2.1.jar;C:\dev\workspace\tactics\tactics_project\libs\trident-7.2.1.jar;C:\dev\workspace\tactics\tactics_project\libs\gson-2.3.1.jar;C:\dev\workspace\tactics\tactics_project\libs\commons-io-2.4.jar;C:\dev\workspace\tactics\tactics_project\libs\PNGDecoder.jar;C:\dev\workspace\tactics\tactics_project\libs\xpp3-1.1.4c.jar
Launcher Type: SUN_STANDARD

Environment Variables:
PATH=C:/Program Files/Java/jre1.8.0_40/bin/server;C:/Program Files/Java/jre1.8.0_40/bin;C:/Program Files/Java/jre1.8.0_40/lib/amd64;C:\Program Files (x86)\NVIDIA Corporation\PhysX\Common;C:\ProgramData\Oracle\Java\javapath;C:\Program Files (x86)\Intel\iCLS Client\;C:\Program Files\Intel\iCLS Client\;C:\Windows\system32;C:\Windows;C:\Windows\System32\Wbem;C:\Windows\System32\WindowsPowerShell\v1.0\;C:\Program Files\Intel\Intel(R) Management Engine Components\DAL;C:\Program Files\Intel\Intel(R) Management Engine Components\IPT;C:\Program Files (x86)\Intel\Intel(R) Management Engine Components\DAL;C:\Program Files (x86)\Intel\Intel(R) Management Engine Components\IPT;C:\Program Files (x86)\Security Innovation\SI TSS\bin\;c:\Program Files (x86)\Microsoft SQL Server\100\Tools\Binn\;c:\Program Files\Microsoft SQL Server\100\Tools\Binn\;c:\Program Files\Microsoft SQL Server\100\DTS\Binn\;c:\Program Files (x86)\Microsoft SQL Server\100\Tools\Binn\VSShell\Common7\IDE\;c:\Program Files (x86)\Microsoft Visual Studio 9.0\Common7\IDE\PrivateAssemblies\;c:\Program Files (x86)\Microsoft SQL Server\100\DTS\Binn\;C:\Program Files\TortoiseSVN\bin;C:\Program Files (x86)\Skype\Phone\;C:\dev\adt-bundle-windows-x86_64-20140624\adt-bundle-windows-x86_64-20140624\eclipse;
USERNAME=Mark.Lynch
OS=Windows_NT
PROCESSOR_IDENTIFIER=Intel64 Family 6 Model 58 Stepping 9, GenuineIntel



---------------  S Y S T E M  ---------------

OS: Windows 7 , 64 bit Build 7601 (6.1.7601.18933)

CPU:total 8 (4 cores per cpu, 2 threads per core) family 6 model 58 stepping 9, cmov, cx8, fxsr, mmx, sse, sse2, sse3, ssse3, sse4.1, sse4.2, popcnt, avx, aes, clmul, erms, ht, tsc, tscinvbit, tscinv

Memory: 4k page, physical 8272432k(851888k free), swap 16543024k(4915216k free)

vm_info: Java HotSpot(TM) 64-Bit Server VM (25.40-b25) for windows-amd64 JRE (1.8.0_40-b25), built on Feb 10 2015 21:53:57 by "java_re" with MS VC++ 10.0 (VS2010)

time: Fri Aug 21 14:43:22 2015
elapsed time: 32 seconds (0d 0h 0m 32s)

