#
# A fatal error has been detected by the Java Runtime Environment:
#
#  EXCEPTION_ACCESS_VIOLATION (0xc0000005) at pc=0x000000005a81d218, pid=10332, tid=12172
#
# JRE version: Java(TM) SE Runtime Environment (8.0_40-b25) (build 1.8.0_40-b25)
# Java VM: Java HotSpot(TM) 64-Bit Server VM (25.40-b25 mixed mode windows-amd64 compressed oops)
# Problematic frame:
# C  [ig7icd64.dll+0x2d218]
#
# Failed to write core dump. Minidumps are not enabled by default on client versions of Windows
#
# If you would like to submit a bug report, please visit:
#   http://bugreport.java.com/bugreport/crash.jsp
# The crash happened outside the Java Virtual Machine in native code.
# See problematic frame for where to report the bug.
#

---------------  T H R E A D  ---------------

Current thread (0x000000000017e800):  JavaThread "main" [_thread_in_native, id=12172, stack(0x0000000001f70000,0x0000000002070000)]

siginfo: ExceptionCode=0xc0000005, reading address 0x0000000000000020

Registers:
RAX=0x0000000000000000, RBX=0x0000000000000001, RCX=0x0000000000000001, RDX=0x000000005ba2df90
RSP=0x000000000206e670, RBP=0x000000005ceb2e50, RSI=0x000000005ba2df90, RDI=0x0000000000000001
R8 =0x0000000000000001, R9 =0x000000005ba2df90, R10=0x0000000000000000, R11=0x0000000000000000
R12=0x000000005ba2c1a8, R13=0x0000000000000000, R14=0x0000000000000000, R15=0x000000005b9cefa8
RIP=0x000000005a81d218, EFLAGS=0x0000000000010202

Top of Stack: (sp=0x000000000206e670)
0x000000000206e670:   0000000000000000 000000005ba2df90
0x000000000206e680:   0000000000000000 000000000278cd3e
0x000000000206e690:   0000000000000000 000000006fe4eff9
0x000000000206e6a0:   0000000000000000 0000000000370000
0x000000000206e6b0:   00000000571058c8 000000000017e800
0x000000000206e6c0:   000000000017e550 000000000017f600
0x000000000206e6d0:   000000000017f610 000000000017f6e8
0x000000000206e6e0:   00000000000000d8 000000000206f398
0x000000000206e6f0:   0000000058939c30 000000000017e800
0x000000000206e700:   000000000206e998 000000000206e968
0x000000000206e710:   000000000017f210 00000000571058c8
0x000000000206e720:   0000000000179b60 000000006fe20b00
0x000000000206e730:   000000005ba2c1a8 000000006ff3b2e2
0x000000000206e740:   000000000206e968 0000000000000000
0x000000000206e750:   000000000206e850 000000000000000b
0x000000000206e760:   000000000206e7d0 000000006fe212f3 

Instructions: (pc=0x000000005a81d218)
0x000000005a81d1f8:   00 48 63 c9 48 8b 84 c8 c0 00 00 00 48 85 c0 74
0x000000005a81d208:   19 48 8b 40 70 66 0f ef ff 0f b6 58 11 48 8b 00
0x000000005a81d218:   8b 40 20 ff c8 f3 48 0f 2a f8 41 8b 84 24 20 01
0x000000005a81d228:   00 00 0f b6 cb c1 e8 04 89 4c 24 30 83 e0 01 3b 


Register to memory mapping:

RAX=0x0000000000000000 is an unknown value
RBX=0x0000000000000001 is an unknown value
RCX=0x0000000000000001 is an unknown value
RDX=0x000000005ba2df90 is an unknown value
RSP=0x000000000206e670 is pointing into the stack for thread: 0x000000000017e800
RBP=0x000000005ceb2e50 is an unknown value
RSI=0x000000005ba2df90 is an unknown value
RDI=0x0000000000000001 is an unknown value
R8 =0x0000000000000001 is an unknown value
R9 =0x000000005ba2df90 is an unknown value
R10=0x0000000000000000 is an unknown value
R11=0x0000000000000000 is an unknown value
R12=0x000000005ba2c1a8 is an unknown value
R13=0x0000000000000000 is an unknown value
R14=0x0000000000000000 is an unknown value
R15=0x000000005b9cefa8 is an unknown value


Stack: [0x0000000001f70000,0x0000000002070000],  sp=0x000000000206e670,  free space=1017k
Native frames: (J=compiled Java code, j=interpreted, Vv=VM code, C=native code)
C  [ig7icd64.dll+0x2d218]
C  [ig7icd64.dll+0x22a00]
C  [ig7icd64.dll+0x77ad8]
C  [ig7icd64.dll+0x79f02]
C  [ig7icd64.dll+0x1f6a1d]
C  [ig7icd64.dll+0x1f8e35]
C  0x00000000026a1a14

Java frames: (J=compiled Java code, j=interpreted, Vv=VM code)
J 893  org.lwjgl.opengl.GL11.nglDrawArrays(IIIJ)V (0 bytes) @ 0x00000000026a198e [0x00000000026a1940+0x4e]
J 1073 C2 mdesl.graphics.SpriteBatch.flush()V (37 bytes) @ 0x0000000002797a60 [0x00000000027978a0+0x1c0]
J 1258 C1 com.marklynch.graphics.ShadowLight.render()V (935 bytes) @ 0x000000000285d624 [0x0000000002859b00+0x3b24]
J 1257 C1 com.marklynch.Game.render()V (4 bytes) @ 0x0000000002842b7c [0x0000000002842b00+0x7c]
j  com.marklynch.Game.start()V+94
j  com.marklynch.Game.main([Ljava/lang/String;)V+9
v  ~StubRoutines::call_stub

---------------  P R O C E S S  ---------------

Java Threads: ( => current thread )
  0x0000000064168000 JavaThread "LWJGL Timer" daemon [_thread_blocked, id=14160, stack(0x0000000066c60000,0x0000000066d60000)]
  0x0000000058825000 JavaThread "Service Thread" daemon [_thread_blocked, id=12636, stack(0x000000005a0c0000,0x000000005a1c0000)]
  0x00000000587a4000 JavaThread "C1 CompilerThread3" daemon [_thread_blocked, id=12504, stack(0x0000000059cf0000,0x0000000059df0000)]
  0x000000005879b000 JavaThread "C2 CompilerThread2" daemon [_thread_blocked, id=3704, stack(0x000000005a1c0000,0x000000005a2c0000)]
  0x000000005878a800 JavaThread "C2 CompilerThread1" daemon [_thread_blocked, id=6604, stack(0x0000000059fb0000,0x000000005a0b0000)]
  0x0000000058785800 JavaThread "C2 CompilerThread0" daemon [_thread_blocked, id=1512, stack(0x0000000059e50000,0x0000000059f50000)]
  0x0000000058780000 JavaThread "Attach Listener" daemon [_thread_blocked, id=6280, stack(0x0000000059a80000,0x0000000059b80000)]
  0x000000005877e800 JavaThread "Signal Dispatcher" daemon [_thread_blocked, id=6396, stack(0x0000000059be0000,0x0000000059ce0000)]
  0x00000000576cb000 JavaThread "Finalizer" daemon [_thread_blocked, id=14488, stack(0x0000000059980000,0x0000000059a80000)]
  0x00000000576c4800 JavaThread "Reference Handler" daemon [_thread_blocked, id=1656, stack(0x0000000059800000,0x0000000059900000)]
=>0x000000000017e800 JavaThread "main" [_thread_in_native, id=12172, stack(0x0000000001f70000,0x0000000002070000)]

Other Threads:
  0x0000000058733000 VMThread [stack: 0x00000000596f0000,0x00000000597f0000] [id=6452]
  0x0000000058829800 WatcherThread [stack: 0x000000005a380000,0x000000005a480000] [id=16212]

VM state:not at safepoint (normal execution)

VM Mutex/Monitor currently owned by a thread: None

Heap:
 PSYoungGen      total 38400K, used 32840K [0x00000000d5f00000, 0x00000000d8b80000, 0x0000000100000000)
  eden space 32256K, 85% used [0x00000000d5f00000,0x00000000d7a06038,0x00000000d7e80000)
  from space 6144K, 84% used [0x00000000d8580000,0x00000000d8a8c328,0x00000000d8b80000)
  to   space 6656K, 0% used [0x00000000d7e80000,0x00000000d7e80000,0x00000000d8500000)
 ParOldGen       total 87552K, used 1563K [0x0000000081c00000, 0x0000000087180000, 0x00000000d5f00000)
  object space 87552K, 1% used [0x0000000081c00000,0x0000000081d86f18,0x0000000087180000)
 Metaspace       used 7372K, capacity 7475K, committed 7680K, reserved 1056768K
  class space    used 729K, capacity 752K, committed 768K, reserved 1048576K

Card table byte_map: [0x0000000011700000,0x0000000011b00000] byte_map_base: 0x00000000112f2000

Marking Bits: (ParMarkBitMap*) 0x0000000070414040
 Begin Bits: [0x00000000129c0000, 0x0000000014950000)
 End Bits:   [0x0000000014950000, 0x00000000168e0000)

Polling page: 0x0000000000140000

CodeCache: size=245760Kb used=5835Kb max_used=5851Kb free=239924Kb
 bounds [0x0000000002340000, 0x0000000002910000, 0x0000000011340000]
 total_blobs=1799 nmethods=1347 adapters=365
 compilation: enabled

Compilation events (10 events):
Event: 51.638 Thread 0x000000005878a800 1344       4       com.marklynch.utils.TextUtils::printTextWithImages (1452 bytes)
Event: 51.737 Thread 0x000000005878a800 nmethod 1344 0x00000000028f80d0 code [0x00000000028f8480, 0x00000000028fc400]
Event: 53.122 Thread 0x00000000587a4000 1345       3       com.marklynch.ui.button.Button::<init> (60 bytes)
Event: 53.123 Thread 0x00000000587a4000 nmethod 1345 0x00000000028d06d0 code [0x00000000028d0840, 0x00000000028d0ad8]
Event: 53.127 Thread 0x00000000587a4000 1346       3       com.marklynch.ui.button.ClickListener::<init> (5 bytes)
Event: 53.127 Thread 0x00000000587a4000 nmethod 1346 0x00000000028d5e50 code [0x00000000028d5fa0, 0x00000000028d6150]
Event: 53.689 Thread 0x000000005879b000 1347       4       sun.reflect.UnsafeObjectFieldAccessorImpl::get (17 bytes)
Event: 53.691 Thread 0x000000005879b000 nmethod 1347 0x00000000028ea510 code [0x00000000028ea660, 0x00000000028ea778]
Event: 55.133 Thread 0x00000000587a4000 1348       3       org.lwjgl.opengl.WindowsKeyboard::isKeyPressed (13 bytes)
Event: 55.134 Thread 0x00000000587a4000 nmethod 1348 0x00000000028d5ad0 code [0x00000000028d5c20, 0x00000000028d5db0]

GC Heap History (10 events):
Event: 13.637 GC heap before
{Heap before GC invocations=2 (full 0):
 PSYoungGen      total 38400K, used 38384K [0x00000000d5f00000, 0x00000000d8980000, 0x0000000100000000)
  eden space 33280K, 100% used [0x00000000d5f00000,0x00000000d7f80000,0x00000000d7f80000)
  from space 5120K, 99% used [0x00000000d7f80000,0x00000000d847c348,0x00000000d8480000)
  to   space 5120K, 0% used [0x00000000d8480000,0x00000000d8480000,0x00000000d8980000)
 ParOldGen       total 87552K, used 1427K [0x0000000081c00000, 0x0000000087180000, 0x00000000d5f00000)
  object space 87552K, 1% used [0x0000000081c00000,0x0000000081d64f18,0x0000000087180000)
 Metaspace       used 7342K, capacity 7411K, committed 7680K, reserved 1056768K
  class space    used 728K, capacity 752K, committed 768K, reserved 1048576K
Event: 13.642 GC heap after
Heap after GC invocations=2 (full 0):
 PSYoungGen      total 38400K, used 5104K [0x00000000d5f00000, 0x00000000d8980000, 0x0000000100000000)
  eden space 33280K, 0% used [0x00000000d5f00000,0x00000000d5f00000,0x00000000d7f80000)
  from space 5120K, 99% used [0x00000000d8480000,0x00000000d897c328,0x00000000d8980000)
  to   space 5120K, 0% used [0x00000000d7f80000,0x00000000d7f80000,0x00000000d8480000)
 ParOldGen       total 87552K, used 1523K [0x0000000081c00000, 0x0000000087180000, 0x00000000d5f00000)
  object space 87552K, 1% used [0x0000000081c00000,0x0000000081d7cf18,0x0000000087180000)
 Metaspace       used 7342K, capacity 7411K, committed 7680K, reserved 1056768K
  class space    used 728K, capacity 752K, committed 768K, reserved 1048576K
}
Event: 20.421 GC heap before
{Heap before GC invocations=3 (full 0):
 PSYoungGen      total 38400K, used 38384K [0x00000000d5f00000, 0x00000000d8980000, 0x0000000100000000)
  eden space 33280K, 100% used [0x00000000d5f00000,0x00000000d7f80000,0x00000000d7f80000)
  from space 5120K, 99% used [0x00000000d8480000,0x00000000d897c328,0x00000000d8980000)
  to   space 5120K, 0% used [0x00000000d7f80000,0x00000000d7f80000,0x00000000d8480000)
 ParOldGen       total 87552K, used 1523K [0x0000000081c00000, 0x0000000087180000, 0x00000000d5f00000)
  object space 87552K, 1% used [0x0000000081c00000,0x0000000081d7cf18,0x0000000087180000)
 Metaspace       used 7343K, capacity 7411K, committed 7680K, reserved 1056768K
  class space    used 729K, capacity 752K, committed 768K, reserved 1048576K
Event: 20.425 GC heap after
Heap after GC invocations=3 (full 0):
 PSYoungGen      total 38400K, used 5104K [0x00000000d5f00000, 0x00000000d8980000, 0x0000000100000000)
  eden space 33280K, 0% used [0x00000000d5f00000,0x00000000d5f00000,0x00000000d7f80000)
  from space 5120K, 99% used [0x00000000d7f80000,0x00000000d847c328,0x00000000d8480000)
  to   space 5120K, 0% used [0x00000000d8480000,0x00000000d8480000,0x00000000d8980000)
 ParOldGen       total 87552K, used 1531K [0x0000000081c00000, 0x0000000087180000, 0x00000000d5f00000)
  object space 87552K, 1% used [0x0000000081c00000,0x0000000081d7ef18,0x0000000087180000)
 Metaspace       used 7343K, capacity 7411K, committed 7680K, reserved 1056768K
  class space    used 729K, capacity 752K, committed 768K, reserved 1048576K
}
Event: 28.005 GC heap before
{Heap before GC invocations=4 (full 0):
 PSYoungGen      total 38400K, used 38384K [0x00000000d5f00000, 0x00000000d8980000, 0x0000000100000000)
  eden space 33280K, 100% used [0x00000000d5f00000,0x00000000d7f80000,0x00000000d7f80000)
  from space 5120K, 99% used [0x00000000d7f80000,0x00000000d847c328,0x00000000d8480000)
  to   space 5120K, 0% used [0x00000000d8480000,0x00000000d8480000,0x00000000d8980000)
 ParOldGen       total 87552K, used 1531K [0x0000000081c00000, 0x0000000087180000, 0x00000000d5f00000)
  object space 87552K, 1% used [0x0000000081c00000,0x0000000081d7ef18,0x0000000087180000)
 Metaspace       used 7351K, capacity 7411K, committed 7680K, reserved 1056768K
  class space    used 729K, capacity 752K, committed 768K, reserved 1048576K
Event: 28.009 GC heap after
Heap after GC invocations=4 (full 0):
 PSYoungGen      total 38400K, used 5104K [0x00000000d5f00000, 0x00000000d8980000, 0x0000000100000000)
  eden space 33280K, 0% used [0x00000000d5f00000,0x00000000d5f00000,0x00000000d7f80000)
  from space 5120K, 99% used [0x00000000d8480000,0x00000000d897c328,0x00000000d8980000)
  to   space 5120K, 0% used [0x00000000d7f80000,0x00000000d7f80000,0x00000000d8480000)
 ParOldGen       total 87552K, used 1539K [0x0000000081c00000, 0x0000000087180000, 0x00000000d5f00000)
  object space 87552K, 1% used [0x0000000081c00000,0x0000000081d80f18,0x0000000087180000)
 Metaspace       used 7351K, capacity 7411K, committed 7680K, reserved 1056768K
  class space    used 729K, capacity 752K, committed 768K, reserved 1048576K
}
Event: 35.855 GC heap before
{Heap before GC invocations=5 (full 0):
 PSYoungGen      total 38400K, used 38384K [0x00000000d5f00000, 0x00000000d8980000, 0x0000000100000000)
  eden space 33280K, 100% used [0x00000000d5f00000,0x00000000d7f80000,0x00000000d7f80000)
  from space 5120K, 99% used [0x00000000d8480000,0x00000000d897c328,0x00000000d8980000)
  to   space 5120K, 0% used [0x00000000d7f80000,0x00000000d7f80000,0x00000000d8480000)
 ParOldGen       total 87552K, used 1539K [0x0000000081c00000, 0x0000000087180000, 0x00000000d5f00000)
  object space 87552K, 1% used [0x0000000081c00000,0x0000000081d80f18,0x0000000087180000)
 Metaspace       used 7356K, capacity 7475K, committed 7680K, reserved 1056768K
  class space    used 729K, capacity 752K, committed 768K, reserved 1048576K
Event: 35.859 GC heap after
Heap after GC invocations=5 (full 0):
 PSYoungGen      total 37888K, used 5104K [0x00000000d5f00000, 0x00000000d8c00000, 0x0000000100000000)
  eden space 32768K, 0% used [0x00000000d5f00000,0x00000000d5f00000,0x00000000d7f00000)
  from space 5120K, 99% used [0x00000000d7f80000,0x00000000d847c328,0x00000000d8480000)
  to   space 6656K, 0% used [0x00000000d8580000,0x00000000d8580000,0x00000000d8c00000)
 ParOldGen       total 87552K, used 1555K [0x0000000081c00000, 0x0000000087180000, 0x00000000d5f00000)
  object space 87552K, 1% used [0x0000000081c00000,0x0000000081d84f18,0x0000000087180000)
 Metaspace       used 7356K, capacity 7475K, committed 7680K, reserved 1056768K
  class space    used 729K, capacity 752K, committed 768K, reserved 1048576K
}
Event: 47.622 GC heap before
{Heap before GC invocations=6 (full 0):
 PSYoungGen      total 37888K, used 37872K [0x00000000d5f00000, 0x00000000d8c00000, 0x0000000100000000)
  eden space 32768K, 100% used [0x00000000d5f00000,0x00000000d7f00000,0x00000000d7f00000)
  from space 5120K, 99% used [0x00000000d7f80000,0x00000000d847c328,0x00000000d8480000)
  to   space 6656K, 0% used [0x00000000d8580000,0x00000000d8580000,0x00000000d8c00000)
 ParOldGen       total 87552K, used 1555K [0x0000000081c00000, 0x0000000087180000, 0x00000000d5f00000)
  object space 87552K, 1% used [0x0000000081c00000,0x0000000081d84f18,0x0000000087180000)
 Metaspace       used 7369K, capacity 7475K, committed 7680K, reserved 1056768K
  class space    used 729K, capacity 752K, committed 768K, reserved 1048576K
Event: 47.626 GC heap after
Heap after GC invocations=6 (full 0):
 PSYoungGen      total 38400K, used 5168K [0x00000000d5f00000, 0x00000000d8b80000, 0x0000000100000000)
  eden space 32256K, 0% used [0x00000000d5f00000,0x00000000d5f00000,0x00000000d7e80000)
  from space 6144K, 84% used [0x00000000d8580000,0x00000000d8a8c328,0x00000000d8b80000)
  to   space 6656K, 0% used [0x00000000d7e80000,0x00000000d7e80000,0x00000000d8500000)
 ParOldGen       total 87552K, used 1563K [0x0000000081c00000, 0x0000000087180000, 0x00000000d5f00000)
  object space 87552K, 1% used [0x0000000081c00000,0x0000000081d86f18,0x0000000087180000)
 Metaspace       used 7369K, capacity 7475K, committed 7680K, reserved 1056768K
  class space    used 729K, capacity 752K, committed 768K, reserved 1048576K
}

Deoptimization events (10 events):
Event: 8.965 Thread 0x000000000017e800 Uncommon trap: reason=class_check action=maybe_recompile pc=0x0000000002780b70 method=com.marklynch.utils.TextUtils.printTextWithImages([Ljava/lang/Object;FFF)V @ 134
Event: 8.966 Thread 0x000000000017e800 Uncommon trap: reason=unstable_if action=reinterpret pc=0x000000000279136c method=java.util.regex.Matcher.find()Z @ 34
Event: 8.966 Thread 0x000000000017e800 Uncommon trap: reason=unstable_if action=reinterpret pc=0x0000000002740a5c method=java.util.regex.Matcher.find()Z @ 34
Event: 8.966 Thread 0x000000000017e800 Uncommon trap: reason=class_check action=maybe_recompile pc=0x0000000002780bb8 method=com.marklynch.utils.TextUtils.printTextWithImages([Ljava/lang/Object;FFF)V @ 368
Event: 8.967 Thread 0x000000000017e800 Uncommon trap: reason=unstable_if action=reinterpret pc=0x00000000027803b4 method=com.marklynch.utils.TextUtils.printTextWithImages([Ljava/lang/Object;FFF)V @ 93
Event: 20.740 Thread 0x000000000017e800 Uncommon trap: reason=unstable_if action=reinterpret pc=0x00000000026fd514 method=org.lwjgl.input.Keyboard.isKeyDown(I)Z @ 29
Event: 50.322 Thread 0x000000000017e800 Uncommon trap: reason=unstable_if action=reinterpret pc=0x000000000288f494 method=java.lang.Class.reflectionData()Ljava/lang/Class$ReflectionData; @ 17
Event: 50.329 Thread 0x000000000017e800 Uncommon trap: reason=unstable_if action=reinterpret pc=0x00000000028954d8 method=java.lang.reflect.Field.getFieldAccessor(Ljava/lang/Object;)Lsun/reflect/FieldAccessor; @ 22
Event: 50.329 Thread 0x000000000017e800 Uncommon trap: reason=class_check action=maybe_recompile pc=0x000000000283cc10 method=com.marklynch.utils.TextUtils.printTextWithImages([Ljava/lang/Object;FFF)V @ 693
Event: 50.329 Thread 0x000000000017e800 Uncommon trap: reason=unstable_if action=reinterpret pc=0x000000000283cadc method=com.marklynch.utils.TextUtils.printTextWithImages([Ljava/lang/Object;FFF)V @ 777

Internal exceptions (10 events):
Event: 53.126 Thread 0x000000000017e800 Implicit null exception at 0x00000000028ba96d to 0x00000000028c0507
Event: 53.126 Thread 0x000000000017e800 Exception <a 'java/lang/NullPointerException'> (0x00000000d7392890) thrown at [D:\re\workspace\8-2-build-windows-amd64-cygwin\jdk8u40\2855\hotspot\src\share\vm\runtime\sharedRuntime.cpp, line 605]
Event: 53.126 Thread 0x000000000017e800 Implicit null exception at 0x00000000028ba96d to 0x00000000028c0507
Event: 53.126 Thread 0x000000000017e800 Exception <a 'java/lang/NullPointerException'> (0x00000000d73943d0) thrown at [D:\re\workspace\8-2-build-windows-amd64-cygwin\jdk8u40\2855\hotspot\src\share\vm\runtime\sharedRuntime.cpp, line 605]
Event: 53.126 Thread 0x000000000017e800 Implicit null exception at 0x00000000028ba96d to 0x00000000028c0507
Event: 53.126 Thread 0x000000000017e800 Exception <a 'java/lang/NullPointerException'> (0x00000000d7395eb0) thrown at [D:\re\workspace\8-2-build-windows-amd64-cygwin\jdk8u40\2855\hotspot\src\share\vm\runtime\sharedRuntime.cpp, line 605]
Event: 53.126 Thread 0x000000000017e800 Implicit null exception at 0x00000000028ba96d to 0x00000000028c0507
Event: 53.126 Thread 0x000000000017e800 Exception <a 'java/lang/NullPointerException'> (0x00000000d7397a48) thrown at [D:\re\workspace\8-2-build-windows-amd64-cygwin\jdk8u40\2855\hotspot\src\share\vm\runtime\sharedRuntime.cpp, line 605]
Event: 53.127 Thread 0x000000000017e800 Implicit null exception at 0x00000000028ba96d to 0x00000000028c0507
Event: 53.127 Thread 0x000000000017e800 Exception <a 'java/lang/NullPointerException'> (0x00000000d7399528) thrown at [D:\re\workspace\8-2-build-windows-amd64-cygwin\jdk8u40\2855\hotspot\src\share\vm\runtime\sharedRuntime.cpp, line 605]

Events (10 events):
Event: 50.323 Thread 0x000000000017e800 DEOPT UNPACKING pc=0x000000000238582a sp=0x000000000206ebe8 mode 2
Event: 50.329 Thread 0x000000000017e800 Uncommon trap: trap_request=0xffffff65 fr.pc=0x00000000028954d8
Event: 50.329 Thread 0x000000000017e800 DEOPT PACKING pc=0x00000000028954d8 sp=0x000000000206ecc0
Event: 50.329 Thread 0x000000000017e800 DEOPT UNPACKING pc=0x000000000238582a sp=0x000000000206ebd0 mode 2
Event: 50.329 Thread 0x000000000017e800 Uncommon trap: trap_request=0xffffffde fr.pc=0x000000000283cc10
Event: 50.329 Thread 0x000000000017e800 DEOPT PACKING pc=0x000000000283cc10 sp=0x000000000206ebd0
Event: 50.329 Thread 0x000000000017e800 DEOPT UNPACKING pc=0x000000000238582a sp=0x000000000206eb98 mode 2
Event: 50.329 Thread 0x000000000017e800 Uncommon trap: trap_request=0xffffff65 fr.pc=0x000000000283cadc
Event: 50.329 Thread 0x000000000017e800 DEOPT PACKING pc=0x000000000283cadc sp=0x000000000206ebd0
Event: 50.329 Thread 0x000000000017e800 DEOPT UNPACKING pc=0x000000000238582a sp=0x000000000206eb98 mode 2


Dynamic libraries:
0x000000013f020000 - 0x000000013f057000 	C:\Program Files\Java\jre1.8.0_40\bin\javaw.exe
0x00000000779f0000 - 0x0000000077b99000 	C:\Windows\SYSTEM32\ntdll.dll
0x00000000777d0000 - 0x00000000778ef000 	C:\Windows\system32\kernel32.dll
0x000007fefd830000 - 0x000007fefd89c000 	C:\Windows\system32\KERNELBASE.dll
0x000007feff3b0000 - 0x000007feff48b000 	C:\Windows\system32\ADVAPI32.dll
0x000007feff620000 - 0x000007feff6bf000 	C:\Windows\system32\msvcrt.dll
0x000007feffbd0000 - 0x000007feffbef000 	C:\Windows\SYSTEM32\sechost.dll
0x000007fefee90000 - 0x000007fefefbd000 	C:\Windows\system32\RPCRT4.dll
0x00000000778f0000 - 0x00000000779ea000 	C:\Windows\system32\USER32.dll
0x000007feff290000 - 0x000007feff2f7000 	C:\Windows\system32\GDI32.dll
0x000007feff300000 - 0x000007feff30e000 	C:\Windows\system32\LPK.dll
0x000007fefdb60000 - 0x000007fefdc29000 	C:\Windows\system32\USP10.dll
0x000007fefbfb0000 - 0x000007fefc1a4000 	C:\Windows\WinSxS\amd64_microsoft.windows.common-controls_6595b64144ccf1df_6.0.7601.18837_none_fa3b1e3d17594757\COMCTL32.dll
0x000007fefed30000 - 0x000007fefeda1000 	C:\Windows\system32\SHLWAPI.dll
0x000007fefdc30000 - 0x000007fefdc5e000 	C:\Windows\system32\IMM32.DLL
0x000007feffbf0000 - 0x000007feffcf9000 	C:\Windows\system32\MSCTF.dll
0x0000000078ee0000 - 0x0000000078fb2000 	C:\Program Files\Java\jre1.8.0_40\bin\msvcr100.dll
0x000000006fc10000 - 0x0000000070493000 	C:\Program Files\Java\jre1.8.0_40\bin\server\jvm.dll
0x000007fef8c00000 - 0x000007fef8c09000 	C:\Windows\system32\WSOCK32.dll
0x000007feff220000 - 0x000007feff26d000 	C:\Windows\system32\WS2_32.dll
0x000007fefdf30000 - 0x000007fefdf38000 	C:\Windows\system32\NSI.dll
0x000007fefb530000 - 0x000007fefb56b000 	C:\Windows\system32\WINMM.dll
0x000007fefc880000 - 0x000007fefc88c000 	C:\Windows\system32\VERSION.dll
0x0000000077bc0000 - 0x0000000077bc7000 	C:\Windows\system32\PSAPI.DLL
0x000000006d7a0000 - 0x000000006d7af000 	C:\Program Files\Java\jre1.8.0_40\bin\verify.dll
0x0000000066390000 - 0x00000000663b9000 	C:\Program Files\Java\jre1.8.0_40\bin\java.dll
0x0000000066370000 - 0x0000000066386000 	C:\Program Files\Java\jre1.8.0_40\bin\zip.dll
0x000007fefdf40000 - 0x000007fefecc9000 	C:\Windows\system32\SHELL32.dll
0x000007feff7e0000 - 0x000007feff9e3000 	C:\Windows\system32\ole32.dll
0x000007fefd7b0000 - 0x000007fefd7bf000 	C:\Windows\system32\profapi.dll
0x0000000180000000 - 0x0000000180053000 	C:\dev\workspace\tactics\tactics_project\libs\lwjgl_native\lwjgl64.dll
0x000007feef480000 - 0x000007feef59d000 	C:\Windows\system32\OPENGL32.dll
0x000007fef04c0000 - 0x000007fef04ed000 	C:\Windows\system32\GLU32.dll
0x000007feecf50000 - 0x000007feed041000 	C:\Windows\system32\DDRAW.dll
0x000007fefa4e0000 - 0x000007fefa4e8000 	C:\Windows\system32\DCIMAN32.dll
0x000007feff9f0000 - 0x000007feffbc7000 	C:\Windows\system32\SETUPAPI.dll
0x000007fefdb10000 - 0x000007fefdb46000 	C:\Windows\system32\CFGMGR32.dll
0x000007fefedb0000 - 0x000007fefee87000 	C:\Windows\system32\OLEAUT32.dll
0x000007fefda30000 - 0x000007fefda4a000 	C:\Windows\system32\DEVOBJ.dll
0x000007fefb1e0000 - 0x000007fefb1f8000 	C:\Windows\system32\dwmapi.dll
0x000007fefbdd0000 - 0x000007fefbe26000 	C:\Windows\system32\uxtheme.dll
0x000007fefd600000 - 0x000007fefd60f000 	C:\Windows\system32\CRYPTBASE.dll
0x000000005a7f0000 - 0x000000005b868000 	C:\Windows\system32\ig7icd64.dll
0x000007feef110000 - 0x000007feef1ac000 	C:\Windows\system32\mscms.dll
0x000007fefd7c0000 - 0x000007fefd7de000 	C:\Windows\system32\USERENV.dll
0x000007feef970000 - 0x000007feef9b2000 	C:\Windows\system32\icm32.dll
0x000007fefd190000 - 0x000007fefd1a8000 	C:\Windows\system32\CRYPTSP.dll
0x000007fefccc0000 - 0x000007fefcd07000 	C:\Windows\system32\rsaenh.dll
0x0000000066350000 - 0x000000006636a000 	C:\Program Files\Java\jre1.8.0_40\bin\net.dll
0x000007fefcf30000 - 0x000007fefcf85000 	C:\Windows\system32\mswsock.dll
0x000007fefcf90000 - 0x000007fefcf97000 	C:\Windows\System32\wship6.dll
0x000007fefa420000 - 0x000007fefa447000 	C:\Windows\system32\IPHLPAPI.DLL
0x000007fefa3a0000 - 0x000007fefa3ab000 	C:\Windows\system32\WINNSI.DLL
0x000007fefa250000 - 0x000007fefa261000 	C:\Windows\system32\dhcpcsvc6.DLL
0x000007fefa210000 - 0x000007fefa228000 	C:\Windows\system32\dhcpcsvc.DLL
0x00000000002e0000 - 0x00000000002f1000 	C:\Program Files\Java\jre1.8.0_40\bin\nio.dll
0x00000000122e0000 - 0x0000000012344000 	C:\dev\workspace\tactics\tactics_project\libs\lwjgl_native\OpenAL64.dll
0x000007feff6c0000 - 0x000007feff759000 	C:\Windows\system32\CLBCatQ.DLL
0x000007fefbf60000 - 0x000007fefbfab000 	C:\Windows\System32\MMDevApi.dll
0x000007fefbe30000 - 0x000007fefbf5c000 	C:\Windows\System32\PROPSYS.dll
0x000007fef8d50000 - 0x000007fef8dd8000 	C:\Windows\system32\dsound.dll
0x000007fefc1c0000 - 0x000007fefc1ec000 	C:\Windows\system32\POWRPROF.dll
0x000007fefb310000 - 0x000007fefb35f000 	C:\Windows\system32\AUDIOSES.DLL
0x000007fefb360000 - 0x000007fefb485000 	C:\Windows\system32\dbghelp.dll

VM Arguments:
jvm_args: -Djava.library.path=C:\dev\workspace\tactics\tactics_project\libs\lwjgl_native -Dfile.encoding=Cp1252 
java_command: com.marklynch.Game
java_class_path (initial): C:\dev\workspace\tactics\tactics_project\bin;C:\dev\workspace\tactics\tactics_project\libs\ibxm.jar;C:\dev\workspace\tactics\tactics_project\libs\jogg-0.0.7.jar;C:\dev\workspace\tactics\tactics_project\libs\jorbis-0.0.15.jar;C:\dev\workspace\tactics\tactics_project\libs\lwjgl_util_applet.jar;C:\dev\workspace\tactics\tactics_project\libs\lwjgl_util.jar;C:\dev\workspace\tactics\tactics_project\libs\natives-linux.jar;C:\dev\workspace\tactics\tactics_project\libs\natives-mac.jar;C:\dev\workspace\tactics\tactics_project\libs\natives-windows.jar;C:\dev\workspace\tactics\tactics_project\libs\slick-util.jar;C:\dev\workspace\tactics\tactics_project\libs\AppleJavaExtensions.jar;C:\dev\workspace\tactics\tactics_project\libs\asm-debug-all.jar;C:\dev\workspace\tactics\tactics_project\libs\jinput.jar;C:\dev\workspace\tactics\tactics_project\libs\laf-plugin-7.2.1.jar;C:\dev\workspace\tactics\tactics_project\libs\laf-widget-7.2.1.jar;C:\dev\workspace\tactics\tactics_project\libs\log4j-api-2.0-beta9.jar;C:\dev\workspace\tactics\tactics_project\libs\lwjgl_test.jar;C:\dev\workspace\tactics\tactics_project\libs\lwjgl-debug.jar;C:\dev\workspace\tactics\tactics_project\libs\lwjgl.jar;C:\dev\workspace\tactics\tactics_project\libs\lzma.jar;C:\dev\workspace\tactics\tactics_project\libs\substance-7.2.1.jar;C:\dev\workspace\tactics\tactics_project\libs\trident-7.2.1.jar;C:\dev\workspace\tactics\tactics_project\libs\gson-2.3.1.jar;C:\dev\workspace\tactics\tactics_project\libs\commons-io-2.4.jar;C:\dev\workspace\tactics\tactics_project\libs\PNGDecoder.jar;C:\dev\workspace\tactics\tactics_project\libs\xpp3-1.1.4c.jar
Launcher Type: SUN_STANDARD

Environment Variables:
PATH=C:/Program Files/Java/jre1.8.0_40/bin/server;C:/Program Files/Java/jre1.8.0_40/bin;C:/Program Files/Java/jre1.8.0_40/lib/amd64;C:\Program Files (x86)\NVIDIA Corporation\PhysX\Common;C:\ProgramData\Oracle\Java\javapath;C:\Program Files (x86)\Intel\iCLS Client\;C:\Program Files\Intel\iCLS Client\;C:\Windows\system32;C:\Windows;C:\Windows\System32\Wbem;C:\Windows\System32\WindowsPowerShell\v1.0\;C:\Program Files\Intel\Intel(R) Management Engine Components\DAL;C:\Program Files\Intel\Intel(R) Management Engine Components\IPT;C:\Program Files (x86)\Intel\Intel(R) Management Engine Components\DAL;C:\Program Files (x86)\Intel\Intel(R) Management Engine Components\IPT;C:\Program Files (x86)\Security Innovation\SI TSS\bin\;c:\Program Files (x86)\Microsoft SQL Server\100\Tools\Binn\;c:\Program Files\Microsoft SQL Server\100\Tools\Binn\;c:\Program Files\Microsoft SQL Server\100\DTS\Binn\;c:\Program Files (x86)\Microsoft SQL Server\100\Tools\Binn\VSShell\Common7\IDE\;c:\Program Files (x86)\Microsoft Visual Studio 9.0\Common7\IDE\PrivateAssemblies\;c:\Program Files (x86)\Microsoft SQL Server\100\DTS\Binn\;C:\Program Files\TortoiseSVN\bin;C:\Program Files (x86)\Skype\Phone\;C:\dev\adt-bundle-windows-x86_64-20140624\adt-bundle-windows-x86_64-20140624\eclipse;
USERNAME=Mark.Lynch
OS=Windows_NT
PROCESSOR_IDENTIFIER=Intel64 Family 6 Model 58 Stepping 9, GenuineIntel



---------------  S Y S T E M  ---------------

OS: Windows 7 , 64 bit Build 7601 (6.1.7601.18933)

CPU:total 8 (4 cores per cpu, 2 threads per core) family 6 model 58 stepping 9, cmov, cx8, fxsr, mmx, sse, sse2, sse3, ssse3, sse4.1, sse4.2, popcnt, avx, aes, clmul, erms, ht, tsc, tscinvbit, tscinv

Memory: 4k page, physical 8272432k(956800k free), swap 16543024k(5662896k free)

vm_info: Java HotSpot(TM) 64-Bit Server VM (25.40-b25) for windows-amd64 JRE (1.8.0_40-b25), built on Feb 10 2015 21:53:57 by "java_re" with MS VC++ 10.0 (VS2010)

time: Tue Aug 25 15:54:20 2015
elapsed time: 55 seconds (0d 0h 0m 55s)

